-0.203804
-0.167444
-0.1969
-0.194904
-0.221342
-0.180874
-0.185254
-0.201974
-0.190721
-0.215781
-0.191666
-0.214237
-0.201643
-0.206834
-0.19956
-0.205163
-0.213838
-0.191638
-0.197726
-0.203984
-0.208838
-0.194113
-0.208192
-0.193527
-0.194188
-0.207834
-0.200528
-0.195736
-0.21674
-0.182889
-0.174972
-0.195588
-0.185774
-0.168479
-0.207219
-0.205268
-0.190211
-0.190287
-0.178888
-0.177477
-0.206853
-0.187233
-0.190436
-0.228808
-0.205591
-0.200228
-0.226609
-0.196714
-0.222089
-0.167156
-0.203612
-0.202334
-0.210182
-0.192498
-0.193853
-0.199883
-0.207588
-0.201632
-0.19842
-0.192468
-0.215611
-0.179554
-0.189836
-0.214487
-0.226994
-0.174221
-0.179171
-0.196055
-0.206674
-0.223911
-0.195053
-0.202026
-0.174094
-0.19763
-0.185048
-0.208397
-0.199645
-0.202349
-0.191148
-0.204022
-0.189004
-0.183798
-0.184103
-0.189443
-0.186635
-0.186303
-0.185611
-0.215228
-0.191467
-0.213631
-0.209539
-0.195018
-0.210795
-0.193108
-0.178796
-0.193811
-0.185812
-0.171808
-0.199739
-0.184331
