0.998981
0.999279
1.00046
1.00003
1.00032
0.997333
1.0027
0.997888
0.998097
0.999338
0.999131
1.00002
1.00069
0.999334
0.999329
0.99838
1.00027
1.00157
1.00122
0.999631
1.00023
0.999133
0.998956
0.999104
0.999887
0.99822
0.997305
0.998779
1.00032
1.00034
1.00194
1.00084
0.999943
1.00056
1.00027
1.00033
1.00033
1.00198
0.999496
1.00009
1.00037
0.999589
0.996894
1.00082
0.99844
1.00001
1.00108
1.00196
1.00016
0.998231
0.999078
0.999679
0.998404
1.00127
0.99695
1.00118
0.999666
1.00046
1.00058
0.999917
0.999817
1.0017
0.998589
0.997803
0.999085
0.998683
0.99973
0.999247
0.999655
1.00039
0.999881
1.00093
0.99862
0.999278
1.0009
1.00155
1.00254
0.999323
0.998634
0.999408
1.00188
0.998704
1.00082
0.998383
1.00031
0.998822
0.999034
1.00187
1.00306
1.00195
0.99814
0.99995
0.999922
1.00066
0.998792
0.998669
1.00009
1.00159
1.00138
0.999074
