62.6027
43.8246
47.8761
46.1114
66.0183
66.9552
43.3178
57.4248
58.3495
63.6886
52.3611
43.5885
52.5303
56.1125
54.9189
45.1361
52.1538
45.0093
40.8078
46.3554
36.8895
35.9405
32.3302
32.329
40.2285
29.1532
41.781
24.2318
24.6145
22.286
26.3201
26.1162
13.9957
15.3247
16.5304
21.3188
21.3831
11.9689
14.1259
8.30447
10.1045
9.8148
12.8221
7.3219
5.78776
5.92957
5.20316
5.86702
5.68081
5.12348
4.90649
4.13185
4.48569
3.80396
4.02377
4.06989
4.20259
4.26868
3.74
3.69507
3.80641
3.44772
3.325
3.13835
3.39372
3.24658
3.36458
3.16704
3.16051
3.14626
3.21122
3.1409
3.15183
3.18591
3.16624
3.15303
3.12212
3.13782
3.13321
3.12487
3.12487
3.12184
3.12665
3.12321
3.1356
3.12704
3.12487
3.12212
3.11676
3.11676
3.11676
3.11676
3.11676
3.11676
3.11676
3.11676
3.11676
3.11676
3.11676
3.11676
