62.6027
43.8246
47.8761
46.1114
66.0183
66.9552
43.3178
57.4248
58.3495
63.6886
52.3611
43.5885
52.5303
56.1125
54.9189
45.1361
52.1538
45.0093
40.8078
46.3554
36.8895
35.9405
32.3302
32.329
40.2285
29.1532
41.781
24.2318
24.6145
22.286
26.3201
26.1162
13.9957
15.3247
16.5304
21.3188
21.3831
11.9689
14.1259
8.30447
10.1045
9.8148
12.8221
7.3219
5.78776
5.92957
5.20316
5.86702
5.68081
5.12348
4.90649
4.13185
4.48569
3.80396
4.02377
4.06989
4.20259
4.26868
3.74
3.69507
3.80641
3.44772
3.325
3.13835
3.39372
3.24658
3.36458
3.16704
3.16051
3.14626
3.21122
3.1409
3.15183
3.18591
3.16624
3.15303
3.12212
3.13782
3.13321
3.12487
3.12487
3.12184
3.12665
3.12321
3.1356
3.12704
3.12487
3.12212
3.11676
3.11676
3.11676
3.11676
3.11676
3.11676
3.11676
3.11676
3.11676
3.11676
3.11676
3.11676
10.4345
10.3444
10.8801
10.7097
11.4503
9.68104
8.33217
11.1259
11.0305
10.1784
10.1136
11.0495
10.5579
12.9376
9.74183
9.26316
10.5823
11.293
10.7593
9.56318
12.6086
8.6076
12.0537
7.82137
11.111
10.8159
12.5306
12.616
11.6784
9.5759
10.2552
8.9082
8.86003
11.357
9.50778
7.75826
9.12378
8.64649
7.59381
7.12337
7.11707
8.09845
8.61137
4.91766
6.0169
7.25365
3.28391
4.85273
3.07763
3.94128
3.54684
3.12795
3.28449
2.79222
3.75103
2.22087
2.3495
2.23385
2.73116
1.60541
2.27883
1.94737
1.54697
1.66932
1.33837
1.42057
1.57928
1.7671
1.28861
1.36832
1.18764
1.12019
0.970327
1.03856
0.933017
0.960742
0.884072
0.893832
0.909929
0.924153
0.929289
0.921025
0.860805
0.867433
0.884837
0.888948
0.874491
0.860805
0.864177
0.87049
0.856081
0.867669
0.860805
0.865371
0.854829
0.864508
0.854829
0.854829
0.855289
0.859298
