10.4345
10.3444
10.8801
10.7097
11.4503
9.68104
8.33217
11.1259
11.0305
10.1784
10.1136
11.0495
10.5579
12.9376
9.74183
9.26316
10.5823
11.293
10.7593
9.56318
12.6086
8.6076
12.0537
7.82137
11.111
10.8159
12.5306
12.616
11.6784
9.5759
10.2552
8.9082
8.86003
11.357
9.50778
7.75826
9.12378
8.64649
7.59381
7.12337
7.11707
8.09845
8.61137
4.91766
6.0169
7.25365
3.28391
4.85273
3.07763
3.94128
3.54684
3.12795
3.28449
2.79222
3.75103
2.22087
2.3495
2.23385
2.73116
1.60541
2.27883
1.94737
1.54697
1.66932
1.33837
1.42057
1.57928
1.7671
1.28861
1.36832
1.18764
1.12019
0.970327
1.03856
0.933017
0.960742
0.884072
0.893832
0.909929
0.924153
0.929289
0.921025
0.860805
0.867433
0.884837
0.888948
0.874491
0.860805
0.864177
0.87049
0.856081
0.867669
0.860805
0.865371
0.854829
0.864508
0.854829
0.854829
0.855289
0.859298
