0.998981	0	 0.016664	0	3521.18
0.99913	0.000149415	 0.0166539	1.00392e-05	3499.54
0.999574	0.000451876	 0.0167021	4.84865e-05	3400.9
0.999687	0.000339018	 0.0167202	3.87908e-05	3385.36
0.999814	0.000291855	 0.0167632	5.24448e-05	3449.62
0.999401	0.000477363	 0.0167478	4.54986e-05	3633.58
0.999872	0.000620306	 0.016753	3.88053e-05	3265.8
0.999624	0.000591663	 0.0167355	3.78965e-05	3606.26
0.999454	0.000548674	 0.0167265	3.46264e-05	3569.38
0.999443	0.000490887	 0.016732	3.14617e-05	3472.48
0.999414	0.000444928	 0.0167338	2.85165e-05	3519.38
0.999464	0.000409245	 0.0167379	2.63565e-05	3412.66
0.999559	0.000388114	 0.0167379	2.42446e-05	3369.38
0.999543	0.000359683	 0.0167329	2.2979e-05	3469.32
0.999529	0.00033515	 0.0167476	2.59272e-05	3470
0.999457	0.000321619	 0.0167355	2.70979e-05	3546.12
0.999505	0.000305907	 0.0167369	2.54937e-05	3436.76
0.999619	0.000310373	 0.0167516	2.81662e-05	3300.44
0.999704	0.000305427	 0.0167505	2.66676e-05	3328.64
0.9997	0.000289776	 0.0167615	2.76161e-05	3453.38
0.999725	0.00027677	 0.0167579	2.65169e-05	3407.28
0.999698	0.00026526	 0.016752	2.59644e-05	3508.82
0.999666	0.000255512	 0.0167518	2.4811e-05	3498.88
0.999642	0.000245753	 0.0167498	2.3833e-05	3497.68
0.999652	0.000235921	 0.0167421	2.4145e-05	3442.3
0.999597	0.000233265	 0.0167597	2.91688e-05	3512.44
0.999512	0.000239971	 0.0167549	2.84897e-05	3630.58
0.999486	0.000232721	 0.0167575	2.75844e-05	3512.48
0.999515	0.000226367	 0.016762	2.6992e-05	3413.3
0.999542	0.000220397	 0.0167562	2.67175e-05	3418.2
0.999619	0.000226735	 0.0167573	2.58661e-05	3290.6
0.999657	0.000222827	 0.0167585	2.50711e-05	3364.02
0.999666	0.000216142	 0.0167588	2.43017e-05	3400.82
0.999693	0.000211344	 0.0167601	2.36103e-05	3403.12
0.999709	0.000205882	 0.016762	2.30064e-05	3409.5
0.999726	0.000200822	 0.0167564	2.30456e-05	3417.24
0.999743	0.000196004	 0.0167564	2.24141e-05	3389.8
0.999802	0.000199665	 0.0167569	2.18223e-05	3287.08
0.999794	0.000194636	 0.0167607	2.15948e-05	3462.98
0.999801	0.000189853	 0.0167629	2.11557e-05	3417.8
0.999815	0.000185683	 0.0167592	2.09606e-05	3408.88
0.99981	0.000181288	 0.0167566	2.06136e-05	3453.48
0.999742	0.000189559	 0.01676	2.0416e-05	3676.1
0.999766	0.000186811	 0.0167638	2.02936e-05	3337.7
0.999737	0.000184974	 0.0167605	2.01093e-05	3542.14
0.999743	0.000181009	 0.016759	1.972e-05	3422.4
0.999771	0.000179371	 0.0167533	2.01339e-05	3395.8
0.999817	0.000181417	 0.0167497	2.00277e-05	3318.08
0.999824	0.000177816	 0.0167491	1.96245e-05	3392.36
0.999792	0.000177114	 0.0167463	1.94271e-05	3571.98
0.999778	0.00017417	 0.016743	1.93271e-05	3508.14
0.999776	0.000170799	 0.0167436	1.89613e-05	3436.54
0.99975	0.000169533	 0.0167425	1.86363e-05	3576.18
0.999778	0.000168742	 0.0167403	1.84194e-05	3356.76
0.999727	0.000173444	 0.0167427	1.82419e-05	3635.8
0.999753	0.000172272	 0.0167433	1.79218e-05	3343.64
0.999751	0.000169229	 0.016743	1.76063e-05	3453.92
0.999764	0.000166735	 0.0167421	1.73232e-05	3388.9
0.999777	0.000164462	 0.0167399	1.71665e-05	3398.84
0.99978	0.000161714	 0.0167436	1.72754e-05	3417.58
0.99978	0.000159042	 0.016744	1.69943e-05	3407.12
0.999811	0.000159482	 0.0167452	1.6763e-05	3316.52
0.999792	0.000158125	 0.0167465	1.65406e-05	3536.16
0.999761	0.000158708	 0.0167482	1.63747e-05	3591
0.99975	0.000156592	 0.0167441	1.66473e-05	3536.02
0.999734	0.000155048	 0.0167435	1.64012e-05	3548.24
0.999734	0.000152716	 0.0167452	1.6239e-05	3459
0.999727	0.000150624	 0.0167463	1.60378e-05	3479.94
0.999726	0.000148428	 0.0167444	1.59196e-05	3465.92
0.999735	0.000146602	 0.0167451	1.5704e-05	3410.2
0.999737	0.000144537	 0.0167436	1.55534e-05	3441.56
0.999754	0.00014347	 0.0167414	1.54884e-05	3369.42
0.999738	0.000142341	 0.0167402	1.53211e-05	3504.72
0.999732	0.000140541	 0.0167413	1.51527e-05	3469.56
0.999748	0.000139525	 0.0167433	1.50879e-05	3351.6
0.999772	0.0001397	 0.0167414	1.50108e-05	3341.46
0.999808	0.000142498	 0.0167424	1.48447e-05	3269.18
0.999801	0.000140796	 0.0167414	1.46826e-05	3517.88
0.999787	0.000139785	 0.0167412	1.44977e-05	3521.08
0.999782	0.000138108	 0.0167419	1.43319e-05	3452.36
0.999808	0.000138831	 0.0167436	1.4261e-05	3300.1
0.999794	0.000137787	 0.0167431	1.40963e-05	3516.46
0.999807	0.000136674	 0.016745	1.40528e-05	3341.18
0.99979	0.000136098	 0.0167432	1.40034e-05	3587.46
0.999796	0.000134628	 0.0167397	1.42632e-05	3461.46
0.999784	0.000133534	 0.0167378	1.42262e-05	3581.52
0.999776	0.000132272	 0.0167396	1.41749e-05	3492.1
0.9998	0.00013291	 0.0167393	1.40163e-05	3302.06
0.999836	0.00013642	 0.0167389	1.38636e-05	3216.92
0.99986	0.000136933	 0.0167401	1.37671e-05	3279.92
0.999841	0.000136732	 0.0167408	1.36328e-05	3571.18
0.999842	0.000135243	 0.0167384	1.36931e-05	3442.76
0.999843	0.000133784	 0.0167389	1.35542e-05	3449.9
0.999852	0.000132635	 0.0167389	1.34092e-05	3391.38
0.99984	0.000131705	 0.0167401	1.33173e-05	3507.92
0.999828	0.000130895	 0.0167406	1.31877e-05	3497.58
0.999831	0.000129567	 0.0167375	1.34112e-05	3503.06
0.999849	0.000129494	 0.0167366	1.33064e-05	3314.66
0.999864	0.00012911	 0.0167339	1.34341e-05	3354.56
0.999857	0.000128057	 0.0167329	1.33424e-05	3495.7
