-4.9875 0 0
-4.9625 0 0
-4.9375 0 0
-4.9125 0 0
-4.8875 0 0
-4.8625 0 0
-4.8375 0 0
-4.8125 0 0
-4.7875 0 0
-4.7625 0 0
-4.7375 0 0
-4.7125 0 0
-4.6875 0 0
-4.6625 0 0
-4.6375 0 0
-4.6125 0 0
-4.5875 0 0
-4.5625 0 0
-4.5375 0 0
-4.5125 0 0
-4.4875 0 0
-4.4625 0 0
-4.4375 0 0
-4.4125 0 0
-4.3875 0 0
-4.3625 0 0
-4.3375 0 0
-4.3125 0 0
-4.2875 0 0
-4.2625 0 0
-4.2375 0 0
-4.2125 0 0
-4.1875 0 0
-4.1625 0 0
-4.1375 0 0
-4.1125 0 0
-4.0875 0 0
-4.0625 0 0
-4.0375 0 0
-4.0125 0 0
-3.9875 0 0
-3.9625 0 0
-3.9375 0 0
-3.9125 0 0
-3.8875 0 0
-3.8625 0 0
-3.8375 0 0
-3.8125 0 0
-3.7875 0 0
-3.7625 0 0
-3.7375 0 0
-3.7125 0 0
-3.6875 0 0
-3.6625 0 0
-3.6375 0 0
-3.6125 0 0
-3.5875 0 0
-3.5625 0 0
-3.5375 0 0
-3.5125 0 0
-3.4875 0 0
-3.4625 0 0
-3.4375 0 0
-3.4125 0 0
-3.3875 0 0
-3.3625 0 0
-3.3375 0 0
-3.3125 0 0
-3.2875 0 0
-3.2625 0 0
-3.2375 0 0
-3.2125 0 0
-3.1875 0 0
-3.1625 0 0
-3.1375 0 0
-3.1125 0 0
-3.0875 0 0
-3.0625 0 0
-3.0375 0 0
-3.0125 0 0
-2.9875 0 0
-2.9625 0 0
-2.9375 0 0
-2.9125 0 0
-2.8875 0 0
-2.8625 0 0
-2.8375 0 0
-2.8125 0 0
-2.7875 0 0
-2.7625 0 0
-2.7375 0 0
-2.7125 0 0
-2.6875 0 0
-2.6625 0 0
-2.6375 0 0
-2.6125 0 0
-2.5875 8.19672e-06 7.98918e-06
-2.5625 2.45902e-05 2.39675e-05
-2.5375 7.37705e-05 7.19026e-05
-2.5125 9.01639e-05 8.78809e-05
-2.4875 5.7377e-05 4.81797e-05
-2.4625 9.01639e-05 7.2831e-05
-2.4375 0.000196721 0.000121356
-2.4125 0.000131148 8.72094e-05
-2.3875 0.000106557 5.7113e-05
-2.3625 0.000122951 6.74675e-05
-2.3375 0.000172131 7.90251e-05
-2.3125 0.000311475 0.000136617
-2.2875 0.000352459 0.000118371
-2.2625 0.000459016 0.00016377
-2.2375 0.000811475 0.000244662
-2.2125 0.00104918 0.000313925
-2.1875 0.00147541 0.000398533
-2.1625 0.00162295 0.000398684
-2.1375 0.00186066 0.000404934
-2.1125 0.00243443 0.000382406
-2.0875 0.00278689 0.00039156
-2.0625 0.00315574 0.000403371
-2.0375 0.00420492 0.00059156
-2.0125 0.00522951 0.000782939
-1.9875 0.00660656 0.000839122
-1.9625 0.00759836 0.000731143
-1.9375 0.00937705 0.000728042
-1.9125 0.0118689 0.000976848
-1.8875 0.0150246 0.00134152
-1.8625 0.0172049 0.00158553
-1.8375 0.0214262 0.00191421
-1.8125 0.0237951 0.00183428
-1.7875 0.027459 0.00213126
-1.7625 0.0303115 0.00231336
-1.7375 0.0352213 0.00251032
-1.7125 0.0400902 0.00253252
-1.6875 0.0470574 0.00281811
-1.6625 0.0531885 0.0028152
-1.6375 0.0589754 0.00311415
-1.6125 0.0664016 0.00342019
-1.5875 0.0723525 0.00336114
-1.5625 0.0838607 0.00394902
-1.5375 0.0921393 0.00359522
-1.5125 0.105541 0.0036808
-1.4875 0.116811 0.00403163
-1.4625 0.130664 0.00390392
-1.4375 0.141434 0.00386696
-1.4125 0.150721 0.00419277
-1.3875 0.165959 0.00379595
-1.3625 0.180623 0.00474113
-1.3375 0.198164 0.0052235
-1.3125 0.210205 0.00541012
-1.2875 0.223566 0.00570785
-1.2625 0.238885 0.00579452
-1.2375 0.252615 0.00604733
-1.2125 0.268984 0.00596217
-1.1875 0.280467 0.00682068
-1.1625 0.294303 0.00704705
-1.1375 0.308131 0.00681236
-1.1125 0.322008 0.00610054
-1.0875 0.331992 0.00644495
-1.0625 0.339385 0.00670558
-1.0375 0.342836 0.00604949
-1.0125 0.351303 0.00594649
-0.9875 0.359689 0.00626667
-0.9625 0.373369 0.00574886
-0.9375 0.375902 0.00719272
-0.9125 0.383303 0.00707954
-0.8875 0.395033 0.00594749
-0.8625 0.398189 0.00574716
-0.8375 0.400467 0.00663208
-0.8125 0.406869 0.0074314
-0.7875 0.406377 0.00660308
-0.7625 0.40491 0.00627779
-0.7375 0.409795 0.00627387
-0.7125 0.407893 0.00630796
-0.6875 0.401426 0.00597057
-0.6625 0.390508 0.00584766
-0.6375 0.392377 0.00645201
-0.6125 0.389623 0.00601326
-0.5875 0.387902 0.00581649
-0.5625 0.381779 0.00589989
-0.5375 0.377393 0.00503702
-0.5125 0.369205 0.00456205
-0.4875 0.368525 0.0041977
-0.4625 0.364508 0.00372803
-0.4375 0.35941 0.00422653
-0.4125 0.351738 0.00430606
-0.3875 0.351811 0.00368336
-0.3625 0.343533 0.0038204
-0.3375 0.339205 0.00376987
-0.3125 0.330369 0.00472097
-0.2875 0.327352 0.00507129
-0.2625 0.31877 0.00506643
-0.2375 0.317098 0.00450565
-0.2125 0.315541 0.00543434
-0.1875 0.314287 0.00449616
-0.1625 0.307508 0.0047548
-0.1375 0.309484 0.00558166
-0.1125 0.306008 0.00568994
-0.0875 0.308787 0.00514017
-0.0625 0.307721 0.00555426
-0.0375 0.309672 0.00550086
-0.0125 0.308598 0.00619973
0.0125 0.311443 0.00512024
0.0375 0.30468 0.00572906
0.0625 0.300525 0.0053165
0.0875 0.303934 0.00387073
0.1125 0.301262 0.00404741
0.1375 0.303697 0.00477592
0.1625 0.305656 0.00476476
0.1875 0.304098 0.00530646
0.2125 0.307893 0.00518009
0.2375 0.31241 0.00493139
0.2625 0.320926 0.00525036
0.2875 0.328443 0.00577748
0.3125 0.333877 0.00559018
0.3375 0.336475 0.00552255
0.3625 0.340861 0.00513094
0.3875 0.348852 0.00480395
0.4125 0.351836 0.00455053
0.4375 0.358959 0.00424589
0.4625 0.366213 0.00471618
0.4875 0.369393 0.00524924
0.5125 0.374082 0.006246
0.5375 0.380074 0.00706133
0.5625 0.384746 0.00583772
0.5875 0.386893 0.00557878
0.6125 0.387344 0.00600007
0.6375 0.396254 0.00598177
0.6625 0.399574 0.00773623
0.6875 0.402992 0.00741204
0.7125 0.402025 0.0074592
0.7375 0.40109 0.00643832
0.7625 0.400123 0.00620678
0.7875 0.399123 0.00592233
0.8125 0.397467 0.00523104
0.8375 0.393402 0.00442175
0.8625 0.38927 0.00442375
0.8875 0.384967 0.00603798
0.9125 0.381459 0.00655259
0.9375 0.378557 0.00701611
0.9625 0.371713 0.00617728
0.9875 0.370475 0.00567052
1.0125 0.359852 0.00476856
1.0375 0.351246 0.00523607
1.0625 0.341311 0.00589755
1.0875 0.330607 0.00662693
1.1125 0.316139 0.00644172
1.1375 0.303877 0.00630821
1.1625 0.292172 0.00546686
1.1875 0.27691 0.0061709
1.2125 0.26482 0.0049709
1.2375 0.243984 0.0048144
1.2625 0.231885 0.00535943
1.2875 0.219205 0.00634822
1.3125 0.205811 0.00610461
1.3375 0.18877 0.00551613
1.3625 0.17541 0.00550684
1.3875 0.159197 0.00584615
1.4125 0.149902 0.00483148
1.4375 0.137082 0.00465967
1.4625 0.12941 0.00417959
1.4875 0.117123 0.00370935
1.5125 0.104049 0.00369579
1.5375 0.0919672 0.00343811
1.5625 0.0868525 0.00333403
1.5875 0.0769672 0.00296351
1.6125 0.0689672 0.00279608
1.6375 0.0601721 0.00257626
1.6625 0.0526639 0.00243912
1.6875 0.0467869 0.00297089
1.7125 0.0395492 0.00261533
1.7375 0.0347049 0.001886
1.7625 0.0298525 0.00182524
1.7875 0.0260246 0.00196215
1.8125 0.0221803 0.00150624
1.8375 0.0187295 0.00126707
1.8625 0.0150328 0.00108681
1.8875 0.0131393 0.00077841
1.9125 0.0106475 0.000644939
1.9375 0.00866393 0.00076298
1.9625 0.00646721 0.000633058
1.9875 0.00546721 0.000644397
2.0125 0.00422131 0.000643834
2.0375 0.00304098 0.000591923
2.0625 0.0022459 0.000515821
2.0875 0.00198361 0.000431073
2.1125 0.00158197 0.000339403
2.1375 0.00145902 0.00037399
2.1625 0.00132787 0.000316164
2.1875 0.0012377 0.000356246
2.2125 0.000795082 0.00021695
2.2375 0.000532787 0.000183605
2.2625 0.000254098 0.000109649
2.2875 0.000213115 0.000110641
2.3125 0.000131148 7.20193e-05
2.3375 4.09836e-05 1.9655e-05
2.3625 8.19672e-05 6.50595e-05
2.3875 4.91803e-05 3.29912e-05
2.4125 0.000114754 6.25319e-05
2.4375 0.000114754 7.69794e-05
2.4625 0.000204918 0.000137585
2.4875 0.000122951 8.26813e-05
2.5125 8.19672e-05 6.50595e-05
2.5375 0.000122951 0.000119838
2.5625 4.91803e-05 4.79351e-05
2.5875 8.19672e-06 7.98918e-06
2.6125 0 0
2.6375 0 0
2.6625 0 0
2.6875 0 0
2.7125 0 0
2.7375 0 0
2.7625 0 0
2.7875 0 0
2.8125 0 0
2.8375 0 0
2.8625 0 0
2.8875 0 0
2.9125 0 0
2.9375 0 0
2.9625 0 0
2.9875 0 0
3.0125 0 0
3.0375 0 0
3.0625 0 0
3.0875 0 0
3.1125 0 0
3.1375 0 0
3.1625 0 0
3.1875 0 0
3.2125 0 0
3.2375 0 0
3.2625 0 0
3.2875 0 0
3.3125 0 0
3.3375 0 0
3.3625 0 0
3.3875 0 0
3.4125 0 0
3.4375 0 0
3.4625 0 0
3.4875 0 0
3.5125 0 0
3.5375 0 0
3.5625 0 0
3.5875 0 0
3.6125 0 0
3.6375 0 0
3.6625 0 0
3.6875 0 0
3.7125 0 0
3.7375 0 0
3.7625 0 0
3.7875 0 0
3.8125 0 0
3.8375 0 0
3.8625 0 0
3.8875 0 0
3.9125 0 0
3.9375 0 0
3.9625 0 0
3.9875 0 0
4.0125 0 0
4.0375 0 0
4.0625 0 0
4.0875 0 0
4.1125 0 0
4.1375 0 0
4.1625 0 0
4.1875 0 0
4.2125 0 0
4.2375 0 0
4.2625 0 0
4.2875 0 0
4.3125 0 0
4.3375 0 0
4.3625 0 0
4.3875 0 0
4.4125 0 0
4.4375 0 0
4.4625 0 0
4.4875 0 0
4.5125 0 0
4.5375 0 0
4.5625 0 0
4.5875 0 0
4.6125 0 0
4.6375 0 0
4.6625 0 0
4.6875 0 0
4.7125 0 0
4.7375 0 0
4.7625 0 0
4.7875 0 0
4.8125 0 0
4.8375 0 0
4.8625 0 0
4.8875 0 0
4.9125 0 0
4.9375 0 0
4.9625 0 0
4.9875 0 0
