0 0.357103 0.000385596
1 1.09305 0.880915
2 1.4128 0.690762
3 -0.735447 1.17649
4 0.880129 1.06285
5 0.151873 1.48137
6 1.94957 1.2456
7 1.39375 0.957228
8 1.15007 1.20653
9 -0.156545 1.04045
10 2.23712 1.0353
11 0.996952 1.25244
12 1.09714 0.855886
13 -0.358448 0.971375
14 -0.0313339 0.918699
15 1.72979 0.76789
16 -1.47092 0.905535
17 2.37019 1.12656
18 -0.242421 0.887699
19 0.74568 1.02794
20 -0.431682 1.04254
21 3.63499 1.01685
22 0.51452 1.08053
23 0.912703 0.962016
24 -0.683395 0.703291
25 0.294128 0.899116
26 1.17278 1.18235
27 0.543071 0.78071
28 0.692321 1.0899
29 0.870823 0.948311
30 -0.815609 0.80908
31 -0.00234943 0.860251
32 0.931477 1.01187
33 0.0911168 0.897049
34 -1.36982 0.801072
35 -0.0252993 1.11314
36 1.09592 0.91072
37 -1.25526 0.951002
38 1.87004 0.772776
39 -0.130341 0.885783
40 -0.237403 0.564107
41 0.801347 0.808504
42 1.373 0.886993
43 0.42592 0.867316
44 2.20261 1.14731
45 -0.522605 1.06005
46 2.36437 0.799162
47 -1.74412 0.856906
48 0.527427 0.880108
49 -0.782961 0.752687
50 -0.672863 0.84607
51 -0.331534 1.0052
52 -1.42445 0.967986
53 0.931182 0.992306
54 -0.362851 1.04303
55 -1.43373 0.952643
56 -0.063726 0.585022
57 0.996982 0.862373
58 0.543453 0.981848
59 -0.0491218 0.844335
60 2.00938 1.07546
61 2.41159 0.982729
62 1.09558 1.03591
63 -0.924356 0.767319
64 0.294143 0.755693
65 1.85126 0.982134
66 -0.205269 0.903468
67 0.310221 0.880101
68 1.1513 0.946691
69 0.789303 1.04207
70 -0.316039 0.936637
71 -0.60762 0.863583
72 0.274297 0.945368
73 -0.503936 0.726798
74 0.0205275 0.727035
75 -0.640305 0.848371
76 0.350442 0.589747
77 0.450039 0.87963
78 -0.580958 0.908366
79 0.0638347 0.96041
80 0.452486 0.704277
81 0.327044 0.86101
82 1.4974 0.980098
83 0.60886 0.817203
84 -0.74294 0.683718
85 -0.488686 1.21298
86 1.18245 1.02378
87 -0.238259 0.816636
88 -0.615921 1.0375
89 0.153284 0.775071
90 -0.0826766 0.925612
91 -1.90499 0.929647
92 0.542183 0.91242
93 0.803332 1.00306
94 0.510121 0.854821
95 -0.720461 0.814945
96 0.248326 0.737641
97 2.5342 1.0664
98 0.940406 0.753838
99 0.0733904 0.889132
100 0.470921 0.869522
101 0.72489 1.29123
102 -0.198269 1.13829
103 1.27791 0.702048
104 0.517107 0.819427
105 0.313601 1.01592
106 0.250113 1.0326
107 0.687677 0.980679
108 0.470967 0.867011
109 0.429843 1.04444
110 -0.158389 0.853498
111 -1.35148 0.900225
112 -0.641489 1.05987
113 1.73009 0.907194
114 0.788206 0.831215
115 0.690127 1.02898
116 0.17125 1.27763
117 1.58038 0.774697
118 1.15474 1.01193
119 1.87932 0.889879
120 0.568558 0.736493
121 0.331883 0.761527
122 0.0681384 0.801811
123 0.18656 0.813116
124 1.12914 0.728456
125 -0.0466092 0.787705
126 2.99307 0.962767
127 -1.47244 0.86093
128 -0.674089 0.597332
129 1.05469 0.769397
130 0.983165 0.825405
131 -1.84063 1.15002
132 1.77572 0.881993
133 0.624516 0.925788
134 1.36025 1.02831
135 0.209542 1.08302
136 1.26637 0.91221
137 0.323151 0.902505
138 -0.10055 0.885756
139 -0.621096 0.838517
140 1.52762 0.920336
141 -0.694491 1.01735
142 0.0247053 0.938788
143 -1.90413 1.05464
144 0.876613 0.954801
145 0.18677 0.842758
146 -0.50173 0.836248
147 1.60165 0.975432
148 -0.201021 0.819264
149 -0.418272 0.896418
150 0.688206 0.951287
151 -1.70346 1.06445
152 0.852093 0.85876
153 -0.18021 1.14084
154 0.232875 0.748393
155 1.00622 0.889976
156 -0.618882 1.02768
157 -0.126987 0.929783
158 -0.13246 0.904245
159 0.346576 0.636244
160 0.444805 0.965193
161 -0.808344 0.950356
162 0.355204 0.874818
163 0.468678 1.01535
164 -0.949958 0.784806
165 0.0854762 0.861298
166 1.18202 0.881486
167 -0.0991089 0.766658
168 0.203653 1.06738
169 -0.345449 0.967267
170 0.496746 0.925702
171 -1.00994 0.738831
172 0.219439 0.8529
173 0.719615 0.907509
174 -0.504936 0.872102
175 0.486433 1.07939
176 -0.8356 0.960868
177 0.170752 0.851601
178 0.269491 0.901188
179 -0.600247 0.861854
180 1.37421 0.905761
181 1.08722 0.904669
182 0.238913 1.05488
183 0.861852 1.02273
184 0.717061 0.92852
185 1.99783 1.06382
186 -0.00234308 0.991078
187 0.396658 0.963037
188 -1.26233 0.661529
189 1.03549 0.756623
190 0.272989 0.838712
191 -1.53334 0.757694
192 -0.345971 0.900112
193 1.11708 0.829578
194 -0.848426 1.00749
195 0.7901 0.840751
196 -1.72121 0.916187
197 0.22406 1.08825
198 1.68192 1.09781
199 0.61344 0.920937
200 -1.1867 0.759947
201 -0.768667 1.05783
202 0.35404 0.820643
203 2.98882 0.829025
204 -0.671078 0.775117
205 1.33413 0.862457
206 -1.34435 0.812358
207 -0.874097 1.05404
208 -0.714443 0.998267
209 2.74219 0.800106
210 -0.748967 0.844127
211 0.243518 1.25386
212 -1.19534 1.00507
213 -1.45457 0.750244
214 1.16268 0.862765
215 0.911983 0.783767
216 2.39527 1.10554
217 2.5355 0.897999
218 0.445474 1.34545
219 0.554148 0.888827
220 -0.0783491 1.07919
221 0.62661 0.856957
222 -0.38059 0.787954
223 1.23765 0.900212
224 0.534776 0.965015
225 0.755989 1.40838
226 -0.411738 1.18683
227 0.807558 0.877949
228 -0.652631 0.89206
229 -1.09994 0.942878
230 0.698311 1.0491
231 -0.472302 0.787973
232 0.44218 0.772886
233 0.5379 1.00947
234 1.27156 0.978171
235 0.248679 1.09807
236 0.232621 0.818558
237 1.56406 0.994001
238 1.00815 1.06889
239 1.68868 0.807818
240 -0.249922 0.659756
241 0.570084 0.87306
242 0.133863 1.12873
243 -0.21856 1.14121
244 0.876015 0.677411
245 -0.3312 0.665421
246 0.867735 0.814813
247 -1.74989 0.788669
248 1.59835 0.767658
249 -0.849981 0.67119
250 0.0905564 0.971378
251 0.72924 0.771091
252 0.879777 0.788769
253 1.92544 1.0793
254 -1.49946 0.730145
255 -1.32813 1.0362
256 1.7607 1.15124
257 -0.923101 0.808454
258 -0.448784 1.0924
259 0.709989 1.0646
260 0.569965 1.09862
261 -0.765798 0.955834
262 -0.0396296 1.03698
263 0.868486 0.814534
264 1.11409 1.07778
265 1.24316 0.88141
266 -1.90077 0.855511
267 0.14601 0.852743
268 -1.34412 1.30331
269 1.6709 0.785694
270 -0.234431 0.739888
271 1.97062 1.06605
272 0.155177 0.946959
273 -1.76372 0.959192
274 -0.681949 1.05286
275 0.33869 1.17492
276 2.04542 0.816151
277 -0.00747176 1.04546
278 -0.435737 1.01503
279 0.254577 0.921667
280 1.89876 1.10721
281 1.97249 1.14722
282 -0.166593 0.996036
283 -0.359548 0.997022
284 0.614522 0.846048
285 -0.627942 0.910019
286 1.19189 1.08125
287 0.565553 0.906588
288 1.26892 1.05454
289 0.919771 1.0699
290 -0.898902 1.04775
291 1.56722 1.07105
292 -0.363582 1.08655
293 1.129 0.87129
294 -1.30957 0.954118
295 -0.49491 1.23364
296 0.955196 0.861262
297 0.248779 0.978169
298 1.25474 1.14735
299 0.35734 0.00062906
