0 -0.776089 0.00457861
1 -0.776733 0.0039816
2 -0.777229 0.00413427
3 -0.778916 0.00384799
4 -0.779306 0.00390417
5 -0.780332 0.00430154
6 -0.779268 0.00418525
7 -0.7813 0.00370147
8 -0.781152 0.00376167
9 -0.785137 0.00389332
10 -0.784812 0.00377158
11 -0.783559 0.00427953
12 -0.780171 0.00475995
13 -0.774698 0.00447138
14 -0.778394 0.00419489
15 -0.776651 0.00436461
16 -0.775626 0.0041773
17 -0.773888 0.00395686
18 -0.774118 0.0039107
19 -0.777506 0.00469506
20 -0.777937 0.00404749
21 -0.781127 0.00427738
22 -0.778304 0.00405551
23 -0.780943 0.00418407
24 -0.781698 0.00402895
25 -0.78056 0.00369855
26 -0.782039 0.00363105
27 -0.782051 0.00363464
28 -0.776564 0.00396188
29 -0.7775 0.00360916
30 -0.778898 0.00377974
31 -0.778178 0.00331052
32 -0.778385 0.00335124
33 -0.778169 0.00364255
34 -0.777593 0.00321782
35 -0.778818 0.00295783
36 -0.777835 0.00346937
37 -0.780107 0.00371131
38 -0.778538 0.00362912
39 -0.777639 0.00373458
40 -0.776972 0.00341838
41 -0.778309 0.00324969
42 -0.776533 0.00309475
43 -0.775755 0.00371825
44 -0.775565 0.00389975
45 -0.773653 0.00373332
46 -0.776231 0.00393835
47 -0.777654 0.00390819
48 -0.777377 0.003443
49 -0.779783 0.00359905
50 -0.780467 0.00331154
51 -0.781965 0.00320996
52 -0.782971 0.00306343
53 -0.781591 0.00261821
54 -0.782891 0.00299345
55 -0.782809 0.00283445
56 -0.783511 0.00324032
57 -0.781778 0.00299335
58 -0.778766 0.00350121
59 -0.780031 0.00340482
60 -0.780045 0.003272
61 -0.780089 0.00338446
62 -0.778497 0.00338634
63 -0.779224 0.00296827
64 -0.781095 0.00322107
65 -0.783781 0.00312513
66 -0.784859 0.00302783
67 -0.783302 0.00279608
68 -0.78276 0.00243325
69 -0.783531 0.00267384
70 -0.782379 0.00275671
71 -0.781017 0.00224356
72 -0.781759 0.00238316
73 -0.780107 0.00236832
74 -0.777774 0.00287197
75 -0.779134 0.00250421
76 -0.778317 0.00329944
77 -0.777976 0.00319535
78 -0.777407 0.00338939
79 -0.77749 0.00304737
80 -0.777968 0.00345026
81 -0.777073 0.00362543
82 -0.778434 0.00356995
83 -0.77749 0.00390913
84 -0.779252 0.00409726
85 -0.78043 0.00382892
86 -0.779829 0.00445434
87 -0.781246 0.00451933
88 -0.780526 0.00395123
89 -0.779227 0.00417007
90 -0.778272 0.00369208
91 -0.777011 0.00383326
92 -0.776556 0.00339661
93 -0.777411 0.00339377
94 -0.777486 0.00355615
95 -0.778889 0.00348608
96 -0.78077 0.00317738
97 -0.780018 0.00378556
98 -0.780149 0.00388638
99 -0.782013 0.00350088
100 -0.780577 0.00310175
101 -0.779512 0.00279696
102 -0.778041 0.0028089
103 -0.777443 0.00255914
104 -0.779983 0.00289624
105 -0.780968 0.00244328
106 -0.779136 0.00216599
107 -0.776578 0.00298899
108 -0.776411 0.00321305
109 -0.775877 0.00319937
110 -0.776272 0.00268275
111 -0.778732 0.00278379
112 -0.780577 0.00321397
113 -0.780093 0.00319585
114 -0.781247 0.00295534
115 -0.782623 0.00296608
116 -0.781646 0.00283238
117 -0.783462 0.00330578
118 -0.781484 0.00359715
119 -0.780247 0.00316783
120 -0.77888 0.00290011
121 -0.781229 0.00297466
122 -0.78128 0.00314107
123 -0.781047 0.00258888
124 -0.780904 0.00250957
125 -0.781205 0.00300156
126 -0.781621 0.00307492
127 -0.780774 0.00286294
128 -0.781073 0.00336519
129 -0.782995 0.00281738
130 -0.784751 0.00266177
131 -0.784349 0.00272617
132 -0.784634 0.00302562
133 -0.783253 0.0039507
134 -0.783449 0.00394703
135 -0.780951 0.00432542
136 -0.780119 0.00362329
137 -0.779269 0.0037635
138 -0.779751 0.0036811
139 -0.780224 0.00360723
140 -0.780866 0.00372157
141 -0.778548 0.0034885
142 -0.779044 0.00299371
143 -0.77961 0.00301118
144 -0.778774 0.00310964
145 -0.77727 0.00285785
146 -0.779402 0.0036038
147 -0.780338 0.00316639
148 -0.782854 0.00248777
149 -0.783206 0.00288082
150 -0.781328 0.00270703
151 -0.780906 0.00259194
152 -0.779381 0.00222299
153 -0.776106 0.00259625
154 -0.775909 0.00250927
155 -0.774159 0.00249068
156 -0.77694 0.00255354
157 -0.778908 0.00237155
158 -0.780068 0.00252853
159 -0.778666 0.00274625
160 -0.77789 0.00311474
161 -0.77628 0.00315863
162 -0.777655 0.00268304
163 -0.777789 0.00266595
164 -0.777812 0.00340702
165 -0.779591 0.00377309
166 -0.781287 0.00387542
167 -0.782105 0.00397148
168 -0.781275 0.00447492
169 -0.779684 0.00410882
170 -0.77947 0.00387742
171 -0.780558 0.0035675
172 -0.780828 0.00377078
173 -0.781595 0.00367036
174 -0.781349 0.00369109
175 -0.782034 0.0033281
176 -0.780903 0.00330662
177 -0.78026 0.00323961
178 -0.780595 0.00293828
179 -0.780937 0.00309715
180 -0.782241 0.00280533
181 -0.783255 0.00297084
182 -0.784679 0.00322658
183 -0.783709 0.00324184
184 -0.781365 0.00274889
185 -0.782889 0.00272739
186 -0.78145 0.00289283
187 -0.779604 0.00273027
188 -0.783439 0.00283998
189 -0.780914 0.00314314
190 -0.778243 0.00363516
191 -0.77965 0.00339774
192 -0.78011 0.00299527
193 -0.779202 0.00300565
194 -0.780204 0.00280796
195 -0.778618 0.00265994
196 -0.778979 0.00335977
197 -0.77913 0.00361632
198 -0.781334 0.00335683
199 -0.780856 0.00289353
200 -0.779045 0.00265183
201 -0.781041 0.00274316
202 -0.782273 0.00287704
203 -0.781111 0.00318038
204 -0.780582 0.00302473
205 -0.780674 0.00292545
206 -0.781827 0.00322582
207 -0.780733 0.00246445
208 -0.779983 0.00228012
209 -0.779899 0.00217669
210 -0.779258 0.00294739
211 -0.781571 0.00274295
212 -0.781358 0.00238483
213 -0.781375 0.0027363
214 -0.781696 0.00320871
215 -0.77987 0.00323548
216 -0.779994 0.00305716
217 -0.780434 0.00340293
218 -0.781122 0.00341022
219 -0.784307 0.00274805
220 -0.783971 0.00272551
221 -0.785773 0.00245845
222 -0.786078 0.00244827
223 -0.78672 0.00256815
224 -0.78658 0.00217809
225 -0.787305 0.00269399
226 -0.786412 0.00337293
227 -0.787228 0.00318463
228 -0.785564 0.00376685
229 -0.785951 0.00364257
230 -0.78613 0.0035567
231 -0.78534 0.00294826
232 -0.784499 0.00318603
233 -0.786208 0.00379309
234 -0.783306 0.00309489
235 -0.783478 0.00266854
236 -0.783683 0.00246786
237 -0.784353 0.00322641
238 -0.785127 0.00282943
239 -0.783883 0.00280005
240 -0.784337 0.00233599
241 -0.781873 0.00251758
242 -0.78225 0.00291603
243 -0.781933 0.00288168
244 -0.780973 0.00316925
245 -0.780389 0.00382379
246 -0.781776 0.00391648
247 -0.779461 0.00351008
248 -0.778553 0.00297631
249 -0.780372 0.00263792
250 -0.781896 0.0030362
251 -0.783247 0.00292515
252 -0.780774 0.0034705
253 -0.782133 0.00382058
254 -0.781279 0.00392369
255 -0.782292 0.0036518
256 -0.780583 0.0034357
257 -0.782207 0.00415055
258 -0.781802 0.00367399
259 -0.782586 0.0028186
260 -0.782429 0.00258013
261 -0.783534 0.00248856
262 -0.782106 0.00244958
263 -0.783701 0.00218822
264 -0.782939 0.00230339
265 -0.784576 0.00270921
266 -0.783423 0.00293871
267 -0.785773 0.00357393
268 -0.783234 0.0032352
269 -0.784365 0.00367784
270 -0.78397 0.00365366
271 -0.781359 0.00404856
272 -0.78085 0.00399078
273 -0.781243 0.00380616
274 -0.782426 0.00382119
275 -0.780857 0.0037119
276 -0.781652 0.00348775
277 -0.78164 0.00373382
278 -0.781981 0.00370842
279 -0.778537 0.00363346
280 -0.778147 0.00352442
281 -0.778073 0.00446843
282 -0.778145 0.00433901
283 -0.780009 0.00415239
284 -0.781649 0.00366602
285 -0.780971 0.00356376
286 -0.776783 0.00293131
287 -0.776368 0.00250349
288 -0.778097 0.00278303
289 -0.776945 0.00346746
290 -0.776074 0.0038921
291 -0.776625 0.00422484
292 -0.777441 0.00327489
293 -0.77735 0.00400647
294 -0.777821 0.003221
295 -0.777416 0.00362569
296 -0.774194 0.00358254
297 -0.775483 0.0038018
298 -0.774554 0.00500367
299 -0.772279 0.00547365
