0 -0.778026 0.00303311
1 -0.777265 0.00325864
2 -0.776856 0.00341472
3 -0.776791 0.00310414
4 -0.777727 0.00301944
5 -0.777549 0.00276988
6 -0.777231 0.00308406
7 -0.77818 0.00289599
8 -0.778561 0.00297142
9 -0.778604 0.00312626
10 -0.77772 0.00336618
11 -0.777794 0.00323937
12 -0.778499 0.00325796
13 -0.77839 0.00328628
14 -0.778754 0.00318895
15 -0.779377 0.0028524
16 -0.778763 0.00256557
17 -0.77918 0.00262099
18 -0.778784 0.00274551
19 -0.779196 0.00300518
20 -0.779899 0.00305461
21 -0.779494 0.00323206
22 -0.779405 0.00318787
23 -0.779337 0.00349673
24 -0.779033 0.00353323
25 -0.77789 0.00346647
26 -0.778562 0.00310044
27 -0.778545 0.00310072
28 -0.778844 0.00306029
29 -0.778609 0.00292439
30 -0.777746 0.00311206
31 -0.778612 0.00340515
32 -0.778761 0.00355517
33 -0.779036 0.00351828
34 -0.779288 0.0033432
35 -0.77956 0.00354719
36 -0.779251 0.0035833
37 -0.779171 0.00362098
38 -0.779746 0.0036069
39 -0.779256 0.00369931
40 -0.778969 0.00369499
41 -0.780113 0.00352354
42 -0.78072 0.00355307
43 -0.781372 0.00350284
44 -0.782369 0.00385952
45 -0.781735 0.00354041
46 -0.780784 0.00344672
47 -0.782674 0.00340231
48 -0.782975 0.00330734
49 -0.782414 0.00327726
50 -0.782929 0.00322952
51 -0.782782 0.00318273
52 -0.782509 0.00319346
53 -0.781666 0.0033031
54 -0.780554 0.00350385
55 -0.781125 0.00353652
56 -0.780954 0.00354636
57 -0.780701 0.00332103
58 -0.780069 0.00318686
59 -0.780162 0.00328831
60 -0.780988 0.00331522
61 -0.781013 0.0031019
62 -0.780605 0.00315609
63 -0.779329 0.00331091
64 -0.780345 0.0035855
65 -0.78095 0.00361637
66 -0.782213 0.00336467
67 -0.782576 0.0031994
68 -0.782545 0.00325812
69 -0.782992 0.00309066
70 -0.782351 0.00314424
71 -0.782428 0.00300268
72 -0.782988 0.00311458
73 -0.783009 0.00306079
74 -0.781442 0.00274782
75 -0.780868 0.00281347
76 -0.781228 0.00297909
77 -0.780121 0.00302847
78 -0.780488 0.00317275
79 -0.780088 0.00321927
80 -0.780753 0.00319815
81 -0.780767 0.00316443
82 -0.779801 0.00333954
83 -0.779013 0.00326798
84 -0.779166 0.00335528
85 -0.779016 0.00330428
86 -0.7774 0.00320796
87 -0.777166 0.00316996
88 -0.776789 0.0030577
89 -0.776048 0.00303348
90 -0.775165 0.00290237
91 -0.775266 0.0031153
92 -0.774408 0.00290537
93 -0.773629 0.00299488
94 -0.77462 0.00293165
95 -0.774249 0.00290817
96 -0.775459 0.00297512
97 -0.775863 0.00282146
98 -0.77581 0.00292047
99 -0.77555 0.00269661
100 -0.777012 0.0027307
101 -0.777036 0.00275636
102 -0.77701 0.00239401
103 -0.777009 0.00228809
104 -0.776305 0.00242701
105 -0.776441 0.00241844
106 -0.775926 0.00269662
107 -0.776034 0.00251604
108 -0.774588 0.00264599
109 -0.775208 0.00274868
110 -0.776445 0.00280566
111 -0.775973 0.00295167
112 -0.777101 0.00286951
113 -0.777751 0.00295872
114 -0.778288 0.00315574
115 -0.778126 0.00306404
116 -0.777528 0.00285887
117 -0.777761 0.00306101
118 -0.777537 0.00298718
119 -0.777129 0.00301576
120 -0.777288 0.0029252
121 -0.777416 0.00281575
122 -0.775873 0.00297547
123 -0.776202 0.00298937
124 -0.776507 0.00326046
125 -0.775603 0.00334126
126 -0.774318 0.00345
127 -0.773611 0.00331125
128 -0.774082 0.00324612
129 -0.774802 0.00297756
130 -0.776149 0.00300084
131 -0.775378 0.00300022
132 -0.77575 0.00305598
133 -0.775406 0.00312975
134 -0.775326 0.00302861
135 -0.775512 0.00316466
136 -0.775401 0.00307299
137 -0.77594 0.00312812
138 -0.776438 0.00305641
139 -0.77714 0.00303514
140 -0.778333 0.00314896
141 -0.778801 0.00307016
142 -0.778717 0.00321426
143 -0.779276 0.0031224
144 -0.7801 0.00297572
145 -0.779643 0.00293715
146 -0.779607 0.00296105
147 -0.780325 0.00312296
148 -0.780048 0.00294169
149 -0.780642 0.00314456
150 -0.781019 0.00311453
151 -0.780032 0.00325452
152 -0.780484 0.00308262
153 -0.780833 0.0030687
154 -0.779962 0.00329908
155 -0.779136 0.00304888
156 -0.778395 0.00306699
157 -0.77857 0.00301662
158 -0.77724 0.00293158
159 -0.776933 0.0026672
160 -0.776497 0.0026799
161 -0.775891 0.00256181
162 -0.776354 0.00271515
163 -0.777403 0.00274418
164 -0.777622 0.00262939
165 -0.777586 0.00266729
166 -0.777547 0.00248441
167 -0.778679 0.00241847
168 -0.778582 0.00266339
169 -0.777376 0.00256786
170 -0.777645 0.00244012
171 -0.777763 0.00252435
172 -0.77816 0.00263861
173 -0.777764 0.00277133
174 -0.778397 0.00289933
175 -0.778355 0.00290987
176 -0.777835 0.00301799
177 -0.777988 0.00297029
178 -0.778817 0.00290732
179 -0.778968 0.00300397
180 -0.780055 0.00289599
181 -0.779987 0.00288054
182 -0.779747 0.00281779
183 -0.780225 0.0027211
184 -0.780383 0.00277767
185 -0.78006 0.00266936
186 -0.77968 0.00250363
187 -0.779428 0.00249414
188 -0.780121 0.00251177
189 -0.779647 0.0022599
190 -0.779754 0.00232723
191 -0.780372 0.00228393
192 -0.780631 0.00248468
193 -0.780499 0.00256852
194 -0.780657 0.00276567
195 -0.780898 0.00273781
196 -0.781779 0.00266424
197 -0.781177 0.00265835
198 -0.781747 0.00287603
199 -0.781175 0.00280563
200 -0.781564 0.00304356
201 -0.782071 0.00282206
202 -0.781806 0.00254527
203 -0.782687 0.00257502
204 -0.781912 0.00261753
205 -0.78138 0.00260819
206 -0.782042 0.00257903
207 -0.781434 0.00269776
208 -0.782003 0.00287765
209 -0.782905 0.0028034
210 -0.782182 0.00292954
211 -0.780813 0.00276261
212 -0.780876 0.00277617
213 -0.781677 0.00284974
214 -0.781879 0.00271984
215 -0.781359 0.00269311
216 -0.782125 0.00284485
217 -0.781027 0.00263833
218 -0.781103 0.00277329
219 -0.781774 0.00265498
220 -0.781074 0.00242013
221 -0.78089 0.00257126
222 -0.782375 0.00247158
223 -0.782863 0.00241095
224 -0.781486 0.00237277
225 -0.781659 0.00256182
226 -0.780816 0.00239679
227 -0.781448 0.00242144
228 -0.781027 0.00251384
229 -0.78053 0.00235816
230 -0.780639 0.00234542
231 -0.780521 0.00224381
232 -0.781224 0.0024341
233 -0.78121 0.0026646
234 -0.781272 0.00264874
235 -0.781146 0.00276958
236 -0.781552 0.00281196
237 -0.780735 0.0029019
238 -0.782065 0.0030137
239 -0.781513 0.00313332
240 -0.781271 0.00320857
241 -0.781848 0.00328101
242 -0.781788 0.00344236
243 -0.780717 0.00332684
244 -0.781526 0.00360313
245 -0.781499 0.00374086
246 -0.780932 0.00369784
247 -0.780804 0.00368986
248 -0.781015 0.00362282
249 -0.781805 0.00375977
250 -0.782257 0.00396205
251 -0.782372 0.00387951
252 -0.782173 0.00390301
253 -0.781997 0.00396632
254 -0.782322 0.00395993
255 -0.781976 0.00376576
256 -0.781345 0.00370118
257 -0.781088 0.0035257
258 -0.781782 0.00326853
259 -0.782611 0.00329258
260 -0.782411 0.00309287
261 -0.781921 0.0031747
262 -0.782066 0.00324133
263 -0.782987 0.00326504
264 -0.784384 0.00353361
265 -0.785201 0.00360905
266 -0.784938 0.00393716
267 -0.786091 0.00380769
268 -0.785548 0.003662
269 -0.784935 0.00358741
270 -0.785249 0.00334703
271 -0.784474 0.00336727
272 -0.783728 0.00327338
273 -0.783192 0.00319321
274 -0.783223 0.00336455
275 -0.782453 0.00358957
276 -0.782688 0.00367193
277 -0.782737 0.00340998
278 -0.783486 0.00341152
279 -0.78445 0.00348446
280 -0.784802 0.00341452
281 -0.784396 0.00325293
282 -0.784597 0.00304562
283 -0.784534 0.00309508
284 -0.784752 0.00297287
285 -0.784859 0.00313484
286 -0.785516 0.00328892
287 -0.784787 0.00311228
288 -0.783107 0.00310146
289 -0.783077 0.00308591
290 -0.782444 0.00332355
291 -0.783281 0.00326442
292 -0.78242 0.00339543
293 -0.78195 0.00323626
294 -0.781182 0.003109
295 -0.780317 0.00324039
296 -0.781223 0.00329043
297 -0.780796 0.00324008
298 -0.780863 0.0033553
299 -0.779177 0.00346701
