0 -0.772705 0.00349928
1 -0.772478 0.00339546
2 -0.772062 0.00360893
3 -0.772705 0.00367991
4 -0.773492 0.00373259
5 -0.773933 0.00378307
6 -0.773674 0.00379589
7 -0.77414 0.00381913
8 -0.774839 0.00389905
9 -0.775048 0.00403141
10 -0.775227 0.00412398
11 -0.775297 0.0041895
12 -0.775493 0.0040805
13 -0.775859 0.00402273
14 -0.776694 0.00400903
15 -0.777169 0.00390383
16 -0.778205 0.00391223
17 -0.77794 0.00371485
18 -0.777207 0.00373497
19 -0.776761 0.00382844
20 -0.777395 0.00380094
21 -0.776541 0.00371413
22 -0.776823 0.00372971
23 -0.777162 0.00374649
24 -0.776561 0.00371687
25 -0.776741 0.00371867
26 -0.77681 0.00374602
27 -0.77687 0.00364131
28 -0.776478 0.00353015
29 -0.776391 0.00342698
30 -0.776617 0.00334814
31 -0.776683 0.00342628
32 -0.777169 0.00362688
33 -0.777358 0.0037349
34 -0.777278 0.00376067
35 -0.776083 0.00358239
36 -0.775728 0.00363334
37 -0.77514 0.00356129
38 -0.775444 0.00347877
39 -0.775238 0.00359404
40 -0.775421 0.00351533
41 -0.775623 0.00350486
42 -0.776746 0.00358006
43 -0.776969 0.00358093
44 -0.776817 0.00347184
45 -0.776178 0.00333337
46 -0.776196 0.00320542
47 -0.776554 0.0031786
48 -0.776514 0.00309417
49 -0.777098 0.0031678
50 -0.776541 0.00319824
51 -0.776808 0.00310384
52 -0.777138 0.00327849
53 -0.77761 0.00328632
54 -0.776966 0.0032088
55 -0.776624 0.00329513
56 -0.776883 0.00328675
57 -0.776627 0.00317705
58 -0.777182 0.00311588
59 -0.778106 0.00304762
60 -0.777876 0.00292367
61 -0.778376 0.00282893
62 -0.778506 0.00285543
63 -0.777763 0.00292358
64 -0.777732 0.00296998
65 -0.777999 0.00269154
66 -0.778334 0.00257526
67 -0.778097 0.00263487
68 -0.777717 0.00241538
69 -0.778166 0.00249652
70 -0.778079 0.00254778
71 -0.778029 0.0024164
72 -0.778185 0.0024795
73 -0.778701 0.00244961
74 -0.778492 0.00253529
75 -0.778629 0.00257112
76 -0.779325 0.00269162
77 -0.778634 0.00272251
78 -0.778708 0.00268741
79 -0.779128 0.00278192
80 -0.780076 0.0027847
81 -0.780608 0.00289673
82 -0.780446 0.00297276
83 -0.779907 0.00278761
84 -0.780024 0.00289015
85 -0.780085 0.00291788
86 -0.779609 0.00298435
87 -0.77947 0.00275622
88 -0.779405 0.00266409
89 -0.7801 0.00261281
90 -0.779937 0.00269383
91 -0.779549 0.00290372
92 -0.779089 0.00295477
93 -0.778741 0.00293028
94 -0.77931 0.00282703
95 -0.779554 0.00288969
96 -0.780295 0.00272513
97 -0.780165 0.0026587
98 -0.78048 0.00276788
99 -0.78007 0.00292284
100 -0.780801 0.00310767
101 -0.781042 0.00306364
102 -0.780303 0.00309452
103 -0.780611 0.00312126
104 -0.779643 0.00314827
105 -0.779424 0.00318964
106 -0.779206 0.0032899
107 -0.77917 0.00333855
108 -0.778285 0.00311875
109 -0.778878 0.00311063
110 -0.779188 0.00309941
111 -0.77912 0.00322316
112 -0.779291 0.00331712
113 -0.77915 0.00325179
114 -0.7791 0.00315003
115 -0.779301 0.0032694
116 -0.779796 0.00313988
117 -0.780379 0.00302546
118 -0.779867 0.00309962
119 -0.779797 0.00317971
120 -0.779925 0.00317154
121 -0.780278 0.00317924
122 -0.77949 0.00306598
123 -0.779648 0.00322378
124 -0.779476 0.0032491
125 -0.77915 0.00333796
126 -0.778942 0.00345068
127 -0.778955 0.00346999
128 -0.779257 0.003362
129 -0.779894 0.00334398
130 -0.780556 0.00317587
131 -0.781146 0.00321163
132 -0.781803 0.00309478
133 -0.781796 0.00306878
134 -0.781269 0.00306377
135 -0.781518 0.00308935
136 -0.781629 0.00313781
137 -0.781605 0.00314219
138 -0.781438 0.00312855
139 -0.782473 0.00312333
140 -0.783136 0.00307465
141 -0.783817 0.0032199
142 -0.783569 0.0032745
143 -0.784032 0.00323453
144 -0.784149 0.00309952
145 -0.784572 0.00332955
146 -0.784918 0.00335919
147 -0.784885 0.00320567
148 -0.784862 0.00313579
149 -0.784878 0.00326243
150 -0.785197 0.00325392
151 -0.785071 0.00319882
152 -0.785111 0.00312491
153 -0.785043 0.00321946
154 -0.785022 0.0033423
155 -0.785008 0.0031932
156 -0.78476 0.0032255
157 -0.785029 0.003243
158 -0.784608 0.00326366
159 -0.784715 0.00321225
160 -0.784045 0.00318302
161 -0.783986 0.0032274
162 -0.78456 0.00318522
163 -0.784881 0.00318315
164 -0.785009 0.00325053
165 -0.785232 0.00341903
166 -0.785014 0.00337265
167 -0.785749 0.00328382
168 -0.785921 0.00334869
169 -0.785605 0.00333588
170 -0.78614 0.00348371
171 -0.786671 0.00336694
172 -0.787337 0.00350198
173 -0.787305 0.00346951
174 -0.78726 0.00344109
175 -0.786976 0.00335544
176 -0.786866 0.00333458
177 -0.786441 0.00338475
178 -0.78601 0.0034502
179 -0.785406 0.00343031
180 -0.785757 0.00323575
181 -0.785891 0.00314308
182 -0.785501 0.00321207
183 -0.784801 0.00330014
184 -0.785178 0.00328381
185 -0.78458 0.00331779
186 -0.784233 0.00328076
187 -0.78471 0.00310469
188 -0.784035 0.00309462
189 -0.784367 0.00298176
190 -0.783972 0.00296521
191 -0.78424 0.00296127
192 -0.78405 0.00297475
193 -0.783969 0.0030815
194 -0.784314 0.00310332
195 -0.784401 0.00328099
196 -0.784886 0.00335367
197 -0.784749 0.00333436
198 -0.783944 0.00323783
199 -0.784085 0.00316903
200 -0.784555 0.00314879
201 -0.785013 0.00313577
202 -0.784912 0.00312057
203 -0.784931 0.00316805
204 -0.784489 0.00299303
205 -0.784117 0.00301613
206 -0.78353 0.00311014
207 -0.783693 0.00305895
208 -0.782825 0.00315306
209 -0.782497 0.00314307
210 -0.78209 0.00307331
211 -0.782306 0.00314456
212 -0.782055 0.00322974
213 -0.782643 0.0031315
214 -0.783159 0.00303246
215 -0.783548 0.00302385
216 -0.78446 0.00294544
217 -0.784209 0.00307376
218 -0.784331 0.00297367
219 -0.784171 0.0029644
220 -0.783545 0.00277274
221 -0.783495 0.00284973
222 -0.78435 0.00292688
223 -0.784059 0.00287893
224 -0.784165 0.00302584
225 -0.783796 0.00311453
226 -0.783332 0.00289294
227 -0.782851 0.00278875
228 -0.782414 0.00260982
229 -0.782138 0.00266546
230 -0.782519 0.00254899
231 -0.782608 0.00268017
232 -0.782537 0.00259128
233 -0.7826 0.00243521
234 -0.782407 0.00251171
235 -0.782646 0.00257345
236 -0.78308 0.00256893
237 -0.782713 0.00246041
238 -0.783501 0.00243841
239 -0.783372 0.00256869
240 -0.782967 0.00255924
241 -0.782742 0.00250635
242 -0.782367 0.00251947
243 -0.781469 0.00237538
244 -0.781764 0.0025186
245 -0.781906 0.00258918
246 -0.781377 0.0025354
247 -0.781395 0.00252047
248 -0.781058 0.00246625
249 -0.781997 0.00253337
250 -0.781981 0.00243496
251 -0.781376 0.00240324
252 -0.780462 0.0024788
253 -0.780059 0.002552
254 -0.780349 0.00262804
255 -0.780453 0.00255317
256 -0.780552 0.00243948
257 -0.781006 0.0024544
258 -0.780994 0.00251511
259 -0.781486 0.00240252
260 -0.781325 0.00245513
261 -0.781325 0.00245106
262 -0.78158 0.00250457
263 -0.781572 0.00260666
264 -0.781285 0.00261456
265 -0.781833 0.00262878
266 -0.781926 0.00265992
267 -0.782269 0.00276038
268 -0.782319 0.00278776
269 -0.782268 0.00280882
270 -0.782568 0.00275344
271 -0.782801 0.00276919
272 -0.782438 0.00275156
273 -0.781651 0.0027393
274 -0.781675 0.00274471
275 -0.780227 0.0027794
276 -0.780025 0.0028395
277 -0.780162 0.00276306
278 -0.780045 0.0026953
279 -0.78044 0.00263741
280 -0.781021 0.00257684
281 -0.780635 0.00258352
282 -0.77989 0.00269091
283 -0.779859 0.00272232
284 -0.779733 0.0026841
285 -0.779751 0.00285236
286 -0.779198 0.0027382
287 -0.779199 0.00272551
288 -0.778573 0.00269661
289 -0.778633 0.00281344
290 -0.778679 0.00279051
291 -0.778549 0.00281593
292 -0.779433 0.00281449
293 -0.779534 0.0029006
294 -0.779627 0.00286982
295 -0.779797 0.00280849
296 -0.779712 0.00298906
297 -0.779045 0.00306759
298 -0.779661 0.00323343
299 -0.77864 0.00328591
