0 -0.779538 0.00385257
1 -0.779313 0.00388047
2 -0.778832 0.00394492
3 -0.778744 0.00394222
4 -0.779113 0.00393713
5 -0.779042 0.00395336
6 -0.779078 0.00397617
7 -0.779354 0.00388714
8 -0.7789 0.00386775
9 -0.778685 0.0039049
10 -0.779218 0.00387998
11 -0.779573 0.00382572
12 -0.779595 0.00374502
13 -0.77949 0.0037933
14 -0.779904 0.00375301
15 -0.780771 0.00378764
16 -0.781039 0.00397928
17 -0.781127 0.00395193
18 -0.780974 0.00397791
19 -0.780513 0.00399499
20 -0.780424 0.00406529
21 -0.780339 0.00416647
22 -0.7805 0.00403586
23 -0.78071 0.00405752
24 -0.780217 0.00396006
25 -0.780616 0.00393621
26 -0.781032 0.00398275
27 -0.780718 0.00393952
28 -0.780285 0.00382914
29 -0.780349 0.00388592
30 -0.780449 0.00385924
31 -0.780086 0.00381901
32 -0.780515 0.00395693
33 -0.780343 0.00397737
34 -0.780564 0.00400656
35 -0.779772 0.00405099
36 -0.779575 0.00413116
37 -0.778934 0.00404666
38 -0.779466 0.00395061
39 -0.779018 0.00397931
40 -0.778925 0.00391492
41 -0.778684 0.00401199
42 -0.779128 0.00387368
43 -0.779249 0.00385681
44 -0.77916 0.00384328
45 -0.77899 0.00381417
46 -0.778695 0.00387178
47 -0.778378 0.00389221
48 -0.778426 0.00396493
49 -0.778309 0.00395991
50 -0.777964 0.00393841
51 -0.777645 0.00390342
52 -0.777793 0.00388276
53 -0.778205 0.0038372
54 -0.77776 0.00385626
55 -0.777831 0.00386175
56 -0.777843 0.00386605
57 -0.777814 0.00397364
58 -0.777934 0.00401971
59 -0.778477 0.00413287
60 -0.778322 0.0041075
61 -0.778106 0.0039999
62 -0.777741 0.00411025
63 -0.777577 0.0041637
64 -0.777538 0.00415058
65 -0.777574 0.00418193
66 -0.777669 0.00413859
67 -0.777588 0.00399758
68 -0.777862 0.00408059
69 -0.777982 0.00400702
70 -0.77856 0.00404361
71 -0.778386 0.00406427
72 -0.778735 0.00399397
73 -0.778461 0.00404741
74 -0.778174 0.00415114
75 -0.777976 0.00414501
76 -0.777939 0.00420803
77 -0.77712 0.0041766
78 -0.776901 0.00418919
79 -0.776483 0.0041678
80 -0.77652 0.00420475
81 -0.776679 0.00414538
82 -0.776605 0.00404553
83 -0.776736 0.00406583
84 -0.777216 0.00412333
85 -0.777553 0.00414336
86 -0.7773 0.0040456
87 -0.777615 0.00401211
88 -0.777372 0.00397263
89 -0.777463 0.00392549
90 -0.777794 0.00383463
91 -0.77779 0.00382748
92 -0.777944 0.00375644
93 -0.77747 0.00375073
94 -0.777917 0.00365033
95 -0.777869 0.00376734
96 -0.778066 0.00389767
97 -0.778307 0.00395317
98 -0.777996 0.00393141
99 -0.777819 0.00389719
100 -0.777935 0.00378192
101 -0.77825 0.00380284
102 -0.778171 0.00372571
103 -0.77808 0.00367339
104 -0.77827 0.00355076
105 -0.778091 0.00365112
106 -0.778242 0.003579
107 -0.777767 0.00355694
108 -0.777522 0.00354122
109 -0.778026 0.00352038
110 -0.778644 0.0034852
111 -0.778594 0.00346298
112 -0.779148 0.00339456
113 -0.779034 0.00341676
114 -0.779193 0.00345391
115 -0.779296 0.00350236
116 -0.77957 0.00347435
117 -0.779407 0.0034922
118 -0.778853 0.00347672
119 -0.779334 0.00349414
120 -0.779531 0.00346248
121 -0.780119 0.00353295
122 -0.779962 0.00340031
123 -0.780049 0.00331655
124 -0.780051 0.00325742
125 -0.780309 0.00320057
126 -0.780382 0.00337321
127 -0.780625 0.00327095
128 -0.780459 0.00323056
129 -0.780713 0.00334466
130 -0.781215 0.0032458
131 -0.780878 0.00332434
132 -0.781072 0.00324057
133 -0.780743 0.00312993
134 -0.780811 0.00313176
135 -0.780872 0.00307901
136 -0.780648 0.00298871
137 -0.78068 0.00296881
138 -0.780235 0.00294563
139 -0.780514 0.00297478
140 -0.780478 0.00300822
141 -0.780386 0.00303853
142 -0.780586 0.00303452
143 -0.780592 0.00300881
144 -0.780691 0.00294988
145 -0.780533 0.0029128
146 -0.78015 0.00296018
147 -0.779796 0.0029471
148 -0.779843 0.00294416
149 -0.779692 0.00291053
150 -0.779647 0.00297105
151 -0.779371 0.00296525
152 -0.77959 0.00295619
153 -0.779758 0.00297053
154 -0.779692 0.00310161
155 -0.779661 0.00317
156 -0.779699 0.00316202
157 -0.779693 0.00314496
158 -0.779718 0.0032173
159 -0.7799 0.00312227
160 -0.779858 0.00309016
161 -0.779791 0.00300437
162 -0.779772 0.00308088
163 -0.779992 0.00302516
164 -0.779546 0.00298617
165 -0.779319 0.00312927
166 -0.779374 0.00308856
167 -0.779566 0.00310311
168 -0.779286 0.00315851
169 -0.77948 0.00320924
170 -0.779632 0.00318123
171 -0.779605 0.00309044
172 -0.779386 0.00304521
173 -0.77933 0.00303573
174 -0.7793 0.00303723
175 -0.779274 0.00315222
176 -0.779556 0.00308919
177 -0.779213 0.00318037
178 -0.77913 0.0031927
179 -0.779253 0.00317206
180 -0.779356 0.00306816
181 -0.779477 0.00304371
182 -0.779582 0.00305912
183 -0.779134 0.00308875
184 -0.778988 0.00310768
185 -0.778616 0.0031999
186 -0.778706 0.00312708
187 -0.778719 0.00306286
188 -0.778526 0.00308965
189 -0.778736 0.00295749
190 -0.778424 0.00296469
191 -0.778877 0.0030634
192 -0.778909 0.00303976
193 -0.778895 0.003055
194 -0.778986 0.00296976
195 -0.778802 0.00303056
196 -0.77877 0.00292866
197 -0.778548 0.00289243
198 -0.778582 0.00297732
199 -0.778566 0.00286812
200 -0.778399 0.00279485
201 -0.778265 0.00280361
202 -0.777947 0.00288149
203 -0.778138 0.00292326
204 -0.77798 0.00294651
205 -0.778091 0.00298403
206 -0.777482 0.0030501
207 -0.777545 0.00310851
208 -0.776778 0.00308467
209 -0.776427 0.00313261
210 -0.776239 0.0030503
211 -0.776316 0.00313653
212 -0.776458 0.00317636
213 -0.776402 0.00318181
214 -0.776832 0.00316618
215 -0.777059 0.00319427
216 -0.777322 0.00322972
217 -0.776769 0.00318613
218 -0.776683 0.00309844
219 -0.776131 0.00305488
220 -0.77587 0.00304902
221 -0.775538 0.00304478
222 -0.776194 0.00300203
223 -0.776202 0.00305359
224 -0.776525 0.00310479
225 -0.776547 0.00304296
226 -0.776651 0.00306091
227 -0.776443 0.00305876
228 -0.776171 0.00305357
229 -0.776383 0.00308362
230 -0.776558 0.00293541
231 -0.776892 0.00307201
232 -0.777165 0.00300995
233 -0.776861 0.00296051
234 -0.776859 0.00297792
235 -0.777333 0.00291409
236 -0.777282 0.00292309
237 -0.777501 0.00284968
238 -0.777584 0.00277361
239 -0.777372 0.00287453
240 -0.777518 0.00294831
241 -0.776879 0.00297491
242 -0.776808 0.00297496
243 -0.776793 0.00284861
244 -0.776462 0.00278197
245 -0.7766 0.00283329
246 -0.776551 0.00279084
247 -0.776138 0.00283807
248 -0.775668 0.00286953
249 -0.776077 0.00297623
250 -0.776117 0.00295507
251 -0.775815 0.0028942
252 -0.775166 0.00296991
253 -0.774835 0.0030754
254 -0.774863 0.00298496
255 -0.774812 0.00308776
256 -0.775117 0.0030034
257 -0.775018 0.00309666
258 -0.774884 0.00311859
259 -0.77463 0.00312155
260 -0.774856 0.00313054
261 -0.774801 0.00309645
262 -0.774646 0.00313704
263 -0.774725 0.00306154
264 -0.774605 0.00312528
265 -0.7746 0.00313693
266 -0.774917 0.00319283
267 -0.774863 0.00325703
268 -0.774942 0.00327077
269 -0.774898 0.00332078
270 -0.775056 0.00338977
271 -0.775124 0.00340221
272 -0.77478 0.0033232
273 -0.774351 0.00330633
274 -0.774228 0.00334068
275 -0.773812 0.00344997
276 -0.773494 0.0034848
277 -0.773497 0.00351946
278 -0.773681 0.00361044
279 -0.773552 0.003516
280 -0.773795 0.00346308
281 -0.773933 0.00344139
282 -0.773586 0.00344453
283 -0.77393 0.00342316
284 -0.77376 0.00330752
285 -0.773562 0.00339503
286 -0.773441 0.00336135
287 -0.773951 0.00336725
288 -0.773837 0.0032823
289 -0.773833 0.00325242
290 -0.773399 0.00337734
291 -0.77365 0.00341966
292 -0.773781 0.00338831
293 -0.773622 0.00335769
294 -0.773634 0.00330668
295 -0.773585 0.00327143
296 -0.773876 0.00314818
297 -0.773867 0.00318536
298 -0.774043 0.00322699
299 -0.773309 0.0032553
