-4.9875 0 0
-4.9625 0 0
-4.9375 0 0
-4.9125 0 0
-4.8875 0 0
-4.8625 0 0
-4.8375 0 0
-4.8125 0 0
-4.7875 0 0
-4.7625 0 0
-4.7375 0 0
-4.7125 0 0
-4.6875 0 0
-4.6625 0 0
-4.6375 0 0
-4.6125 0 0
-4.5875 0 0
-4.5625 0 0
-4.5375 0 0
-4.5125 0 0
-4.4875 0 0
-4.4625 0 0
-4.4375 0 0
-4.4125 0 0
-4.3875 0 0
-4.3625 0 0
-4.3375 0 0
-4.3125 0 0
-4.2875 0 0
-4.2625 0 0
-4.2375 0 0
-4.2125 0 0
-4.1875 0 0
-4.1625 0 0
-4.1375 0 0
-4.1125 0 0
-4.0875 0 0
-4.0625 0 0
-4.0375 0 0
-4.0125 0 0
-3.9875 0 0
-3.9625 0 0
-3.9375 0 0
-3.9125 0 0
-3.8875 0 0
-3.8625 0 0
-3.8375 0 0
-3.8125 0 0
-3.7875 0 0
-3.7625 0 0
-3.7375 0 0
-3.7125 0 0
-3.6875 0 0
-3.6625 0 0
-3.6375 0 0
-3.6125 0 0
-3.5875 0 0
-3.5625 0 0
-3.5375 0 0
-3.5125 0 0
-3.4875 0 0
-3.4625 0 0
-3.4375 0 0
-3.4125 0 0
-3.3875 0 0
-3.3625 0 0
-3.3375 0 0
-3.3125 0 0
-3.2875 0 0
-3.2625 0 0
-3.2375 0 0
-3.2125 0 0
-3.1875 0 0
-3.1625 0 0
-3.1375 0 0
-3.1125 0 0
-3.0875 0 0
-3.0625 0 0
-3.0375 0 0
-3.0125 0 0
-2.9875 0 0
-2.9625 0 0
-2.9375 0 0
-2.9125 0 0
-2.8875 0 0
-2.8625 0 0
-2.8375 0 0
-2.8125 0 0
-2.7875 0 0
-2.7625 0 0
-2.7375 0 0
-2.7125 0 0
-2.6875 0 0
-2.6625 0 0
-2.6375 0 0
-2.6125 0 0
-2.5875 0 0
-2.5625 0 0
-2.5375 3.27869e-05 3.19567e-05
-2.5125 8.19672e-05 7.98918e-05
-2.4875 6.55738e-05 6.39134e-05
-2.4625 0.000122951 0.000119838
-2.4375 9.83607e-05 9.58701e-05
-2.4125 0.000163934 0.000159784
-2.3875 0.000213115 0.000207719
-2.3625 0.000409836 0.000336864
-2.3375 0.000303279 0.000190219
-2.3125 0.000606557 0.000329116
-2.2875 0.00054918 0.000227236
-2.2625 0.000729508 0.000267237
-2.2375 0.00102459 0.000400362
-2.2125 0.0012377 0.000395057
-2.1875 0.00119672 0.00034739
-2.1625 0.00186066 0.000453016
-2.1375 0.0022541 0.000480453
-2.1125 0.00268033 0.000507836
-2.0875 0.00328689 0.000524779
-2.0625 0.00379508 0.000543743
-2.0375 0.0050082 0.000655376
-2.0125 0.006 0.000802978
-1.9875 0.00821311 0.000886149
-1.9625 0.00965574 0.0010258
-1.9375 0.0113607 0.00132382
-1.9125 0.0132295 0.00162262
-1.8875 0.0141803 0.00168372
-1.8625 0.0176066 0.00157805
-1.8375 0.0205 0.00156252
-1.8125 0.024418 0.00194387
-1.7875 0.0289016 0.00209323
-1.7625 0.0326967 0.00235548
-1.7375 0.0341557 0.00251446
-1.7125 0.0374836 0.00279803
-1.6875 0.0444344 0.00331288
-1.6625 0.0514426 0.00347561
-1.6375 0.0585656 0.00386339
-1.6125 0.0666557 0.00419401
-1.5875 0.0759508 0.00389168
-1.5625 0.0864344 0.00405127
-1.5375 0.0967295 0.00397128
-1.5125 0.105852 0.00374069
-1.4875 0.113705 0.00393635
-1.4625 0.124459 0.0036152
-1.4375 0.137033 0.00460228
-1.4125 0.149697 0.00483974
-1.3875 0.161344 0.00441917
-1.3625 0.175664 0.00496865
-1.3375 0.191287 0.00535261
-1.3125 0.205967 0.00431214
-1.2875 0.219344 0.00543676
-1.2625 0.236434 0.00641857
-1.2375 0.25291 0.00657157
-1.2125 0.266033 0.00728695
-1.1875 0.279238 0.00796977
-1.1625 0.294648 0.00779027
-1.1375 0.313008 0.00888675
-1.1125 0.323549 0.00806668
-1.0875 0.334033 0.0088666
-1.0625 0.33491 0.00779574
-1.0375 0.342238 0.00711434
-1.0125 0.354828 0.00682251
-0.9875 0.366115 0.00611362
-0.9625 0.373639 0.00591025
-0.9375 0.379811 0.00622565
-0.9125 0.39332 0.00700301
-0.8875 0.399115 0.00685349
-0.8625 0.403705 0.00708222
-0.8375 0.407721 0.0067064
-0.8125 0.411762 0.00731969
-0.7875 0.409492 0.0068862
-0.7625 0.407975 0.00478439
-0.7375 0.403123 0.00447567
-0.7125 0.400582 0.00490563
-0.6875 0.403852 0.00545619
-0.6625 0.400426 0.0049199
-0.6375 0.397877 0.00660937
-0.6125 0.405607 0.00780117
-0.5875 0.401385 0.00855401
-0.5625 0.392377 0.00819101
-0.5375 0.393836 0.00918927
-0.5125 0.385402 0.00754963
-0.4875 0.38332 0.00801415
-0.4625 0.379434 0.00806502
-0.4375 0.369926 0.00743047
-0.4125 0.358803 0.00721957
-0.3875 0.35191 0.00674496
-0.3625 0.342861 0.00621215
-0.3375 0.347475 0.00525695
-0.3125 0.344164 0.00556148
-0.2875 0.336025 0.00625625
-0.2625 0.337197 0.00528618
-0.2375 0.329754 0.00493834
-0.2125 0.323025 0.00481432
-0.1875 0.313492 0.00466064
-0.1625 0.306943 0.00429582
-0.1375 0.297615 0.00363616
-0.1125 0.29441 0.00318235
-0.0875 0.295336 0.00438763
-0.0625 0.294459 0.00485979
-0.0375 0.297525 0.00499243
-0.0125 0.29627 0.00534006
0.0125 0.294689 0.00542568
0.0375 0.291361 0.00542702
0.0625 0.29073 0.00472928
0.0875 0.290025 0.00520449
0.1125 0.292369 0.00475044
0.1375 0.293402 0.0050014
0.1625 0.296852 0.00503597
0.1875 0.304672 0.00485943
0.2125 0.315582 0.0064931
0.2375 0.321959 0.00643047
0.2625 0.326656 0.00640908
0.2875 0.329746 0.00596306
0.3125 0.33277 0.00641328
0.3375 0.333139 0.00554571
0.3625 0.338205 0.00688713
0.3875 0.347877 0.00743029
0.4125 0.349123 0.00682082
0.4375 0.356238 0.00706285
0.4625 0.365328 0.00710637
0.4875 0.372131 0.00709617
0.5125 0.3775 0.0068601
0.5375 0.384516 0.00675543
0.5625 0.385328 0.00659224
0.5875 0.386066 0.00724332
0.6125 0.391156 0.00828358
0.6375 0.395533 0.00899884
0.6625 0.4005 0.0085104
0.6875 0.403918 0.00852118
0.7125 0.40691 0.00833781
0.7375 0.406336 0.00915044
0.7625 0.403484 0.00959773
0.7875 0.403533 0.00990062
0.8125 0.394254 0.00913973
0.8375 0.397918 0.00864677
0.8625 0.394254 0.00978451
0.8875 0.395049 0.0101008
0.9125 0.381648 0.0093814
0.9375 0.383402 0.00799529
0.9625 0.370426 0.00829596
0.9875 0.355418 0.00660484
1.0125 0.354861 0.00722929
1.0375 0.340467 0.00604884
1.0625 0.334959 0.00636716
1.0875 0.323361 0.00761595
1.1125 0.306156 0.00696086
1.1375 0.296418 0.00561433
1.1625 0.280197 0.00639169
1.1875 0.270959 0.00633437
1.2125 0.256303 0.00620651
1.2375 0.246115 0.00645769
1.2625 0.231623 0.00439725
1.2875 0.215811 0.00399384
1.3125 0.201967 0.00549155
1.3375 0.18768 0.00495183
1.3625 0.17091 0.00489679
1.3875 0.161434 0.00486496
1.4125 0.147566 0.00472975
1.4375 0.133246 0.004575
1.4625 0.120139 0.00379888
1.4875 0.110975 0.00426077
1.5125 0.101303 0.00347376
1.5375 0.0893279 0.00367173
1.5625 0.0805164 0.00397948
1.5875 0.072541 0.00420877
1.6125 0.0645574 0.00346849
1.6375 0.0576967 0.00278634
1.6625 0.0524836 0.00319208
1.6875 0.0471393 0.00296974
1.7125 0.0407131 0.00272625
1.7375 0.0354098 0.00233582
1.7625 0.0316148 0.00245779
1.7875 0.0260574 0.00242175
1.8125 0.0221475 0.00228154
1.8375 0.0194672 0.00166552
1.8625 0.0165902 0.00145651
1.8875 0.0143033 0.00121333
1.9125 0.0124262 0.00105586
1.9375 0.0101475 0.00131234
1.9625 0.00807377 0.000991896
1.9875 0.00633607 0.000737274
2.0125 0.00477049 0.000620671
2.0375 0.00327869 0.000427646
2.0625 0.00316393 0.00046988
2.0875 0.00255738 0.000457315
2.1125 0.00166393 0.000277547
2.1375 0.00147541 0.000279651
2.1625 0.0010082 0.000234797
2.1875 0.000868852 0.000213461
2.2125 0.000729508 0.000216392
2.2375 0.000704918 0.000281113
2.2625 0.00052459 0.000223757
2.2875 0.000278689 0.000108804
2.3125 0.000254098 0.000129848
2.3375 0.000139344 6.88476e-05
2.3625 0.000106557 6.98166e-05
2.3875 0.000221311 0.000191275
2.4125 0.000139344 0.000135816
2.4375 3.27869e-05 3.19567e-05
2.4625 3.27869e-05 3.19567e-05
2.4875 0.000106557 0.000103859
2.5125 0.000106557 0.000103859
2.5375 0.000106557 0.000103859
2.5625 0.000131148 0.000127827
2.5875 1.63934e-05 1.59784e-05
2.6125 0 0
2.6375 0 0
2.6625 0 0
2.6875 0 0
2.7125 0 0
2.7375 0 0
2.7625 0 0
2.7875 0 0
2.8125 0 0
2.8375 0 0
2.8625 0 0
2.8875 0 0
2.9125 0 0
2.9375 0 0
2.9625 0 0
2.9875 0 0
3.0125 0 0
3.0375 0 0
3.0625 0 0
3.0875 0 0
3.1125 0 0
3.1375 0 0
3.1625 0 0
3.1875 0 0
3.2125 0 0
3.2375 0 0
3.2625 0 0
3.2875 0 0
3.3125 0 0
3.3375 0 0
3.3625 0 0
3.3875 0 0
3.4125 0 0
3.4375 0 0
3.4625 0 0
3.4875 0 0
3.5125 0 0
3.5375 0 0
3.5625 0 0
3.5875 0 0
3.6125 0 0
3.6375 0 0
3.6625 0 0
3.6875 0 0
3.7125 0 0
3.7375 0 0
3.7625 0 0
3.7875 0 0
3.8125 0 0
3.8375 0 0
3.8625 0 0
3.8875 0 0
3.9125 0 0
3.9375 0 0
3.9625 0 0
3.9875 0 0
4.0125 0 0
4.0375 0 0
4.0625 0 0
4.0875 0 0
4.1125 0 0
4.1375 0 0
4.1625 0 0
4.1875 0 0
4.2125 0 0
4.2375 0 0
4.2625 0 0
4.2875 0 0
4.3125 0 0
4.3375 0 0
4.3625 0 0
4.3875 0 0
4.4125 0 0
4.4375 0 0
4.4625 0 0
4.4875 0 0
4.5125 0 0
4.5375 0 0
4.5625 0 0
4.5875 0 0
4.6125 0 0
4.6375 0 0
4.6625 0 0
4.6875 0 0
4.7125 0 0
4.7375 0 0
4.7625 0 0
4.7875 0 0
4.8125 0 0
4.8375 0 0
4.8625 0 0
4.8875 0 0
4.9125 0 0
4.9375 0 0
4.9625 0 0
4.9875 0 0
