0 0.358288 0.000620337
1 6.06522 6.7198
2 8.45111 5.17047
3 3.42205 9.62075
4 6.40213 6.45989
5 -8.4345 11.152
6 11.9981 9.56896
7 1.94356 7.81385
8 5.37462 8.19426
9 -2.71165 8.09933
10 10.2757 7.93227
11 1.75956 7.85833
12 8.31716 5.33975
13 -3.62862 6.68212
14 -3.61655 5.37017
15 6.32852 6.31451
16 -10.607 7.40884
17 11.5274 9.07868
18 -5.89595 7.64784
19 2.60094 8.27755
20 -0.837947 7.85048
21 22.736 7.39589
22 8.99871 8.39563
23 4.28641 6.81246
24 -2.55023 4.90829
25 -0.643294 5.62098
26 8.10922 8.11421
27 0.551433 6.88138
28 3.17716 9.28006
29 5.81453 7.49101
30 -9.97347 5.70013
31 -2.14481 5.50864
32 -0.23509 8.33069
33 2.48793 6.16976
34 -10.8973 5.77452
35 2.69326 9.00005
36 6.96939 7.0701
37 -14.1755 7.66171
38 16.1809 5.99083
39 -12.9973 7.70761
40 -4.12722 4.98863
41 0.00552494 6.02933
42 3.70762 6.82385
43 -1.3548 6.69628
44 8.06043 8.75966
45 -8.18656 7.86339
46 13.6846 5.53864
47 -12.5137 6.79565
48 5.94588 6.508
49 -7.78953 6.70064
50 -6.78236 6.54702
51 -1.01027 7.63646
52 -12.7499 6.91626
53 6.63135 7.43977
54 0.347592 8.09076
55 -13.2097 7.44799
56 -2.31322 4.38125
57 6.56701 6.11872
58 0.150858 6.686
59 -3.24842 7.39026
60 12.7379 8.58596
61 15.6269 7.46632
62 7.67019 7.78544
63 -8.48046 7.3338
64 -2.81192 6.6342
65 6.82619 7.17253
66 -4.87934 6.71189
67 4.21126 6.66864
68 4.67402 8.04351
69 4.56673 8.12101
70 1.01255 7.77112
71 -7.39508 6.65463
72 1.93564 7.03794
73 -0.215148 6.30901
74 -4.91269 5.85624
75 -8.28912 7.24191
76 -1.92168 4.40243
77 1.00052 7.55579
78 -3.77951 7.60854
79 -5.62377 7.24909
80 -0.532524 5.68672
81 -4.34574 5.68014
82 6.73216 8.09966
83 -0.49071 6.10564
84 -7.28 5.36699
85 0.325199 9.63915
86 8.38006 8.34075
87 -4.17031 6.36695
88 -8.03185 7.70931
89 0.848228 7.64092
90 -3.15061 7.95339
91 -13.2991 6.98863
92 0.825444 7.55257
93 2.94968 7.12088
94 0.589041 6.50075
95 -7.30627 6.67075
96 -2.08715 6.13323
97 15.3689 9.30408
98 11.1012 5.33446
99 0.677129 7.2103
100 1.45604 6.7723
101 -1.45875 9.95645
102 -4.65637 8.30109
103 7.01461 6.15402
104 2.28086 6.63729
105 6.31784 8.72816
106 -1.55281 8.45005
107 9.50454 6.81928
108 4.32184 7.06071
109 2.84661 8.36108
110 -4.47658 7.62055
111 -11.0092 6.2169
112 -6.16107 7.86406
113 9.54064 7.64785
114 3.0986 6.90763
115 -1.49613 8.75884
116 1.2716 9.22323
117 7.76387 7.01556
118 3.3446 9.09771
119 10.2951 8.33782
120 4.50647 5.78229
121 0.712744 6.4746
122 1.07579 5.98453
123 2.86962 5.94178
124 6.74468 5.9126
125 -0.969804 6.92107
126 21.0024 7.53539
127 -13.7406 6.9117
128 -5.17945 5.74041
129 8.13577 7.46197
130 6.63147 6.74628
131 -16.9518 8.15275
132 7.26226 7.48803
133 2.65175 7.34026
134 6.78151 8.30317
135 -0.955145 8.50103
136 4.17608 8.27334
137 -1.26186 6.40431
138 -3.90584 7.41066
139 -7.68878 6.92423
140 6.83311 7.35888
141 -7.87873 8.53431
142 -1.73861 7.47372
143 -12.5238 8.02116
144 7.11608 7.49941
145 -1.22672 6.62999
146 -1.101 5.43337
147 6.77236 8.55686
148 0.399092 6.95239
149 -7.5902 8.29173
150 2.67811 7.9215
151 -14.31 8.97173
152 -1.74611 6.60581
153 -3.5051 9.15698
154 0.208907 4.9754
155 1.77663 6.71878
156 -6.63904 8.73686
157 -0.890809 7.77138
158 -0.304333 7.2407
159 3.41962 5.32325
160 0.169878 7.85129
161 -11.5642 8.23056
162 -4.42216 6.88127
163 -1.95868 8.51072
164 -10.9034 7.68996
165 -6.55666 7.8451
166 5.283 6.75656
167 -1.41854 5.42733
168 0.20006 8.70351
169 -6.94834 7.19161
170 3.74309 7.54842
171 -6.78782 5.16961
172 -2.49763 5.94902
173 8.06614 6.47048
174 -6.92233 7.98481
175 0.315557 8.45635
176 -8.48309 7.61568
177 0.765973 6.62184
178 -0.0388125 6.90428
179 -9.19603 8.29628
180 9.04495 6.99192
181 5.41033 7.41195
182 1.13282 9.41033
183 6.02625 8.75691
184 1.66785 7.66461
185 15.4546 7.77388
186 -1.82613 7.4348
187 -4.1509 8.61451
188 -9.02259 6.68988
189 3.55012 5.90143
190 1.74762 6.69464
191 -11.91 5.77731
192 0.319384 7.16546
193 4.93743 6.4683
194 -9.5346 8.68646
195 5.99222 6.67279
196 -13.6076 6.5457
197 -2.06546 8.71955
198 12.6807 8.03754
199 0.27637 7.3841
200 -10.3413 7.15863
201 -8.14318 8.94953
202 0.159549 8.86818
203 19.3601 6.82401
204 -8.15106 5.99606
205 8.04476 6.41748
206 -8.99747 5.91252
207 -6.69571 7.7475
208 -11.0212 7.62918
209 15.6542 5.66151
210 -9.66163 7.38208
211 -0.65623 8.85466
212 -0.96241 8.28037
213 -10.2179 5.88292
214 8.53093 7.31925
215 1.37285 5.94583
216 11.5902 8.6644
217 15.1301 7.38665
218 0.603243 10.7938
219 0.719176 5.89056
220 -4.20657 8.87321
221 3.59567 7.14771
222 -5.26174 6.22609
223 5.99627 7.20672
224 -1.48236 7.38596
225 0.0196699 10.6594
226 -2.36967 9.09475
227 4.54581 7.55916
228 -1.96083 6.72611
229 -11.0756 7.22459
230 2.1762 8.46779
231 -6.02737 5.82764
232 5.06602 6.32961
233 0.145196 8.11154
234 4.96031 7.74062
235 -1.78595 8.82354
236 1.63853 7.55198
237 13.6163 7.76761
238 1.85371 9.34574
239 9.24132 7.73565
240 -0.909888 5.40368
241 3.60721 5.99597
242 -0.00338937 8.67924
243 1.26209 7.87117
244 -1.36537 5.02634
245 -2.59551 6.25595
246 0.802227 5.81826
247 -15.3634 6.06447
248 6.62042 6.28638
249 -9.03285 5.59516
250 -0.601544 6.45109
251 7.70508 7.41675
252 -0.308394 6.11748
253 6.38985 8.80541
254 -15.8319 6.63089
255 -8.67441 7.59941
256 13.2626 9.62084
257 -3.16947 5.68352
258 -5.76418 9.10367
259 4.04376 7.49103
260 -1.61123 8.10703
261 -3.57487 6.76758
262 0.784561 8.60753
263 3.40919 7.81501
264 12.3672 8.38571
265 4.32692 7.74936
266 -13.6778 6.63685
267 2.27981 6.10331
268 -15.9246 10.0176
269 14.5809 7.28557
270 -9.12366 7.47008
271 21.9857 7.40205
272 0.23598 5.92869
273 -13.2911 8.69523
274 -7.92035 7.69039
275 -2.36268 9.05171
276 8.8483 7.06699
277 0.639887 7.44867
278 -6.08672 8.13949
279 0.335963 6.82923
280 8.05083 8.02508
281 15.4448 8.55224
282 -2.62105 7.65449
283 0.84555 7.27409
284 6.43186 5.66499
285 -4.1335 6.94692
286 10.5854 7.23483
287 1.43649 8.28597
288 10.3489 7.16457
289 2.05429 7.77201
290 -10.6482 8.62111
291 8.19648 8.00985
292 -2.93943 7.49917
293 7.55912 6.17231
294 -14.5854 7.74228
295 -1.57366 7.31325
296 10.6507 6.59883
297 1.92242 7.51901
298 7.79781 8.45428
299 0.358173 0.000539622
