-4.9875 0 0
-4.9625 0 0
-4.9375 0 0
-4.9125 0 0
-4.8875 0 0
-4.8625 0 0
-4.8375 0 0
-4.8125 0 0
-4.7875 0 0
-4.7625 0 0
-4.7375 0 0
-4.7125 0 0
-4.6875 0 0
-4.6625 0 0
-4.6375 0 0
-4.6125 0 0
-4.5875 0 0
-4.5625 0 0
-4.5375 0 0
-4.5125 0 0
-4.4875 0 0
-4.4625 0 0
-4.4375 0 0
-4.4125 0 0
-4.3875 0 0
-4.3625 0 0
-4.3375 0 0
-4.3125 0 0
-4.2875 0 0
-4.2625 0 0
-4.2375 0 0
-4.2125 0 0
-4.1875 0 0
-4.1625 0 0
-4.1375 0 0
-4.1125 0 0
-4.0875 0 0
-4.0625 0 0
-4.0375 0 0
-4.0125 0 0
-3.9875 0 0
-3.9625 0 0
-3.9375 0 0
-3.9125 0 0
-3.8875 0 0
-3.8625 0 0
-3.8375 0 0
-3.8125 0 0
-3.7875 0 0
-3.7625 0 0
-3.7375 0 0
-3.7125 0 0
-3.6875 0 0
-3.6625 0 0
-3.6375 0 0
-3.6125 0 0
-3.5875 0 0
-3.5625 0 0
-3.5375 0 0
-3.5125 0 0
-3.4875 0 0
-3.4625 0 0
-3.4375 0 0
-3.4125 0 0
-3.3875 0 0
-3.3625 0 0
-3.3375 0 0
-3.3125 0 0
-3.2875 0 0
-3.2625 0 0
-3.2375 0 0
-3.2125 0 0
-3.1875 0 0
-3.1625 0 0
-3.1375 0 0
-3.1125 0 0
-3.0875 0 0
-3.0625 0 0
-3.0375 0 0
-3.0125 0 0
-2.9875 0 0
-2.9625 0 0
-2.9375 0 0
-2.9125 0 0
-2.8875 0 0
-2.8625 0 0
-2.8375 0 0
-2.8125 0 0
-2.7875 0 0
-2.7625 0 0
-2.7375 0 0
-2.7125 0 0
-2.6875 0 0
-2.6625 0 0
-2.6375 0 0
-2.6125 0 0
-2.5875 0 0
-2.5625 0 0
-2.5375 0 0
-2.5125 0 0
-2.4875 8.19672e-06 7.98918e-06
-2.4625 0 0
-2.4375 8.19672e-06 7.98918e-06
-2.4125 8.19672e-06 7.98918e-06
-2.3875 3.27869e-05 1.46627e-05
-2.3625 4.09836e-05 2.28187e-05
-2.3375 0.000172131 8.55567e-05
-2.3125 0.000163934 7.51242e-05
-2.2875 0.000221311 8.69587e-05
-2.2625 0.00045082 0.000142385
-2.2375 0.000631148 0.000167291
-2.2125 0.000655738 0.000178831
-2.1875 0.000918033 0.000188132
-2.1625 0.00122131 0.000159983
-2.1375 0.00170492 0.00016894
-2.1125 0.00209836 0.00020981
-2.0875 0.00244262 0.000193241
-2.0625 0.00354098 0.000275634
-2.0375 0.00428689 0.000328335
-2.0125 0.00518033 0.000363698
-1.9875 0.00646721 0.000415934
-1.9625 0.0080082 0.000504917
-1.9375 0.0102131 0.000542484
-1.9125 0.0121311 0.000631733
-1.8875 0.0142377 0.000927446
-1.8625 0.0175984 0.000901511
-1.8375 0.019877 0.00106216
-1.8125 0.0245738 0.00116618
-1.7875 0.0290574 0.00110597
-1.7625 0.032959 0.00117705
-1.7375 0.038959 0.00130476
-1.7125 0.0461311 0.00167456
-1.6875 0.0518115 0.00155688
-1.6625 0.0607459 0.00179837
-1.6375 0.0697869 0.00215332
-1.6125 0.077877 0.00241275
-1.5875 0.0862377 0.00264457
-1.5625 0.0968279 0.00281973
-1.5375 0.107057 0.00324959
-1.5125 0.118648 0.00313984
-1.4875 0.130803 0.00375728
-1.4625 0.141738 0.00360483
-1.4375 0.155689 0.00292725
-1.4125 0.169246 0.00291797
-1.3875 0.183746 0.00386324
-1.3625 0.195705 0.00368015
-1.3375 0.208943 0.00333524
-1.3125 0.226828 0.00297969
-1.2875 0.238664 0.00368204
-1.2625 0.251877 0.00324738
-1.2375 0.266516 0.004564
-1.2125 0.277254 0.00398129
-1.1875 0.29068 0.00462603
-1.1625 0.302697 0.0044064
-1.1375 0.315246 0.00521657
-1.1125 0.325057 0.00356142
-1.0875 0.33318 0.00448407
-1.0625 0.343434 0.00500841
-1.0375 0.355451 0.0052452
-1.0125 0.362189 0.00414667
-0.9875 0.368025 0.00447368
-0.9625 0.372926 0.0049007
-0.9375 0.381311 0.0050143
-0.9125 0.378934 0.00515574
-0.8875 0.385656 0.0049263
-0.8625 0.387861 0.004902
-0.8375 0.389746 0.00497279
-0.8125 0.386525 0.00507479
-0.7875 0.391582 0.00481227
-0.7625 0.38359 0.0048302
-0.7375 0.386746 0.00489418
-0.7125 0.387525 0.0060415
-0.6875 0.381943 0.00560075
-0.6625 0.382754 0.00526455
-0.6375 0.379541 0.00455739
-0.6125 0.375352 0.00449365
-0.5875 0.37409 0.00399448
-0.5625 0.370189 0.00458904
-0.5375 0.364836 0.00382815
-0.5125 0.364967 0.00407178
-0.4875 0.358656 0.00415907
-0.4625 0.357361 0.0043453
-0.4375 0.354246 0.00339963
-0.4125 0.349664 0.00341978
-0.3875 0.344238 0.00388606
-0.3625 0.345041 0.0037152
-0.3375 0.341115 0.00307377
-0.3125 0.334385 0.00314841
-0.2875 0.333885 0.00292473
-0.2625 0.32523 0.0028803
-0.2375 0.322213 0.00317507
-0.2125 0.31873 0.00279761
-0.1875 0.311943 0.00291908
-0.1625 0.309803 0.00322115
-0.1375 0.309459 0.00254498
-0.1125 0.308639 0.00292978
-0.0875 0.306574 0.00239512
-0.0625 0.30718 0.00339524
-0.0375 0.300631 0.00255912
-0.0125 0.303779 0.00300884
0.0125 0.306213 0.00358272
0.0375 0.303885 0.00286459
0.0625 0.30291 0.00307279
0.0875 0.306967 0.00296072
0.1125 0.308951 0.00368332
0.1375 0.30891 0.00343207
0.1625 0.311311 0.0034445
0.1875 0.317811 0.00314981
0.2125 0.320344 0.003474
0.2375 0.321869 0.0034462
0.2625 0.326016 0.00406596
0.2875 0.331516 0.00332585
0.3125 0.33068 0.00315775
0.3375 0.332926 0.0034585
0.3625 0.336943 0.00397985
0.3875 0.339418 0.00358401
0.4125 0.34077 0.00349421
0.4375 0.345459 0.00311504
0.4625 0.350082 0.00365589
0.4875 0.358434 0.00379354
0.5125 0.362828 0.00411996
0.5375 0.359746 0.00450454
0.5625 0.367156 0.00419344
0.5875 0.368336 0.00502794
0.6125 0.374033 0.00388117
0.6375 0.375648 0.00530606
0.6625 0.378541 0.00472903
0.6875 0.38577 0.0056895
0.7125 0.381172 0.00513491
0.7375 0.384311 0.00463885
0.7625 0.383082 0.00507786
0.7875 0.383057 0.00522604
0.8125 0.384041 0.00520005
0.8375 0.379984 0.00535535
0.8625 0.382098 0.00467399
0.8875 0.377287 0.00511808
0.9125 0.378082 0.00466823
0.9375 0.373475 0.00516475
0.9625 0.367672 0.00492768
0.9875 0.363246 0.00446506
1.0125 0.354 0.00510467
1.0375 0.343361 0.00591494
1.0625 0.339344 0.00571252
1.0875 0.326852 0.005273
1.1125 0.316795 0.00539473
1.1375 0.308361 0.00583567
1.1625 0.297811 0.00450552
1.1875 0.283098 0.00471899
1.2125 0.268861 0.00395897
1.2375 0.258861 0.00304736
1.2625 0.246303 0.00380021
1.2875 0.229328 0.00351231
1.3125 0.215115 0.00337835
1.3375 0.203057 0.00366443
1.3625 0.189615 0.00395337
1.3875 0.173877 0.00280779
1.4125 0.160221 0.00291398
1.4375 0.147508 0.00252413
1.4625 0.135697 0.00293454
1.4875 0.124705 0.00236887
1.5125 0.11368 0.00237194
1.5375 0.10282 0.00196891
1.5625 0.092541 0.00222034
1.5875 0.0830246 0.00191444
1.6125 0.0759918 0.00136605
1.6375 0.0654098 0.00102698
1.6625 0.0570164 0.0010521
1.6875 0.0485328 0.00108732
1.7125 0.0415 0.000934302
1.7375 0.0372869 0.000982067
1.7625 0.0312705 0.00095074
1.7875 0.0265 0.00096619
1.8125 0.0227459 0.000620993
1.8375 0.0195 0.000722937
1.8625 0.0160164 0.000832288
1.8875 0.0133279 0.000606236
1.9125 0.0111885 0.000665085
1.9375 0.0087459 0.000412495
1.9625 0.0072623 0.000438827
1.9875 0.00581967 0.000384897
2.0125 0.00453279 0.000333613
2.0375 0.00370492 0.000296082
2.0625 0.00281967 0.00028831
2.0875 0.00246721 0.000238262
2.1125 0.00184426 0.000225931
2.1375 0.00145082 0.000192675
2.1625 0.00117213 0.000173211
2.1875 0.000754098 0.000111427
2.2125 0.000680328 0.000107045
2.2375 0.000622951 0.000116266
2.2625 0.000401639 0.000102688
2.2875 0.000303279 9.29343e-05
2.3125 0.000139344 4.95546e-05
2.3375 0.000106557 3.89236e-05
2.3625 9.01639e-05 4.2552e-05
2.3875 3.27869e-05 2.48619e-05
2.4125 4.09836e-05 1.9655e-05
2.4375 3.27869e-05 2.19941e-05
2.4625 4.09836e-05 2.80969e-05
2.4875 1.63934e-05 1.59784e-05
2.5125 8.19672e-06 7.98918e-06
2.5375 0 0
2.5625 0 0
2.5875 0 0
2.6125 0 0
2.6375 0 0
2.6625 0 0
2.6875 0 0
2.7125 0 0
2.7375 0 0
2.7625 0 0
2.7875 0 0
2.8125 0 0
2.8375 0 0
2.8625 0 0
2.8875 0 0
2.9125 0 0
2.9375 0 0
2.9625 0 0
2.9875 0 0
3.0125 0 0
3.0375 0 0
3.0625 0 0
3.0875 0 0
3.1125 0 0
3.1375 0 0
3.1625 0 0
3.1875 0 0
3.2125 0 0
3.2375 0 0
3.2625 0 0
3.2875 0 0
3.3125 0 0
3.3375 0 0
3.3625 0 0
3.3875 0 0
3.4125 0 0
3.4375 0 0
3.4625 0 0
3.4875 0 0
3.5125 0 0
3.5375 0 0
3.5625 0 0
3.5875 0 0
3.6125 0 0
3.6375 0 0
3.6625 0 0
3.6875 0 0
3.7125 0 0
3.7375 0 0
3.7625 0 0
3.7875 0 0
3.8125 0 0
3.8375 0 0
3.8625 0 0
3.8875 0 0
3.9125 0 0
3.9375 0 0
3.9625 0 0
3.9875 0 0
4.0125 0 0
4.0375 0 0
4.0625 0 0
4.0875 0 0
4.1125 0 0
4.1375 0 0
4.1625 0 0
4.1875 0 0
4.2125 0 0
4.2375 0 0
4.2625 0 0
4.2875 0 0
4.3125 0 0
4.3375 0 0
4.3625 0 0
4.3875 0 0
4.4125 0 0
4.4375 0 0
4.4625 0 0
4.4875 0 0
4.5125 0 0
4.5375 0 0
4.5625 0 0
4.5875 0 0
4.6125 0 0
4.6375 0 0
4.6625 0 0
4.6875 0 0
4.7125 0 0
4.7375 0 0
4.7625 0 0
4.7875 0 0
4.8125 0 0
4.8375 0 0
4.8625 0 0
4.8875 0 0
4.9125 0 0
4.9375 0 0
4.9625 0 0
4.9875 0 0
