0 -0.772489 0.00328513
1 -0.773465 0.00348094
2 -0.77218 0.00367825
3 -0.772685 0.00381439
4 -0.773422 0.00377871
5 -0.774363 0.00359344
6 -0.774179 0.00356663
7 -0.775085 0.00352007
8 -0.774926 0.00357504
9 -0.775227 0.00363448
10 -0.77478 0.0039739
11 -0.774314 0.00403493
12 -0.774012 0.0039329
13 -0.774363 0.00372606
14 -0.775443 0.00371672
15 -0.77581 0.00358697
16 -0.776375 0.00354589
17 -0.776767 0.0034412
18 -0.775802 0.00329202
19 -0.775716 0.0033707
20 -0.777202 0.00340181
21 -0.775889 0.00336942
22 -0.776152 0.0031457
23 -0.776343 0.00319846
24 -0.776287 0.0031098
25 -0.774965 0.00290931
26 -0.776259 0.00271697
27 -0.776 0.00276911
28 -0.775591 0.00269708
29 -0.775095 0.00266142
30 -0.774918 0.00262709
31 -0.775351 0.00270263
32 -0.775603 0.00294581
33 -0.775426 0.00288425
34 -0.775752 0.00265911
35 -0.774784 0.0028113
36 -0.773426 0.00287401
37 -0.773042 0.00289156
38 -0.77363 0.00296273
39 -0.773156 0.00279698
40 -0.773643 0.00296091
41 -0.775032 0.00280517
42 -0.776024 0.00285004
43 -0.776131 0.00268798
44 -0.776509 0.00291283
45 -0.775976 0.00274451
46 -0.775249 0.00278164
47 -0.776855 0.00278395
48 -0.776703 0.00287911
49 -0.776337 0.00275525
50 -0.776535 0.00294376
51 -0.776407 0.00301457
52 -0.777269 0.0030957
53 -0.777287 0.00315679
54 -0.776175 0.00311702
55 -0.776241 0.00329512
56 -0.77695 0.00324874
57 -0.776757 0.00308394
58 -0.775969 0.00300717
59 -0.776629 0.00291868
60 -0.777186 0.00260491
61 -0.777554 0.0025026
62 -0.777421 0.0024918
63 -0.77682 0.00256551
64 -0.776192 0.00254766
65 -0.775955 0.00238653
66 -0.777103 0.00228478
67 -0.777374 0.00215229
68 -0.777086 0.00187755
69 -0.776302 0.00190041
70 -0.776172 0.00200964
71 -0.776128 0.00189112
72 -0.776592 0.00206989
73 -0.77663 0.00207492
74 -0.776078 0.00200813
75 -0.776101 0.00190069
76 -0.776001 0.00194619
77 -0.774831 0.0020307
78 -0.77558 0.00208997
79 -0.775713 0.00215045
80 -0.776257 0.00216638
81 -0.776053 0.00214607
82 -0.775442 0.00219272
83 -0.774808 0.00231076
84 -0.775355 0.00255266
85 -0.775093 0.00274011
86 -0.775011 0.00273253
87 -0.774438 0.00247341
88 -0.774589 0.00256677
89 -0.774319 0.00239768
90 -0.773944 0.00233606
91 -0.773713 0.0026341
92 -0.773713 0.00277247
93 -0.773916 0.00281212
94 -0.774339 0.00263934
95 -0.774258 0.00266405
96 -0.77467 0.00266011
97 -0.774537 0.00260161
98 -0.774581 0.00277994
99 -0.774504 0.00279028
100 -0.774954 0.00296985
101 -0.774489 0.00298444
102 -0.774534 0.00307878
103 -0.774537 0.00323864
104 -0.7742 0.00304834
105 -0.774261 0.00302152
106 -0.775039 0.00320001
107 -0.775156 0.00323341
108 -0.774202 0.00303956
109 -0.773922 0.00294235
110 -0.774776 0.0029293
111 -0.775051 0.00295221
112 -0.776281 0.00304321
113 -0.775995 0.00304041
114 -0.775999 0.00312692
115 -0.777049 0.0028576
116 -0.777134 0.00269774
117 -0.77765 0.00277474
118 -0.777615 0.00268505
119 -0.777479 0.00277837
120 -0.777804 0.00265034
121 -0.777911 0.00261619
122 -0.77713 0.00261766
123 -0.777399 0.00275577
124 -0.777895 0.00270993
125 -0.776721 0.00274486
126 -0.776437 0.00284975
127 -0.775336 0.00276663
128 -0.774636 0.00272123
129 -0.775848 0.00268701
130 -0.777658 0.00262944
131 -0.778097 0.00250105
132 -0.778502 0.00259444
133 -0.778376 0.00260365
134 -0.778198 0.00255441
135 -0.778072 0.00248267
136 -0.77886 0.00244985
137 -0.778702 0.00246367
138 -0.778806 0.00232619
139 -0.779734 0.00233071
140 -0.781258 0.00235182
141 -0.780923 0.00240896
142 -0.780901 0.00265905
143 -0.781848 0.00259949
144 -0.781788 0.00245723
145 -0.781749 0.00253364
146 -0.781826 0.00252676
147 -0.782357 0.00254439
148 -0.782387 0.00244239
149 -0.78208 0.00258882
150 -0.782443 0.00268064
151 -0.782829 0.0027024
152 -0.782391 0.00269716
153 -0.781817 0.00273358
154 -0.781723 0.00269659
155 -0.78151 0.00248164
156 -0.781234 0.00247622
157 -0.78124 0.00241656
158 -0.780781 0.00241765
159 -0.779843 0.00236144
160 -0.779638 0.00242972
161 -0.779423 0.00231247
162 -0.780234 0.00234873
163 -0.780651 0.00227084
164 -0.780512 0.00240225
165 -0.780565 0.00242989
166 -0.780964 0.00220712
167 -0.781631 0.00228417
168 -0.781352 0.0022041
169 -0.780705 0.00213346
170 -0.780565 0.00229099
171 -0.780721 0.00232959
172 -0.780595 0.00240302
173 -0.779639 0.00245284
174 -0.779219 0.0025335
175 -0.779268 0.00264245
176 -0.779887 0.00282119
177 -0.779523 0.00296262
178 -0.780007 0.0029824
179 -0.779717 0.00306072
180 -0.781122 0.00288049
181 -0.781174 0.0027217
182 -0.78121 0.00280472
183 -0.780496 0.0026784
184 -0.780713 0.00260225
185 -0.780202 0.00262764
186 -0.780257 0.00257327
187 -0.779801 0.00252734
188 -0.779726 0.00270314
189 -0.779527 0.0026437
190 -0.779663 0.00266356
191 -0.780386 0.0026722
192 -0.779948 0.00282255
193 -0.780792 0.00301765
194 -0.780265 0.00311348
195 -0.779742 0.00342383
196 -0.779891 0.0033521
197 -0.779128 0.00344033
198 -0.779138 0.00321255
199 -0.778775 0.00320649
200 -0.779473 0.00328248
201 -0.780037 0.00307094
202 -0.780123 0.00295202
203 -0.780735 0.0027845
204 -0.780329 0.00275763
205 -0.77912 0.00258312
206 -0.779559 0.00269559
207 -0.779059 0.00265489
208 -0.778452 0.00293229
209 -0.778814 0.00301113
210 -0.779372 0.00304211
211 -0.779454 0.00301579
212 -0.779175 0.00309468
213 -0.77919 0.00301941
214 -0.779276 0.00317008
215 -0.779234 0.00286952
216 -0.779897 0.00268899
217 -0.778877 0.00267331
218 -0.778776 0.00263747
219 -0.778214 0.0026606
220 -0.777294 0.00242005
221 -0.776756 0.00255901
222 -0.777834 0.00257536
223 -0.778178 0.00244808
224 -0.777279 0.00263957
225 -0.776717 0.00267913
226 -0.776075 0.00252854
227 -0.776009 0.00260872
228 -0.775902 0.00267308
229 -0.775302 0.00250535
230 -0.7756 0.00245432
231 -0.775719 0.00234643
232 -0.776227 0.00251164
233 -0.776844 0.00259688
234 -0.776743 0.00264094
235 -0.776333 0.00283478
236 -0.776754 0.00280368
237 -0.776046 0.00285512
238 -0.776835 0.00280437
239 -0.776326 0.00306087
240 -0.776526 0.003298
241 -0.77662 0.00331179
242 -0.776189 0.00324529
243 -0.775444 0.00310723
244 -0.776094 0.00309817
245 -0.776495 0.00319687
246 -0.775802 0.00312633
247 -0.776274 0.00303214
248 -0.775793 0.00315798
249 -0.776351 0.00331039
250 -0.777225 0.00317075
251 -0.776707 0.00325646
252 -0.776315 0.003349
253 -0.775399 0.00354789
254 -0.775218 0.00358676
255 -0.775388 0.00351549
256 -0.774967 0.00344205
257 -0.775301 0.00332208
258 -0.775997 0.00320494
259 -0.775942 0.00311983
260 -0.775878 0.00304597
261 -0.775902 0.00315099
262 -0.775499 0.00319329
263 -0.775062 0.00344998
264 -0.775978 0.0034083
265 -0.776918 0.00320917
266 -0.777371 0.00318638
267 -0.77833 0.00334638
268 -0.777359 0.0031911
269 -0.776794 0.00330323
270 -0.777719 0.00346447
271 -0.777411 0.00337834
272 -0.777119 0.00348458
273 -0.776048 0.0034669
274 -0.775814 0.00331647
275 -0.775666 0.00323139
276 -0.776 0.00332673
277 -0.775818 0.00337628
278 -0.776086 0.00359643
279 -0.776788 0.00354023
280 -0.77695 0.00380424
281 -0.776549 0.00398976
282 -0.775873 0.00399654
283 -0.775598 0.0039736
284 -0.775386 0.0041042
285 -0.775294 0.00413242
286 -0.775567 0.00421132
287 -0.775224 0.00431362
288 -0.773188 0.00448141
289 -0.773607 0.00445819
290 -0.772867 0.00455166
291 -0.772756 0.00458786
292 -0.772627 0.00471642
293 -0.77229 0.00482657
294 -0.772592 0.00461615
295 -0.772441 0.00464364
296 -0.772845 0.00469058
297 -0.772336 0.00447548
298 -0.772723 0.00464558
299 -0.772103 0.00456653
