-4.9875 0 0
-4.9625 0 0
-4.9375 0 0
-4.9125 0 0
-4.8875 0 0
-4.8625 0 0
-4.8375 0 0
-4.8125 0 0
-4.7875 0 0
-4.7625 0 0
-4.7375 0 0
-4.7125 0 0
-4.6875 0 0
-4.6625 0 0
-4.6375 0 0
-4.6125 0 0
-4.5875 0 0
-4.5625 0 0
-4.5375 0 0
-4.5125 0 0
-4.4875 0 0
-4.4625 0 0
-4.4375 0 0
-4.4125 0 0
-4.3875 0 0
-4.3625 0 0
-4.3375 0 0
-4.3125 0 0
-4.2875 0 0
-4.2625 0 0
-4.2375 0 0
-4.2125 0 0
-4.1875 0 0
-4.1625 0 0
-4.1375 0 0
-4.1125 0 0
-4.0875 0 0
-4.0625 0 0
-4.0375 0 0
-4.0125 0 0
-3.9875 0 0
-3.9625 0 0
-3.9375 0 0
-3.9125 0 0
-3.8875 0 0
-3.8625 0 0
-3.8375 0 0
-3.8125 0 0
-3.7875 0 0
-3.7625 0 0
-3.7375 0 0
-3.7125 0 0
-3.6875 0 0
-3.6625 0 0
-3.6375 0 0
-3.6125 0 0
-3.5875 0 0
-3.5625 0 0
-3.5375 0 0
-3.5125 0 0
-3.4875 0 0
-3.4625 0 0
-3.4375 0 0
-3.4125 0 0
-3.3875 0 0
-3.3625 0 0
-3.3375 0 0
-3.3125 0 0
-3.2875 0 0
-3.2625 0 0
-3.2375 0 0
-3.2125 0 0
-3.1875 0 0
-3.1625 0 0
-3.1375 0 0
-3.1125 0 0
-3.0875 0 0
-3.0625 0 0
-3.0375 0 0
-3.0125 0 0
-2.9875 0 0
-2.9625 0 0
-2.9375 0 0
-2.9125 0 0
-2.8875 0 0
-2.8625 0 0
-2.8375 0 0
-2.8125 0 0
-2.7875 0 0
-2.7625 0 0
-2.7375 0 0
-2.7125 0 0
-2.6875 0 0
-2.6625 0 0
-2.6375 0 0
-2.6125 0 0
-2.5875 0 0
-2.5625 8.19672e-06 7.98918e-06
-2.5375 1.63934e-05 1.59784e-05
-2.5125 1.63934e-05 1.59784e-05
-2.4875 8.19672e-05 7.98918e-05
-2.4625 1.63934e-05 1.59784e-05
-2.4375 6.55738e-05 4.83537e-05
-2.4125 3.27869e-05 1.86914e-05
-2.3875 4.91803e-05 3.29912e-05
-2.3625 0.000106557 4.06131e-05
-2.3375 0.000172131 5.73478e-05
-2.3125 0.000278689 8.12262e-05
-2.2875 0.000393443 0.000103292
-2.2625 0.000491803 9.97174e-05
-2.2375 0.000672131 0.000124795
-2.2125 0.000811475 0.000145003
-2.1875 0.00103279 0.000132726
-2.1625 0.00122131 0.000182724
-2.1375 0.00152459 0.000197437
-2.1125 0.00222131 0.000312439
-2.0875 0.00265574 0.000304627
-2.0625 0.00313934 0.000369539
-2.0375 0.00352459 0.000340435
-2.0125 0.00484426 0.000449174
-1.9875 0.00622131 0.000479417
-1.9625 0.00772131 0.000668513
-1.9375 0.0094918 0.000804691
-1.9125 0.0116803 0.000997974
-1.8875 0.0133361 0.00106798
-1.8625 0.0175738 0.00106731
-1.8375 0.0199344 0.00108342
-1.8125 0.0235492 0.00124602
-1.7875 0.0284918 0.00139072
-1.7625 0.0328689 0.00111563
-1.7375 0.0379836 0.00163722
-1.7125 0.0431066 0.00216376
-1.6875 0.0494016 0.00207936
-1.6625 0.0568852 0.00222897
-1.6375 0.0653934 0.00241421
-1.6125 0.0750738 0.00298357
-1.5875 0.0842131 0.00294807
-1.5625 0.0941557 0.0028503
-1.5375 0.107246 0.00307869
-1.5125 0.11691 0.00345918
-1.4875 0.127582 0.00360564
-1.4625 0.140033 0.00356737
-1.4375 0.15268 0.00366353
-1.4125 0.163516 0.00360528
-1.3875 0.177221 0.00360019
-1.3625 0.187631 0.00399629
-1.3375 0.203139 0.00374003
-1.3125 0.217885 0.004484
-1.2875 0.23341 0.0049896
-1.2625 0.247475 0.00475371
-1.2375 0.267221 0.00554692
-1.2125 0.27777 0.00554156
-1.1875 0.289352 0.00571509
-1.1625 0.303631 0.00619522
-1.1375 0.315295 0.00563987
-1.1125 0.327656 0.00518844
-1.0875 0.333607 0.00484326
-1.0625 0.346393 0.00539187
-1.0375 0.353246 0.00465484
-1.0125 0.358664 0.00581151
-0.9875 0.366238 0.00499433
-0.9625 0.376508 0.00647267
-0.9375 0.380459 0.00590871
-0.9125 0.381672 0.00631397
-0.8875 0.384369 0.00601885
-0.8625 0.386131 0.00590773
-0.8375 0.384787 0.00538154
-0.8125 0.388877 0.00569731
-0.7875 0.386598 0.00502564
-0.7625 0.393352 0.00424108
-0.7375 0.390549 0.00413218
-0.7125 0.394443 0.0045993
-0.6875 0.387689 0.00467178
-0.6625 0.388762 0.00486171
-0.6375 0.383869 0.00443906
-0.6125 0.381016 0.00481245
-0.5875 0.376254 0.00528129
-0.5625 0.374639 0.00497447
-0.5375 0.369434 0.00479623
-0.5125 0.366869 0.00446138
-0.4875 0.359738 0.00469538
-0.4625 0.353934 0.00541661
-0.4375 0.348975 0.00513611
-0.4125 0.348951 0.00560166
-0.3875 0.344443 0.005274
-0.3625 0.338172 0.00450932
-0.3375 0.333877 0.00452557
-0.3125 0.326566 0.00402509
-0.2875 0.324336 0.00298904
-0.2625 0.31923 0.00306474
-0.2375 0.320926 0.00280017
-0.2125 0.316131 0.00334327
-0.1875 0.317049 0.00307179
-0.1625 0.313738 0.00301063
-0.1375 0.312434 0.00344986
-0.1125 0.306639 0.00400897
-0.0875 0.308639 0.00348867
-0.0625 0.305508 0.00265165
-0.0375 0.306197 0.00343018
-0.0125 0.306344 0.00379252
0.0125 0.300508 0.00341096
0.0375 0.305656 0.00385194
0.0625 0.307975 0.00384786
0.0875 0.307803 0.00291781
0.1125 0.310213 0.00269434
0.1375 0.310639 0.00368856
0.1625 0.315426 0.003436
0.1875 0.318049 0.0034052
0.2125 0.319787 0.00328808
0.2375 0.317238 0.00300596
0.2625 0.32373 0.00342244
0.2875 0.326418 0.00354827
0.3125 0.326926 0.00314797
0.3375 0.327598 0.00337819
0.3625 0.330467 0.00309027
0.3875 0.340074 0.0031061
0.4125 0.342779 0.00341089
0.4375 0.347262 0.00392182
0.4625 0.351574 0.00432419
0.4875 0.355205 0.00443157
0.5125 0.362566 0.00435764
0.5375 0.366066 0.00394214
0.5625 0.372434 0.00401288
0.5875 0.375836 0.00397492
0.6125 0.381885 0.00371398
0.6375 0.383852 0.00408334
0.6625 0.384074 0.00470395
0.6875 0.387746 0.00490345
0.7125 0.386623 0.0040634
0.7375 0.388197 0.00437542
0.7625 0.389533 0.00551209
0.7875 0.389057 0.00429147
0.8125 0.389779 0.00505731
0.8375 0.393025 0.00498725
0.8625 0.390828 0.00511012
0.8875 0.388811 0.004472
0.9125 0.383148 0.00573506
0.9375 0.382115 0.00642505
0.9625 0.373016 0.00677982
0.9875 0.367582 0.00668077
1.0125 0.357 0.00714033
1.0375 0.34909 0.00768227
1.0625 0.338639 0.0074137
1.0875 0.335967 0.00700509
1.1125 0.321041 0.00638549
1.1375 0.308664 0.00738643
1.1625 0.296467 0.00684741
1.1875 0.286566 0.00614368
1.2125 0.272811 0.00637219
1.2375 0.258189 0.00664499
1.2625 0.244639 0.00701024
1.2875 0.233139 0.00702674
1.3125 0.213123 0.00606768
1.3375 0.201762 0.0054884
1.3625 0.187975 0.00498701
1.3875 0.173451 0.00448362
1.4125 0.160148 0.0044105
1.4375 0.148648 0.00378793
1.4625 0.132926 0.00376565
1.4875 0.121484 0.00341978
1.5125 0.108803 0.00328315
1.5375 0.0975738 0.00321664
1.5625 0.0864016 0.00279801
1.5875 0.0770902 0.00299816
1.6125 0.0666311 0.00271613
1.6375 0.0597541 0.00229053
1.6625 0.0524672 0.00208633
1.6875 0.0455 0.0016949
1.7125 0.0381311 0.00166688
1.7375 0.0330656 0.00141322
1.7625 0.0291475 0.00142201
1.7875 0.0249262 0.00124355
1.8125 0.0209016 0.000968428
1.8375 0.0168115 0.000767125
1.8625 0.0145574 0.000721274
1.8875 0.011959 0.00062698
1.9125 0.0097459 0.000438884
1.9375 0.00818852 0.000541539
1.9625 0.00672951 0.000449772
1.9875 0.00580328 0.000368105
2.0125 0.00462295 0.000384041
2.0375 0.00398361 0.000405568
2.0625 0.00308197 0.000346519
2.0875 0.00237705 0.000310287
2.1125 0.00205738 0.000277837
2.1375 0.0014918 0.000267344
2.1625 0.000893443 0.000217012
2.1875 0.00057377 0.000131914
2.2125 0.000327869 8.7517e-05
2.2375 0.000286885 9.55015e-05
2.2625 0.000147541 5.66701e-05
2.2875 0.000114754 4.19557e-05
2.3125 9.01639e-05 4.41026e-05
2.3375 4.91803e-05 2.86299e-05
2.3625 2.45902e-05 2.39675e-05
2.3875 1.63934e-05 1.59784e-05
2.4125 5.7377e-05 4.2235e-05
2.4375 0 0
2.4625 1.63934e-05 1.59784e-05
2.4875 0 0
2.5125 0 0
2.5375 0 0
2.5625 0 0
2.5875 0 0
2.6125 0 0
2.6375 0 0
2.6625 0 0
2.6875 0 0
2.7125 0 0
2.7375 0 0
2.7625 0 0
2.7875 0 0
2.8125 0 0
2.8375 0 0
2.8625 0 0
2.8875 0 0
2.9125 0 0
2.9375 0 0
2.9625 0 0
2.9875 0 0
3.0125 0 0
3.0375 0 0
3.0625 0 0
3.0875 0 0
3.1125 0 0
3.1375 0 0
3.1625 0 0
3.1875 0 0
3.2125 0 0
3.2375 0 0
3.2625 0 0
3.2875 0 0
3.3125 0 0
3.3375 0 0
3.3625 0 0
3.3875 0 0
3.4125 0 0
3.4375 0 0
3.4625 0 0
3.4875 0 0
3.5125 0 0
3.5375 0 0
3.5625 0 0
3.5875 0 0
3.6125 0 0
3.6375 0 0
3.6625 0 0
3.6875 0 0
3.7125 0 0
3.7375 0 0
3.7625 0 0
3.7875 0 0
3.8125 0 0
3.8375 0 0
3.8625 0 0
3.8875 0 0
3.9125 0 0
3.9375 0 0
3.9625 0 0
3.9875 0 0
4.0125 0 0
4.0375 0 0
4.0625 0 0
4.0875 0 0
4.1125 0 0
4.1375 0 0
4.1625 0 0
4.1875 0 0
4.2125 0 0
4.2375 0 0
4.2625 0 0
4.2875 0 0
4.3125 0 0
4.3375 0 0
4.3625 0 0
4.3875 0 0
4.4125 0 0
4.4375 0 0
4.4625 0 0
4.4875 0 0
4.5125 0 0
4.5375 0 0
4.5625 0 0
4.5875 0 0
4.6125 0 0
4.6375 0 0
4.6625 0 0
4.6875 0 0
4.7125 0 0
4.7375 0 0
4.7625 0 0
4.7875 0 0
4.8125 0 0
4.8375 0 0
4.8625 0 0
4.8875 0 0
4.9125 0 0
4.9375 0 0
4.9625 0 0
4.9875 0 0
