0 0.356955 0.000456921
1 1.1463 1.50681
2 2.51454 1.39162
3 -0.672785 1.64828
4 1.29699 1.43161
5 -0.348925 2.12022
6 3.26334 1.96624
7 1.53916 1.63327
8 0.0333262 1.69493
9 -0.772341 1.63978
10 1.3568 1.82204
11 1.12096 1.51022
12 2.03373 1.2488
13 -1.44522 1.36289
14 0.0324241 1.33291
15 2.07736 1.32557
16 -1.48783 1.42434
17 3.36279 1.95437
18 -0.964548 1.61057
19 0.861406 1.57881
20 0.192852 1.76386
21 4.55068 1.53053
22 2.51323 1.69514
23 2.00508 1.47716
24 -0.776757 1.02539
25 -0.23537 1.38423
26 2.08477 1.74302
27 0.083228 1.29486
28 1.46364 1.86156
29 1.13718 1.30922
30 -1.76184 1.32666
31 -1.38896 1.12851
32 1.58318 1.69575
33 1.39175 1.19491
34 -2.26787 1.06594
35 0.203872 1.79139
36 1.6587 1.45528
37 -2.51326 1.59804
38 3.29563 1.33862
39 -2.82611 1.43415
40 -1.35241 0.975912
41 0.612278 1.21291
42 1.53822 1.39037
43 0.121128 1.28477
44 2.26131 1.73276
45 -0.543186 1.58968
46 3.31717 1.21344
47 -2.12668 1.27322
48 1.21022 1.40288
49 -1.18867 1.16529
50 -1.0647 1.24239
51 0.0427877 1.46015
52 -3.06947 1.40045
53 1.16703 1.57328
54 -0.429351 1.56506
55 -2.56791 1.46776
56 0.38911 1.14127
57 1.87624 1.44452
58 0.803949 1.59969
59 -0.29586 1.41245
60 2.94537 1.70273
61 3.60597 1.6453
62 2.35508 1.42546
63 -1.65348 1.34725
64 0.000730665 1.32538
65 2.50626 1.4248
66 -0.386406 1.48993
67 1.08113 1.32236
68 1.85134 1.57392
69 0.958259 1.66094
70 0.0688359 1.57567
71 -1.37656 1.4117
72 0.579196 1.3981
73 0.104171 1.15609
74 -1.03521 1.21934
75 -1.63424 1.3632
76 0.166637 0.820539
77 0.545885 1.54516
78 -1.73788 1.5036
79 -0.288933 1.53367
80 0.22689 1.2607
81 -0.767093 1.3798
82 1.19808 1.75268
83 0.165222 1.21147
84 -1.16822 1.1719
85 0.0355068 1.89348
86 1.95188 1.78132
87 0.519603 1.36458
88 -1.41077 1.6295
89 0.115344 1.44063
90 -0.45922 1.47035
91 -2.82152 1.46908
92 0.197037 1.60631
93 0.926081 1.55258
94 1.01543 1.24506
95 -0.788217 1.41337
96 0.297068 1.14322
97 3.51246 1.74227
98 2.13588 1.23888
99 0.00304413 1.41112
100 1.35693 1.29624
101 0.322055 2.01807
102 -0.959487 1.66269
103 1.69386 1.18063
104 0.938244 1.40825
105 0.681309 1.70319
106 0.588189 1.5033
107 1.51825 1.36547
108 0.503852 1.41175
109 1.06325 1.73151
110 0.135484 1.41231
111 -2.18756 1.34575
112 -1.38192 1.65014
113 2.31736 1.63742
114 0.82619 1.41265
115 -0.507914 1.80535
116 0.77867 1.99934
117 1.71071 1.26025
118 1.53325 1.70952
119 2.59765 1.5599
120 0.889004 1.13188
121 0.308273 1.26357
122 0.0841276 1.4075
123 0.388918 1.23108
124 1.74973 1.07247
125 -0.710818 1.32058
126 4.54667 1.57058
127 -2.56459 1.35494
128 -1.33407 1.18331
129 1.52179 1.57189
130 1.28221 1.25876
131 -3.31977 1.70386
132 1.21836 1.42538
133 1.00656 1.4871
134 1.91837 1.59984
135 0.140234 1.58118
136 1.42278 1.57007
137 -0.141866 1.44511
138 -0.237958 1.41095
139 -1.59058 1.45878
140 1.58247 1.30041
141 -1.34001 1.57214
142 -0.316375 1.49748
143 -2.29916 1.59557
144 1.93908 1.43535
145 -0.243898 1.25332
146 -0.754919 1.14751
147 2.07693 1.55812
148 0.446314 1.4903
149 -0.591788 1.439
150 0.582906 1.66312
151 -1.85795 1.74757
152 -0.382326 1.29027
153 -1.02476 1.72867
154 -0.0284986 1.0825
155 1.1919 1.39681
156 -1.1665 1.68381
157 0.289939 1.54996
158 0.272056 1.49666
159 1.42662 1.09988
160 0.278919 1.71026
161 -2.29008 1.64603
162 0.13338 1.4799
163 0.135012 1.69409
164 -1.31607 1.45163
165 -0.781959 1.49407
166 1.87295 1.39664
167 0.163846 1.10272
168 0.0577677 1.72234
169 -1.49292 1.40325
170 0.634987 1.58616
171 -1.5524 1.01045
172 -0.53971 1.07688
173 1.45405 1.43644
174 -1.25854 1.61176
175 0.524432 1.55502
176 -1.68183 1.55992
177 0.0851828 1.26988
178 -0.455066 1.419
179 -1.56927 1.48508
180 2.56096 1.38692
181 1.56398 1.59536
182 0.00142659 1.99329
183 1.0031 1.71002
184 0.611498 1.47679
185 3.36664 1.54098
186 -0.235214 1.57028
187 -0.0814697 1.50377
188 -0.521061 1.2778
189 0.803511 1.24954
190 0.549386 1.36464
191 -2.03698 1.30807
192 -0.00580923 1.39449
193 1.05113 1.22392
194 -1.42093 1.71175
195 1.2212 1.32134
196 -2.6004 1.35966
197 0.0563273 1.63601
198 2.21078 1.68318
199 -0.011053 1.48926
200 -2.07443 1.29298
201 -1.47674 1.64371
202 0.489243 1.56901
203 3.78153 1.37031
204 -1.47481 1.18684
205 2.09848 1.37092
206 -1.94106 1.34483
207 -1.08365 1.44975
208 -2.20847 1.43007
209 3.56633 1.21936
210 -1.45901 1.59581
211 0.291348 1.75615
212 -0.663172 1.65636
213 -2.0109 1.07859
214 2.00039 1.42174
215 1.11127 1.22883
216 2.56453 1.761
217 3.16364 1.51274
218 -0.000344221 2.14374
219 0.586249 1.32582
220 0.0326857 1.64957
221 0.723832 1.4252
222 -0.956138 1.1998
223 1.78094 1.42793
224 0.23226 1.61363
225 -0.127082 2.23763
226 -0.0417725 1.9446
227 1.48363 1.42422
228 -1.05164 1.45686
229 -1.81467 1.49061
230 0.414985 1.6645
231 -0.765343 1.14362
232 1.37346 1.14241
233 -0.0143875 1.48072
234 1.04253 1.52433
235 -0.0102783 1.70317
236 0.195987 1.44436
237 3.29742 1.46227
238 0.292738 1.89547
239 2.41949 1.43629
240 -0.319329 1.14955
241 1.44882 1.36215
242 -0.496879 1.74764
243 -0.168278 1.73211
244 0.685936 1.04194
245 -0.504174 1.12385
246 0.782006 1.40632
247 -2.11239 1.23174
248 2.07726 1.35091
249 -2.25633 1.18834
250 0.0402411 1.36715
251 1.66438 1.26069
252 0.834426 1.20888
253 2.34654 1.68212
254 -2.6796 1.2302
255 -2.06048 1.79943
256 2.25069 1.89512
257 -0.579709 1.14413
258 -0.0729146 1.76902
259 1.64439 1.48852
260 1.01354 1.65243
261 -0.660795 1.37492
262 0.4675 1.52203
263 0.613232 1.4347
264 3.03293 1.57217
265 0.57825 1.39123
266 -2.67017 1.56645
267 1.17115 1.25199
268 -2.56492 1.99759
269 3.12733 1.45778
270 -1.23905 1.46016
271 3.05285 1.55971
272 0.0973539 1.14319
273 -3.29306 1.53056
274 -0.988362 1.4693
275 1.16288 1.89311
276 2.36432 1.35071
277 0.721524 1.77413
278 -0.587178 1.33478
279 0.11099 1.3894
280 1.27834 1.85034
281 3.16327 1.97931
282 0.398897 1.40021
283 0.0267354 1.49759
284 0.7665 1.15479
285 -1.13436 1.61816
286 0.944127 1.89971
287 0.923846 1.46484
288 2.31018 1.40666
289 0.953209 1.54859
290 -1.22818 1.60396
291 2.53196 1.73776
292 -1.14289 1.6631
293 0.839675 1.31165
294 -3.16582 1.65656
295 0.732851 1.67712
296 2.3056 1.62401
297 1.93683 1.43641
298 1.39842 1.61164
299 0.358155 0.000424666
