-4.9875 0 0
-4.9625 0 0
-4.9375 0 0
-4.9125 0 0
-4.8875 0 0
-4.8625 0 0
-4.8375 0 0
-4.8125 0 0
-4.7875 0 0
-4.7625 0 0
-4.7375 0 0
-4.7125 0 0
-4.6875 0 0
-4.6625 0 0
-4.6375 0 0
-4.6125 0 0
-4.5875 0 0
-4.5625 0 0
-4.5375 0 0
-4.5125 0 0
-4.4875 0 0
-4.4625 0 0
-4.4375 0 0
-4.4125 0 0
-4.3875 0 0
-4.3625 0 0
-4.3375 0 0
-4.3125 0 0
-4.2875 0 0
-4.2625 0 0
-4.2375 0 0
-4.2125 0 0
-4.1875 0 0
-4.1625 0 0
-4.1375 0 0
-4.1125 0 0
-4.0875 0 0
-4.0625 0 0
-4.0375 0 0
-4.0125 0 0
-3.9875 0 0
-3.9625 0 0
-3.9375 0 0
-3.9125 0 0
-3.8875 0 0
-3.8625 0 0
-3.8375 0 0
-3.8125 0 0
-3.7875 0 0
-3.7625 0 0
-3.7375 0 0
-3.7125 0 0
-3.6875 0 0
-3.6625 0 0
-3.6375 0 0
-3.6125 0 0
-3.5875 0 0
-3.5625 0 0
-3.5375 0 0
-3.5125 0 0
-3.4875 0 0
-3.4625 0 0
-3.4375 0 0
-3.4125 0 0
-3.3875 0 0
-3.3625 0 0
-3.3375 0 0
-3.3125 0 0
-3.2875 0 0
-3.2625 0 0
-3.2375 0 0
-3.2125 0 0
-3.1875 0 0
-3.1625 0 0
-3.1375 0 0
-3.1125 0 0
-3.0875 0 0
-3.0625 0 0
-3.0375 0 0
-3.0125 0 0
-2.9875 0 0
-2.9625 0 0
-2.9375 0 0
-2.9125 0 0
-2.8875 0 0
-2.8625 0 0
-2.8375 0 0
-2.8125 0 0
-2.7875 0 0
-2.7625 0 0
-2.7375 0 0
-2.7125 0 0
-2.6875 0 0
-2.6625 0 0
-2.6375 0 0
-2.6125 8.19672e-06 7.98918e-06
-2.5875 0 0
-2.5625 8.19672e-06 7.98918e-06
-2.5375 0 0
-2.5125 8.19672e-06 7.98918e-06
-2.4875 8.19672e-06 7.98918e-06
-2.4625 0 0
-2.4375 4.09836e-05 1.58729e-05
-2.4125 2.45902e-05 1.74842e-05
-2.3875 0.000106557 3.71575e-05
-2.3625 0.000106557 4.06131e-05
-2.3375 0.000139344 4.5305e-05
-2.3125 0.000229508 4.97238e-05
-2.2875 0.000319672 4.70509e-05
-2.2625 0.000377049 6.66913e-05
-2.2375 0.000647541 8.15357e-05
-2.2125 0.000655738 6.24244e-05
-2.1875 0.00104918 9.58701e-05
-2.1625 0.00129508 0.000121522
-2.1375 0.00159016 0.000144365
-2.1125 0.00219672 0.000177474
-2.0875 0.00291803 0.000164997
-2.0625 0.00345902 0.00022742
-2.0375 0.00453279 0.000293318
-2.0125 0.00538525 0.000305216
-1.9875 0.00683607 0.000408539
-1.9625 0.00808197 0.000339566
-1.9375 0.0101803 0.000374169
-1.9125 0.012041 0.000552714
-1.8875 0.0145492 0.000403871
-1.8625 0.0170902 0.000622506
-1.8375 0.0208361 0.000584318
-1.8125 0.0244754 0.000932562
-1.7875 0.0286639 0.000616476
-1.7625 0.0339918 0.0010474
-1.7375 0.0387377 0.000798842
-1.7125 0.0460246 0.00117644
-1.6875 0.0522459 0.000942381
-1.6625 0.0598033 0.00100098
-1.6375 0.0691066 0.00143185
-1.6125 0.0775902 0.0016454
-1.5875 0.0872623 0.00147323
-1.5625 0.0959016 0.000651523
-1.5375 0.108443 0.001366
-1.5125 0.116885 0.00159514
-1.4875 0.13032 0.00180817
-1.4625 0.143754 0.00190894
-1.4375 0.156131 0.00160457
-1.4125 0.169328 0.00262663
-1.3875 0.182139 0.00192309
-1.3625 0.194434 0.00207153
-1.3375 0.207295 0.00253787
-1.3125 0.221295 0.00268114
-1.2875 0.236352 0.00263057
-1.2625 0.251139 0.00287756
-1.2375 0.262156 0.00253588
-1.2125 0.275541 0.00300532
-1.1875 0.292197 0.00341254
-1.1625 0.302057 0.00321693
-1.1375 0.315648 0.00297979
-1.1125 0.324639 0.00400239
-1.0875 0.331836 0.00340219
-1.0625 0.342934 0.00350818
-1.0375 0.353377 0.00312536
-1.0125 0.360361 0.00344357
-0.9875 0.368484 0.00396611
-0.9625 0.37782 0.00258289
-0.9375 0.375156 0.00386851
-0.9125 0.383049 0.00302497
-0.8875 0.388107 0.00314386
-0.8625 0.390213 0.00313597
-0.8375 0.390352 0.00339347
-0.8125 0.392574 0.00430051
-0.7875 0.393992 0.00297254
-0.7625 0.394418 0.00358279
-0.7375 0.392926 0.00326732
-0.7125 0.393393 0.00371287
-0.6875 0.391074 0.00420308
-0.6625 0.387607 0.00357964
-0.6375 0.381689 0.00418545
-0.6125 0.376566 0.00348411
-0.5875 0.37482 0.00346657
-0.5625 0.369139 0.0035795
-0.5375 0.36341 0.00283646
-0.5125 0.365508 0.00341311
-0.4875 0.358836 0.00326573
-0.4625 0.353648 0.00294277
-0.4375 0.348787 0.00341738
-0.4125 0.343262 0.00276476
-0.3875 0.336377 0.00335479
-0.3625 0.335648 0.0030261
-0.3375 0.330664 0.002576
-0.3125 0.328721 0.00272771
-0.2875 0.324172 0.00286615
-0.2625 0.322516 0.00285894
-0.2375 0.315295 0.00233188
-0.2125 0.316074 0.00298616
-0.1875 0.312025 0.00231793
-0.1625 0.308402 0.00235204
-0.1375 0.307557 0.00247891
-0.1125 0.308074 0.00189555
-0.0875 0.306598 0.00194892
-0.0625 0.301615 0.00214511
-0.0375 0.30082 0.00212676
-0.0125 0.298041 0.00221534
0.0125 0.297705 0.00266675
0.0375 0.298861 0.00191479
0.0625 0.298803 0.00221482
0.0875 0.299525 0.00240925
0.1125 0.300484 0.00245605
0.1375 0.302828 0.00243659
0.1625 0.307861 0.00237839
0.1875 0.309123 0.00294451
0.2125 0.312836 0.00244562
0.2375 0.311508 0.0018843
0.2625 0.318254 0.00249566
0.2875 0.320295 0.00192267
0.3125 0.324459 0.00227325
0.3375 0.328139 0.00307776
0.3625 0.333984 0.00295569
0.3875 0.336672 0.00231534
0.4125 0.342541 0.00317617
0.4375 0.346713 0.00262864
0.4625 0.34968 0.00289671
0.4875 0.352672 0.00312475
0.5125 0.358516 0.00292531
0.5375 0.366098 0.00312659
0.5625 0.366443 0.00281362
0.5875 0.371697 0.00431565
0.6125 0.373541 0.00359993
0.6375 0.377902 0.00339684
0.6625 0.380254 0.00332925
0.6875 0.383869 0.00376718
0.7125 0.388197 0.00416508
0.7375 0.387574 0.00405501
0.7625 0.38918 0.00420187
0.7875 0.391484 0.00333107
0.8125 0.389033 0.00332813
0.8375 0.391566 0.0031881
0.8625 0.390295 0.0037567
0.8875 0.385369 0.0031739
0.9125 0.384107 0.00387686
0.9375 0.379238 0.00308402
0.9625 0.372008 0.00255248
0.9875 0.368705 0.00321562
1.0125 0.357795 0.0039864
1.0375 0.350164 0.0034727
1.0625 0.340754 0.00344905
1.0875 0.332918 0.00396102
1.1125 0.321016 0.00308087
1.1375 0.309311 0.00306806
1.1625 0.299762 0.00353351
1.1875 0.285344 0.00302421
1.2125 0.26991 0.00297191
1.2375 0.259057 0.00283123
1.2625 0.246254 0.00280537
1.2875 0.233066 0.00297271
1.3125 0.21891 0.00230062
1.3375 0.201959 0.00236647
1.3625 0.192992 0.00278734
1.3875 0.179975 0.00187131
1.4125 0.163336 0.00211168
1.4375 0.148877 0.00206226
1.4625 0.139377 0.00208769
1.4875 0.124795 0.0021753
1.5125 0.117566 0.00208581
1.5375 0.103664 0.00163472
1.5625 0.0939918 0.00161266
1.5875 0.0838115 0.0011213
1.6125 0.0739098 0.00118778
1.6375 0.0651721 0.0010787
1.6625 0.0577295 0.00136062
1.6875 0.0501721 0.00100533
1.7125 0.0442869 0.000912106
1.7375 0.0383934 0.000978443
1.7625 0.0329098 0.000611178
1.7875 0.0278607 0.000646188
1.8125 0.0240656 0.000573958
1.8375 0.0203934 0.000533656
1.8625 0.0161803 0.000445362
1.8875 0.0139672 0.000440584
1.9125 0.0109508 0.000412548
1.9375 0.00959016 0.000359256
1.9625 0.00777049 0.000253012
1.9875 0.00609836 0.00018641
2.0125 0.00540164 0.000207516
2.0375 0.00401639 0.00014315
2.0625 0.00318033 0.000230793
2.0875 0.00257377 0.000263598
2.1125 0.00186885 0.000151761
2.1375 0.0014918 0.000109296
2.1625 0.00141803 0.000138752
2.1875 0.000983607 0.000133181
2.2125 0.000565574 6.7068e-05
2.2375 0.00057377 8.79e-05
2.2625 0.000467213 6.78647e-05
2.2875 0.000295082 6.51626e-05
2.3125 0.000213115 5.44943e-05
2.3375 0.000229508 4.69437e-05
2.3625 0.000131148 3.94806e-05
2.3875 6.55738e-05 3.35966e-05
2.4125 5.7377e-05 2.39675e-05
2.4375 3.27869e-05 1.86914e-05
2.4625 2.45902e-05 1.30891e-05
2.4875 1.63934e-05 1.09971e-05
2.5125 3.27869e-05 1.86914e-05
2.5375 1.63934e-05 1.09971e-05
2.5625 2.45902e-05 1.74842e-05
2.5875 8.19672e-06 7.98918e-06
2.6125 8.19672e-06 7.98918e-06
2.6375 0 0
2.6625 0 0
2.6875 0 0
2.7125 1.63934e-05 1.59784e-05
2.7375 0 0
2.7625 0 0
2.7875 0 0
2.8125 0 0
2.8375 0 0
2.8625 0 0
2.8875 0 0
2.9125 0 0
2.9375 0 0
2.9625 0 0
2.9875 0 0
3.0125 0 0
3.0375 0 0
3.0625 0 0
3.0875 0 0
3.1125 0 0
3.1375 0 0
3.1625 0 0
3.1875 0 0
3.2125 0 0
3.2375 0 0
3.2625 0 0
3.2875 0 0
3.3125 0 0
3.3375 0 0
3.3625 0 0
3.3875 0 0
3.4125 0 0
3.4375 0 0
3.4625 0 0
3.4875 0 0
3.5125 0 0
3.5375 0 0
3.5625 0 0
3.5875 0 0
3.6125 0 0
3.6375 0 0
3.6625 0 0
3.6875 0 0
3.7125 0 0
3.7375 0 0
3.7625 0 0
3.7875 0 0
3.8125 0 0
3.8375 0 0
3.8625 0 0
3.8875 0 0
3.9125 0 0
3.9375 0 0
3.9625 0 0
3.9875 0 0
4.0125 0 0
4.0375 0 0
4.0625 0 0
4.0875 0 0
4.1125 0 0
4.1375 0 0
4.1625 0 0
4.1875 0 0
4.2125 0 0
4.2375 0 0
4.2625 0 0
4.2875 0 0
4.3125 0 0
4.3375 0 0
4.3625 0 0
4.3875 0 0
4.4125 0 0
4.4375 0 0
4.4625 0 0
4.4875 0 0
4.5125 0 0
4.5375 0 0
4.5625 0 0
4.5875 0 0
4.6125 0 0
4.6375 0 0
4.6625 0 0
4.6875 0 0
4.7125 0 0
4.7375 0 0
4.7625 0 0
4.7875 0 0
4.8125 0 0
4.8375 0 0
4.8625 0 0
4.8875 0 0
4.9125 0 0
4.9375 0 0
4.9625 0 0
4.9875 0 0
