0 0.357682 0.000607753
1 0.387731 0.262658
2 0.716107 0.198428
3 0.222963 0.274717
4 1.15345 0.206383
5 0.568841 0.299781
6 0.574864 0.320214
7 0.559357 0.195203
8 0.36802 0.302325
9 -0.422773 0.255079
10 0.785377 0.228876
11 0.408818 0.28695
12 0.678938 0.165571
13 0.208992 0.225185
14 0.388595 0.266566
15 0.294177 0.272609
16 0.337979 0.250494
17 0.464938 0.324906
18 0.243006 0.215888
19 0.342123 0.17261
20 0.484519 0.236743
21 0.59272 0.210593
22 0.411664 0.197193
23 0.424649 0.162696
24 0.0269423 0.193887
25 0.200447 0.178518
26 0.356728 0.235217
27 0.293799 0.210438
28 0.229243 0.19992
29 0.595378 0.267521
30 0.441455 0.192732
31 0.350639 0.190896
32 0.609324 0.205942
33 0.223736 0.205329
34 0.0471661 0.146994
35 0.615433 0.22438
36 0.421406 0.17186
37 0.0544038 0.212911
38 0.419477 0.165597
39 0.279938 0.171748
40 0.18974 0.214349
41 0.49778 0.17867
42 0.524079 0.214272
43 0.344194 0.232525
44 0.670878 0.244816
45 0.127736 0.168258
46 0.461881 0.132467
47 0.111936 0.163823
48 0.332611 0.18056
49 0.38041 0.183392
50 0.29174 0.147168
51 0.00382608 0.150184
52 0.0681742 0.218103
53 0.463473 0.130809
54 0.0439028 0.195411
55 0.0521197 0.118414
56 0.316591 0.158564
57 0.440038 0.166049
58 0.137782 0.136082
59 0.271356 0.17455
60 0.359235 0.244542
61 0.541369 0.134509
62 0.569802 0.125385
63 0.342412 0.156035
64 0.293539 0.189168
65 0.516096 0.158414
66 0.379561 0.22681
67 0.260842 0.147861
68 0.268501 0.199125
69 0.365256 0.175583
70 0.256846 0.216759
71 0.194877 0.224664
72 0.299573 0.159086
73 0.290013 0.157768
74 0.411115 0.15272
75 0.221037 0.162373
76 0.346196 0.121081
77 -0.0811738 0.216997
78 0.283173 0.130528
79 0.205352 0.124797
80 0.147261 0.159454
81 0.2219 0.165516
82 0.430624 0.118397
83 0.197236 0.158394
84 0.359153 0.120215
85 0.229029 0.18139
86 0.44199 0.166497
87 0.0343876 0.132663
88 0.193526 0.134771
89 0.145643 0.158613
90 0.147202 0.135549
91 0.184076 0.171876
92 0.063918 0.162718
93 0.380194 0.183623
94 0.132828 0.131052
95 0.20972 0.146781
96 0.242857 0.164568
97 0.235628 0.183002
98 0.582147 0.135755
99 0.348039 0.152613
100 0.410817 0.12771
101 0.300879 0.201706
102 -0.0179332 0.167705
103 0.416158 0.12663
104 0.198356 0.170366
105 0.0879604 0.180251
106 0.324045 0.179067
107 0.326964 0.133198
108 0.59845 0.107787
109 0.29113 0.19306
110 0.34112 0.164564
111 0.0110583 0.127292
112 0.00255288 0.165352
113 0.535661 0.134614
114 0.524033 0.16418
115 0.452433 0.181206
116 0.209644 0.194895
117 0.515838 0.15326
118 0.119469 0.141392
119 0.388534 0.164297
120 0.24635 0.134431
121 0.159439 0.203143
122 0.373223 0.132145
123 0.638816 0.181026
124 0.488103 0.145051
125 0.164767 0.173216
126 0.77282 0.163502
127 -0.180015 0.149636
128 0.0829766 0.172003
129 0.519957 0.153537
130 0.17623 0.205572
131 -0.120733 0.15095
132 0.411315 0.176943
133 0.374067 0.138929
134 0.5396 0.112282
135 0.169045 0.166299
136 0.478178 0.14946
137 0.146543 0.165494
138 0.325626 0.150327
139 0.399827 0.16115
140 0.236716 0.124352
141 0.288789 0.11118
142 0.355001 0.140433
143 0.0537095 0.173715
144 0.421769 0.133541
145 0.202415 0.145451
146 0.0334413 0.156256
147 0.270754 0.141787
148 0.178506 0.128982
149 0.088539 0.149548
150 0.49305 0.153658
151 -0.0576415 0.151048
152 0.376272 0.181234
153 0.166111 0.197348
154 0.468725 0.176274
155 0.220035 0.133589
156 0.356885 0.178019
157 0.468957 0.152261
158 0.101305 0.204438
159 0.261334 0.113788
160 0.115868 0.16914
161 0.0924274 0.138267
162 0.307756 0.168967
163 0.305006 0.185758
164 0.371575 0.176315
165 0.484988 0.142151
166 0.190574 0.160212
167 0.179271 0.12017
168 0.394159 0.182263
169 0.269447 0.124608
170 0.279645 0.111959
171 0.220556 0.143382
172 0.622558 0.158178
173 0.178971 0.185664
174 0.468861 0.167997
175 0.136459 0.182824
176 0.288305 0.198067
177 0.227693 0.204831
178 0.303454 0.18005
179 0.187553 0.143168
180 0.353782 0.179594
181 0.351346 0.13921
182 0.373434 0.173574
183 0.269267 0.157955
184 0.323756 0.160576
185 0.408556 0.172021
186 0.300256 0.192952
187 -0.0562911 0.146769
188 0.268327 0.110633
189 0.0813591 0.15772
190 0.189161 0.138825
191 -0.02185 0.155978
192 0.370122 0.229266
193 0.323059 0.155398
194 0.136468 0.17979
195 0.340506 0.154097
196 0.123233 0.143896
197 0.411074 0.221849
198 0.513862 0.171059
199 0.230517 0.118593
200 -0.125552 0.166951
201 0.243238 0.161751
202 0.372095 0.192963
203 0.623409 0.136008
204 0.231534 0.191574
205 0.424248 0.105677
206 0.197869 0.115768
207 0.0384956 0.150265
208 0.247672 0.186217
209 0.589805 0.149584
210 0.222498 0.1596
211 0.261172 0.147115
212 0.575889 0.178119
213 0.14199 0.144862
214 0.462938 0.162903
215 0.382328 0.169895
216 0.379218 0.188726
217 0.621675 0.153349
218 0.435818 0.236819
219 0.381012 0.112562
220 -0.0210523 0.130636
221 0.321417 0.223848
222 0.216126 0.160913
223 0.0801114 0.155078
224 0.426381 0.147476
225 0.353907 0.193248
226 0.481411 0.163864
227 0.263473 0.241079
228 0.25181 0.161241
229 0.396716 0.211704
230 0.392758 0.173499
231 0.18437 0.150357
232 0.141188 0.131031
233 0.439511 0.179089
234 0.300283 0.193965
235 0.468546 0.223491
236 0.0880468 0.172678
237 0.669835 0.165664
238 0.290041 0.220603
239 0.348079 0.252516
240 0.101724 0.191536
241 0.358212 0.196682
242 0.0888952 0.250493
243 0.193528 0.170023
244 0.229855 0.14456
245 0.293535 0.129223
246 0.421334 0.210673
247 0.331372 0.182649
248 0.434584 0.12655
249 0.247743 0.144751
250 0.258852 0.211158
251 0.390255 0.177241
252 0.26609 0.195494
253 0.57601 0.228458
254 0.101788 0.175357
255 -0.247812 0.189201
256 0.436705 0.197712
257 0.211716 0.16499
258 0.178225 0.207925
259 0.615187 0.183735
260 0.434205 0.228668
261 0.201777 0.195813
262 0.333027 0.192655
263 0.28148 0.18437
264 0.693617 0.280733
265 0.651203 0.216155
266 -0.250891 0.210371
267 0.670831 0.220214
268 0.223655 0.18015
269 0.394443 0.241242
270 0.13432 0.188976
271 0.647324 0.181624
272 0.37822 0.152936
273 0.380418 0.20858
274 0.246351 0.190065
275 0.277012 0.219467
276 0.628019 0.155598
277 0.497192 0.179566
278 0.0554363 0.228387
279 0.363809 0.187032
280 0.70421 0.177252
281 0.701703 0.213752
282 0.34339 0.179453
283 0.105218 0.256135
284 0.220958 0.186883
285 0.324316 0.208563
286 0.626432 0.227254
287 0.232585 0.297132
288 0.323519 0.229662
289 0.320384 0.256215
290 -0.0423824 0.238874
291 0.479273 0.250018
292 0.398444 0.254052
293 0.274123 0.204003
294 0.191226 0.250639
295 0.198564 0.241683
296 0.122782 0.258264
297 0.228483 0.227757
298 0.738261 0.306784
299 0.35705 0.000774338
