-4.9875 0 0
-4.9625 0 0
-4.9375 0 0
-4.9125 0 0
-4.8875 0 0
-4.8625 0 0
-4.8375 0 0
-4.8125 0 0
-4.7875 0 0
-4.7625 0 0
-4.7375 0 0
-4.7125 0 0
-4.6875 0 0
-4.6625 0 0
-4.6375 0 0
-4.6125 0 0
-4.5875 0 0
-4.5625 0 0
-4.5375 0 0
-4.5125 0 0
-4.4875 0 0
-4.4625 0 0
-4.4375 0 0
-4.4125 0 0
-4.3875 0 0
-4.3625 0 0
-4.3375 0 0
-4.3125 0 0
-4.2875 0 0
-4.2625 0 0
-4.2375 0 0
-4.2125 0 0
-4.1875 0 0
-4.1625 0 0
-4.1375 0 0
-4.1125 0 0
-4.0875 0 0
-4.0625 0 0
-4.0375 0 0
-4.0125 0 0
-3.9875 0 0
-3.9625 0 0
-3.9375 0 0
-3.9125 0 0
-3.8875 0 0
-3.8625 0 0
-3.8375 0 0
-3.8125 0 0
-3.7875 0 0
-3.7625 0 0
-3.7375 0 0
-3.7125 0 0
-3.6875 0 0
-3.6625 0 0
-3.6375 0 0
-3.6125 0 0
-3.5875 0 0
-3.5625 0 0
-3.5375 0 0
-3.5125 0 0
-3.4875 0 0
-3.4625 0 0
-3.4375 0 0
-3.4125 0 0
-3.3875 0 0
-3.3625 0 0
-3.3375 0 0
-3.3125 0 0
-3.2875 0 0
-3.2625 0 0
-3.2375 0 0
-3.2125 0 0
-3.1875 0 0
-3.1625 0 0
-3.1375 0 0
-3.1125 0 0
-3.0875 0 0
-3.0625 0 0
-3.0375 0 0
-3.0125 0 0
-2.9875 0 0
-2.9625 0 0
-2.9375 0 0
-2.9125 0 0
-2.8875 0 0
-2.8625 0 0
-2.8375 0 0
-2.8125 0 0
-2.7875 0 0
-2.7625 0 0
-2.7375 0 0
-2.7125 0 0
-2.6875 0 0
-2.6625 0 0
-2.6375 0 0
-2.6125 0 0
-2.5875 0 0
-2.5625 0 0
-2.5375 8.19672e-06 7.98918e-06
-2.5125 0 0
-2.4875 2.45902e-05 1.74842e-05
-2.4625 4.09836e-05 2.55943e-05
-2.4375 6.55738e-05 3.73828e-05
-2.4125 4.09836e-05 1.9655e-05
-2.3875 5.7377e-05 2.90377e-05
-2.3625 9.01639e-05 4.56006e-05
-2.3375 0.000204918 9.11828e-05
-2.3125 0.000254098 8.15357e-05
-2.2875 0.000393443 0.000131863
-2.2625 0.00045082 9.40839e-05
-2.2375 0.000508197 0.00012693
-2.2125 0.000688525 0.000125707
-2.1875 0.00112295 0.000184116
-2.1625 0.00118033 0.000192789
-2.1375 0.00170492 0.000251681
-2.1125 0.00205738 0.000211683
-2.0875 0.00272951 0.000217877
-2.0625 0.00314754 0.000224057
-2.0375 0.00410656 0.000254092
-2.0125 0.00514754 0.00031902
-1.9875 0.00663115 0.000387675
-1.9625 0.0082623 0.000379429
-1.9375 0.00966393 0.000465769
-1.9125 0.0109426 0.000623045
-1.8875 0.0136803 0.000660381
-1.8625 0.0172705 0.000656278
-1.8375 0.0199836 0.000761978
-1.8125 0.0238689 0.000714047
-1.7875 0.0287541 0.00106528
-1.7625 0.0328279 0.0012349
-1.7375 0.0383279 0.00140986
-1.7125 0.0449262 0.00156476
-1.6875 0.0505902 0.00146359
-1.6625 0.058582 0.00180939
-1.6375 0.0666066 0.00200597
-1.6125 0.0773934 0.00235909
-1.5875 0.0829836 0.00176207
-1.5625 0.0946311 0.00263208
-1.5375 0.102123 0.00292274
-1.5125 0.114738 0.00266205
-1.4875 0.126574 0.00333783
-1.4625 0.139902 0.00349
-1.4375 0.152656 0.00365895
-1.4125 0.166811 0.00416949
-1.3875 0.178893 0.00381296
-1.3625 0.196656 0.00420712
-1.3375 0.209049 0.00398985
-1.3125 0.22468 0.00418724
-1.2875 0.237582 0.00441997
-1.2625 0.251992 0.00430496
-1.2375 0.269238 0.00401829
-1.2125 0.279877 0.00475713
-1.1875 0.291885 0.00498776
-1.1625 0.304984 0.00484884
-1.1375 0.315566 0.00466362
-1.1125 0.324844 0.00492748
-1.0875 0.336279 0.00484459
-1.0625 0.34441 0.00411292
-1.0375 0.351254 0.00484516
-1.0125 0.36027 0.00497763
-0.9875 0.367295 0.00479751
-0.9625 0.371844 0.00516946
-0.9375 0.381393 0.00548369
-0.9125 0.384754 0.00563138
-0.8875 0.39382 0.0058244
-0.8625 0.390385 0.00553702
-0.8375 0.390418 0.00543983
-0.8125 0.39618 0.00533682
-0.7875 0.395672 0.00512174
-0.7625 0.391943 0.00466318
-0.7375 0.393615 0.00381401
-0.7125 0.391475 0.00461492
-0.6875 0.390434 0.00504483
-0.6625 0.385754 0.00454206
-0.6375 0.381213 0.00472804
-0.6125 0.380016 0.00470115
-0.5875 0.377984 0.00398743
-0.5625 0.373426 0.00335669
-0.5375 0.372549 0.00441741
-0.5125 0.361057 0.00442653
-0.4875 0.357975 0.00430663
-0.4625 0.355361 0.00415612
-0.4375 0.35227 0.0048767
-0.4125 0.349516 0.00397877
-0.3875 0.339098 0.00375901
-0.3625 0.335959 0.00413255
-0.3375 0.332131 0.00372407
-0.3125 0.327 0.00371716
-0.2875 0.324557 0.00377364
-0.2625 0.324434 0.00306414
-0.2375 0.320697 0.003918
-0.2125 0.317918 0.00383792
-0.1875 0.316959 0.00322298
-0.1625 0.31009 0.00325135
-0.1375 0.309525 0.00199394
-0.1125 0.303459 0.0025113
-0.0875 0.30818 0.00384084
-0.0625 0.303016 0.00358866
-0.0375 0.309205 0.00309081
-0.0125 0.309705 0.00357141
0.0125 0.305066 0.00336782
0.0375 0.30973 0.00391196
0.0625 0.306779 0.00373064
0.0875 0.308631 0.00279926
0.1125 0.309885 0.00298212
0.1375 0.314361 0.00334546
0.1625 0.314164 0.00325182
0.1875 0.318238 0.00246624
0.2125 0.317287 0.00243025
0.2375 0.323148 0.00257164
0.2625 0.322918 0.00251108
0.2875 0.332492 0.00259355
0.3125 0.332369 0.00321482
0.3375 0.334262 0.0034705
0.3625 0.337918 0.00303511
0.3875 0.340582 0.00413551
0.4125 0.347738 0.0044583
0.4375 0.34818 0.00427734
0.4625 0.358049 0.00474946
0.4875 0.36182 0.00391292
0.5125 0.365492 0.00351624
0.5375 0.36782 0.00397175
0.5625 0.372828 0.00414088
0.5875 0.37177 0.00377045
0.6125 0.375566 0.00333786
0.6375 0.379828 0.00352325
0.6625 0.382828 0.00413687
0.6875 0.38123 0.00449392
0.7125 0.383459 0.00477643
0.7375 0.386967 0.0052004
0.7625 0.386475 0.00439519
0.7875 0.385369 0.00520374
0.8125 0.384877 0.00510259
0.8375 0.381475 0.00495822
0.8625 0.382475 0.00562374
0.8875 0.382795 0.00584683
0.9125 0.37468 0.00518604
0.9375 0.365254 0.00514622
0.9625 0.360107 0.00611266
0.9875 0.356926 0.00670029
1.0125 0.349041 0.00638726
1.0375 0.343156 0.00727852
1.0625 0.334918 0.00731768
1.0875 0.327574 0.00672366
1.1125 0.320516 0.0071219
1.1375 0.30732 0.00628254
1.1625 0.294082 0.00643641
1.1875 0.284336 0.00566627
1.2125 0.266918 0.00520265
1.2375 0.256811 0.00448867
1.2625 0.243246 0.00447659
1.2875 0.23027 0.00449925
1.3125 0.214639 0.00426726
1.3375 0.203172 0.00457304
1.3625 0.187721 0.00411645
1.3875 0.173689 0.00427865
1.4125 0.160598 0.00396637
1.4375 0.144992 0.00330702
1.4625 0.131943 0.00325987
1.4875 0.121623 0.00271112
1.5125 0.11009 0.00219729
1.5375 0.100705 0.00242091
1.5625 0.0872049 0.00216835
1.5875 0.0770984 0.0021512
1.6125 0.0716475 0.00191398
1.6375 0.0628852 0.00219306
1.6625 0.0543197 0.00197428
1.6875 0.0485738 0.00150115
1.7125 0.040623 0.00111864
1.7375 0.0342295 0.000960983
1.7625 0.0301885 0.000892899
1.7875 0.0258525 0.000876712
1.8125 0.0218689 0.000751457
1.8375 0.018377 0.000781651
1.8625 0.0151475 0.000583915
1.8875 0.0127951 0.000560919
1.9125 0.0104754 0.000684502
1.9375 0.00859016 0.000457756
1.9625 0.00694262 0.000457591
1.9875 0.00535246 0.000384508
2.0125 0.00431148 0.000383077
2.0375 0.00354918 0.000329356
2.0625 0.00285246 0.000289194
2.0875 0.00201639 0.000287961
2.1125 0.00172951 0.000292905
2.1375 0.00140984 0.00024188
2.1625 0.000934426 0.000158559
2.1875 0.000704918 0.000136223
2.2125 0.000606557 0.000119402
2.2375 0.000540984 0.000113636
2.2625 0.00045082 0.000118144
2.2875 0.000303279 8.61826e-05
2.3125 0.000204918 5.03615e-05
2.3375 6.55738e-05 2.93255e-05
2.3625 6.55738e-05 2.43154e-05
2.3875 9.83607e-05 4.39882e-05
2.4125 5.7377e-05 3.1266e-05
2.4375 4.09836e-05 1.58729e-05
2.4625 6.55738e-05 4.83537e-05
2.4875 3.27869e-05 2.19941e-05
2.5125 4.09836e-05 2.28187e-05
2.5375 3.27869e-05 3.19567e-05
2.5625 8.19672e-06 7.98918e-06
2.5875 8.19672e-06 7.98918e-06
2.6125 0 0
2.6375 0 0
2.6625 0 0
2.6875 0 0
2.7125 0 0
2.7375 0 0
2.7625 0 0
2.7875 0 0
2.8125 0 0
2.8375 0 0
2.8625 0 0
2.8875 0 0
2.9125 0 0
2.9375 0 0
2.9625 0 0
2.9875 0 0
3.0125 0 0
3.0375 0 0
3.0625 0 0
3.0875 0 0
3.1125 0 0
3.1375 0 0
3.1625 0 0
3.1875 0 0
3.2125 0 0
3.2375 0 0
3.2625 0 0
3.2875 0 0
3.3125 0 0
3.3375 0 0
3.3625 0 0
3.3875 0 0
3.4125 0 0
3.4375 0 0
3.4625 0 0
3.4875 0 0
3.5125 0 0
3.5375 0 0
3.5625 0 0
3.5875 0 0
3.6125 0 0
3.6375 0 0
3.6625 0 0
3.6875 0 0
3.7125 0 0
3.7375 0 0
3.7625 0 0
3.7875 0 0
3.8125 0 0
3.8375 0 0
3.8625 0 0
3.8875 0 0
3.9125 0 0
3.9375 0 0
3.9625 0 0
3.9875 0 0
4.0125 0 0
4.0375 0 0
4.0625 0 0
4.0875 0 0
4.1125 0 0
4.1375 0 0
4.1625 0 0
4.1875 0 0
4.2125 0 0
4.2375 0 0
4.2625 0 0
4.2875 0 0
4.3125 0 0
4.3375 0 0
4.3625 0 0
4.3875 0 0
4.4125 0 0
4.4375 0 0
4.4625 0 0
4.4875 0 0
4.5125 0 0
4.5375 0 0
4.5625 0 0
4.5875 0 0
4.6125 0 0
4.6375 0 0
4.6625 0 0
4.6875 0 0
4.7125 0 0
4.7375 0 0
4.7625 0 0
4.7875 0 0
4.8125 0 0
4.8375 0 0
4.8625 0 0
4.8875 0 0
4.9125 0 0
4.9375 0 0
4.9625 0 0
4.9875 0 0
