0 0.358449 0.000591889
1 1.88738 3.28335
2 5.10658 3.02918
3 0.221635 4.46066
4 2.79619 3.76464
5 -1.79801 5.32407
6 6.30469 4.33912
7 2.6002 4.40605
8 0.78149 3.99076
9 -0.140048 4.10736
10 4.5169 3.83901
11 1.16425 4.42805
12 2.96497 2.50433
13 -1.89288 2.93185
14 -0.880379 3.09531
15 3.87271 3.39715
16 -3.97935 3.48021
17 5.16182 4.48531
18 -4.3494 3.90286
19 1.05271 4.19195
20 -1.98393 3.96626
21 11.1491 3.56815
22 3.44974 4.14611
23 3.09353 3.1521
24 -2.56754 2.11478
25 -1.01791 3.00094
26 4.32978 4.1205
27 0.811348 3.28532
28 1.71533 4.50757
29 3.36982 3.49709
30 -4.32884 3.2528
31 -1.55341 3.02066
32 0.962035 4.14693
33 3.11561 3.15309
34 -6.28003 2.68299
35 0.438873 4.49729
36 4.38104 3.43567
37 -8.67785 3.72768
38 7.08512 3.15091
39 -5.29818 3.45184
40 -2.49212 2.74861
41 0.600019 3.18014
42 3.53658 3.28907
43 -0.176059 3.5188
44 5.57095 4.50802
45 -2.97832 4.02683
46 7.45368 2.75612
47 -6.00198 3.40343
48 2.59196 3.24985
49 -3.9275 3.27387
50 -4.37031 3.26658
51 -1.71219 3.79571
52 -6.41198 3.43465
53 3.59672 4.04007
54 -1.01491 3.75673
55 -6.23295 3.56832
56 -0.0875545 2.28025
57 3.4308 3.28641
58 0.368244 3.53536
59 -1.9613 3.63247
60 7.27994 4.32912
61 7.3324 3.86165
62 4.61962 3.7738
63 -4.35925 3.51213
64 -0.715556 2.91637
65 3.89367 3.47307
66 -2.20922 3.21739
67 0.875677 3.09832
68 2.61333 4.03452
69 1.63005 4.03948
70 0.982786 3.83389
71 -3.53021 3.28391
72 0.341531 3.32615
73 -0.0148187 2.98086
74 -2.83026 2.90373
75 -4.00233 3.52157
76 -1.45297 2.34477
77 0.619565 3.92153
78 -1.97985 3.96109
79 -2.96561 3.5724
80 -0.0956484 2.85433
81 -2.73768 3.09255
82 3.53577 4.30632
83 -0.00307467 3.05927
84 -2.95068 2.79738
85 -0.0679744 4.86832
86 4.54878 4.20801
87 -0.853769 3.22309
88 -4.44441 3.90782
89 -0.233591 3.95697
90 -1.31688 3.72682
91 -6.79576 3.61942
92 -0.0611079 3.8677
93 2.36455 3.45582
94 1.2911 3.27915
95 -2.7015 3.21812
96 0.521866 3.16227
97 8.23267 4.51214
98 4.7849 2.74486
99 -0.262712 3.683
100 1.28705 3.11808
101 -0.124803 5.08363
102 -2.02952 4.15415
103 3.99471 3.18623
104 1.69444 3.43117
105 3.14954 4.33921
106 1.07469 4.30349
107 4.65763 3.33133
108 1.94182 3.38524
109 1.01484 4.29803
110 -1.84735 3.88464
111 -6.38503 2.80526
112 -3.45401 4.20039
113 4.30843 3.98896
114 1.91404 3.54216
115 -0.421959 4.21459
116 1.38907 4.68496
117 4.26977 3.36333
118 2.02947 4.50882
119 5.4916 4.12648
120 2.53885 2.81785
121 -0.667058 3.20913
122 0.614441 2.94989
123 1.52273 2.96917
124 3.63835 3.17722
125 -0.932531 3.27049
126 10.961 3.60399
127 -5.9504 3.52008
128 -2.75638 2.8872
129 5.1474 3.6474
130 2.55028 3.09542
131 -8.89135 3.98476
132 3.84951 3.5681
133 1.39722 3.77087
134 4.22371 4.27563
135 -0.524954 4.19611
136 2.42834 4.12469
137 -0.813731 3.1756
138 -1.58282 3.91661
139 -3.3825 3.53205
140 3.37368 3.53274
141 -4.27535 4.21776
142 -0.97401 3.6708
143 -7.36437 4.1812
144 3.68159 3.74375
145 -0.563439 3.06506
146 -0.600785 2.92586
147 3.66537 4.15476
148 0.593737 3.82616
149 -2.96044 4.10763
150 1.04301 3.71841
151 -6.61659 4.39213
152 -0.261148 3.50132
153 -2.3391 4.63008
154 0.217193 2.5012
155 1.30903 3.25188
156 -3.43761 4.3099
157 0.741336 3.86328
158 -0.269045 3.59032
159 3.21389 2.68467
160 0.444707 3.9567
161 -4.87761 3.98179
162 -1.85271 3.39219
163 -0.489452 4.21706
164 -4.30521 3.7921
165 -3.20811 3.78658
166 2.90203 3.24762
167 -0.86501 3.00514
168 -0.0942701 4.47843
169 -3.31548 3.57206
170 1.70084 3.61439
171 -1.97685 2.644
172 -1.16873 3.03848
173 4.17447 3.36311
174 -3.07667 3.8702
175 0.0224649 4.22756
176 -4.08421 3.86939
177 0.0768511 3.46527
178 0.741574 3.41834
179 -4.73226 4.12132
180 4.64735 3.43393
181 3.37743 3.74465
182 0.3698 4.7462
183 2.81485 4.35441
184 0.451976 3.92451
185 7.13952 3.96969
186 -1.62601 3.81919
187 -1.48507 4.07889
188 -3.64983 3.38448
189 1.13508 3.00942
190 1.34623 3.25197
191 -6.06089 2.76429
192 0.548156 3.91201
193 2.35346 3.20874
194 -4.61189 4.40173
195 3.45627 3.4441
196 -6.36118 3.21922
197 0.0863119 4.42055
198 6.20689 4.10627
199 0.0878756 3.67599
200 -5.65773 3.31054
201 -3.41799 4.27364
202 0.648144 4.17131
203 10.5294 3.37643
204 -4.03406 3.04359
205 3.57254 3.06484
206 -5.14749 3.2004
207 -3.21319 3.82371
208 -4.94221 3.60626
209 7.8164 2.75568
210 -4.92654 3.8316
211 0.29668 4.55306
212 -0.395582 4.26441
213 -4.87648 2.80866
214 4.14933 3.52459
215 1.90852 2.98756
216 6.12801 4.28488
217 6.89215 3.81031
218 0.815015 5.52463
219 -0.0388432 3.01636
220 -1.59735 4.63521
221 2.61836 3.76413
222 -2.95457 3.08687
223 3.15617 3.51763
224 -0.825819 3.7762
225 -0.208363 5.38278
226 -0.68528 4.46161
227 3.03023 3.6626
228 -1.23241 3.21561
229 -5.18739 3.54762
230 1.75283 4.26374
231 -2.09497 2.91261
232 2.76928 3.4036
233 0.436487 3.72614
234 0.833587 3.84912
235 -1.34806 4.38217
236 1.16569 3.72255
237 7.04147 3.81434
238 1.83828 4.62158
239 4.48369 3.72483
240 -1.22147 2.79065
241 1.8491 2.98796
242 0.600978 4.50336
243 -0.584254 4.0664
244 0.627433 2.29596
245 -1.75236 2.93919
246 1.09082 2.76308
247 -6.8027 3.21139
248 4.00074 3.39979
249 -5.7254 2.8575
250 -0.91439 3.47976
251 3.67799 3.71342
252 0.258802 2.99397
253 4.32343 4.27763
254 -8.92049 3.3239
255 -4.71478 3.64951
256 6.9875 4.75745
257 -1.35158 2.98666
258 -3.13426 4.29724
259 2.85163 3.70855
260 -0.868797 4.20968
261 -2.22032 3.36161
262 0.0919594 4.26741
263 1.58326 3.85888
264 6.17305 4.0372
265 1.89134 4.00749
266 -7.50938 3.25659
267 1.94063 3.23352
268 -8.51561 5.49369
269 6.99262 3.48337
270 -3.83589 3.97221
271 9.13666 3.63155
272 -1.22611 3.10938
273 -8.64744 3.83111
274 -2.82087 4.08675
275 0.0245477 4.70524
276 4.35739 3.5124
277 -0.632748 3.91256
278 -2.80409 3.98776
279 0.148189 3.40079
280 3.64578 3.88645
281 8.11678 4.72413
282 -0.885604 3.65259
283 1.17787 3.42872
284 2.9608 3.1218
285 -1.69335 4.03372
286 5.33951 3.68519
287 1.81596 3.98558
288 6.47714 3.42644
289 0.215722 3.80665
290 -2.87807 4.53972
291 6.47386 4.03303
292 -1.59073 3.57344
293 3.29696 3.00563
294 -6.92004 3.76925
295 -0.0291008 3.52688
296 4.1287 3.27482
297 2.03546 3.23537
298 5.21736 4.27306
299 0.3578 0.000349867
