0 -0.769753 0.00425098
1 -0.770094 0.00390445
2 -0.77142 0.00363642
3 -0.772493 0.00338468
4 -0.773663 0.00308264
5 -0.773739 0.00299472
6 -0.774057 0.00293061
7 -0.775504 0.00307688
8 -0.776754 0.00276015
9 -0.777337 0.00289352
10 -0.777423 0.00289585
11 -0.776258 0.00303336
12 -0.776865 0.00311072
13 -0.775451 0.00332015
14 -0.776469 0.00324417
15 -0.776824 0.00343078
16 -0.777276 0.00344528
17 -0.778422 0.00353312
18 -0.77603 0.00359423
19 -0.775473 0.00345433
20 -0.777169 0.00316928
21 -0.776354 0.00301916
22 -0.778693 0.00298058
23 -0.779389 0.00341772
24 -0.779932 0.00305938
25 -0.778664 0.00296118
26 -0.778408 0.00279118
27 -0.779575 0.00304573
28 -0.780358 0.00277118
29 -0.778729 0.0026077
30 -0.778576 0.0032326
31 -0.779709 0.00347791
32 -0.78089 0.00341075
33 -0.780214 0.00272389
34 -0.780995 0.00287557
35 -0.782099 0.00315203
36 -0.780133 0.0030924
37 -0.780176 0.00336222
38 -0.779409 0.00321994
39 -0.779601 0.00351552
40 -0.779799 0.0035403
41 -0.780297 0.00354196
42 -0.780502 0.0035166
43 -0.780325 0.00317665
44 -0.781234 0.00304767
45 -0.779971 0.00300099
46 -0.780708 0.00283443
47 -0.781702 0.00300705
48 -0.783179 0.00276418
49 -0.782204 0.00285216
50 -0.780766 0.00292452
51 -0.781123 0.00276827
52 -0.782326 0.00276184
53 -0.781674 0.00251984
54 -0.780615 0.00268364
55 -0.781168 0.0025687
56 -0.781227 0.00260462
57 -0.780667 0.00283762
58 -0.779887 0.00315189
59 -0.781039 0.0036269
60 -0.781844 0.00376596
61 -0.782514 0.00368048
62 -0.78189 0.00356796
63 -0.78147 0.00358314
64 -0.781641 0.00341546
65 -0.781486 0.0031523
66 -0.782648 0.00322072
67 -0.782658 0.00330729
68 -0.783044 0.00330844
69 -0.78362 0.00312563
70 -0.783636 0.00305386
71 -0.783484 0.00343625
72 -0.784228 0.00332388
73 -0.781955 0.00336264
74 -0.780476 0.00301932
75 -0.77934 0.00275178
76 -0.776871 0.00267042
77 -0.777028 0.00270847
78 -0.775764 0.00264325
79 -0.77696 0.00244091
80 -0.777619 0.002343
81 -0.777884 0.0024063
82 -0.779013 0.00254499
83 -0.777493 0.00268094
84 -0.780107 0.00266979
85 -0.780727 0.00280906
86 -0.780013 0.00287683
87 -0.780605 0.00307543
88 -0.780985 0.00322713
89 -0.781939 0.00326038
90 -0.782198 0.00306879
91 -0.78166 0.003476
92 -0.781888 0.00338652
93 -0.782347 0.00333053
94 -0.78367 0.00360672
95 -0.783072 0.00362167
96 -0.781836 0.00328388
97 -0.7819 0.00333701
98 -0.781177 0.00351632
99 -0.780782 0.0033301
100 -0.782266 0.00309738
101 -0.780715 0.00318687
102 -0.779842 0.00300959
103 -0.779668 0.00306765
104 -0.778569 0.00306177
105 -0.778539 0.00303855
106 -0.778796 0.00337547
107 -0.778538 0.00315946
108 -0.776107 0.00309583
109 -0.777166 0.00322803
110 -0.777004 0.00318815
111 -0.776665 0.00315349
112 -0.775748 0.00282451
113 -0.775166 0.00308901
114 -0.776866 0.00326503
115 -0.776897 0.00352436
116 -0.778232 0.00301817
117 -0.779224 0.00296913
118 -0.779891 0.00308517
119 -0.780411 0.00314972
120 -0.780403 0.00303532
121 -0.781286 0.00304391
122 -0.780151 0.0031297
123 -0.780068 0.0030025
124 -0.780836 0.00332214
125 -0.782111 0.00338365
126 -0.780612 0.00382657
127 -0.780999 0.00381618
128 -0.780658 0.00344916
129 -0.781111 0.00346306
130 -0.783492 0.00336281
131 -0.783428 0.00345049
132 -0.783848 0.00349173
133 -0.784372 0.00346911
134 -0.784224 0.00347662
135 -0.783805 0.00355587
136 -0.783156 0.00347156
137 -0.783534 0.00326593
138 -0.783834 0.00318701
139 -0.783688 0.00296908
140 -0.784274 0.00313457
141 -0.782952 0.00297362
142 -0.784034 0.00294642
143 -0.785306 0.00277118
144 -0.78544 0.00267663
145 -0.785183 0.00296366
146 -0.785892 0.00298449
147 -0.786941 0.00288209
148 -0.788723 0.00289707
149 -0.788128 0.00302188
150 -0.78832 0.00290346
151 -0.788445 0.00279681
152 -0.788626 0.00275923
153 -0.788366 0.00295009
154 -0.7871 0.00289128
155 -0.786028 0.00273024
156 -0.785074 0.00288687
157 -0.785898 0.00249928
158 -0.785169 0.00247084
159 -0.784872 0.00239939
160 -0.785454 0.00259918
161 -0.783575 0.00240829
162 -0.783368 0.00223263
163 -0.784113 0.00240737
164 -0.783413 0.00246709
165 -0.783516 0.00224953
166 -0.782806 0.00220446
167 -0.783129 0.00181037
168 -0.783338 0.00216332
169 -0.781595 0.0023704
170 -0.782013 0.00234663
171 -0.782636 0.00240592
172 -0.782457 0.00237188
173 -0.781572 0.00239851
174 -0.781556 0.00245189
175 -0.781784 0.00227367
176 -0.781844 0.0020642
177 -0.781972 0.00186079
178 -0.780951 0.00227601
179 -0.780804 0.00218493
180 -0.782219 0.00202187
181 -0.782912 0.00221034
182 -0.782728 0.00189072
183 -0.781841 0.00210924
184 -0.781725 0.0022886
185 -0.781417 0.00254033
186 -0.781823 0.00280602
187 -0.779991 0.00273471
188 -0.779982 0.00280776
189 -0.77934 0.00286276
190 -0.78058 0.00331547
191 -0.781901 0.0031041
192 -0.781168 0.00288461
193 -0.78139 0.00282545
194 -0.781465 0.00294553
195 -0.779746 0.00280591
196 -0.780539 0.00319804
197 -0.780318 0.00279116
198 -0.781117 0.00280586
199 -0.779972 0.0028741
200 -0.780958 0.00270998
201 -0.780738 0.00290858
202 -0.781359 0.00290755
203 -0.782161 0.00299516
204 -0.781187 0.00310405
205 -0.782072 0.00305771
206 -0.78186 0.00288749
207 -0.780986 0.00261949
208 -0.781729 0.00256289
209 -0.782273 0.00317379
210 -0.781848 0.0031181
211 -0.781145 0.00309703
212 -0.781196 0.00299366
213 -0.782565 0.00311482
214 -0.784287 0.00304259
215 -0.784694 0.00346203
216 -0.783701 0.0036941
217 -0.785042 0.00384995
218 -0.784689 0.00362225
219 -0.784135 0.00378188
220 -0.784796 0.00365852
221 -0.783719 0.00333597
222 -0.784133 0.00319366
223 -0.783938 0.00329001
224 -0.783286 0.00359928
225 -0.783563 0.00370177
226 -0.784422 0.00358156
227 -0.783987 0.00367475
228 -0.783808 0.00365802
229 -0.783073 0.00317965
230 -0.782633 0.00305111
231 -0.782584 0.00286606
232 -0.781493 0.00289219
233 -0.781126 0.00295051
234 -0.781258 0.00298363
235 -0.780159 0.00316849
236 -0.781422 0.00291452
237 -0.779322 0.00302338
238 -0.780243 0.00285381
239 -0.780103 0.00281267
240 -0.779109 0.00267121
241 -0.777819 0.00294507
242 -0.779034 0.00330772
243 -0.778058 0.00316073
244 -0.77851 0.00310336
245 -0.777132 0.00304171
246 -0.776876 0.00300988
247 -0.776349 0.00324148
248 -0.774641 0.00289396
249 -0.775145 0.00310756
250 -0.776556 0.00341617
251 -0.777086 0.00316466
252 -0.776081 0.00333228
253 -0.776055 0.00348549
254 -0.775765 0.00390921
255 -0.7743 0.00354684
256 -0.774871 0.0033732
257 -0.774386 0.00340408
258 -0.775892 0.00330628
259 -0.775362 0.00315523
260 -0.775352 0.0027205
261 -0.77494 0.00281729
262 -0.776296 0.00298314
263 -0.77723 0.00276486
264 -0.777817 0.0026274
265 -0.778125 0.00301647
266 -0.779656 0.00273152
267 -0.782088 0.00290801
268 -0.78112 0.00272574
269 -0.782319 0.00309498
270 -0.782974 0.00329196
271 -0.781342 0.0030708
272 -0.782579 0.0035502
273 -0.781938 0.00348006
274 -0.783373 0.00362766
275 -0.782598 0.00392489
276 -0.781985 0.00387902
277 -0.782542 0.00385856
278 -0.783169 0.00403416
279 -0.78511 0.00398905
280 -0.78435 0.00423282
281 -0.783217 0.00403395
282 -0.78108 0.00409057
283 -0.781705 0.00373741
284 -0.780567 0.00376406
285 -0.781262 0.00347731
286 -0.782031 0.00334464
287 -0.782892 0.00324627
288 -0.780556 0.00333909
289 -0.781001 0.00295516
290 -0.780238 0.00359271
291 -0.779725 0.00329245
292 -0.780117 0.00272748
293 -0.779441 0.00302004
294 -0.77868 0.00356574
295 -0.77803 0.00385812
296 -0.778079 0.00384078
297 -0.778709 0.00400203
298 -0.778837 0.00385907
299 -0.778409 0.00388619
