0 -0.776156 0.00482078
1 -0.776243 0.00480033
2 -0.775738 0.00481183
3 -0.7757 0.00480555
4 -0.77604 0.00479606
5 -0.776005 0.00482593
6 -0.77586 0.00482084
7 -0.776176 0.00471085
8 -0.775708 0.00467897
9 -0.775444 0.00467437
10 -0.775777 0.00462565
11 -0.775732 0.00453858
12 -0.77592 0.00455349
13 -0.775867 0.00445302
14 -0.775796 0.00437883
15 -0.776174 0.00434697
16 -0.776372 0.00431462
17 -0.776153 0.00430258
18 -0.776136 0.00434063
19 -0.775848 0.0044231
20 -0.775905 0.00445661
21 -0.775735 0.00445297
22 -0.775961 0.00433663
23 -0.776084 0.00433113
24 -0.775709 0.00431656
25 -0.775831 0.00428609
26 -0.775957 0.00427486
27 -0.77594 0.00430543
28 -0.775774 0.00423899
29 -0.775742 0.00430634
30 -0.775868 0.00435818
31 -0.775743 0.00435169
32 -0.77571 0.00438437
33 -0.775594 0.0044345
34 -0.775972 0.00440655
35 -0.775226 0.00443665
36 -0.774913 0.00446339
37 -0.774561 0.00450723
38 -0.774846 0.0044882
39 -0.774831 0.00444126
40 -0.774647 0.00442414
41 -0.774499 0.00445054
42 -0.774796 0.00437642
43 -0.775061 0.00438379
44 -0.775128 0.00438937
45 -0.775387 0.00436747
46 -0.77523 0.00437153
47 -0.775193 0.00435144
48 -0.775061 0.00440148
49 -0.774841 0.00448119
50 -0.774768 0.00450609
51 -0.774406 0.00447517
52 -0.774331 0.00451517
53 -0.774643 0.00450279
54 -0.774348 0.00440064
55 -0.774489 0.00439483
56 -0.774211 0.0043967
57 -0.774186 0.00441998
58 -0.774191 0.00443781
59 -0.774503 0.00445518
60 -0.774874 0.00446125
61 -0.774757 0.00434989
62 -0.774743 0.00439961
63 -0.774755 0.0044375
64 -0.774485 0.00440931
65 -0.774484 0.00442677
66 -0.774267 0.00443002
67 -0.774269 0.00437973
68 -0.774383 0.00446789
69 -0.774481 0.00448641
70 -0.774811 0.00441
71 -0.774656 0.00444349
72 -0.774533 0.00444417
73 -0.774428 0.00447948
74 -0.774215 0.00449143
75 -0.773981 0.00451243
76 -0.774234 0.0045787
77 -0.773851 0.00453629
78 -0.773641 0.00454469
79 -0.773637 0.00454186
80 -0.774038 0.00451912
81 -0.77383 0.00443852
82 -0.773809 0.0044073
83 -0.774091 0.00441256
84 -0.774531 0.00441208
85 -0.774617 0.00443433
86 -0.77443 0.00438381
87 -0.774559 0.00437851
88 -0.774702 0.00440039
89 -0.774546 0.00439622
90 -0.774357 0.00435797
91 -0.774281 0.00432616
92 -0.774469 0.00428618
93 -0.774045 0.00424466
94 -0.77434 0.00420642
95 -0.774392 0.00415222
96 -0.774462 0.00416916
97 -0.774646 0.00409107
98 -0.774361 0.0041582
99 -0.774333 0.0042035
100 -0.774345 0.00409062
101 -0.774366 0.00406011
102 -0.774617 0.00399911
103 -0.774625 0.00396566
104 -0.774789 0.00394013
105 -0.774694 0.00394659
106 -0.774525 0.0038584
107 -0.774242 0.00385243
108 -0.774107 0.0039461
109 -0.774124 0.00393492
110 -0.774373 0.00391215
111 -0.774194 0.00393232
112 -0.77443 0.00389603
113 -0.774502 0.00391648
114 -0.774607 0.00394867
115 -0.774657 0.00397365
116 -0.774761 0.00397045
117 -0.774889 0.00403169
118 -0.774843 0.00397352
119 -0.774884 0.00391777
120 -0.774863 0.00399728
121 -0.775323 0.00397803
122 -0.775172 0.0039728
123 -0.775142 0.00399993
124 -0.775274 0.00393035
125 -0.775537 0.00390739
126 -0.775543 0.00390578
127 -0.775839 0.00389447
128 -0.775992 0.00389347
129 -0.775957 0.00393655
130 -0.776377 0.00397834
131 -0.776212 0.00391487
132 -0.776238 0.00391559
133 -0.776263 0.00386811
134 -0.776283 0.00391279
135 -0.776176 0.00387389
136 -0.776042 0.00381325
137 -0.776289 0.00379576
138 -0.776129 0.00375911
139 -0.776429 0.00378429
140 -0.776633 0.00375989
141 -0.776504 0.00381855
142 -0.776554 0.00388246
143 -0.776651 0.00391009
144 -0.77678 0.00397897
145 -0.776715 0.00397032
146 -0.776421 0.00400022
147 -0.776284 0.00407487
148 -0.776269 0.0041246
149 -0.776198 0.00420638
150 -0.776276 0.00429379
151 -0.776122 0.00431984
152 -0.776057 0.0042857
153 -0.776079 0.00431871
154 -0.776339 0.0043975
155 -0.77641 0.0044234
156 -0.776204 0.00438783
157 -0.77621 0.00441197
158 -0.776375 0.00449415
159 -0.776486 0.00447809
160 -0.776358 0.00445356
161 -0.776701 0.00442848
162 -0.776895 0.00448282
163 -0.777051 0.00441103
164 -0.776636 0.0044231
165 -0.77658 0.00443668
166 -0.776553 0.00442403
167 -0.776712 0.0043602
168 -0.776539 0.00438175
169 -0.776743 0.00442495
170 -0.776961 0.00439941
171 -0.777035 0.00436321
172 -0.777028 0.00434845
173 -0.77697 0.00434516
174 -0.776723 0.00434846
175 -0.777028 0.00437562
176 -0.777198 0.00437357
177 -0.776949 0.00438174
178 -0.776848 0.00443034
179 -0.777116 0.00442849
180 -0.777176 0.0043602
181 -0.777158 0.00435912
182 -0.776987 0.00441687
183 -0.776818 0.00441457
184 -0.77694 0.0044481
185 -0.776834 0.00444228
186 -0.776994 0.00431477
187 -0.776957 0.00434716
188 -0.776751 0.0043379
189 -0.776793 0.00434944
190 -0.776556 0.0042932
191 -0.776586 0.00435847
192 -0.776531 0.00432517
193 -0.776609 0.00432091
194 -0.776479 0.00432882
195 -0.776493 0.00426804
196 -0.776449 0.00422317
197 -0.776402 0.00424518
198 -0.776474 0.00421023
199 -0.776441 0.00418107
200 -0.776687 0.00410928
201 -0.776605 0.00416567
202 -0.776521 0.00421427
203 -0.776538 0.00425275
204 -0.776579 0.00425498
205 -0.776635 0.00426359
206 -0.7764 0.00425163
207 -0.776437 0.00427684
208 -0.776094 0.00424786
209 -0.775952 0.00423977
210 -0.775881 0.00419814
211 -0.776114 0.00429222
212 -0.776158 0.00423612
213 -0.775984 0.00427723
214 -0.775787 0.00429649
215 -0.775895 0.0043199
216 -0.776184 0.00437333
217 -0.776065 0.00434791
218 -0.775955 0.00427445
219 -0.775603 0.00423936
220 -0.775475 0.00426199
221 -0.775459 0.00423301
222 -0.775931 0.00426424
223 -0.77588 0.0043203
224 -0.776052 0.00437398
225 -0.776148 0.00438454
226 -0.776133 0.00427807
227 -0.776034 0.00427552
228 -0.775958 0.0042962
229 -0.776144 0.00432093
230 -0.776185 0.00425561
231 -0.776275 0.00432844
232 -0.776348 0.00431641
233 -0.776405 0.00439768
234 -0.776021 0.00440756
235 -0.77588 0.00440407
236 -0.775924 0.00437017
237 -0.775834 0.00429606
238 -0.775919 0.00421487
239 -0.77594 0.00436639
240 -0.77595 0.00435798
241 -0.775749 0.00438242
242 -0.775568 0.00436697
243 -0.775706 0.00440334
244 -0.775648 0.0044234
245 -0.775765 0.00445974
246 -0.775817 0.00444847
247 -0.775389 0.00449495
248 -0.775139 0.00451246
249 -0.775458 0.00450013
250 -0.775655 0.00451005
251 -0.775515 0.00448017
252 -0.77508 0.00450851
253 -0.774937 0.00450987
254 -0.774873 0.00448454
255 -0.774623 0.00450427
256 -0.774589 0.00442292
257 -0.774754 0.00440152
258 -0.77462 0.00443888
259 -0.774387 0.00442213
260 -0.77437 0.00441016
261 -0.774478 0.00434724
262 -0.77448 0.00432452
263 -0.774727 0.00437346
264 -0.774713 0.00438884
265 -0.774813 0.00435818
266 -0.774863 0.00444145
267 -0.774866 0.00452185
268 -0.774936 0.00451209
269 -0.775221 0.00449233
270 -0.775466 0.00446596
271 -0.775046 0.00448442
272 -0.775083 0.00445693
273 -0.775025 0.00442214
274 -0.774884 0.00444377
275 -0.775067 0.00440589
276 -0.774966 0.0043683
277 -0.774784 0.00448099
278 -0.774568 0.00447969
279 -0.774252 0.00451953
280 -0.774679 0.00445688
281 -0.774889 0.0044348
282 -0.774761 0.00441569
283 -0.774617 0.00444572
284 -0.774429 0.00446943
285 -0.774585 0.00439729
286 -0.774452 0.00433623
287 -0.774778 0.00437753
288 -0.774444 0.00433027
289 -0.774229 0.00436147
290 -0.77402 0.00437348
291 -0.773901 0.00437902
292 -0.774389 0.00435129
293 -0.774432 0.00433151
294 -0.774559 0.00429312
295 -0.774599 0.00426916
296 -0.775091 0.00428645
297 -0.775075 0.00427871
298 -0.775079 0.00437723
299 -0.77492 0.00440219
