-4.9875 0 0
-4.9625 0 0
-4.9375 0 0
-4.9125 0 0
-4.8875 0 0
-4.8625 0 0
-4.8375 0 0
-4.8125 0 0
-4.7875 0 0
-4.7625 0 0
-4.7375 0 0
-4.7125 0 0
-4.6875 0 0
-4.6625 0 0
-4.6375 0 0
-4.6125 0 0
-4.5875 0 0
-4.5625 0 0
-4.5375 0 0
-4.5125 0 0
-4.4875 0 0
-4.4625 0 0
-4.4375 0 0
-4.4125 0 0
-4.3875 0 0
-4.3625 0 0
-4.3375 0 0
-4.3125 0 0
-4.2875 0 0
-4.2625 0 0
-4.2375 0 0
-4.2125 0 0
-4.1875 0 0
-4.1625 0 0
-4.1375 0 0
-4.1125 0 0
-4.0875 0 0
-4.0625 0 0
-4.0375 0 0
-4.0125 0 0
-3.9875 0 0
-3.9625 0 0
-3.9375 0 0
-3.9125 0 0
-3.8875 0 0
-3.8625 0 0
-3.8375 0 0
-3.8125 0 0
-3.7875 0 0
-3.7625 0 0
-3.7375 0 0
-3.7125 0 0
-3.6875 0 0
-3.6625 0 0
-3.6375 0 0
-3.6125 0 0
-3.5875 0 0
-3.5625 0 0
-3.5375 0 0
-3.5125 0 0
-3.4875 0 0
-3.4625 0 0
-3.4375 0 0
-3.4125 0 0
-3.3875 0 0
-3.3625 0 0
-3.3375 0 0
-3.3125 0 0
-3.2875 0 0
-3.2625 0 0
-3.2375 0 0
-3.2125 0 0
-3.1875 0 0
-3.1625 0 0
-3.1375 0 0
-3.1125 0 0
-3.0875 0 0
-3.0625 0 0
-3.0375 0 0
-3.0125 0 0
-2.9875 0 0
-2.9625 0 0
-2.9375 0 0
-2.9125 0 0
-2.8875 0 0
-2.8625 0 0
-2.8375 0 0
-2.8125 0 0
-2.7875 0 0
-2.7625 0 0
-2.7375 0 0
-2.7125 0 0
-2.6875 0 0
-2.6625 0 0
-2.6375 8.19672e-06 7.98918e-06
-2.6125 0 0
-2.5875 8.19672e-06 7.98918e-06
-2.5625 0 0
-2.5375 8.19672e-06 7.98918e-06
-2.5125 2.45902e-05 1.30891e-05
-2.4875 8.19672e-06 7.98918e-06
-2.4625 8.19672e-06 7.98918e-06
-2.4375 8.19672e-06 7.98918e-06
-2.4125 5.7377e-05 2.90377e-05
-2.3875 7.37705e-05 2.16089e-05
-2.3625 9.01639e-05 2.45218e-05
-2.3375 0.000131148 3.94806e-05
-2.3125 0.000196721 3.77405e-05
-2.2875 0.000352459 5.94192e-05
-2.2625 0.000459016 7.29462e-05
-2.2375 0.000663934 8.86422e-05
-2.2125 0.000770492 0.000122183
-2.1875 0.00101639 0.000139392
-2.1625 0.00117213 0.000143044
-2.1375 0.00161475 0.000184116
-2.1125 0.00209836 0.000206908
-2.0875 0.00254918 0.000225216
-2.0625 0.00372131 0.00029236
-2.0375 0.00463934 0.000353335
-2.0125 0.00551639 0.000313684
-1.9875 0.00677049 0.000444456
-1.9625 0.00836885 0.000477873
-1.9375 0.0101148 0.000433125
-1.9125 0.0123689 0.00052324
-1.8875 0.0143361 0.000632527
-1.8625 0.0174344 0.000593827
-1.8375 0.0195984 0.00086198
-1.8125 0.0242295 0.000757263
-1.7875 0.0292213 0.000927417
-1.7625 0.0335656 0.00102468
-1.7375 0.0389016 0.00123709
-1.7125 0.0461721 0.00151683
-1.6875 0.0525574 0.0018455
-1.6625 0.0595 0.00180683
-1.6375 0.0686148 0.00194352
-1.6125 0.0767951 0.00231364
-1.5875 0.0861967 0.00244432
-1.5625 0.0972377 0.00244695
-1.5375 0.107934 0.00264536
-1.5125 0.118746 0.00275289
-1.4875 0.132852 0.00282744
-1.4625 0.144934 0.00284018
-1.4375 0.156664 0.00326771
-1.4125 0.170721 0.00336723
-1.3875 0.187803 0.00366129
-1.3625 0.198828 0.00354027
-1.3375 0.211975 0.00421701
-1.3125 0.228189 0.00443541
-1.2875 0.241057 0.00435374
-1.2625 0.254508 0.00475827
-1.2375 0.266869 0.00520229
-1.2125 0.282434 0.00563273
-1.1875 0.293066 0.00485336
-1.1625 0.30382 0.00510906
-1.1375 0.31623 0.00470774
-1.1125 0.327754 0.00546801
-1.0875 0.336541 0.00592493
-1.0625 0.345467 0.0057389
-1.0375 0.354557 0.00591872
-1.0125 0.36227 0.00657563
-0.9875 0.368893 0.00576351
-0.9625 0.374516 0.00611051
-0.9375 0.379484 0.00527714
-0.9125 0.383893 0.00542374
-0.8875 0.385025 0.00531434
-0.8625 0.385934 0.00456173
-0.8375 0.389877 0.00455863
-0.8125 0.394287 0.00493138
-0.7875 0.393221 0.00465023
-0.7625 0.391631 0.00429722
-0.7375 0.389795 0.00433094
-0.7125 0.387779 0.00507619
-0.6875 0.383443 0.00462912
-0.6625 0.378746 0.004491
-0.6375 0.377197 0.00436877
-0.6125 0.374246 0.00385525
-0.5875 0.366443 0.00357056
-0.5625 0.364295 0.00382025
-0.5375 0.362246 0.00396676
-0.5125 0.354475 0.00321121
-0.4875 0.351016 0.00362166
-0.4625 0.349557 0.00331099
-0.4375 0.341574 0.00335524
-0.4125 0.338615 0.00257459
-0.3875 0.335262 0.00274111
-0.3625 0.331918 0.00244812
-0.3375 0.324967 0.00215544
-0.3125 0.323115 0.00283358
-0.2875 0.318082 0.00218989
-0.2625 0.316811 0.00284235
-0.2375 0.311369 0.00165482
-0.2125 0.308828 0.00226604
-0.1875 0.307205 0.00298317
-0.1625 0.301566 0.00259841
-0.1375 0.298516 0.00266575
-0.1125 0.298951 0.00295094
-0.0875 0.297459 0.00298589
-0.0625 0.297336 0.00292406
-0.0375 0.294148 0.0026935
-0.0125 0.298033 0.00340252
0.0125 0.293975 0.00258416
0.0375 0.295541 0.00264269
0.0625 0.295 0.00343767
0.0875 0.297902 0.00297837
0.1125 0.300262 0.003104
0.1375 0.303402 0.00314205
0.1625 0.306516 0.00277158
0.1875 0.306254 0.00339208
0.2125 0.306664 0.00347356
0.2375 0.312934 0.00364624
0.2625 0.315164 0.00355999
0.2875 0.317746 0.00332837
0.3125 0.323984 0.00329594
0.3375 0.325697 0.00358874
0.3625 0.333754 0.00288794
0.3875 0.333828 0.00356915
0.4125 0.340426 0.00308805
0.4375 0.345303 0.00348131
0.4625 0.351336 0.00318818
0.4875 0.353721 0.00380997
0.5125 0.36173 0.00466778
0.5375 0.362959 0.00425511
0.5625 0.367811 0.00406017
0.5875 0.372623 0.00418925
0.6125 0.376418 0.00395062
0.6375 0.377852 0.00466688
0.6625 0.379279 0.00422998
0.6875 0.384623 0.00463786
0.7125 0.389016 0.004766
0.7375 0.393238 0.00518788
0.7625 0.393943 0.00539575
0.7875 0.395713 0.00541108
0.8125 0.393861 0.00563071
0.8375 0.39668 0.00564086
0.8625 0.389451 0.00580888
0.8875 0.388811 0.00580704
0.9125 0.381287 0.00629016
0.9375 0.383107 0.00658747
0.9625 0.370516 0.00544269
0.9875 0.365869 0.00579685
1.0125 0.359287 0.00567873
1.0375 0.353385 0.00593314
1.0625 0.344 0.00579593
1.0875 0.334164 0.00510055
1.1125 0.328025 0.00542285
1.1375 0.314361 0.00486749
1.1625 0.304057 0.00465078
1.1875 0.292246 0.00466079
1.2125 0.280607 0.00386555
1.2375 0.265131 0.00441787
1.2625 0.25168 0.00457754
1.2875 0.238139 0.00442875
1.3125 0.222721 0.00350019
1.3375 0.209623 0.00394958
1.3625 0.193689 0.00281973
1.3875 0.180697 0.00252632
1.4125 0.167443 0.00280547
1.4375 0.153566 0.00269207
1.4625 0.14 0.00264235
1.4875 0.130139 0.00252768
1.5125 0.117156 0.00240225
1.5375 0.107279 0.00227469
1.5625 0.0961311 0.00234883
1.5875 0.0868115 0.00189326
1.6125 0.0775738 0.00194232
1.6375 0.0697131 0.00156885
1.6625 0.0594016 0.00149191
1.6875 0.0542213 0.00118572
1.7125 0.0455984 0.0011021
1.7375 0.0392459 0.00104658
1.7625 0.0350492 0.0010802
1.7875 0.0293607 0.000944289
1.8125 0.0253279 0.00102492
1.8375 0.0200984 0.000693619
1.8625 0.0176311 0.000712264
1.8875 0.0145656 0.000431287
1.9125 0.0116967 0.000472045
1.9375 0.00933607 0.000354355
1.9625 0.00764754 0.000446443
1.9875 0.00635246 0.000430757
2.0125 0.00504918 0.000334884
2.0375 0.00361475 0.000285
2.0625 0.00321311 0.000251948
2.0875 0.00230328 0.00021763
2.1125 0.00186066 0.000167693
2.1375 0.00138525 0.000159983
2.1625 0.0012459 0.000141212
2.1875 0.000762295 8.77279e-05
2.2125 0.000647541 9.86846e-05
2.2375 0.000491803 9.90414e-05
2.2625 0.000434426 7.7132e-05
2.2875 0.000385246 6.58549e-05
2.3125 0.000360656 0.000103422
2.3375 0.000245902 5.9673e-05
2.3625 0.000147541 3.64731e-05
2.3875 9.83607e-05 4.24334e-05
2.4125 7.37705e-05 3.75174e-05
2.4375 0.000106557 2.66236e-05
2.4625 3.27869e-05 1.86914e-05
2.4875 8.19672e-06 7.98918e-06
2.5125 0 0
2.5375 2.45902e-05 2.39675e-05
2.5625 0 0
2.5875 0 0
2.6125 0 0
2.6375 0 0
2.6625 0 0
2.6875 0 0
2.7125 0 0
2.7375 0 0
2.7625 0 0
2.7875 0 0
2.8125 0 0
2.8375 0 0
2.8625 0 0
2.8875 0 0
2.9125 0 0
2.9375 0 0
2.9625 0 0
2.9875 0 0
3.0125 0 0
3.0375 0 0
3.0625 0 0
3.0875 0 0
3.1125 0 0
3.1375 0 0
3.1625 0 0
3.1875 0 0
3.2125 0 0
3.2375 0 0
3.2625 0 0
3.2875 0 0
3.3125 0 0
3.3375 0 0
3.3625 0 0
3.3875 0 0
3.4125 0 0
3.4375 0 0
3.4625 0 0
3.4875 0 0
3.5125 0 0
3.5375 0 0
3.5625 0 0
3.5875 0 0
3.6125 0 0
3.6375 0 0
3.6625 0 0
3.6875 0 0
3.7125 0 0
3.7375 0 0
3.7625 0 0
3.7875 0 0
3.8125 0 0
3.8375 0 0
3.8625 0 0
3.8875 0 0
3.9125 0 0
3.9375 0 0
3.9625 0 0
3.9875 0 0
4.0125 0 0
4.0375 0 0
4.0625 0 0
4.0875 0 0
4.1125 0 0
4.1375 0 0
4.1625 0 0
4.1875 0 0
4.2125 0 0
4.2375 0 0
4.2625 0 0
4.2875 0 0
4.3125 0 0
4.3375 0 0
4.3625 0 0
4.3875 0 0
4.4125 0 0
4.4375 0 0
4.4625 0 0
4.4875 0 0
4.5125 0 0
4.5375 0 0
4.5625 0 0
4.5875 0 0
4.6125 0 0
4.6375 0 0
4.6625 0 0
4.6875 0 0
4.7125 0 0
4.7375 0 0
4.7625 0 0
4.7875 0 0
4.8125 0 0
4.8375 0 0
4.8625 0 0
4.8875 0 0
4.9125 0 0
4.9375 0 0
4.9625 0 0
4.9875 0 0
