0 0.357806 0.000442803
1 0.483041 0.682429
2 1.373 0.645888
3 0.47141 1.14967
4 1.22453 0.792191
5 -0.0926566 1.16788
6 1.93545 0.989723
7 1.32634 0.755009
8 1.26437 0.916605
9 0.3395 0.919391
10 1.2451 0.980649
11 0.53157 1.07375
12 1.49061 0.787484
13 -0.0168831 0.638492
14 0.154991 0.728448
15 1.4371 0.742703
16 -0.302779 0.894575
17 1.07186 0.900202
18 0.0198572 0.902682
19 1.14449 0.846073
20 -0.302682 0.890488
21 2.44064 0.774058
22 0.997994 0.848426
23 0.787714 0.75386
24 -0.350755 0.530888
25 0.836897 0.724449
26 1.26269 0.888049
27 0.436384 0.67517
28 0.507671 0.975451
29 0.615715 0.813272
30 -0.645891 0.671482
31 0.010255 0.644167
32 1.62434 0.864935
33 0.496824 0.867696
34 -0.808908 0.595991
35 0.0468038 0.897478
36 0.75505 0.749949
37 -1.03563 0.854885
38 2.09423 0.656734
39 -0.469422 0.628231
40 -0.0116726 0.648601
41 0.372816 0.684812
42 1.25945 0.815074
43 0.48899 0.70408
44 1.16913 0.907707
45 -0.721154 0.942556
46 1.61026 0.613604
47 -0.354078 0.702468
48 0.536784 0.749815
49 -0.611732 0.670455
50 0.275594 0.634046
51 -0.371679 0.791591
52 -1.15836 0.719245
53 0.631927 0.756715
54 0.16863 0.804552
55 -0.735399 0.767866
56 0.133163 0.431019
57 0.823238 0.799753
58 0.702376 0.749749
59 -0.356132 0.743652
60 1.43509 0.833433
61 1.78789 0.779187
62 1.5985 0.834923
63 -0.831789 0.601634
64 0.195484 0.672399
65 1.4774 0.825582
66 0.133676 0.786919
67 0.750418 0.62014
68 0.70243 0.832465
69 0.823243 0.769308
70 0.0959063 0.824226
71 -0.885481 0.747481
72 0.370158 0.69556
73 -0.0758045 0.62138
74 -0.104372 0.547207
75 -0.411238 0.666387
76 0.18587 0.452117
77 0.371932 0.773472
78 -0.47142 0.811279
79 0.189685 0.704353
80 0.811128 0.609849
81 -0.159558 0.643684
82 1.00337 0.867698
83 0.510593 0.712046
84 -0.752837 0.520786
85 -0.14708 0.872295
86 0.684252 0.82438
87 -0.0616492 0.641487
88 -0.285628 0.838565
89 0.393116 0.581387
90 -0.0028629 0.818476
91 -1.25951 0.641103
92 0.693 0.73327
93 0.121905 0.742564
94 0.190065 0.644786
95 -0.335681 0.621964
96 -0.178421 0.672772
97 2.22609 0.877193
98 1.18799 0.569924
99 0.338024 0.752478
100 0.810645 0.71545
101 0.558045 1.03898
102 0.0635883 0.909566
103 1.52542 0.718952
104 0.272943 0.68762
105 0.767781 0.842686
106 -0.00340168 0.838587
107 0.0842919 0.721191
108 0.653225 0.624211
109 0.400298 0.789333
110 -0.136597 0.670746
111 -0.833734 0.700113
112 -0.487668 0.753085
113 0.663405 0.694596
114 0.903071 0.608028
115 0.573655 0.791582
116 0.383604 0.982624
117 1.13706 0.555884
118 0.493278 0.820097
119 2.12667 0.785262
120 0.45357 0.601154
121 -0.284336 0.668546
122 -0.0184116 0.696505
123 0.0938572 0.58356
124 1.14365 0.58497
125 0.390076 0.639196
126 2.30313 0.691085
127 -1.44439 0.738399
128 -0.561096 0.504658
129 1.39657 0.672828
130 0.584462 0.743007
131 -1.05602 0.889011
132 1.29444 0.767467
133 0.824812 0.751779
134 1.13842 0.803084
135 0.183152 0.739163
136 1.23808 0.762618
137 0.362975 0.724867
138 -0.373223 0.847962
139 -0.63709 0.578803
140 0.737054 0.716735
141 -0.422275 0.834744
142 0.585037 0.723785
143 -0.989687 0.839879
144 1.04906 0.781553
145 0.180214 0.668034
146 0.0802077 0.723127
147 0.984156 0.764977
148 0.363937 0.639543
149 -0.532756 0.660237
150 0.212381 0.667503
151 -1.14479 0.76263
152 0.469237 0.665434
153 0.178223 0.837814
154 0.238853 0.571683
155 0.678526 0.6775
156 -0.82995 1.04029
157 -0.0557164 0.992547
158 -0.140933 0.761564
159 0.201653 0.535312
160 0.332238 0.808083
161 -0.987575 0.704075
162 -0.0017108 0.578906
163 0.136589 0.803849
164 -0.327483 0.649567
165 -0.564605 0.65086
166 1.11541 0.692524
167 -0.063662 0.493809
168 0.226546 0.852352
169 -0.437607 0.774852
170 -0.0625767 0.842676
171 -0.258259 0.460591
172 -0.0815669 0.600986
173 0.587008 0.783285
174 -0.30072 0.703947
175 -0.0334599 0.897003
176 -0.326905 0.694125
177 0.102847 0.716339
178 0.100552 0.703778
179 -0.368499 0.700535
180 0.780044 0.691993
181 0.875715 0.82875
182 0.265669 0.973892
183 0.778806 0.795779
184 0.626222 0.778071
185 1.95252 0.843248
186 -0.0467437 0.733386
187 0.40634 0.639993
188 -0.817538 0.567649
189 0.66692 0.657003
190 -0.0102332 0.639305
191 -0.706803 0.540874
192 -0.262603 0.695702
193 0.707906 0.57425
194 -0.579542 0.882943
195 0.507039 0.676396
196 -1.49026 0.670783
197 -0.170798 0.909514
198 1.32706 0.878079
199 0.823944 0.830213
200 -1.36227 0.707731
201 -0.062567 0.932612
202 -0.0129942 0.738185
203 2.33204 0.708506
204 -0.656735 0.659353
205 1.10143 0.732345
206 -0.939321 0.676937
207 -0.385757 0.905337
208 -0.423525 0.89453
209 2.1672 0.654478
210 -0.949291 0.82741
211 0.334136 0.915968
212 -0.816969 0.891864
213 -1.08992 0.421622
214 0.850933 0.803438
215 1.09914 0.644004
216 2.03849 0.855799
217 1.99355 0.656231
218 0.350269 1.11534
219 0.180591 0.632434
220 0.435925 0.787338
221 0.27566 0.750362
222 -0.184053 0.605727
223 1.00015 0.608415
224 0.523105 0.75031
225 0.0334592 1.1671
226 -0.580539 1.01934
227 0.714679 0.769459
228 -0.25915 0.676493
229 -0.888032 0.772045
230 0.430261 0.818317
231 0.148257 0.66538
232 0.271699 0.707061
233 0.405931 0.81249
234 1.14632 0.832091
235 0.0162859 0.832428
236 0.233416 0.64138
237 1.88286 0.874732
238 0.640889 0.873028
239 1.22517 0.678693
240 -0.542043 0.606794
241 0.993957 0.684027
242 -0.0523215 0.97281
243 0.0969958 0.853511
244 0.383833 0.586103
245 -0.419498 0.577865
246 0.647697 0.658807
247 -1.03685 0.701531
248 1.40391 0.723059
249 -0.455639 0.438281
250 -0.174072 0.707385
251 -0.0290333 0.7368
252 1.05995 0.665526
253 1.44405 0.864848
254 -1.42102 0.512634
255 -0.910856 0.890321
256 1.78273 0.868025
257 -0.0292427 0.735865
258 0.202919 0.866314
259 0.900401 0.807793
260 0.837475 0.894049
261 -0.414918 0.72616
262 -0.292255 0.719399
263 0.777116 0.757032
264 1.59817 0.929337
265 1.03384 0.659861
266 -1.26977 0.704326
267 0.547784 0.658603
268 -1.03712 0.861145
269 1.22311 0.676958
270 -0.920821 0.801719
271 1.28574 0.869069
272 -0.267157 0.747666
273 -1.22926 0.780312
274 -0.34527 0.822252
275 2.95254e-06 0.905604
276 1.21314 0.697972
277 0.502033 0.691946
278 -0.627192 0.801716
279 0.687494 0.837106
280 1.33615 0.947721
281 1.82026 0.944208
282 -0.0442108 0.924421
283 0.213616 0.884809
284 0.908698 0.538326
285 0.292172 0.603823
286 1.07304 0.865973
287 0.744806 0.779384
288 1.00334 0.814287
289 0.792973 0.863332
290 -0.392784 0.750074
291 2.09602 0.844989
292 -0.0238636 0.796996
293 -0.121562 0.76854
294 -1.03912 0.938084
295 0.573601 0.912502
296 0.641312 0.618684
297 -0.0387552 0.645746
298 1.50878 0.973323
299 0.35813 0.000517585
