0 0.357253 0.000506412
1 0.099135 0.397244
2 0.898955 0.333757
3 0.393309 0.469891
4 0.716445 0.491447
5 0.060463 0.640986
6 1.63501 0.569271
7 0.814031 0.526662
8 0.441777 0.56779
9 -0.269664 0.415548
10 1.04101 0.492366
11 -0.114659 0.499014
12 1.13647 0.402115
13 0.249558 0.472505
14 0.166457 0.387367
15 1.14689 0.384265
16 -0.000869882 0.386142
17 0.597484 0.587394
18 -0.189633 0.435329
19 0.6334 0.517092
20 0.456286 0.393261
21 1.45082 0.423375
22 0.803267 0.425568
23 0.678861 0.408329
24 0.212951 0.338852
25 0.372663 0.444444
26 0.473395 0.581481
27 0.0797465 0.384103
28 0.511096 0.542757
29 0.935473 0.394484
30 0.00159968 0.422666
31 0.388761 0.217825
32 0.52703 0.453957
33 0.679657 0.386813
34 -0.411395 0.33287
35 0.0486225 0.524768
36 0.678945 0.371672
37 -0.157641 0.373558
38 0.911684 0.367006
39 -0.0608169 0.284082
40 -0.133861 0.360294
41 0.995696 0.364773
42 1.05789 0.431781
43 0.739317 0.344064
44 0.697897 0.446595
45 -0.119942 0.38254
46 0.78483 0.414925
47 -0.69263 0.408823
48 -0.0682832 0.405242
49 -0.172246 0.366155
50 -0.110194 0.343218
51 -0.284311 0.429547
52 -0.582277 0.355869
53 0.81749 0.403901
54 -0.249158 0.373998
55 -0.0859094 0.441585
56 -0.120727 0.351689
57 0.5857 0.315191
58 0.342482 0.349975
59 0.218955 0.42995
60 0.577002 0.394971
61 0.938719 0.377579
62 0.930742 0.359376
63 -0.0404807 0.364829
64 0.537017 0.390323
65 0.690674 0.410517
66 0.497602 0.433106
67 0.580603 0.276316
68 0.601554 0.417966
69 0.580639 0.428895
70 0.251862 0.433035
71 0.0623241 0.335951
72 0.423805 0.35663
73 -0.0212442 0.316932
74 -0.0768525 0.323626
75 -0.106219 0.327144
76 0.40212 0.285439
77 0.313313 0.40069
78 -0.185173 0.354543
79 -0.0802257 0.326173
80 0.200783 0.29188
81 0.096807 0.309276
82 0.511701 0.41837
83 -0.188412 0.306063
84 0.132824 0.28543
85 0.292996 0.419193
86 0.993631 0.353307
87 -0.03663 0.314509
88 -0.26298 0.409332
89 0.724206 0.330368
90 0.394647 0.422357
91 -0.121664 0.302676
92 0.136232 0.400939
93 0.113609 0.372562
94 0.42089 0.29582
95 -0.282724 0.380074
96 0.27985 0.338511
97 0.607517 0.33874
98 0.675832 0.385985
99 0.539324 0.361882
100 0.382542 0.408075
101 0.478107 0.515493
102 -0.108258 0.41048
103 0.707359 0.365079
104 0.207347 0.351156
105 0.255602 0.439615
106 0.0349295 0.373068
107 0.566904 0.373849
108 0.128374 0.300139
109 0.647953 0.408016
110 0.0920941 0.291946
111 -0.248288 0.319858
112 0.137083 0.308784
113 0.499762 0.307897
114 0.483073 0.345545
115 0.030956 0.45189
116 0.415991 0.422637
117 0.692954 0.317781
118 0.302689 0.315695
119 0.900021 0.395152
120 0.427383 0.293259
121 0.285474 0.33867
122 0.294606 0.39296
123 0.501093 0.347881
124 0.398176 0.279809
125 0.172949 0.254918
126 1.14533 0.330491
127 -0.706244 0.369523
128 -0.172429 0.31091
129 0.659718 0.314672
130 0.401131 0.390441
131 -0.0600649 0.412076
132 0.651437 0.371767
133 0.638409 0.346182
134 0.769163 0.393573
135 0.209936 0.459853
136 0.49629 0.337591
137 0.392061 0.330567
138 0.158024 0.290682
139 -0.0134813 0.31757
140 0.953329 0.303878
141 0.197844 0.310851
142 0.559722 0.358747
143 -0.37887 0.490344
144 0.549003 0.386191
145 0.24974 0.320165
146 0.412025 0.322344
147 0.545054 0.393117
148 0.362811 0.450007
149 0.0437298 0.395407
150 0.0158197 0.322998
151 -0.176155 0.347493
152 0.0459609 0.358003
153 0.542642 0.350834
154 0.267882 0.31853
155 0.590764 0.372208
156 -0.276785 0.403571
157 0.127506 0.351403
158 0.0285661 0.399448
159 0.0948995 0.256235
160 0.0761598 0.336824
161 -0.261728 0.395776
162 -0.162864 0.378609
163 0.146566 0.366516
164 -0.135389 0.349126
165 0.144991 0.402687
166 0.59499 0.345436
167 0.154671 0.298586
168 0.214951 0.396407
169 -0.102708 0.347019
170 0.201718 0.301214
171 -0.0240259 0.266319
172 0.0757389 0.356217
173 0.00399902 0.325942
174 0.0416383 0.337474
175 -0.0189046 0.400173
176 0.208341 0.318338
177 0.356816 0.337818
178 0.347932 0.360611
179 0.0854717 0.360537
180 0.511386 0.393394
181 0.584435 0.392742
182 0.525563 0.400479
183 0.487811 0.370381
184 0.339064 0.372218
185 1.09407 0.372227
186 0.111342 0.421897
187 -0.000385655 0.343295
188 -0.358865 0.331085
189 0.138953 0.392396
190 0.522316 0.271711
191 -0.140986 0.297243
192 0.911681 0.362426
193 0.59621 0.276653
194 -0.0716738 0.404438
195 0.38505 0.398957
196 -0.578944 0.394826
197 0.0594807 0.461042
198 0.92024 0.342814
199 0.35357 0.351526
200 -0.491974 0.349833
201 0.0749793 0.446642
202 0.711191 0.397038
203 1.47755 0.327428
204 -0.027038 0.219156
205 0.539659 0.315231
206 -0.294534 0.356093
207 0.0684125 0.450535
208 0.0627615 0.423273
209 1.12092 0.323456
210 -0.0306746 0.369243
211 0.329609 0.386045
212 0.102443 0.449566
213 0.00574285 0.279937
214 0.608818 0.37259
215 0.159329 0.44261
216 1.00341 0.381273
217 0.880922 0.31188
218 0.464896 0.480242
219 0.604792 0.386553
220 0.0870886 0.322868
221 0.1256 0.37306
222 0.239007 0.332781
223 0.529924 0.374388
224 0.0960409 0.333207
225 0.472584 0.396415
226 0.0145667 0.479512
227 0.357013 0.407436
228 0.400233 0.363427
229 0.0232722 0.371106
230 0.185426 0.472298
231 0.126544 0.310175
232 0.208531 0.303724
233 0.246867 0.384646
234 0.652453 0.352296
235 0.357237 0.455601
236 -0.063178 0.285033
237 0.937968 0.373745
238 0.573962 0.465512
239 0.851976 0.410891
240 -0.17425 0.31218
241 0.530053 0.331437
242 0.310121 0.367618
243 0.420566 0.415771
244 0.480559 0.371939
245 0.178586 0.278634
246 0.829853 0.366845
247 0.0403508 0.379738
248 0.856844 0.343765
249 0.138427 0.383595
250 0.0501797 0.411673
251 0.629299 0.410962
252 0.523896 0.291871
253 1.34265 0.44378
254 -0.654967 0.278824
255 -0.140056 0.35851
256 0.650729 0.467848
257 -0.18676 0.322164
258 -0.102932 0.429921
259 0.299097 0.379702
260 0.684791 0.492559
261 -0.0560339 0.446985
262 0.12439 0.348957
263 0.659588 0.435113
264 1.06717 0.453208
265 0.618471 0.457793
266 -0.143341 0.399214
267 0.146713 0.401716
268 -0.277785 0.526229
269 0.89354 0.345436
270 0.0221046 0.413513
271 0.774425 0.47899
272 0.0976645 0.376165
273 -0.376295 0.509825
274 0.121464 0.436562
275 0.57985 0.44314
276 0.795503 0.486221
277 0.206652 0.370808
278 0.0502591 0.356127
279 0.458101 0.408482
280 0.502974 0.495979
281 0.778652 0.491462
282 0.446665 0.452259
283 0.594158 0.397881
284 0.407719 0.459189
285 0.162938 0.340028
286 0.212213 0.490188
287 0.341612 0.380352
288 1.1195 0.431623
289 0.716682 0.493659
290 -0.676627 0.474124
291 0.722804 0.503631
292 0.252822 0.471712
293 0.0806544 0.383525
294 -0.952153 0.495697
295 0.266493 0.524955
296 0.831366 0.365082
297 0.186493 0.42331
298 0.372522 0.519393
299 0.35806 0.000575908
