14.9144	20.2496
13.663	18.9274
12.4898	17.4912
12.2372	16.1721
11.3631	14.9648
10.7089	14.0276
10.2105	13.2436
9.57175	12.5237
9.15496	11.7542
8.75649	10.992
8.49751	10.388
8.30189	9.95088
7.83489	9.61755
7.51659	9.33569
7.4792	9.07574
7.40944	8.77828
7.09037	8.45665
6.95766	8.108
6.72592	7.81411
6.57838	7.55393
6.50024	7.313
6.27582	7.09592
6.27582	6.90347
6.15086	6.74049
6.03465	6.6025
5.9951	6.48414
5.85043	6.38572
5.85043	6.3244
5.85043	6.33998
5.85043	6.44991
5.73779	6.52545
5.73779	6.56976
5.73779	6.47444
5.66142	6.32322
5.66142	6.15957
5.66142	6.01636
5.60549	5.93199
5.60549	5.82199
5.60549	5.83659
5.60549	5.94155
5.58548	6.04248
5.58548	6.18612
5.58548	6.24212
5.58548	6.2147
5.58548	6.13451
5.57785	5.99627
5.57785	5.87255
5.57785	5.80949
5.53025	5.69846
5.53025	5.65876
5.53025	5.63239
5.48868	5.58507
5.4672	5.57935
5.4672	5.54896
5.4672	5.53631
5.4672	5.51556
5.4672	5.50363
5.4672	5.49089
5.4672	5.47658
5.4672	5.47699
5.4672	5.47941
5.4672	5.47355
5.4672	5.47168
5.4672	5.47211
5.4672	5.47585
5.4672	5.48118
5.4672	5.4801
5.4672	5.48152
5.4672	5.48506
5.4672	5.48513
5.4672	5.48025
5.4672	5.47998
5.4672	5.47372
5.4672	5.47055
5.4672	5.47373
5.4672	5.47342
5.4672	5.47509
5.4672	5.48278
5.4672	5.48125
5.4672	5.47834
5.4672	5.47412
5.4672	5.475
5.4672	5.47409
5.4672	5.47502
5.4672	5.48418
5.4672	5.47971
5.4672	5.48355
5.4672	5.48556
5.4672	5.47236
5.4672	5.47237
5.4672	5.47404
5.4672	5.47475
5.4672	5.48157
5.4672	5.4882
5.4672	5.47842
5.4672	5.47656
5.4672	5.47281
5.4672	5.47091
5.4672	5.46975
5.4672	5.47923
5.4672	5.47534
5.4672	5.47339
5.4672	5.47241
5.4672	5.47234
5.4672	5.47609
5.4672	5.47291
5.4672	5.49094
5.4672	5.48842
5.4672	5.4865
5.4672	5.4752
5.4672	5.47276
5.4672	5.47331
5.4672	5.48563
5.4672	5.47794
5.4672	5.48059
5.4672	5.47361
5.4672	5.47784
5.4672	5.48355
5.4672	5.48204
5.4672	5.48209
5.4672	5.47714
5.4672	5.47481
5.4672	5.47827
5.4672	5.47415
5.4672	5.4717
5.4672	5.47455
5.4672	5.47179
5.4672	5.47277
5.4672	5.47891
5.4672	5.47164
5.4672	5.48195
5.4672	5.48374
5.4672	5.47922
5.4672	5.482
5.4672	5.48101
5.4672	5.47925
5.4672	5.47765
5.4672	5.47596
5.4672	5.47796
5.4672	5.48184
5.4672	5.47445
5.4672	5.47622
5.4672	5.47766
5.4672	5.47907
5.4672	5.47533
5.4672	5.48022
5.4672	5.48131
5.4672	5.48127
5.4672	5.47376
5.4672	5.46972
5.4672	5.46956
5.4672	5.47352
5.4672	5.47519
5.4672	5.47446
5.4672	5.47962
5.4672	5.48021
5.4672	5.47511
5.4672	5.47413
5.4672	5.48873
5.4672	5.48059
5.4672	5.47746
5.4672	5.47835
5.4672	5.47617
5.4672	5.47339
5.4672	5.47576
5.4672	5.47448
5.4672	5.47595
5.4672	5.47989
5.4672	5.4713
5.4672	5.47268
5.4672	5.48328
5.4672	5.47591
5.4672	5.48056
5.4672	5.48134
5.4672	5.4789
5.4672	5.47494
5.4672	5.47661
5.4672	5.48322
5.4672	5.47545
5.4672	5.48033
5.4672	5.48495
5.4672	5.48046
5.4672	5.47663
5.4672	5.47276
5.4672	5.47527
5.4672	5.47646
5.4672	5.48043
5.4672	5.47833
5.4672	5.48575
5.4672	5.48035
5.4672	5.47877
5.4672	5.48041
5.4672	5.47643
5.4672	5.47667
5.4672	5.48158
5.4672	5.47994
5.4672	5.48424
5.4672	5.49836
5.4672	5.48261
5.4672	5.47703
5.4672	5.47319
5.4672	5.47374
5.4672	5.47288
5.4672	5.47205
5.4672	5.47185
5.4672	5.47534
5.4672	5.47189
5.4672	5.47303
5.4672	5.47929
5.4672	5.4804
5.4672	5.47225
5.4672	5.47485
5.4672	5.48028
5.4672	5.47845
5.4672	5.47265
5.4672	5.4753
5.4672	5.47634
5.4672	5.4739
5.4672	5.47216
5.4672	5.47269
5.4672	5.473
5.4672	5.47274
5.4672	5.47442
5.4672	5.47327
5.4672	5.47424
5.4672	5.47369
5.4672	5.46956
5.4672	5.4751
5.4672	5.47616
5.4672	5.47528
5.4672	5.47763
5.4672	5.47606
5.4672	5.47424
5.4672	5.4735
5.4672	5.47898
5.4672	5.47961
5.4672	5.47533
5.4672	5.48216
5.4672	5.48367
5.4672	5.47864
5.4672	5.47807
5.4672	5.47334
5.4672	5.47112
5.4672	5.47327
5.4672	5.47851
5.4672	5.47632
5.4672	5.47502
5.4672	5.47392
5.4672	5.47014
5.4672	5.47154
5.4672	5.47327
5.4672	5.48066
5.4672	5.47963
5.4672	5.4727
5.4672	5.48108
5.4672	5.47906
5.4672	5.48636
5.4672	5.47889
5.4672	5.47684
5.4672	5.47723
5.4672	5.47783
5.4672	5.47989
5.4672	5.47413
5.4672	5.47718
5.4672	5.4738
5.4672	5.47077
5.4672	5.4734
5.4672	5.47733
5.4672	5.48048
5.4672	5.47652
5.4672	5.48311
5.4672	5.48025
5.4672	5.47871
5.4672	5.47318
5.4672	5.47224
5.4672	5.47697
5.4672	5.47493
5.4672	5.47365
5.4672	5.48068
5.4672	5.48662
5.4672	5.48409
5.4672	5.48081
5.4672	5.48386
5.4672	5.47469
5.4672	5.47708
5.4672	5.47508
5.4672	5.4766
5.4672	5.47119
5.4672	5.47231
5.4672	5.4695
5.4672	5.47033
5.4672	5.47285
5.4672	5.47477
5.4672	5.47419
5.4672	5.47316
5.4672	5.47256
5.4672	5.47306
5.4672	5.47192
5.4672	5.48067
5.4672	5.46995
5.4672	5.46941
5.4672	5.46948
5.4672	5.47082
5.4672	5.47606
5.4672	5.47502
5.4672	5.48182
5.4672	5.48807
5.4672	5.48431
5.4672	5.48712
5.4672	5.48445
5.4672	5.47888
5.4672	5.47832
5.4672	5.48573
5.4672	5.47954
5.4672	5.47624
5.4672	5.47604
5.4672	5.47759
5.4672	5.48226
5.4672	5.47632
5.4672	5.47196
5.4672	5.4718
5.4672	5.47519
5.4672	5.47322
5.4672	5.47236
5.4672	5.47098
5.4672	5.47172
5.4672	5.47215
5.4672	5.47225
5.4672	5.48126
5.4672	5.49125
5.4672	5.48735
5.4672	5.48674
5.4672	5.47934
5.4672	5.47858
5.4672	5.48784
5.4672	5.49177
5.4672	5.48615
5.4672	5.48301
5.4672	5.48405
5.4672	5.48598
5.4672	5.4787
5.4672	5.47647
5.4672	5.47084
5.4672	5.46946
5.4672	5.46998
5.4672	5.47085
5.4672	5.47999
5.4672	5.47447
5.4672	5.47494
5.4672	5.47677
5.4672	5.48397
5.4672	5.48232
5.4672	5.47838
5.4672	5.47424
5.4672	5.47752
5.4672	5.47242
5.4672	5.47023
5.4672	5.46939
5.4672	5.46939
5.4672	5.47133
5.4672	5.47226
5.4672	5.47471
5.4672	5.47286
5.4672	5.47705
5.4672	5.47541
5.4672	5.47485
5.4672	5.47562
5.4672	5.47571
5.4672	5.48013
5.4672	5.4835
5.4672	5.48401
5.4672	5.48022
5.4672	5.47682
5.4672	5.47647
5.4672	5.47444
5.4672	5.48541
5.4672	5.48105
5.4672	5.47998
5.4672	5.47876
5.4672	5.49296
5.4672	5.49782
5.4672	5.4866
5.4672	5.47982
5.4672	5.48535
5.4672	5.47608
5.4672	5.47173
5.4672	5.47115
5.4672	5.47005
5.4672	5.47276
5.4672	5.47105
5.4672	5.47146
5.4672	5.46978
5.4672	5.47967
5.4672	5.47758
5.4672	5.47647
5.4672	5.47366
5.4672	5.4733
5.4672	5.47279
5.4672	5.47747
5.4672	5.47893
5.4672	5.47559
