14.9144	20.2496
13.663	18.9274
12.4898	17.4912
12.2372	16.1721
11.3631	14.9648
10.7089	14.0276
10.2105	13.2436
9.57175	12.5237
9.15496	11.7542
8.75649	10.992
8.49751	10.388
8.30189	9.95088
7.83489	9.61755
7.51659	9.33569
7.4792	9.07574
7.40944	8.77828
7.09037	8.45665
6.95766	8.108
6.72592	7.81411
6.57838	7.55393
6.50024	7.313
6.27582	7.09592
6.27582	6.90347
6.15086	6.74049
6.03465	6.6025
5.9951	6.48414
5.85043	6.38572
5.85043	6.3244
5.85043	6.33998
5.85043	6.44991
5.73779	6.52545
5.73779	6.56976
5.73779	6.47444
5.66142	6.32322
5.66142	6.15957
5.66142	6.01636
5.60549	5.93199
5.60549	5.82199
5.60549	5.83659
5.60549	5.94155
5.58548	6.04248
5.47483	6.18424
5.47483	6.22816
5.47483	6.17064
5.47483	6.07769
5.4672	5.92355
5.4672	5.79342
5.4672	5.71858
5.4672	5.60512
5.4672	5.56204
5.4672	5.53918
5.4672	5.49592
5.4672	5.50114
5.4672	5.48035
5.4672	5.48301
5.4672	5.47934
5.4672	5.48415
5.4672	5.47971
5.4672	5.46971
5.4672	5.47257
5.4672	5.47612
5.4672	5.47105
5.4672	5.47035
5.4672	5.46975
5.4672	5.47378
5.4672	5.4801
5.4672	5.47549
5.4672	5.47829
5.4672	5.48343
5.4672	5.48656
5.4672	5.48011
5.4672	5.48122
5.4672	5.47425
5.4672	5.47127
5.4672	5.47348
5.4672	5.47405
5.4672	5.47641
5.4672	5.48387
5.4672	5.47889
5.4672	5.4741
5.4672	5.47247
5.4672	5.47418
5.4672	5.47282
5.4672	5.47227
5.4672	5.47833
5.4672	5.47623
5.4672	5.47859
5.4672	5.48174
5.4672	5.47379
5.4672	5.4734
5.4672	5.47388
5.4672	5.47279
5.4672	5.48146
5.4672	5.48748
5.4672	5.47999
5.4672	5.47603
5.4672	5.47274
5.4672	5.47144
5.4672	5.47037
5.4672	5.4771
5.4672	5.47343
5.4672	5.47203
5.4672	5.47094
5.4672	5.47266
5.4672	5.47667
5.4672	5.47442
5.4672	5.4901
5.4672	5.48736
5.4672	5.48931
5.4672	5.47911
5.4672	5.47513
5.4672	5.47478
5.4672	5.48616
5.4672	5.47965
5.4672	5.48431
5.4672	5.47516
5.4672	5.4786
5.4672	5.48588
5.4672	5.48003
5.4672	5.47978
5.4672	5.47969
5.4672	5.47621
5.4672	5.47961
5.4672	5.47677
5.4672	5.47406
5.4672	5.47948
5.4672	5.47554
5.4672	5.47326
5.4672	5.47515
5.4672	5.47216
5.4672	5.48299
5.4672	5.48329
5.4672	5.48003
5.4672	5.482
5.4672	5.47929
5.4672	5.47863
5.4672	5.47693
5.4672	5.47541
5.4672	5.47822
5.4672	5.48241
5.4672	5.47693
5.4672	5.47672
5.4672	5.47709
5.4672	5.48194
5.4672	5.47701
5.4672	5.48438
5.4672	5.48264
5.4672	5.48219
5.4672	5.47521
5.4672	5.47029
5.4672	5.46952
5.4672	5.47228
5.4672	5.47362
5.4672	5.47283
5.4672	5.47745
5.4672	5.47625
5.4672	5.47691
5.4672	5.47777
5.4672	5.48742
5.4672	5.48008
5.4672	5.48001
5.4672	5.48064
5.4672	5.47761
5.4672	5.47313
5.4672	5.47398
5.4672	5.47309
5.4672	5.4732
5.4672	5.47642
5.4672	5.47037
5.4672	5.47243
5.4672	5.48226
5.4672	5.47527
5.4672	5.4786
5.4672	5.48007
5.4672	5.47706
5.4672	5.47675
5.4672	5.47629
5.4672	5.4826
5.4672	5.47588
5.4672	5.47888
5.4672	5.48517
5.4672	5.4782
5.4672	5.47337
5.4672	5.47293
5.4672	5.47787
5.4672	5.47893
5.4672	5.48133
5.4672	5.47906
5.4672	5.4846
5.4672	5.47723
5.4672	5.47632
5.4672	5.47882
5.4672	5.47526
5.4672	5.47338
5.4672	5.47969
5.4672	5.47856
5.4672	5.48639
5.4672	5.49817
5.4672	5.48069
5.4672	5.47693
5.4672	5.47433
5.4672	5.47318
5.4672	5.47365
5.4672	5.47176
5.4672	5.47209
5.4672	5.47546
5.4672	5.47274
5.4672	5.47206
5.4672	5.47999
5.4672	5.48179
5.4672	5.47346
5.4672	5.47372
5.4672	5.47797
5.4672	5.4786
5.4672	5.47135
5.4672	5.47437
5.4672	5.47795
5.4672	5.47494
5.4672	5.47244
5.4672	5.47274
5.4672	5.47672
5.4672	5.47643
5.4672	5.47549
5.4672	5.47551
5.4672	5.47662
5.4672	5.47489
5.4672	5.47147
5.4672	5.47866
5.4672	5.47993
5.4672	5.47716
5.4672	5.4795
5.4672	5.47974
5.4672	5.4784
5.4672	5.47333
5.4672	5.4789
5.4672	5.47989
5.4672	5.47669
5.4672	5.48465
5.4672	5.48371
5.4672	5.48041
5.4672	5.4784
5.4672	5.47483
5.4672	5.47222
5.4672	5.47528
5.4672	5.47883
5.4672	5.47699
5.4672	5.47564
5.4672	5.47518
5.4672	5.47175
5.4672	5.4738
5.4672	5.47551
5.4672	5.48013
5.4672	5.47671
5.4672	5.47119
5.4672	5.47912
5.4672	5.47942
5.4672	5.48468
5.4672	5.48407
5.4672	5.47945
5.4672	5.48127
5.4672	5.48116
5.4672	5.48136
5.4672	5.47698
5.4672	5.48003
5.4672	5.47678
5.4672	5.47058
5.4672	5.4737
5.4672	5.47838
5.4672	5.48091
5.4672	5.47956
5.4672	5.48436
5.4672	5.48101
5.4672	5.48187
5.4672	5.4741
5.4672	5.47352
5.4672	5.47647
5.4672	5.47588
5.4672	5.47251
5.4672	5.47928
5.4672	5.48229
5.4672	5.48543
5.4672	5.47966
5.4672	5.48464
5.4672	5.47471
5.4672	5.47593
5.4672	5.47584
5.4672	5.4784
5.4672	5.47144
5.4672	5.47179
5.4672	5.46939
5.4672	5.47002
5.4672	5.47273
5.4672	5.47409
5.4672	5.47421
5.4672	5.4713
5.4672	5.47198
5.4672	5.47288
5.4672	5.47184
5.4672	5.47772
5.4672	5.46981
5.4672	5.4694
5.4672	5.46939
5.4672	5.46951
5.4672	5.47415
5.4672	5.47581
5.4672	5.48277
5.4672	5.48767
5.4672	5.47904
5.4672	5.48437
5.4672	5.48066
5.4672	5.4781
5.4672	5.47846
5.4672	5.48675
5.4672	5.47925
5.4672	5.47744
5.4672	5.47458
5.4672	5.4781
5.4672	5.4842
5.4672	5.47761
5.4672	5.47107
5.4672	5.47134
5.4672	5.47552
5.4672	5.47325
5.4672	5.47459
5.4672	5.47168
5.4672	5.47248
5.4672	5.47266
5.4672	5.47312
5.4672	5.48437
5.4672	5.49014
5.4672	5.48617
5.4672	5.48843
5.4672	5.48044
5.4672	5.47798
5.4672	5.48572
5.4672	5.49135
5.4672	5.48905
5.4672	5.48438
5.4672	5.48436
5.4672	5.48499
5.4672	5.48019
5.4672	5.47634
5.4672	5.46965
5.4672	5.46939
5.4672	5.46974
5.4672	5.47144
5.4672	5.47916
5.4672	5.47625
5.4672	5.47727
5.4672	5.47827
5.4672	5.48153
5.4672	5.4832
5.4672	5.47772
5.4672	5.47564
5.4672	5.48034
5.4672	5.47195
5.4672	5.46998
5.4672	5.46939
5.4672	5.46939
5.4672	5.47215
5.4672	5.47214
5.4672	5.47412
5.4672	5.4712
5.4672	5.47547
5.4672	5.47538
5.4672	5.47473
5.4672	5.47525
5.4672	5.4752
5.4672	5.47812
5.4672	5.48125
5.4672	5.48371
5.4672	5.47785
5.4672	5.47296
5.4672	5.47384
5.4672	5.47237
5.4672	5.48185
5.4672	5.48158
5.4672	5.47743
5.4672	5.47635
5.4672	5.49119
5.4672	5.49903
5.4672	5.48723
5.4672	5.48181
5.4672	5.48306
5.4672	5.47512
5.4672	5.47153
5.4672	5.47236
5.4672	5.47135
5.4672	5.47599
5.4672	5.47395
5.4672	5.47337
5.4672	5.47091
5.4672	5.47909
5.4672	5.47464
5.4672	5.47392
5.4672	5.4714
5.4672	5.4714
5.4672	5.47117
5.4672	5.47622
5.4672	5.4783
5.4672	5.47343
