-0.984184	0.220435	88.9937	0.791732
-0.97576	0.296948	80.3232	0.2404
-0.975344	0.330256	81.6785	0.2108
-0.972784	0.325202	76.3762	-0.15744
-0.975256	0.302379	79.3298	0.017772
-0.981808	0.24485	86.2292	0.873752
-0.981504	0.27078	85.0496	0.41584
-0.975176	0.337682	80.5412	-0.837416
-0.978832	0.305391	83.5187	-0.626664
-0.97304	0.325416	76.6308	-0.578584
-0.975712	0.302371	81.1035	-0.461764
-0.973576	0.33101	77.5299	-0.657688
-0.98032	0.252524	83.909	-0.41552
-0.986544	0.191627	91.2442	0.13464
-0.967328	0.343564	72.2226	0.180532
-0.966912	0.379309	73.7057	0.272668
-0.977472	0.301954	83.2849	-0.313316
-0.9814	0.260408	86.1083	0.245728
-0.980664	0.258408	84.7068	-0.020176
-0.978808	0.318884	84.141	-0.029264
-0.968824	0.348203	72.9145	0.014052
-0.980432	0.298203	86.4831	-0.807172
-0.967912	0.367384	73.1122	0.343388
-0.963616	0.424649	70.1077	0.0343
-0.9678	0.366968	72.8326	-0.197712
-0.96676	0.349004	70.6264	0.076088
-0.979464	0.263431	83.6232	-0.65574
-0.976408	0.30814	82.4596	-0.00988
-0.980984	0.274942	86.6395	0.363876
-0.964664	0.391425	72.2977	0.747752
-0.98168	0.255692	86.2383	0.478328
-0.961008	0.441397	67.365	-0.234272
-0.97516	0.311667	78.9226	-0.8123
-0.971384	0.330689	76.1928	-0.703084
-0.95188	0.434813	57.4559	0.252812
-0.988496	0.172444	92.5037	0.62534
-0.974848	0.315587	80.0993	0.194768
-0.974392	0.341294	79.2917	0.465756
-0.978552	0.322077	83.9963	0.450964
-0.975768	0.292546	80.896	0.311096
-0.97536	0.31275	79.801	0.629156
-0.970848	0.347664	74.7814	-0.294124
-0.980272	0.262129	84.4386	0.472356
-0.970432	0.360187	76.1035	-0.615204
-0.969496	0.355213	74.4051	-0.662452
-0.971664	0.338102	75.7425	-0.120008
-0.97824	0.271892	83.4355	0.198624
-0.967832	0.362516	74.2789	-0.355692
-0.973704	0.343112	80.0336	0.145152
-0.980456	0.257814	85.0127	-0.054656
-0.972552	0.337129	77.388	-0.175916
-0.981528	0.243181	86.2158	0.1055
-0.95824	0.416404	62.317	0.254164
-0.97672	0.309656	82.3574	-0.334296
-0.9754	0.3486	82.0861	0.858904
-0.980664	0.301928	86.3204	-0.489364
-0.976368	0.290738	80.1316	-0.608372
-0.96768	0.39038	71.4835	0.447768
-0.978432	0.288404	83.1879	0.854424
-0.972584	0.349513	77.6404	0.108144
-0.978008	0.310694	82.236	0.123128
-0.970088	0.356222	76.6858	0.155796
-0.96464	0.372782	70.2113	-0.346828
-0.97192	0.317695	76.575	-0.234912
-0.969176	0.351032	73.2833	-0.189348
-0.98156	0.243417	85.2943	-0.606044
-0.981576	0.264015	87.6296	0.404312
-0.974744	0.362283	79.0817	-0.24444
-0.971784	0.358531	77.6362	0.043448
-0.980264	0.259122	84.5019	0.076512
-0.97948	0.289162	84.9794	-0.09534
-0.977352	0.288454	80.3159	0.77392
-0.97304	0.368936	78.9717	-0.637316
-0.973352	0.348345	79.0256	0.189116
-0.970888	0.360802	74.8867	0.432016
-0.976872	0.304539	81.8642	0.520736
-0.97832	0.302028	82.8817	0.268992
-0.973552	0.336517	80.4415	0.187236
-0.959648	0.430055	65.0727	-0.499692
-0.986776	0.185825	91.2411	0.931344
-0.975944	0.329062	81.7698	0.554388
-0.977712	0.318697	82.0347	0.256344
-0.984296	0.223957	88.8812	0.91626
-0.983976	0.222182	88.5676	0.851688
-0.975832	0.306734	81.2034	0.280292
-0.971496	0.385728	76.323	0.490404
-0.967976	0.419405	72.8787	0.720496
-0.979136	0.270827	84.5899	-0.046748
-0.96904	0.346408	73.9204	-0.3005
-0.98648	0.19333	91.7681	0.821316
-0.983272	0.241891	89.1039	0.023904
-0.985664	0.226416	90.8614	-0.665116
-0.972208	0.343441	78.0676	0.08604
-0.971208	0.339164	76.3836	0.114604
-0.97892	0.262487	81.8645	0.247816
-0.971784	0.333443	74.8014	-0.50832
-0.978984	0.324722	84.7882	-0.836332
-0.967888	0.347492	73.5383	0.08086
-0.97784	0.294747	82.5275	-0.28168
-0.974384	0.313948	80.237	-0.423432
-0.944704	0.394336	48.9848	-0.0874
-0.942672	0.388075	47.7831	-0.021152
-0.943384	0.425859	48.3605	-0.029808
-0.952856	0.409595	59.4892	-0.032992
-0.936688	0.389986	45.6941	0.397416
-0.941872	0.432152	48.5144	0.078144
-0.94176	0.449684	48.6962	-0.096924
-0.938152	0.3819	44.7729	0.1173
-0.947592	0.395388	53.2721	-0.335964
-0.948176	0.470057	56.5085	0.039192
-0.941088	0.398224	47.2815	0.231208
-0.938216	0.382889	45.9009	-0.047212
-0.937512	0.396952	42.78	0.140092
-0.951712	0.388249	56.1883	-0.175868
-0.943704	0.482994	52.5041	0.023748
-0.94972	0.449371	56.0868	-0.15928
-0.940232	0.425172	49.492	-0.30064
-0.946688	0.478607	54.9589	0.44172
-0.94628	0.41376	50.9388	0.345488
-0.94716	0.38746	52.422	0.33674
-0.940856	0.501543	49.1885	-0.440912
-0.942976	0.366911	45.6538	-0.08506
-0.936128	0.373824	42.0081	-0.122812
-0.946728	0.375657	49.2147	-0.122104
-0.951856	0.418389	56.6044	-0.232964
-0.940272	0.396767	45.7853	-0.302776
-0.945112	0.383189	51.1182	0.136604
-0.949536	0.401448	55.6936	-0.404968
-0.942352	0.478631	52.0047	0.41398
-0.94752	0.394548	52.5904	0.407432
-0.942	0.381669	46.4041	-0.252752
-0.952584	0.354777	55.1345	-0.02424
-0.94176	0.469733	49.9452	0.109612
-0.942096	0.414262	47.7921	0.088188
-0.946536	0.452414	53.12	0.183884
-0.94572	0.398055	51.9796	0.42098
-0.937368	0.416987	44.581	-0.134036
-0.945432	0.423166	50.8486	0.203128
-0.95484	0.404262	58.6271	-0.559736
-0.947608	0.377307	52.364	-0.555668
-0.94484	0.435052	51.5763	-0.322756
-0.938024	0.403403	45.0823	0.079352
-0.950032	0.407542	57.0442	0.33776
-0.93384	0.404101	40.2595	-0.11208
-0.940608	0.410184	46.202	-0.241736
-0.935688	0.412287	43.5386	0.242916
-0.93264	0.378864	38.9088	0.162172
-0.941128	0.471199	49.6603	-0.101104
-0.94536	0.406049	52.3103	0.408896
-0.949624	0.410505	54.0308	0.214016
-0.9338	0.404935	42.6087	-0.054952
-0.945	0.43138	49.8444	0.432944
-0.942008	0.404053	46.9811	0.115268
-0.94108	0.422238	49.2907	0.0747
-0.936168	0.441893	43.6589	-0.0464
-0.95324	0.38977	58.5852	0.313788
-0.943784	0.392685	49.7323	-0.438244
-0.94752	0.416888	54.6796	0.313692
-0.939728	0.37519	44.3377	-0.134864
-0.942616	0.414899	50.3346	-0.440384
-0.947264	0.405423	54.541	-0.10058
-0.937664	0.387467	43.3695	0.221092
-0.950664	0.418336	55.9337	0.005984
-0.942544	0.388938	47.7989	-0.005204
-0.927584	0.429059	38.0535	-0.129844
-0.944064	0.417132	50.3472	0.143496
-0.942784	0.374332	47.9273	0.102016
-0.946048	0.402491	52.5927	0.3442
-0.945336	0.404607	48.3469	-0.029208
-0.938408	0.386805	45.7606	0.219004
-0.945048	0.435032	52.9699	0.092272
-0.945824	0.435539	54.5917	0.228572
-0.952304	0.403409	55.6642	0.030652
-0.943248	0.425755	49.2832	-0.016036
-0.945496	0.396711	50.7587	-0.128376
-0.940856	0.392706	44.5415	0.363492
-0.950512	0.408935	55.2292	-0.167704
-0.94792	0.386466	55.5232	0.391968
-0.946552	0.43472	55.6554	0.182888
-0.942456	0.424758	50.8292	0.4826
-0.949352	0.40335	54.3976	0.330624
-0.943848	0.435383	51.2971	0.520348
-0.936128	0.391582	41.5671	-0.291456
-0.950776	0.373011	55.1221	-0.301576
-0.936416	0.40164	43.9097	0.24072
-0.932368	0.426086	41.3829	-0.01018
-0.945256	0.448173	53.3659	0.15234
-0.936432	0.406717	44.7615	0.071192
-0.947488	0.377625	51.9648	0.38476
-0.935472	0.439164	43.1921	0.212632
-0.940624	0.375334	46.5426	0.110244
-0.941768	0.463475	50.6099	0.066128
-0.94536	0.447483	51.2468	-0.27728
-0.944008	0.408272	51.5989	-0.383376
-0.93988	0.381834	45.0911	-0.181036
-0.939152	0.404308	46.2731	-0.026836
-0.930464	0.406603	40.3221	-0.017656
-0.942536	0.4099	48.2382	-0.118312
-0.94408	0.462079	50.5337	0.291188
-0.93744	0.403533	46.2473	-0.087648
-0.911552	0.408441	29.8384	-0.05112
-0.902304	0.421173	26.1006	-0.02802
-0.907032	0.398367	28.0607	-0.015968
-0.907744	0.499438	32.4457	-0.024008
-0.909096	0.391934	29.785	0.19716
-0.903464	0.412231	26.8744	0.046288
-0.914912	0.410294	31.8889	-0.132628
-0.905	0.408659	27.8824	0.199308
-0.915488	0.414629	33.5806	-0.11772
-0.910632	0.433681	31.1481	0.066992
-0.896656	0.366746	21.6889	-0.089548
-0.904992	0.375583	28.0678	-0.174684
-0.91124	0.417949	31.4189	0.171308
-0.906832	0.455949	31.3639	-0.112224
-0.912608	0.446748	32.51	-0.147784
-0.917944	0.495527	37.0291	-0.069432
-0.90452	0.409335	28.5772	-0.101844
-0.917912	0.46446	36.9813	0.24298
-0.910728	0.424424	32.3986	0.17062
-0.908264	0.413713	29.9784	0.227544
-0.90496	0.473359	29.3705	-0.09556
-0.913104	0.404242	31.935	-0.209564
-0.90904	0.371757	28.1153	0.026276
-0.910936	0.395439	30.084	-0.038496
-0.91356	0.429712	33.3455	0.193964
-0.915808	0.406523	32.4983	-0.189344
-0.912872	0.418579	34.2117	0.155428
-0.91448	0.42115	33.2855	0.003728
-0.907128	0.411962	29.3647	0.169128
-0.910432	0.409954	31.8834	0.15014
-0.910144	0.474221	32.5791	-0.076048
-0.908424	0.402018	29.6562	-0.12476
-0.9132	0.47951	35.9922	0.027452
-0.915504	0.372652	31.3489	-0.000368
-0.91704	0.461807	36.2538	0.065928
-0.90952	0.431944	29.9929	0.037824
-0.905704	0.427307	29.5398	-0.139864
-0.912768	0.488273	35.4409	0.09404
-0.91624	0.421115	36.0413	-0.28588
-0.907888	0.464947	31.1232	-0.119408
-0.911552	0.439936	30.9251	-0.021976
-0.902512	0.38727	25.9782	0.06318
-0.917064	0.465298	36.3467	-0.128996
-0.924984	0.430155	38.2813	0.03816
-0.91028	0.418118	31.2588	-0.024124
-0.90488	0.417335	26.7883	0.047496
-0.906136	0.374741	25.8517	0.009508
-0.91392	0.451747	35.9755	-0.095676
-0.912584	0.45861	32.7527	0.078228
-0.910568	0.452025	31.3976	0.158164
-0.906928	0.41809	29.1636	-0.106212
-0.918984	0.459077	38.2093	-0.022916
-0.91028	0.448874	30.9686	-0.07174
-0.902448	0.403572	26.0094	0.04458
-0.906712	0.425639	29.6348	-0.047072
-0.905496	0.406357	29.0265	0.09518
-0.9032	0.403008	24.517	0.111032
-0.90804	0.435427	30.7305	0.140504
-0.914304	0.383216	30.1353	-0.149916
-0.905592	0.422351	27.8397	-0.304044
-0.909384	0.44115	31.0018	-0.137268
-0.907608	0.461419	30.3089	0.267968
-0.91136	0.466764	32.5823	-0.023596
-0.910232	0.450984	32.4258	-0.192744
-0.904272	0.451248	29.5496	-0.238868
-0.909904	0.431378	31.1201	-0.015956
-0.906576	0.427363	29.8162	0.102464
-0.901832	0.421066	26.3686	0.007264
-0.920768	0.46009	36.0149	-0.067608
-0.910056	0.405928	32.5589	0.023768
-0.917408	0.439716	35.6428	-0.11492
-0.90796	0.428551	30.1502	0.01618
-0.9144	0.416168	29.9541	0.156808
-0.912912	0.421528	32.1216	-0.089856
-0.908512	0.409424	29.2853	0.027756
-0.911304	0.451792	30.8311	0.20354
-0.918328	0.435067	37.6989	0.171244
-0.908656	0.421042	30.3119	0.263084
-0.910064	0.414596	32.047	0.159728
-0.909336	0.40377	28.8365	-0.138148
-0.908584	0.415012	30.4776	0.158308
-0.914608	0.402532	35.5341	0.309416
-0.91184	0.467252	32.8774	-0.120432
-0.90984	0.405796	29.453	-0.059364
-0.902504	0.433742	26.9579	0.028384
-0.904584	0.456732	28.2422	0.092732
-0.911104	0.440517	32.1739	0.080792
-0.906088	0.446154	29.8908	0.02292
-0.911896	0.393203	30.7303	0.200908
-0.91036	0.397448	29.1969	0.131568
-0.913856	0.469992	33.4528	0.020416
-0.905728	0.432635	30.0656	0.090796
-0.908768	0.409653	29.3126	-0.046956
-0.906856	0.403012	27.0592	-0.08574
-0.911512	0.443185	30.5779	-0.113504
-0.90048	0.391743	26.5178	-0.05932
-0.900912	0.39781	23.8339	0.054448
-0.916048	0.452291	34.5651	-0.149248
-0.915968	0.439649	33.4602	-0.276688
-0.907248	0.416088	28.249	0.066252
-0.87544	0.40877	18.5703	0.026796
-0.877752	0.44075	20.75	-0.031956
-0.875872	0.416307	19.5143	0.069404
-0.866568	0.406683	16.8408	-0.113632
-0.881272	0.412305	20.2623	-0.049692
-0.87408	0.444118	19.4321	0.06546
-0.878912	0.412816	20.9348	-0.036188
-0.871632	0.429227	18.8093	0.030596
-0.87944	0.402759	18.1529	-0.106612
-0.877168	0.451675	19.7885	-0.031864
-0.870176	0.424784	18.7915	0.040064
-0.870336	0.403971	18.0739	0.004944
-0.880272	0.412565	21.2321	0.068192
-0.871232	0.432603	18.7603	-0.038168
-0.873728	0.431581	19.7762	0.006768
-0.877432	0.441316	21.4409	0.039312
-0.883808	0.464752	25.2565	-0.04476
-0.876408	0.465607	22.3761	0.041528
-0.877024	0.422601	21.1126	0.107456
-0.884016	0.436901	23.4915	0.08168
-0.873568	0.4433	18.5331	-0.059888
-0.879216	0.438566	22.2744	-0.07514
-0.874824	0.443581	20.572	-0.074012
-0.875984	0.39812	17.978	-0.03888
-0.876808	0.477645	21.2796	0.063304
-0.879576	0.434362	22.9724	-0.113844
-0.881008	0.451613	22.8129	0.100132
-0.87744	0.452164	20.5839	-0.017984
-0.874104	0.427052	20.8444	0.111996
-0.886328	0.471241	25.7303	0.015
-0.873536	0.463772	22.031	-0.084612
-0.879368	0.441533	22.6748	0.062264
-0.87812	0.457865	22.3343	0.089576
-0.873704	0.443813	20.3665	-0.072484
-0.876664	0.465534	21.6955	0.10308
-0.882456	0.494177	24.5383	-0.050832
-0.871248	0.421667	18.6003	-0.0111
-0.875512	0.445019	21.3995	0.055736
-0.87944	0.43989	21.156	-0.181288
-0.875456	0.48175	21.903	-0.064716
-0.878648	0.417118	20.2756	-0.023908
-0.882608	0.479489	25.8076	0.090692
-0.877656	0.461692	22.3929	-0.081584
-0.877392	0.477131	20.2281	0.050956
-0.884368	0.456669	22.3874	0.08008
-0.87812	0.468709	20.334	0.096796
-0.879072	0.378897	17.9318	0.03644
-0.877136	0.434213	22.7597	0.004452
-0.878584	0.458831	22.755	-0.074184
-0.873432	0.453274	21.6305	-0.013768
-0.871944	0.424394	18.0268	-0.134184
-0.88348	0.416289	22.9238	0.1195
-0.874736	0.450334	19.7523	-0.087856
-0.871496	0.442218	18.0626	0.034388
-0.874088	0.467113	20.3157	0.019316
-0.880032	0.446992	21.5148	0.13718
-0.8752	0.450882	19.0875	0.07564
-0.874168	0.46661	21.6432	0.011024
-0.872056	0.439294	18.7168	-0.005168
-0.872416	0.40362	18.2365	-0.061408
-0.877848	0.457999	23.3213	-0.04624
-0.868696	0.43711	17.0779	0.06104
-0.873696	0.432723	18.4377	0.002968
-0.87144	0.44932	18.5545	-0.034972
-0.878656	0.413466	21.2365	-0.177532
-0.879296	0.494451	23.1309	-0.019948
-0.87068	0.392666	16.244	-0.045376
-0.875584	0.401581	17.0958	0.04462
-0.880864	0.49761	23.6514	0.037108
-0.873816	0.409875	18.7691	-0.106172
-0.89292	0.442817	28.8015	0.04462
-0.871304	0.383682	16.7263	0.013824
-0.882104	0.434678	21.9968	-0.011108
-0.872576	0.408203	18.1769	-0.015896
-0.877736	0.395832	18.6999	0.059504
-0.873504	0.451121	18.8974	0.121928
-0.8792	0.401078	21.226	0.038012
-0.87072	0.452263	18.2677	0.08052
-0.87544	0.421501	21.0384	0.098992
-0.878112	0.406114	20.508	-0.020648
-0.87716	0.429982	20.7834	0.115392
-0.868312	0.419205	17.4092	0.09276
-0.879016	0.44313	20.3621	-0.057432
-0.87772	0.432603	21.2928	0.055624
-0.872872	0.427578	20.3068	-0.041232
-0.873888	0.430585	19.8455	-0.02132
-0.87528	0.461797	21.7123	0.076656
-0.872376	0.436452	19.5424	0.023608
-0.872296	0.41406	17.8107	0.06756
-0.876208	0.382485	18.4639	0.051832
-0.876712	0.466389	21.7594	0.115032
-0.870264	0.418813	17.1897	0.002008
-0.865352	0.447507	16.722	0.0084
-0.877568	0.395878	19.8566	-0.126116
-0.878136	0.467182	21.7153	-0.151008
-0.877624	0.464979	21.3506	0.060296
-0.87364	0.408728	19.0723	0.035304
-0.876952	0.426451	21.7246	-0.156312
-0.870992	0.450246	18.9969	-0.00048
-0.872496	0.426128	18.1641	0.075512
-0.83712	0.446166	13.0251	-0.020932
-0.839736	0.436735	13.2026	-0.014148
-0.836632	0.413	11.5563	0.067012
-0.836824	0.411364	12.8176	-0.016384
-0.842408	0.440632	12.536	0.028024
-0.8408	0.469244	14.6781	0.037092
-0.847976	0.462349	17.2647	0.005896
-0.8388	0.452259	14.6756	-0.010924
-0.845072	0.44351	12.9761	-0.099348
-0.838976	0.44873	13.3401	-0.043728
-0.834648	0.422086	11.2085	0.010552
-0.84036	0.42846	13.0419	0.023572
-0.844208	0.427091	15.5136	0.016048
-0.840592	0.421087	13.8204	0.012188
-0.838016	0.457072	13.1631	-0.031284
-0.843392	0.46362	15.4976	0.024752
-0.838744	0.468934	15.9532	-0.009428
-0.847136	0.455081	17.0878	0.05298
-0.837872	0.446545	13.0628	0.047152
-0.843984	0.4355	14.1384	0.082908
-0.837656	0.43575	12.7431	-0.010952
-0.847992	0.454733	16.7357	-0.00276
-0.838176	0.415382	12.4818	-0.022468
-0.842736	0.415742	13.8515	-0.117984
-0.839944	0.462993	14.6038	-0.017856
-0.838544	0.420665	13.6221	-0.1088
-0.844392	0.478085	17.1892	0.033604
-0.841432	0.435528	13.9223	0.013408
-0.83768	0.449751	13.1144	0.106164
-0.848376	0.449741	15.2351	-0.022364
-0.843008	0.449283	15.1071	-0.099512
-0.842848	0.447142	15.2228	0.01566
-0.842264	0.442894	15.4715	0.09916
-0.840104	0.435104	13.9807	0.01736
-0.83772	0.454717	13.517	0.048056
-0.84248	0.451136	16.0492	-0.0504
-0.84372	0.449548	16.5092	0.046252
-0.843928	0.468855	17.1428	0.084916
-0.843584	0.425533	13.7334	-0.003856
-0.840112	0.437845	14.2614	-0.068608
-0.846168	0.445326	14.9538	-0.036376
-0.839112	0.450144	15.4021	0.057384
-0.837496	0.45204	12.9811	-0.024328
-0.838856	0.446066	12.2033	0.055064
-0.847688	0.433742	15.3972	0.073452
-0.8484	0.456009	17.1003	0.022208
-0.842352	0.429929	13.4564	0.014028
-0.838528	0.434702	14.0579	-0.011488
-0.840624	0.435124	13.6632	-0.015636
-0.847624	0.437662	15.3705	0.00166
-0.83612	0.437436	13.0458	-0.06946
-0.844048	0.424594	15.5508	-0.034172
-0.844112	0.45504	14.69	-0.084876
-0.838096	0.449979	12.3643	0.020464
-0.83664	0.436517	12.8943	0.06212
-0.847136	0.469794	16.6162	0.026116
-0.841136	0.451982	13.6822	0.098448
-0.839696	0.444475	14.3845	-0.028064
-0.837472	0.463042	12.6515	0.03108
-0.837624	0.447664	14.3322	-0.081368
-0.838952	0.438485	13.0326	0.011116
-0.83888	0.436021	12.6687	0.082004
-0.838	0.417735	13.1038	0.004744
-0.839088	0.428263	12.2475	-0.031076
-0.83656	0.434264	12.4488	-0.065656
-0.84364	0.479885	15.0951	-0.021916
-0.835216	0.41824	12.7324	-0.02736
-0.84348	0.424098	12.5707	0.054528
-0.839248	0.44165	12.3017	0.001084
-0.84264	0.4454	13.8444	-0.030196
-0.847472	0.444903	16.7725	0.030172
-0.843696	0.412682	13.186	0.058504
-0.844408	0.413835	13.6471	-0.03962
-0.843136	0.437107	13.2841	-0.095724
-0.846696	0.427698	13.6746	0.059148
-0.84212	0.432171	13.2932	0.034904
-0.844104	0.398066	12.6576	-0.005172
-0.838952	0.460122	14.1848	0.031612
-0.841368	0.440927	15.1207	0.079636
-0.840848	0.46068	14.4354	-0.021076
-0.834216	0.430188	12.4555	0.001348
-0.835808	0.448835	13.7975	0.046312
-0.845832	0.41774	13.7943	0.017912
-0.84092	0.428118	14.995	-0.037236
-0.840536	0.434314	13.8282	-0.026516
-0.839824	0.449961	14.1748	-0.003276
-0.843352	0.461188	15.3666	0.030064
-0.836248	0.427604	12.2998	0.012688
-0.841192	0.484043	14.75	0.018304
-0.842576	0.416768	13.8983	-0.004716
-0.837664	0.427146	13.3039	0.032884
-0.835136	0.458091	12.6784	-0.010104
-0.83608	0.461214	13.22	0.00058
-0.8446	0.434766	15.3681	-0.052996
-0.84812	0.452751	16.6224	-0.112796
-0.842168	0.452735	13.7223	0.076848
-0.84276	0.427513	14.3115	-0.062624
-0.843888	0.427767	15.5192	-0.109288
-0.845128	0.469288	15.5449	-0.065936
-0.83892	0.430979	12.0959	0.023872
-0.804688	0.430248	9.7661	-0.032204
-0.807296	0.419023	9.99222	-0.024348
-0.80732	0.437308	10.6356	0.069916
-0.804512	0.428031	10.0014	-0.014836
-0.81004	0.420289	10.3821	0.002612
-0.803952	0.428487	10.031	-0.034708
-0.80824	0.452323	11.5453	-0.021208
-0.803464	0.4479	10.5636	0.027288
-0.811496	0.429443	10.0848	-0.093436
-0.803496	0.447326	9.87976	-0.051412
-0.805152	0.438437	9.50037	0.01378
-0.804288	0.428874	10.119	0.00714
-0.8046	0.412392	9.79017	-0.002356
-0.806136	0.430069	9.55771	0.009168
-0.806536	0.459652	10.791	-0.0561
-0.806808	0.462543	11.4055	0.066036
-0.80464	0.434034	10.3559	-0.000868
-0.811944	0.464762	12.6069	0.021928
-0.805728	0.409826	10.1001	0.040148
-0.810312	0.434013	11.3261	0.065548
-0.801424	0.427097	8.91514	-0.025368
-0.81656	0.450069	13.021	0.027524
-0.808896	0.428437	10.4951	0.000568
-0.810136	0.426324	11.0624	-0.046264
-0.805344	0.433675	10.5243	0.035484
-0.806176	0.432037	10.6802	-0.075136
-0.807672	0.445693	11.928	-0.056588
-0.806168	0.424848	9.41532	0.008292
-0.805176	0.420594	8.92193	0.047828
-0.813416	0.44852	12.2482	0.001664
-0.806744	0.425503	9.98579	-0.035024
-0.809488	0.421202	10.063	-0.006056
-0.804104	0.433447	9.96948	0.0824
-0.806912	0.437271	9.80146	-0.034016
-0.805192	0.421943	9.45406	0.028408
-0.806592	0.409161	10.6744	0.00196
-0.814376	0.448213	11.5592	-0.000724
-0.80596	0.444192	10.8756	0.070524
-0.80512	0.441336	9.7261	0.006716
-0.80656	0.43437	11.3038	-0.01976
-0.809232	0.431175	10.5483	-0.001312
-0.80604	0.451487	12.1442	0.056644
-0.805912	0.451343	9.58979	-0.058616
-0.808392	0.449927	9.55815	0.044728
-0.807248	0.425062	10.5436	0.004156
-0.809216	0.451419	11.7209	0.084884
-0.804984	0.433827	9.79866	0.023148
-0.806472	0.433722	10.8578	-0.050792
-0.802472	0.437315	9.633	0.018876
-0.811096	0.464863	11.4812	0.0123
-0.803256	0.439673	9.21143	-0.053456
-0.805256	0.421901	9.88486	-0.023432
-0.813168	0.441177	11.2409	-0.015696
-0.801512	0.430039	9.57441	0.015424
-0.804544	0.416661	9.34082	0.030412
-0.81096	0.434511	10.6093	0.01682
-0.805168	0.441225	9.82702	0.051564
-0.801736	0.404252	9.24672	0.016916
-0.805128	0.441651	10.681	0.005016
-0.80692	0.424313	10.1471	-0.04142
-0.802752	0.433466	9.00844	0.003796
-0.801968	0.426742	9.15314	0.040128
-0.804256	0.417539	9.38463	0.013588
-0.804624	0.406862	8.5473	-0.019672
-0.805824	0.420069	9.14961	-0.040408
-0.81008	0.445741	11.0204	-0.079436
-0.8022	0.431559	10.0175	0.00176
-0.807424	0.442089	10.4765	0.042444
-0.804152	0.473235	9.50114	0.014248
-0.80656	0.435409	9.84002	-0.013712
-0.805	0.425663	10.1657	0.081496
-0.810824	0.426782	10.1839	0.04954
-0.810128	0.476539	11.2199	-0.075336
-0.804344	0.436278	9.94162	-0.064184
-0.80712	0.42142	10.1921	0.016112
-0.806752	0.423977	10.2651	0.046988
-0.806648	0.425423	9.66454	0.002164
-0.805256	0.443406	10.1349	0.051012
-0.805944	0.44996	11.1695	0.028368
-0.807632	0.468435	11.3537	0.00998
-0.798568	0.437649	9.95266	-0.021596
-0.800192	0.433697	9.24595	0.012448
-0.809152	0.430307	10.3325	-0.03084
-0.805632	0.417169	9.59429	0.00288
-0.805848	0.406221	10.0509	-0.03356
-0.807248	0.445688	10.4077	-0.004704
-0.809608	0.445682	10.6165	0.011032
-0.804696	0.424728	10.1079	0.00554
-0.811392	0.447259	11.1142	0.016912
-0.806592	0.431305	10.8729	-0.020556
-0.805776	0.420743	10.3628	0.058848
-0.804592	0.456926	10.3854	-0.04016
-0.804024	0.42989	9.62593	0.012808
-0.806792	0.437214	9.44843	-0.011536
-0.812056	0.457159	11.4971	-0.02052
-0.809616	0.427525	10.3869	0.013108
-0.805632	0.436915	9.69384	-0.03084
-0.81072	0.441632	11.5257	-0.079204
-0.80976	0.438703	10.5289	-0.030908
-0.809432	0.419749	10.2438	0.06472
-0.771096	0.429428	7.5117	-0.019988
-0.774832	0.416657	8.12023	-0.009036
-0.774208	0.416735	8.05665	0.069116
-0.767896	0.431891	7.45235	0.008964
-0.77672	0.420671	7.62486	0.020152
-0.7748	0.413265	8.19806	-0.023168
-0.772848	0.431705	7.88801	0.003008
-0.77224	0.422046	7.9889	0.015468
-0.779864	0.42706	8.10912	-0.050644
-0.770016	0.430259	7.68997	-0.0256
-0.773272	0.431087	7.60481	0.030464
-0.770904	0.41993	7.63464	-0.001328
-0.772376	0.414207	7.55816	-0.00624
-0.770904	0.410749	7.47801	0.006168
-0.771816	0.436996	7.85339	-0.044544
-0.773424	0.427599	8.34688	0.01526
-0.771808	0.430087	8.63523	-0.033008
-0.774728	0.423671	8.78273	0.015316
-0.773848	0.422702	8.30385	0.039096
-0.771544	0.433484	8.18	-0.010848
-0.772664	0.454533	8.50012	-0.021368
-0.778128	0.413156	8.72564	0.003856
-0.77704	0.424692	8.36649	-0.019456
-0.77552	0.405633	7.41634	0.015684
-0.773528	0.40703	8.08762	0.008784
-0.771784	0.42205	8.01695	-0.040468
-0.770024	0.448849	8.28294	0.003668
-0.775472	0.435211	7.87047	0.012844
-0.77544	0.42588	7.65562	-0.005016
-0.776896	0.428393	8.2212	0.029132
-0.774856	0.436973	8.1407	-0.025084
-0.76988	0.412074	7.95017	-0.027228
-0.77152	0.434559	7.96371	0.031748
-0.771848	0.442762	8.03231	-0.056796
-0.773544	0.409708	7.62696	0.023188
-0.769984	0.409906	7.56573	0.015572
-0.778624	0.421848	8.88823	-0.005764
-0.772504	0.42646	7.6895	0.044188
-0.774984	0.430088	8.41847	-0.023288
-0.7728	0.40794	8.35718	-0.00138
-0.772616	0.420237	7.77334	-0.017916
-0.77168	0.421875	8.36509	0.034692
-0.773864	0.422341	7.56686	-0.05386
-0.776344	0.419808	7.83873	-0.008744
-0.772072	0.41919	7.84329	-0.01062
-0.77072	0.433	8.08498	0.054628
-0.769112	0.416219	7.23551	0.008024
-0.772264	0.430959	8.32563	-0.032676
-0.771624	0.427648	7.26943	0.031792
-0.772736	0.428548	8.27114	-0.011564
-0.76728	0.435253	7.01968	-0.033612
-0.771736	0.419949	8.14703	-0.022372
-0.774368	0.414064	7.81714	-0.041968
-0.768472	0.438549	8.34692	0.028048
-0.772744	0.417635	7.70439	0.002684
-0.77544	0.425948	9.03936	0.03754
-0.769304	0.424808	7.96529	0.01108
-0.768288	0.409785	7.19332	0.029956
-0.773136	0.426517	8.21749	0.011804
-0.773448	0.418148	7.60976	-0.048736
-0.77152	0.424838	7.2918	0.002772
-0.765856	0.405119	7.40625	0.006656
-0.770888	0.433112	7.50009	0.004656
-0.774536	0.410669	7.51836	-0.027724
-0.77124	0.433376	7.80875	-0.070828
-0.774432	0.421663	8.42134	-0.059752
-0.770896	0.416463	7.8434	-0.012408
-0.776144	0.398515	8.17489	0.022936
-0.773224	0.451068	7.77007	-0.003588
-0.773336	0.414796	8.07532	-0.024536
-0.769592	0.431474	8.28116	0.034648
-0.77892	0.422983	8.57027	0.036688
-0.769672	0.442801	8.12446	-0.056336
-0.770928	0.428577	7.36766	-0.045464
-0.773232	0.412342	7.76974	0.024492
-0.773104	0.405027	8.28087	0.0315
-0.769104	0.409982	7.47988	-0.030192
-0.775784	0.410294	7.90531	0.021232
-0.771888	0.425937	8.41615	0.026208
-0.776008	0.427875	8.05503	0.005872
-0.764872	0.419481	8.1898	-0.040236
-0.768832	0.427116	7.7073	-0.003232
-0.771176	0.403884	8.01263	-0.015492
-0.774296	0.432366	7.60985	0.058524
-0.773928	0.405709	7.86966	-0.026864
-0.77276	0.431992	7.30699	0.02112
-0.775048	0.442138	8.574	-0.02992
-0.770864	0.406508	7.36525	0.032472
-0.775968	0.431081	8.42393	0.035972
-0.771712	0.419337	8.27863	-0.02342
-0.770064	0.397468	7.6142	0.027488
-0.771344	0.440374	7.85586	-0.030444
-0.767648	0.428415	7.30318	-0.012952
-0.77424	0.433767	7.31354	0.00862
-0.774088	0.437133	8.39095	-0.052268
-0.775704	0.428316	7.73416	0.001212
-0.774152	0.406862	7.42066	-0.005168
-0.774576	0.433458	8.18042	-0.09322
-0.774336	0.420998	8.09878	-0.029452
-0.774936	0.418621	8.10732	0.042288
-0.742696	0.401812	5.91397	0.00468
-0.743984	0.40603	6.7172	-0.025072
-0.740072	0.396999	6.04065	0.025932
-0.738728	0.406514	6.1222	-0.005108
-0.74228	0.40023	5.80452	0.02454
-0.740744	0.398187	6.41409	-0.0141
-0.740072	0.413865	6.31639	0.001984
-0.740848	0.403594	6.2339	0.032224
-0.744552	0.405768	6.65667	-0.054136
-0.738536	0.402447	5.97904	-0.019112
-0.738944	0.398523	6.05522	0.040192
-0.741624	0.397717	6.38969	0.014284
-0.740904	0.403258	6.53797	0.013916
-0.739392	0.407451	5.75246	0.00952
-0.738496	0.422788	6.62256	-0.01958
-0.740992	0.419033	6.89103	0.014848
-0.7366	0.411755	6.62229	-0.021224
-0.740592	0.406384	6.41898	0.001692
-0.74048	0.410519	6.87378	0.040212
-0.737712	0.410033	6.34346	-0.016312
-0.738736	0.420421	7.10199	-0.016868
-0.742032	0.412509	6.41096	-0.0175
-0.7422	0.407957	6.88494	-0.033604
-0.745568	0.390647	5.8454	-0.001156
-0.739032	0.406574	6.1126	0.01312
-0.739992	0.416493	6.52838	-0.026392
-0.7358	0.40969	6.33459	0.041572
-0.741856	0.416785	6.78526	-0.00874
-0.741496	0.410674	6.67826	-0.015672
-0.741776	0.407586	6.83671	0.030764
-0.7372	0.410204	6.03334	0.009052
-0.738984	0.410757	6.24541	-0.015048
-0.734672	0.404714	6.28264	0.012428
-0.740928	0.419097	5.72094	-0.011548
-0.737696	0.398391	5.98084	0.037444
-0.740024	0.408233	5.93193	0.016356
-0.745632	0.408289	7.0848	-0.01276
-0.739408	0.414066	5.97492	0.04996
-0.742	0.401194	6.49316	-0.028396
-0.739952	0.406977	6.61924	-0.013916
-0.739568	0.40281	6.28275	-0.0187
-0.735848	0.417592	6.73516	0.016108
-0.742176	0.414532	6.01095	-0.058268
-0.741248	0.401795	5.86336	-0.007564
-0.738336	0.394347	5.85135	0.012392
-0.741832	0.408862	6.50884	0.018904
-0.736392	0.40005	6.11414	-0.001536
-0.740944	0.411731	6.47151	-0.022532
-0.742856	0.407374	6.36292	0.038728
-0.739776	0.404231	6.5556	-0.020396
-0.738096	0.406062	6.09767	-0.002788
-0.739088	0.398853	6.4381	0.002184
-0.74296	0.40017	6.61095	-0.026824
-0.735336	0.416002	5.98989	0.013336
-0.741192	0.415765	6.26454	0.005672
-0.743072	0.407851	7.04251	0.004432
-0.738512	0.414617	6.63969	0.014492
-0.737504	0.390263	6.21047	0.035668
-0.739	0.405416	6.48624	0.000964
-0.738736	0.395122	5.75053	-0.008052
-0.74144	0.413035	5.78716	-0.004908
-0.73812	0.383901	5.79772	0.018328
-0.737696	0.428369	6.00889	-0.022716
-0.740544	0.408321	6.08197	-0.024588
-0.735336	0.408782	6.1152	-0.062024
-0.740168	0.404853	6.67652	-0.061944
-0.740752	0.397652	6.11472	-0.003644
-0.742576	0.404309	5.91581	0.024816
-0.739864	0.405864	6.48923	0.007952
-0.74052	0.395485	6.38478	-0.02462
-0.737472	0.403945	6.30535	0.034444
-0.742512	0.400743	6.49152	0.021696
-0.735232	0.414182	6.35647	-0.019696
-0.73836	0.399852	5.88609	-0.039132
-0.742568	0.407676	6.78387	0.00616
-0.740256	0.395393	6.49197	0.019748
-0.735472	0.396868	6.32463	-0.034368
-0.738712	0.39522	6.30639	0.009336
-0.739424	0.422471	6.65337	0.028456
-0.743048	0.407785	6.44263	-0.020104
-0.733368	0.408963	6.90235	-0.036784
-0.735424	0.403866	6.04253	0.024088
-0.740432	0.404716	6.88964	-0.024316
-0.73932	0.416183	6.06165	0.036312
-0.740648	0.404835	6.71965	-0.01618
-0.740968	0.419887	6.01215	0.019524
-0.739816	0.410571	6.32336	-0.00574
-0.737864	0.410136	5.93916	0.010788
-0.743088	0.414286	6.37897	0.045856
-0.73516	0.408158	6.31866	0.003036
-0.740576	0.406413	6.27282	0.009308
-0.739112	0.422782	6.43956	-0.019092
-0.734408	0.423255	6.02589	-0.012136
-0.744152	0.414444	6.44678	0.004688
-0.738032	0.414369	6.6104	-0.042444
-0.740688	0.399216	5.87475	-0.002248
-0.741376	0.390054	6.33857	-0.031232
-0.741392	0.42081	6.38836	-0.0682
-0.739704	0.401991	6.21215	-0.017736
-0.738472	0.414337	6.24726	0.01804
-0.70972	0.38573	4.98479	0.01722
-0.708432	0.376884	5.33053	-0.01862
-0.708712	0.384881	4.75248	0.020056
-0.707168	0.393473	4.96259	0.006476
-0.710736	0.386006	5.21653	0.010544
-0.707344	0.386551	5.06928	-0.00688
-0.70796	0.384746	5.28845	-0.022056
-0.706688	0.389634	5.02002	0.031172
-0.71064	0.394083	5.35447	-0.040304
-0.70368	0.377457	4.68402	-0.012852
-0.706072	0.369336	4.99969	0.031788
-0.708032	0.388762	4.94798	0.00726
-0.708952	0.381492	5.1562	0.006268
-0.707176	0.387633	4.95531	0.022188
-0.708472	0.392364	5.40173	-0.019176
-0.708344	0.407893	5.68913	0.018864
-0.70624	0.384962	5.24918	-0.022252
-0.708248	0.392461	5.31902	-0.002236
-0.707528	0.384482	5.29258	0.034428
-0.706288	0.391212	5.26725	-0.003592
-0.706256	0.396425	5.65847	-0.00842
-0.70924	0.391283	5.19388	-0.019644
-0.707416	0.381074	5.56496	-0.0353
-0.712648	0.385097	4.81311	0.01772
-0.704	0.394855	4.79211	0.009904
-0.710904	0.393123	5.82412	-0.011916
-0.705304	0.388671	4.7794	0.034608
-0.707336	0.399338	4.89406	-0.009736
-0.709744	0.402293	5.05297	-0.00458
-0.708184	0.388803	5.63497	0.032756
-0.705744	0.391067	4.71288	0.007624
-0.707008	0.389713	5.04716	-0.000968
-0.700944	0.383474	4.78994	0.038188
-0.7096	0.391081	5.07193	-0.002012
-0.704752	0.379678	4.89637	0.024776
-0.705912	0.365613	4.91265	0.007384
-0.711984	0.3812	5.92847	-0.029132
-0.70976	0.398757	4.93891	0.04152
-0.711288	0.386643	5.30622	-0.016868
-0.70976	0.384812	5.2588	-0.011328
-0.709792	0.386237	5.25162	-0.003352
-0.70352	0.400794	5.21283	0.006828
-0.707704	0.393049	5.36606	-0.022492
-0.709024	0.379554	4.89928	-0.019936
-0.707904	0.381994	4.80017	0.03486
-0.709744	0.401194	5.59152	0.022512
-0.701072	0.387363	4.90901	0.002956
-0.712232	0.395098	5.39211	-0.016384
-0.709936	0.404145	5.35146	0.020104
-0.708496	0.391536	5.67175	-0.00212
-0.707944	0.390579	5.15089	0.0114
-0.707392	0.365256	5.35214	0.015824
-0.70928	0.38347	5.27665	-0.01212
-0.701576	0.389147	4.5622	-0.00306
-0.709168	0.385075	5.06512	0.0168
-0.708736	0.387401	5.31251	-0.006896
-0.706776	0.384627	4.97948	0.004408
-0.705808	0.375144	5.42603	0.021304
-0.710008	0.37986	5.08927	0.013464
-0.706728	0.384978	4.80743	-0.025164
-0.710728	0.387699	4.99358	0.007412
-0.708288	0.373554	4.99439	-0.000572
-0.70716	0.399663	4.79947	-0.030996
-0.708824	0.394026	5.30192	-0.0186
-0.70588	0.383921	5.00452	-0.034432
-0.708216	0.383784	5.4158	-0.03932
-0.707816	0.378162	4.89785	0.012752
-0.709992	0.390444	4.83719	0.01448
-0.707816	0.382211	5.34033	-0.002224
-0.708896	0.378095	4.99983	-0.016324
-0.704816	0.383053	5.17681	0.049424
-0.711056	0.374787	5.26319	0.015584
-0.705448	0.392534	4.82799	-0.008904
-0.71092	0.392935	5.09396	-0.031956
-0.711424	0.385585	5.48895	0.001036
-0.709624	0.386252	5.37792	0.003976
-0.704888	0.37904	5.09184	-0.030396
-0.709528	0.385874	5.21025	0.006632
-0.7116	0.385002	5.36829	0.020928
-0.710192	0.394497	4.93999	-0.019972
-0.703024	0.383552	5.23285	-0.032796
-0.70524	0.392246	4.89818	0.033172
-0.709464	0.372577	5.21713	-0.001944
-0.707168	0.389025	4.98815	-0.001024
-0.7076	0.393549	5.26577	-0.00678
-0.710768	0.393576	5.14267	0.017364
-0.708536	0.378877	5.19648	-0.005804
-0.70596	0.385008	5.33676	0.001044
-0.709712	0.39652	5.02966	0.036192
-0.70532	0.378393	5.39088	0.018192
-0.708912	0.391054	5.38069	-0.0117
-0.706408	0.385991	5.06996	-0.011944
-0.7026	0.393579	4.91781	0.016308
-0.71168	0.392652	5.27195	0.019044
-0.705392	0.393619	5.02486	-0.046996
-0.71264	0.378995	5.06446	-0.016616
-0.70736	0.376121	4.94864	-0.000328
-0.708296	0.389106	5.01078	-0.053208
-0.708552	0.385139	4.96528	-0.014376
-0.70628	0.390853	5.09918	0.018544
-0.68016	0.356037	4.08947	0.018496
-0.676392	0.36007	4.38933	-0.016108
-0.677808	0.365875	4.10611	0.004164
-0.675432	0.368406	4.00954	0.008368
-0.679896	0.363789	4.28084	0.020064
-0.679024	0.368671	4.49234	-0.00892
-0.680984	0.367251	4.38091	-0.023676
-0.676488	0.371361	4.20458	0.024752
-0.67724	0.368247	4.142	-0.015592
-0.67468	0.364877	4.03932	-0.01402
-0.678496	0.343644	4.11667	0.02886
-0.67848	0.36085	4.29481	0.009864
-0.679688	0.367062	4.36843	0.009884
-0.676672	0.353738	4.2109	0.00528
-0.678008	0.374005	4.32227	-0.013312
-0.677344	0.376673	4.42325	0.018008
-0.675784	0.36314	4.25181	-0.013976
-0.6768	0.376914	4.26708	-0.009048
-0.6794	0.370023	4.42739	0.027296
-0.676744	0.372862	4.28583	0.002852
-0.67588	0.374697	4.68962	0.010216
-0.678984	0.363318	4.42376	0.011992
-0.67908	0.372452	4.81365	-0.021596
-0.680688	0.360345	4.06874	-0.00096
-0.67504	0.36865	4.16078	0.003964
-0.681032	0.366156	4.86956	-0.01598
-0.676704	0.365625	4.1435	0.020068
-0.675248	0.381603	4.17502	0.012688
-0.681592	0.382003	4.26939	-0.00012
-0.674704	0.371284	4.32508	0.012988
-0.67564	0.371046	4.0252	0.013188
-0.674592	0.366875	4.15059	0.008008
-0.671744	0.375811	3.96475	0.01704
-0.680512	0.378608	4.09409	-0.002336
-0.675768	0.363703	4.30718	0.011352
-0.676104	0.360913	4.23849	-0.00274
-0.678648	0.368357	4.51811	-0.039436
-0.679472	0.373978	4.13915	0.025088
-0.679792	0.377262	4.4675	-0.017796
-0.678568	0.366559	4.36003	-0.00968
-0.67744	0.359832	4.13736	0.012888
-0.676752	0.370527	4.27151	0.005084
-0.676872	0.371579	4.28623	-0.018792
-0.677496	0.359951	4.16545	-0.02408
-0.67856	0.371297	4.32031	0.0385
-0.677056	0.360459	4.36646	0.0266
-0.674912	0.373454	4.19779	0.001048
-0.681552	0.371722	4.42841	-0.015092
-0.680056	0.378901	4.40596	0.01646
-0.677568	0.37597	4.65745	-0.00146
-0.677032	0.378033	4.04974	0.015748
-0.675568	0.36253	3.95966	0.00434
-0.678224	0.362743	4.2932	-0.007012
-0.672136	0.370327	3.84891	-0.002356
-0.681024	0.372118	4.19248	0.02114
-0.678352	0.366383	4.09137	-0.01342
-0.677024	0.360845	3.92095	0.0017
-0.67688	0.354744	4.40483	0.027152
-0.678648	0.360495	4.24068	0.002944
-0.676792	0.37213	4.10541	-0.003876
-0.67864	0.381743	4.10297	-0.001344
-0.681008	0.359147	4.19414	-0.002832
-0.678112	0.380068	4.24746	-0.020168
-0.679456	0.378476	4.27463	-0.023108
-0.67652	0.362023	4.22737	-0.029536
-0.674808	0.36287	4.23216	-0.027396
-0.676032	0.361396	3.97563	0.001676
-0.681408	0.37047	4.15126	0.013628
-0.67896	0.3674	4.55138	-0.020252
-0.678712	0.358143	4.19979	-0.008744
-0.675368	0.371749	4.26338	0.029064
-0.680208	0.365077	4.21558	-0.00916
-0.675488	0.382989	4.04988	-0.01474
-0.68016	0.373812	4.43975	-0.04004
-0.680336	0.367695	4.37918	0.00026
-0.678968	0.372445	4.66935	-0.001092
-0.675576	0.353251	4.15153	-0.022608
-0.680328	0.365664	4.22263	0.013952
-0.683256	0.366048	4.45575	-0.000152
-0.678208	0.373179	4.31302	-0.010568
-0.675208	0.36139	4.39599	-0.02516
-0.674808	0.374793	4.19854	0.019436
-0.677832	0.355113	4.3681	-0.015716
-0.678336	0.366381	4.33129	-0.015772
-0.67732	0.379661	4.44977	-0.007588
-0.681656	0.357887	4.58452	0.017888
-0.676176	0.353923	4.01999	-0.01624
-0.678744	0.363212	4.56534	-0.000272
-0.678816	0.36324	4.26717	0.015016
-0.676056	0.361643	4.30613	0.021116
-0.678048	0.37163	4.47162	-0.006912
-0.676008	0.359708	4.22271	-0.007084
-0.676112	0.372904	4.22845	0.0151
-0.679928	0.369511	4.5073	0.01682
-0.676552	0.363209	4.2926	-0.02092
-0.683512	0.360355	4.44691	-0.010632
-0.676248	0.36248	4.05975	-0.002952
-0.67864	0.37209	4.43273	-0.046536
-0.68044	0.367495	4.29362	-0.014524
-0.67568	0.372914	4.36391	0.028784
-0.650856	0.341525	3.48945	0.011668
-0.64908	0.34409	3.80465	-0.01126
-0.648072	0.348844	3.42206	0.010224
-0.647384	0.334307	3.41371	0.013152
-0.653536	0.345679	3.70075	0.022236
-0.651224	0.359371	3.83528	-0.012052
-0.652648	0.337294	3.73344	-0.02996
-0.65068	0.348798	3.5231	0.022544
-0.649008	0.343591	3.62313	-0.006692
-0.64768	0.348183	3.5362	-0.024324
-0.649512	0.335073	3.39758	0.019324
-0.649864	0.342104	3.61247	0.008972
-0.649768	0.353708	3.76335	0.000216
-0.651712	0.336209	3.64562	0.005448
-0.649496	0.346745	3.71591	-0.011864
-0.648712	0.361262	3.6519	0.008492
-0.650176	0.353232	3.6384	-0.006036
-0.650048	0.353426	3.69464	-0.011
-0.651792	0.355129	3.69313	0.017448
-0.65044	0.357534	3.62493	0.002548
-0.650464	0.352938	4.05445	-0.00544
-0.650576	0.344438	3.721	0.00824
-0.65028	0.345547	4.05918	-0.023744
-0.654256	0.343999	3.57378	0.015428
-0.647528	0.349176	3.59543	0.011316
-0.652144	0.335284	4.04035	-0.000452
-0.648696	0.340908	3.44109	0.006572
-0.647944	0.363109	3.55941	0.022368
-0.649552	0.359068	3.57835	0.000924
-0.647264	0.344444	3.51644	0.006004
-0.64672	0.345173	3.42019	0.00042
-0.64652	0.349371	3.50286	0.005348
-0.64376	0.351572	3.31506	0.024444
-0.651432	0.349914	3.38339	0.004212
-0.64632	0.340596	3.59553	0.020284
-0.646832	0.347976	3.53421	-0.00566
-0.650072	0.34171	3.86955	-0.032148
-0.649096	0.341041	3.60694	0.01512
-0.64972	0.343151	3.57114	-0.009716
-0.652104	0.352403	3.62805	-0.00156
-0.647576	0.348539	3.63291	0.012924
-0.647896	0.346619	3.46423	0.0065
-0.649416	0.350293	3.71078	-0.007708
-0.64976	0.334236	3.62406	-0.010324
-0.650088	0.34859	3.63713	0.03188
-0.648824	0.348154	3.64431	0.013816
-0.64756	0.353742	3.52218	0.000612
-0.650648	0.354592	3.62975	-0.018624
-0.65168	0.358056	3.67885	0.018064
-0.649968	0.351203	3.88181	0.012196
-0.648984	0.357345	3.44271	-0.002976
-0.649048	0.343069	3.49669	0.00732
-0.651568	0.340506	3.39299	-0.008344
-0.645344	0.355834	3.47605	0.00368
-0.653304	0.344634	3.47971	0.024508
-0.650312	0.345874	3.72541	-0.009692
-0.648888	0.353624	3.5599	0.000468
-0.647488	0.340265	3.66926	0.017928
-0.649696	0.341241	3.62679	-0.008276
-0.64976	0.345322	3.5462	0.005
-0.648448	0.358242	3.28468	-0.002984
-0.65092	0.340828	3.64407	0.002284
-0.649864	0.352458	3.67105	-0.024436
-0.651704	0.358693	3.72826	-0.011548
-0.649632	0.345435	3.65403	-0.019728
-0.646128	0.349289	3.70618	-0.010308
-0.650088	0.344164	3.47154	0.012928
-0.651048	0.345594	3.53673	0.018012
-0.65268	0.334652	3.84296	-0.00674
-0.649656	0.334297	3.60989	0.000536
-0.646224	0.34679	3.40681	0.025264
-0.652464	0.345093	3.55646	-0.022812
-0.647552	0.356171	3.61223	-0.021912
-0.650632	0.355064	3.69275	-0.037028
-0.654304	0.348923	3.75181	0.00694
-0.651736	0.349318	4.01586	-0.0139
-0.647648	0.329184	3.57479	-0.006176
-0.65	0.340637	3.56631	0.012764
-0.654544	0.341479	3.81277	-0.001348
-0.650696	0.360181	3.80828	-0.00318
-0.647672	0.342683	3.90079	-0.001328
-0.648112	0.344937	3.6913	0.012536
-0.649576	0.339501	3.86657	-0.025672
-0.649944	0.342749	3.48792	-0.018392
-0.648192	0.362488	3.7289	-0.002216
-0.655656	0.338083	3.82525	0.018216
-0.649816	0.336205	3.51116	-0.008988
-0.64916	0.337118	3.8007	0.009132
-0.652128	0.350114	3.70546	0.014848
-0.648768	0.344874	3.60063	0.008936
-0.64952	0.357278	3.73709	-0.003872
-0.650088	0.33662	3.62547	-0.001364
-0.65004	0.352738	3.74003	0.017208
-0.651024	0.347842	3.76393	0.010816
-0.647312	0.336494	3.58314	-0.014172
-0.652696	0.333909	3.64243	0.002032
-0.64508	0.342291	3.49566	0.002784
-0.648856	0.341786	3.53538	-0.025012
-0.650712	0.343966	3.63307	-0.005724
-0.647512	0.348183	3.66884	0.025556
-0.624904	0.320447	2.93123	0.004784
-0.622	0.324135	3.39183	-0.003348
-0.623472	0.32457	3.13927	0.013632
-0.620856	0.323103	3.02994	0.011692
-0.623512	0.323443	3.17789	0.010948
-0.625752	0.335876	3.3217	-0.000892
-0.626696	0.317295	3.14968	-0.019428
-0.625136	0.328904	3.14028	0.018016
-0.622672	0.325453	3.13693	-0.01408
-0.618912	0.326928	3.04046	-0.011688
-0.623272	0.313113	2.9407	0.012968
-0.623816	0.321384	3.06579	0.010724
-0.62188	0.333077	3.21004	0.001488
-0.624104	0.323921	3.16733	-0.005456
-0.62344	0.320167	3.31361	-0.010756
-0.624848	0.334107	3.19399	0.005936
-0.62412	0.326292	3.25452	-0.0017
-0.622456	0.331438	3.23939	-0.001416
-0.625816	0.324783	3.18669	0.013948
-0.621688	0.327968	3.09062	0.005416
-0.624592	0.330104	3.41143	-0.001048
-0.62488	0.329997	3.19374	0.01104
-0.625712	0.337862	3.48419	-0.007584
-0.62884	0.329529	3.12778	0.0049
-0.62028	0.323257	3.01308	0.001276
-0.624824	0.313991	3.39501	-0.001324
-0.621064	0.321059	2.99584	0.008364
-0.62264	0.338923	3.11156	0.01582
-0.622032	0.335	3.03661	0.001768
-0.621432	0.327067	3.07594	-0.004124
-0.62012	0.319739	3.01407	-0.003732
-0.6196	0.334662	3.14646	-0.001976
-0.620224	0.328359	2.89077	0.021076
-0.624616	0.326604	3.05591	-0.009384
-0.619952	0.3347	3.05986	0.017308
-0.62128	0.319226	3.00266	-0.007388
-0.624336	0.321074	3.41689	-0.021784
-0.623624	0.328873	3.11368	0.013988
-0.622048	0.316423	3.07833	-0.008972
-0.625336	0.336444	3.06876	-0.013976
-0.623016	0.327511	3.13208	0.006024
-0.623752	0.320713	3.05699	0.015076
-0.621416	0.324932	3.18349	-0.008056
-0.622584	0.316861	3.09182	-0.010312
-0.626	0.328168	3.16185	0.02254
-0.622672	0.328289	3.13884	0.003356
-0.620352	0.335022	3.06064	0.003308
-0.625776	0.330734	3.09325	-0.009964
-0.623192	0.337513	3.07898	0.011032
-0.623408	0.325846	3.27824	0.015224
-0.624408	0.341402	3.12203	0.004016
-0.623112	0.328555	3.1556	0.002712
-0.625312	0.31462	3.03207	-0.000872
-0.61864	0.332224	2.98277	0.004108
-0.624368	0.329406	3.08671	0.023656
-0.623504	0.324153	3.25039	-0.009196
-0.621536	0.337765	3.05647	-0.001112
-0.622288	0.316925	3.1115	0.019808
-0.622824	0.316399	3.10483	-0.003468
-0.624064	0.324399	3.07207	0.00486
-0.622568	0.335439	2.99485	0.013036
-0.621488	0.324251	3.09822	0.004032
-0.623048	0.327984	3.13689	-0.01474
-0.624792	0.327875	3.21592	-0.017912
-0.62532	0.328058	3.13438	-0.01356
-0.619792	0.329094	3.16397	-0.013572
-0.625704	0.321827	3.1649	0.011492
-0.623344	0.319979	3.04613	0.01336
-0.62584	0.330099	3.3606	-0.013984
-0.622536	0.316372	2.96364	-0.000256
-0.620968	0.334359	3.03788	0.023124
-0.624664	0.329412	3.15601	-0.021064
-0.622584	0.328618	3.07823	-0.016868
-0.625384	0.33925	3.20047	-0.031804
-0.62664	0.320536	3.10908	-0.003452
-0.62568	0.33131	3.30184	-0.009384
-0.621272	0.318705	3.15302	0.004008
-0.626056	0.32158	3.12673	0.008936
-0.62584	0.321076	3.21859	-0.008504
-0.622248	0.340606	3.19412	0.003588
-0.62204	0.314296	3.30291	-0.002024
-0.621232	0.319964	3.13532	0.008272
-0.624616	0.318846	3.35466	-0.02674
-0.62336	0.321189	3.01957	-0.00944
-0.623016	0.339507	3.20242	-0.00176
-0.630192	0.330115	3.25361	0.009964
-0.625984	0.318484	3.10783	-0.013292
-0.622072	0.324717	3.1306	0.002332
-0.623192	0.331156	3.18871	0.012168
-0.621744	0.321837	3.152	-0.002744
-0.624368	0.335968	3.24215	-0.00886
-0.62392	0.323285	3.16085	-0.009304
-0.622696	0.324928	3.19921	0.011008
-0.62336	0.319515	3.25523	-0.001376
-0.621464	0.326107	3.05267	-0.01036
-0.625464	0.314909	3.25534	-0.009728
-0.620416	0.321999	3.08957	0.005868
-0.62228	0.325462	3.08803	-0.025424
-0.624832	0.322815	3.08234	-0.009024
-0.622312	0.328602	3.16072	0.01856
-0.599736	0.304605	2.60811	0.001424
-0.599144	0.310332	2.91017	-0.004692
-0.598704	0.309775	2.74835	0.01078
-0.5958	0.304613	2.70543	0.00272
-0.59876	0.303897	2.71505	0.006528
-0.60304	0.317018	2.98899	-0.002788
-0.601432	0.291115	2.74136	-0.013924
-0.599128	0.306604	2.73557	0.014724
-0.597384	0.296775	2.69099	-0.00936
-0.595632	0.30713	2.56234	-0.006156
-0.5992	0.292905	2.59305	0.010732
-0.598184	0.304986	2.67037	0.0039
-0.595944	0.310721	2.94644	-0.00158
-0.599824	0.298327	2.75689	-0.008228
-0.598888	0.296908	2.77944	-0.005952
-0.600848	0.30268	2.7877	0.000676
-0.599144	0.299884	2.81194	0.001896
-0.596392	0.312605	2.75561	-0.001836
-0.601136	0.310884	2.89278	0.021392
-0.597992	0.307382	2.80861	0.002148
-0.598696	0.309423	2.85725	0.006148
-0.600112	0.308776	2.73639	-0.002484
-0.60148	0.31433	3.01235	-0.000724
-0.602544	0.306911	2.63747	-0.003656
-0.595512	0.295632	2.60859	-0.005288
-0.600232	0.298067	2.84688	-0.00404
-0.597224	0.297548	2.64242	0.008016
-0.598336	0.318975	2.67145	0.012308
-0.599648	0.315525	2.69344	-0.00124
-0.598264	0.3115	2.71636	-0.000516
-0.593328	0.301726	2.61537	-0.007876
-0.596392	0.316485	2.82021	-0.006292
-0.596	0.314077	2.64584	0.018384
-0.599272	0.311926	2.7406	-0.01046
-0.595512	0.315185	2.73126	0.021356
-0.59644	0.299874	2.63781	-0.005188
-0.59716	0.307744	2.79996	-0.014728
-0.599392	0.305682	2.77713	0.020088
-0.597648	0.295691	2.69441	-0.000388
-0.598256	0.309926	2.61506	-0.00898
-0.59832	0.307426	2.77349	0.005848
-0.5988	0.300004	2.51767	0.018056
-0.597176	0.30573	2.70751	-0.006048
-0.597488	0.292862	2.61595	-0.005808
-0.601736	0.307864	2.70106	0.01736
-0.598272	0.304978	2.75587	-0.008536
-0.596016	0.315394	2.62239	0.007636
-0.600392	0.303503	2.82766	0.002572
-0.598304	0.31384	2.59059	0.008012
-0.599232	0.306043	2.8469	0.009256
-0.599888	0.316108	2.66405	-0.001644
-0.597744	0.311924	2.7317	-0.007352
-0.600544	0.300185	2.63892	-0.00662
-0.593456	0.305982	2.70704	0.003176
-0.598288	0.315122	2.75735	0.011056
-0.599088	0.30671	2.79539	-0.010448
-0.595944	0.322911	2.63079	-0.002056
-0.599072	0.295986	2.80059	0.015884
-0.596584	0.304297	2.6477	-0.007944
-0.597944	0.305544	2.72272	0.003772
-0.5976	0.312824	2.61492	0.008008
-0.596168	0.300742	2.75367	0.000244
-0.59756	0.295727	2.67019	-0.015336
-0.599752	0.31157	2.72656	-0.016324
-0.600968	0.310694	2.79903	-0.015384
-0.595176	0.311688	2.77972	-0.015912
-0.600456	0.29678	2.76784	0.008576
-0.59832	0.305471	2.61782	0.010528
-0.600232	0.307049	2.7544	-0.008492
-0.599176	0.309509	2.6402	-0.012128
-0.59712	0.316063	2.66712	0.012544
-0.59932	0.307589	2.72119	-0.018328
-0.597768	0.305801	2.69693	-0.008672
-0.601264	0.319095	2.79112	-0.029568
-0.600944	0.302706	2.71405	-0.00178
-0.601984	0.305505	2.90332	-0.001664
-0.596616	0.301064	2.59785	0.003208
-0.600832	0.309585	2.78535	0.008868
-0.599824	0.295303	2.79643	-0.004212
-0.59824	0.314599	2.71209	0.001836
-0.599	0.294959	2.9523	-0.005216
-0.59692	0.300653	2.6584	0.00642
-0.59812	0.308585	2.81857	-0.01484
-0.598672	0.302716	2.64184	-0.00094
-0.597888	0.308639	2.70145	-0.005096
-0.604984	0.313148	2.91329	0.011764
-0.60064	0.299876	2.7338	-0.005288
-0.597816	0.30049	2.66901	-0.001456
-0.598304	0.313138	2.7061	0.00652
-0.594096	0.304981	2.78418	-0.002176
-0.600128	0.307554	2.77589	1.2e-05
-0.599928	0.305156	2.74154	-0.001172
-0.59812	0.308157	2.73745	0.004444
-0.599168	0.300756	2.75835	0.000608
-0.599024	0.309609	2.64557	-0.000224
-0.600696	0.299523	2.83494	0.001368
-0.597144	0.302853	2.64176	0.004136
-0.595136	0.309984	2.63344	-0.02866
-0.599416	0.306217	2.55144	-0.00906
-0.599064	0.313078	2.72779	0.00902
-0.576792	0.288971	2.32747	-0.001856
-0.576816	0.288321	2.57342	0.002216
-0.576048	0.286336	2.44279	0.004516
-0.572728	0.285035	2.38434	0.003812
-0.574608	0.278217	2.50726	0.002668
-0.576056	0.297676	2.58575	-0.009628
-0.578032	0.277028	2.43237	-0.013784
-0.576296	0.293416	2.44809	0.013216
-0.573904	0.277687	2.40918	0.000232
-0.571528	0.286841	2.18005	-0.007068
-0.57448	0.279204	2.35595	-0.001776
-0.573776	0.288257	2.41309	0.000988
-0.573368	0.28344	2.53591	0.003784
-0.576376	0.280915	2.46893	-0.007596
-0.574176	0.284473	2.43604	-0.006468
-0.57636	0.286641	2.48331	-0.00012
-0.57692	0.2844	2.47696	0.002408
-0.573992	0.294584	2.46547	-0.001148
-0.57768	0.28933	2.53195	0.016964
-0.57428	0.285179	2.42498	0.001776
-0.57644	0.286365	2.44933	4.4e-05
-0.576672	0.283452	2.3981	-0.002944
-0.577264	0.290356	2.60076	0.003936
-0.57672	0.289901	2.35111	-0.005436
-0.573256	0.281443	2.36629	-0.0055
-0.574664	0.286451	2.49267	-0.006232
-0.573392	0.282135	2.34133	0.007148
-0.5752	0.29814	2.34154	0.007112
-0.576704	0.291534	2.3603	-0.001976
-0.573576	0.293429	2.36995	-0.005648
-0.570584	0.282371	2.37525	-0.004368
-0.57212	0.293848	2.49437	-0.006324
-0.573832	0.292564	2.38429	0.018812
-0.574952	0.289895	2.43739	-0.015092
-0.570736	0.29656	2.40204	0.019388
-0.572272	0.287889	2.38924	-0.001984
-0.573424	0.292748	2.47705	-0.015236
-0.57676	0.29012	2.43562	0.0147
-0.574936	0.279301	2.28274	-0.007552
-0.575304	0.287853	2.2921	-0.011744
-0.576144	0.288797	2.52551	0.003536
-0.574816	0.283608	2.25819	0.009824
-0.574688	0.283332	2.3812	-0.009412
-0.57448	0.281182	2.29887	-0.005812
-0.576224	0.290912	2.33745	0.018348
-0.574376	0.282647	2.40092	-0.00942
-0.574512	0.302782	2.30505	0.009936
-0.575784	0.289703	2.48449	-0.006248
-0.57532	0.291661	2.33627	0.00324
-0.575344	0.287854	2.47415	0.005412
-0.577576	0.292376	2.36485	0.000732
-0.574408	0.291116	2.33019	-0.000872
-0.574984	0.285259	2.34083	-0.003432
-0.57084	0.284286	2.46641	0.004368
-0.575896	0.290313	2.35686	0.008904
-0.574704	0.289888	2.42156	-0.006128
-0.573952	0.29535	2.43716	-0.009956
-0.574256	0.279809	2.42713	0.015516
-0.573896	0.288048	2.43673	-0.004044
-0.5726	0.292494	2.38025	-0.00292
-0.57596	0.294336	2.36763	0.007904
-0.57464	0.282565	2.4335	-0.008844
-0.574816	0.278938	2.38452	-0.010336
-0.57716	0.286285	2.50632	-0.011328
-0.576168	0.287407	2.48774	-0.015308
-0.572832	0.286901	2.48447	-0.015408
-0.577768	0.280994	2.40061	0.008364
-0.57468	0.285123	2.3588	0.007744
-0.577624	0.285993	2.49193	-0.006976
-0.577608	0.283808	2.42933	-0.020152
-0.5732	0.292382	2.3532	0.01068
-0.577256	0.289483	2.38629	-0.008244
-0.575112	0.284105	2.29072	-0.003636
-0.57812	0.294844	2.48176	-0.025416
-0.57756	0.283844	2.41906	-0.006736
-0.578032	0.288346	2.58825	0.004588
-0.57444	0.279476	2.33122	0.004792
-0.576528	0.289297	2.4593	0.008188
-0.576024	0.276352	2.46641	-0.003444
-0.575528	0.29427	2.42411	-0.00082
-0.575856	0.281577	2.70383	-0.009428
-0.574136	0.279745	2.32205	0.007784
-0.57556	0.288865	2.47717	-0.00964
-0.57528	0.288116	2.34161	-0.002992
-0.574744	0.284698	2.36203	-0.007136
-0.581248	0.293684	2.50878	0.006184
-0.57812	0.283717	2.51592	-0.004328
-0.574416	0.279656	2.33028	0.000968
-0.576488	0.300451	2.38316	0.006376
-0.571216	0.283861	2.46488	0.00228
-0.57508	0.290224	2.4834	-0.006496
-0.57568	0.29013	2.3783	-0.002472
-0.573408	0.289983	2.4423	0.004884
-0.576344	0.283767	2.43396	-0.00586
-0.574848	0.295016	2.34464	0.002128
-0.577304	0.279777	2.45289	0.003952
-0.574624	0.281751	2.37028	0.00708
-0.572656	0.295184	2.36358	-0.029176
-0.575496	0.289594	2.29143	-0.00536
-0.57708	0.297387	2.39555	0.008532
-0.5562	0.272274	2.07797	-0.001692
-0.553768	0.272645	2.26407	0.0019
-0.553768	0.269789	2.15153	0.005712
-0.550944	0.265076	2.09015	0.000716
-0.551888	0.263752	2.20095	0.002564
-0.55304	0.279611	2.29772	-0.004924
-0.554672	0.260082	2.13926	-0.01468
-0.554312	0.276297	2.19353	0.009268
-0.551792	0.261784	2.08772	0.003268
-0.551096	0.271786	2.03607	-0.002612
-0.551736	0.266485	2.09853	-0.000712
-0.55164	0.269956	2.11508	-0.003812
-0.551664	0.268871	2.16222	-0.00078
-0.555472	0.264134	2.19611	-0.006276
-0.552	0.269474	2.17767	-0.009316
-0.556904	0.273461	2.3052	-0.00514
-0.5556	0.267733	2.18398	0.008424
-0.552408	0.272975	2.19073	0.001788
-0.555784	0.26379	2.23038	0.014812
-0.552464	0.262312	2.13197	0.004308
-0.5546	0.2664	2.15993	0.00338
-0.55504	0.267929	2.12156	-0.001432
-0.554136	0.270521	2.2837	-0.000572
-0.555168	0.268127	2.1275	-0.00416
-0.551896	0.262413	2.08703	-0.009064
-0.552584	0.268953	2.19554	-0.006044
-0.553096	0.265644	2.1675	0.00768
-0.554584	0.277846	2.18067	0.003996
-0.555728	0.271579	2.15342	-0.004184
-0.551632	0.27117	2.10483	-0.005508
-0.55	0.263212	2.13563	-0.005748
-0.548768	0.275744	2.19387	-0.003592
-0.551856	0.272881	2.1288	0.015588
-0.553048	0.274671	2.19772	-0.010444
-0.54948	0.279	2.16997	0.017688
-0.550848	0.272369	2.12225	-0.006136
-0.551792	0.273333	2.22609	-0.01312
-0.554376	0.274399	2.20703	0.006704
-0.55332	0.265355	2.02691	-0.005288
-0.554824	0.270072	2.0668	-0.014524
-0.552368	0.271076	2.22672	0.00196
-0.553776	0.265072	2.00614	0.013524
-0.554272	0.267571	2.20419	-0.012272
-0.552152	0.263511	2.0522	-0.008744
-0.553472	0.275726	2.08571	0.012228
-0.550824	0.268536	2.11497	-0.009708
-0.553696	0.282934	2.11266	0.01428
-0.55324	0.272959	2.22598	-0.0087
-0.552832	0.270961	2.1281	0.002416
-0.553192	0.268401	2.178	0.0096
-0.556368	0.271305	2.11402	0.00258
-0.553056	0.272736	2.16811	-0.002832
-0.551464	0.266471	2.04423	-0.00232
-0.549344	0.268165	2.21256	0.005392
-0.55396	0.27654	2.15359	0.007072
-0.551864	0.263198	2.14637	-0.007832
-0.549728	0.272543	2.1	-0.004144
-0.553368	0.264523	2.12482	0.012556
-0.550768	0.268441	2.17875	-0.001564
-0.550048	0.275277	2.14195	-0.003672
-0.553504	0.275038	2.09227	0.00194
-0.552832	0.263609	2.13392	-0.001308
-0.552728	0.264599	2.09928	-0.006732
-0.555152	0.267851	2.19971	-0.012292
-0.553736	0.269557	2.14077	-0.016492
-0.551824	0.268152	2.17675	-0.012804
-0.555192	0.263487	2.13736	0.00626
-0.553416	0.264138	2.11307	0.003224
-0.555144	0.268967	2.19087	-0.008236
-0.556216	0.266464	2.20218	-0.018196
-0.552048	0.274233	2.08992	0.0119
-0.555336	0.275882	2.15334	-0.003648
-0.55264	0.263655	2.07317	-0.004944
-0.556688	0.279618	2.2144	-0.024064
-0.55508	0.269725	2.22204	-0.006092
-0.556648	0.27097	2.3424	0.008144
-0.553536	0.264367	2.13407	-0.000516
-0.55408	0.267453	2.14503	0.001108
-0.552568	0.259312	2.13992	-0.010208
-0.554224	0.274167	2.16561	-0.006544
-0.553112	0.265697	2.37843	-0.00262
-0.552624	0.26586	2.08355	-0.000588
-0.553368	0.271378	2.26838	-0.002352
-0.553464	0.268347	2.08503	-0.006884
-0.554016	0.268755	2.09215	-0.010172
-0.559544	0.276251	2.2367	0.008052
-0.55608	0.261551	2.19322	-0.008304
-0.55452	0.263204	2.13999	0.004864
-0.554664	0.281439	2.10401	0.006504
-0.549752	0.262022	2.18005	0.001208
-0.5536	0.270989	2.24158	-0.003832
-0.553104	0.269992	2.08099	0.005268
-0.551088	0.280004	2.18685	-0.00364
-0.55504	0.270785	2.20612	-0.004944
-0.552584	0.276628	2.11335	0.001676
-0.556584	0.265572	2.18774	0.002424
-0.554088	0.263456	2.14238	0.001264
-0.552544	0.276666	2.13916	-0.025864
-0.553408	0.269674	2.04912	-0.002876
-0.555632	0.278144	2.14682	-0.001008
-0.533808	0.257304	1.88978	-0.001868
-0.535488	0.253007	2.01954	0.00262
-0.532632	0.252335	1.95465	0.004116
-0.5308	0.250441	1.8975	0.000808
-0.531456	0.250342	1.95799	0.002696
-0.530928	0.259755	2.03785	-0.005104
-0.532512	0.24263	1.94743	-0.013252
-0.534552	0.253423	1.98563	0.008188
-0.532968	0.244219	1.86868	-1.6e-05
-0.531248	0.252072	1.86716	-0.000448
-0.531112	0.250873	1.87369	-0.004272
-0.531904	0.255504	1.87102	-0.005196
-0.53168	0.255056	1.92095	0.000208
-0.533432	0.248583	1.9809	-0.004896
-0.532328	0.249874	1.9657	-0.008096
-0.535288	0.251637	2.06082	-0.001592
-0.534824	0.250846	2.00203	0.006764
-0.53076	0.255724	1.98017	0.000888
-0.535424	0.250289	2.04947	0.015424
-0.530816	0.246193	1.95594	0.005416
-0.534592	0.251316	1.96215	0.008204
-0.53344	0.250779	1.8705	-0.00684
-0.533512	0.25466	2.01582	-0.001192
-0.535152	0.251112	1.90354	-0.00526
-0.531352	0.246785	1.88905	-0.008804
-0.531296	0.250045	1.98298	-0.00606
-0.533584	0.252087	1.96981	0.0035
-0.533224	0.262986	2.03762	0.007288
-0.53348	0.253931	1.96774	-0.005544
-0.532424	0.254954	1.93456	-0.006624
-0.530776	0.244324	1.89407	-0.003092
-0.530384	0.259012	1.97566	-0.003768
-0.531768	0.256836	1.92762	0.011824
-0.532608	0.257547	1.97746	-0.008644
-0.530288	0.258618	1.97862	0.011232
-0.531568	0.252011	1.94262	-0.002232
-0.532136	0.255914	1.94952	-0.010088
-0.533408	0.258037	2.01347	0.008964
-0.533064	0.252185	1.86484	-0.006836
-0.532464	0.250639	1.83838	-0.011828
-0.531856	0.255682	2.02255	0.004892
-0.533608	0.251545	1.86601	0.017764
-0.533576	0.255013	1.96925	-0.011324
-0.532032	0.249765	1.84846	-0.012228
-0.531608	0.259564	1.85746	0.012092
-0.532632	0.253306	1.93286	-0.01326
-0.532368	0.262165	1.90152	0.01006
-0.532336	0.255433	1.98724	-0.009528
-0.532904	0.254627	1.92444	0.003084
-0.534528	0.249656	1.95484	0.00986
-0.53596	0.25754	1.99597	-0.002992
-0.530888	0.253532	1.95454	-0.006316
-0.531576	0.251726	1.88518	-0.004164
-0.5298	0.255711	1.98692	-0.000276
-0.53148	0.261038	1.9567	0.003816
-0.530544	0.249003	1.94287	-0.012348
-0.529424	0.252014	1.8935	-0.005752
-0.533488	0.252314	1.96899	0.009768
-0.532136	0.252597	1.94634	0.000792
-0.528656	0.257042	1.91017	-0.004984
-0.534048	0.254005	1.88653	0.005332
-0.531872	0.254412	1.8367	-0.00056
-0.53392	0.251744	1.9189	-0.005872
-0.535216	0.249837	1.99079	-0.006292
-0.53308	0.255539	1.93425	-0.014416
-0.529776	0.254535	1.93958	-0.015192
-0.534184	0.248962	1.88338	-0.000232
-0.53156	0.247062	1.89567	-0.000212
-0.533768	0.257357	2.01887	-0.010692
-0.53624	0.249766	1.96507	-0.0152
-0.531864	0.253637	1.9261	0.012144
-0.53388	0.261296	1.89653	-0.004332
-0.533048	0.246755	1.88029	-0.001804
-0.535504	0.258571	1.93642	-0.020448
-0.533136	0.249771	1.94185	-0.006044
-0.534336	0.252259	2.11488	0.00486
-0.53268	0.251953	1.89188	-0.003024
-0.533408	0.249283	1.94381	-0.004252
-0.531728	0.246372	1.89027	-0.00922
-0.533096	0.259029	1.90519	-0.006504
-0.533616	0.252907	2.15925	0.001736
-0.5316	0.249809	1.86024	0.001588
-0.532584	0.253079	2.00912	-0.001724
-0.533224	0.250441	1.89344	-0.011184
-0.533968	0.25612	1.87203	-0.010524
-0.539056	0.260649	2.01618	0.008736
-0.535488	0.250683	1.97552	-0.006292
-0.533656	0.247709	1.96827	0.000464
-0.533728	0.261336	1.87441	0.007912
-0.5276	0.249516	1.92265	0.00484
-0.531792	0.252054	1.96407	-0.00344
-0.533416	0.252607	1.87337	8e-05
-0.529824	0.261558	1.94061	-0.00524
-0.533744	0.253319	1.97636	-0.005584
-0.531168	0.255443	1.97162	0.000276
-0.534776	0.248998	1.96201	0.004648
-0.532856	0.247203	1.92971	-9.6e-05
-0.531176	0.257008	1.93544	-0.022912
-0.533384	0.253073	1.88592	-0.00378
-0.5338	0.262531	1.95795	0.005504
-0.51616	0.241642	1.70818	-0.00522
-0.51596	0.235307	1.80505	0.002832
-0.513856	0.235302	1.77476	0.006688
-0.511864	0.233496	1.75624	-0.007756
-0.513552	0.237814	1.81837	0.002468
-0.5112	0.242178	1.88801	-0.008652
-0.513912	0.232503	1.78786	-0.010732
-0.514256	0.239022	1.77995	0.010544
-0.514184	0.232905	1.73072	-0.000632
-0.512544	0.234088	1.67511	-0.00052
-0.511584	0.237096	1.70342	-0.0057
-0.511976	0.241822	1.71363	-0.002736
-0.5118	0.236588	1.71381	-0.000356
-0.51296	0.235071	1.77749	-0.004836
-0.512936	0.234643	1.78894	-0.01084
-0.514328	0.237275	1.88448	-0.00104
-0.5158	0.233865	1.80371	0.006124
-0.511208	0.240626	1.7837	-0.001492
-0.515072	0.236342	1.82394	0.00882
-0.5108	0.232695	1.76048	0.005276
-0.516144	0.235855	1.79863	0.006624
-0.514976	0.232765	1.72927	-0.010768
-0.5152	0.236671	1.83414	-0.000568
-0.516208	0.234607	1.70852	-0.002108
-0.512288	0.232338	1.73811	-0.009324
-0.512488	0.235567	1.76293	-0.003132
-0.514312	0.236881	1.77345	-0.000496
-0.513928	0.247617	1.86057	0.0056
-0.513096	0.241082	1.78511	-0.003308
-0.511816	0.240195	1.76906	-0.006552
-0.512344	0.230015	1.70873	-0.003932
-0.51204	0.24262	1.78708	-0.001784
-0.5132	0.238274	1.73549	0.013736
-0.514048	0.237789	1.78354	-0.007356
-0.511872	0.242011	1.76421	0.007472
-0.511632	0.237233	1.74148	-0.001812
-0.512744	0.239725	1.75113	-0.008172
-0.513832	0.238787	1.81263	0.006076
-0.512824	0.235317	1.69648	-0.003872
-0.51196	0.236691	1.70692	-0.008056
-0.513408	0.239677	1.86764	0.006352
-0.515096	0.236541	1.71773	0.020224
-0.513504	0.239595	1.80258	-0.009952
-0.513192	0.235153	1.7298	-0.005692
-0.51272	0.245247	1.71486	0.011008
-0.513272	0.23832	1.74067	-0.008008
-0.511904	0.244428	1.72814	0.009152
-0.513624	0.239547	1.7933	-0.007084
-0.51392	0.241243	1.73773	0.002424
-0.515992	0.233684	1.77193	0.002172
-0.516512	0.24086	1.79567	-0.003004
-0.511464	0.238329	1.79143	-0.006928
-0.511992	0.232829	1.65335	-0.003484
-0.511128	0.234118	1.82991	-0.002256
-0.511608	0.237895	1.77764	0.003
-0.511248	0.233565	1.77711	-0.009916
-0.510328	0.235938	1.7103	-0.006576
-0.515664	0.239147	1.80434	0.010872
-0.513784	0.234268	1.77207	0.002624
-0.511336	0.235515	1.71467	-0.007528
-0.51536	0.240751	1.75353	0.00278
-0.5128	0.241622	1.69189	0.002192
-0.514568	0.234848	1.7443	-0.009768
-0.515504	0.236798	1.75778	-0.00764
-0.514752	0.242466	1.71462	-0.012076
-0.510008	0.237093	1.72291	-0.013812
-0.516648	0.233309	1.76819	0.00416
-0.512128	0.237815	1.73786	0.00422
-0.514192	0.246319	1.7916	-0.008084
-0.517312	0.235854	1.78767	-0.014352
-0.5134	0.238471	1.76834	0.0098
-0.513296	0.240786	1.67255	0.000572
-0.512952	0.231744	1.71284	0.000448
-0.517224	0.236619	1.75569	-0.015788
-0.51316	0.237287	1.76182	-0.004996
-0.513456	0.238061	1.91037	0.008088
-0.512336	0.234841	1.70848	-0.006316
-0.514408	0.234634	1.75898	-0.001736
-0.513376	0.232444	1.71199	-0.010668
-0.513288	0.237439	1.7648	-0.007216
-0.512648	0.241185	1.89098	0.008588
-0.512128	0.235633	1.70201	0.001036
-0.513816	0.236889	1.81785	-0.000728
-0.512536	0.234323	1.72246	-0.01106
-0.513336	0.240228	1.68539	-0.005792
-0.51992	0.244802	1.82383	0.006888
-0.514592	0.236118	1.75246	-0.010616
-0.513648	0.231925	1.77178	-0.00362
-0.513384	0.243862	1.67143	0.010208
-0.508576	0.234674	1.73211	0.003776
-0.512824	0.233691	1.76005	-0.004108
-0.514088	0.237004	1.73896	-0.00282
-0.512248	0.245761	1.76263	-0.005112
-0.514128	0.234366	1.77716	-0.008024
-0.512624	0.241272	1.76872	-0.000712
-0.5148	0.234177	1.76644	-0.001628
-0.514224	0.232943	1.74042	-0.002552
-0.511832	0.237461	1.73932	-0.020944
-0.51568	0.238038	1.71446	-0.005052
-0.514976	0.244932	1.75187	0.00458
-0.495648	0.226979	1.5523	-0.002096
-0.497736	0.219634	1.63995	0.00058
-0.49604	0.223496	1.59538	0.00716
-0.49268	0.219788	1.57839	-0.006536
-0.495576	0.227409	1.64256	0.00048
-0.492432	0.226047	1.70626	-0.008676
-0.494592	0.218529	1.64838	-0.0106
-0.496008	0.222794	1.60887	0.00588
-0.496296	0.218696	1.56557	-0.002296
-0.495872	0.220086	1.55754	-0.005964
-0.494064	0.221996	1.57351	-0.001224
-0.493496	0.22713	1.58598	-0.002168
-0.491936	0.221133	1.58336	-0.003348
-0.494944	0.222714	1.63036	-0.005964
-0.49624	0.227569	1.64309	-0.00956
-0.497976	0.222978	1.72224	0.005948
-0.49792	0.221009	1.64977	0.000728
-0.493904	0.226173	1.6409	-0.003836
-0.496776	0.222687	1.67094	0.006628
-0.493392	0.218156	1.59805	0.001012
-0.497688	0.219301	1.65416	0.005836
-0.49712	0.219536	1.59603	-0.006688
-0.49692	0.223578	1.6807	-0.002584
-0.494832	0.221933	1.52799	-0.001576
-0.494776	0.219223	1.61016	-0.009356
-0.494464	0.222318	1.61606	0.0034
-0.495808	0.222794	1.60361	0.00154
-0.495984	0.232292	1.70285	0.003536
-0.494352	0.223592	1.63975	-0.003332
-0.49384	0.227256	1.59732	-0.00434
-0.49224	0.222646	1.52127	-0.000476
-0.493568	0.228026	1.60277	-0.005544
-0.4952	0.22392	1.569	0.01406
-0.495952	0.224443	1.60474	-0.010768
-0.493376	0.227234	1.60466	0.007304
-0.493576	0.224797	1.60382	-0.003364
-0.494144	0.22168	1.58372	-0.005048
-0.495504	0.225763	1.66764	0.003068
-0.495872	0.223084	1.5596	-0.00448
-0.492752	0.222797	1.55847	-0.003024
-0.495664	0.226331	1.72706	0.010048
-0.497536	0.219889	1.57302	0.01744
-0.494824	0.22652	1.64861	-0.004628
-0.496584	0.222046	1.60486	-0.001988
-0.494648	0.230557	1.59588	0.007896
-0.496	0.226212	1.62907	-0.01108
-0.494448	0.226569	1.57053	0.00884
-0.49472	0.225999	1.61193	-0.00728
-0.495488	0.225337	1.62417	0.00586
-0.497184	0.220144	1.62695	0.00268
-0.499456	0.223765	1.65227	-0.00228
-0.493864	0.224473	1.6284	-0.005996
-0.493792	0.220297	1.53716	-0.005752
-0.49372	0.220119	1.64559	-0.001532
-0.492224	0.223331	1.59243	0.003152
-0.493904	0.217139	1.59276	-0.01014
-0.492816	0.223754	1.56388	-0.00418
-0.495896	0.225186	1.63451	0.007
-0.496576	0.218806	1.6245	-0.002332
-0.494456	0.221699	1.58389	-0.007856
-0.49636	0.22819	1.62169	0.000972
-0.495144	0.229264	1.57093	-9.6e-05
-0.49568	0.22076	1.59011	-0.014724
-0.498072	0.219325	1.58615	-0.010012
-0.49792	0.227836	1.55602	-0.010796
-0.491504	0.224149	1.57873	-0.010824
-0.498296	0.21962	1.59967	0.005952
-0.495296	0.223198	1.58986	0.003432
-0.4966	0.231016	1.63422	-0.010452
-0.498472	0.225597	1.60913	-0.01572
-0.49568	0.221137	1.61332	0.009448
-0.495344	0.224327	1.53707	0.006548
-0.494464	0.218508	1.55523	-0.002992
-0.497616	0.22377	1.61034	-0.013708
-0.495032	0.224617	1.62679	0.000984
-0.495584	0.223821	1.73532	0.006204
-0.494528	0.220405	1.57649	-0.005596
-0.495472	0.217875	1.59751	0.003612
-0.4948	0.215648	1.57906	-0.004744
-0.496184	0.22405	1.60466	-0.005052
-0.4944	0.225476	1.67035	0.010208
-0.494848	0.223095	1.56924	0.000792
-0.494224	0.222042	1.61415	-0.004048
-0.494376	0.22062	1.59033	-0.009148
-0.496336	0.226448	1.53888	-0.0022
-0.50136	0.229523	1.68344	0.005272
-0.496984	0.22	1.60439	-0.00768
-0.497216	0.21513	1.61082	-0.0084
-0.495104	0.228999	1.54215	0.011032
-0.490248	0.218421	1.57583	-0.000364
-0.495312	0.217269	1.59729	-0.00806
-0.496216	0.22262	1.59555	-0.004392
-0.494328	0.230844	1.59886	-0.00202
-0.495456	0.22107	1.62515	-0.009152
-0.493808	0.225515	1.61163	-0.000676
-0.496072	0.221123	1.6324	-0.00066
-0.496432	0.220668	1.57158	0.000828
-0.492648	0.221403	1.55616	-0.0184
-0.496808	0.224614	1.56385	-0.006316
-0.497504	0.225809	1.5942	0.001564
-0.478904	0.210499	1.40216	-0.000388
-0.479912	0.207411	1.50795	-0.000276
-0.479568	0.209317	1.433	0.00514
-0.476888	0.207228	1.44104	-0.003112
-0.478368	0.213809	1.52669	0.00532
-0.475552	0.211514	1.5697	-0.0088
-0.47816	0.207192	1.50961	-0.011696
-0.479296	0.211411	1.47389	0.00158
-0.479712	0.206266	1.44372	0.000308
-0.47852	0.205145	1.43825	-0.003596
-0.476112	0.206738	1.43057	-0.0047
-0.475656	0.212931	1.45684	-0.002588
-0.474192	0.203972	1.45358	-0.000392
-0.477272	0.209374	1.46635	-0.006712
-0.478488	0.212826	1.453	-0.007632
-0.480128	0.212111	1.56878	0.004272
-0.481336	0.209954	1.50164	-6.4e-05
-0.477016	0.212303	1.4978	-0.000344
-0.480464	0.209767	1.50326	0.004356
-0.476976	0.208692	1.50012	0.004292
-0.481344	0.207526	1.54926	0.006972
-0.479376	0.208499	1.4706	-0.006744
-0.479472	0.211396	1.53206	-0.0037
-0.477472	0.207862	1.40922	-0.001104
-0.478632	0.205895	1.45848	-0.008168
-0.477104	0.209431	1.46866	0.00082
-0.477648	0.21084	1.4704	0.003604
-0.478248	0.216578	1.55909	0.003716
-0.476416	0.208902	1.49652	-0.003748
-0.477408	0.216859	1.47748	-0.003732
-0.475464	0.206005	1.38816	-0.004096
-0.476536	0.213717	1.44943	-0.00394
-0.478672	0.210821	1.42022	0.012544
-0.479976	0.210602	1.49281	-0.008368
-0.475592	0.213339	1.51261	0.005736
-0.475592	0.208865	1.44176	-0.003856
-0.476512	0.205322	1.4487	-0.00636
-0.479008	0.209531	1.5626	0.0002
-0.479176	0.210524	1.4459	-0.003372
-0.475312	0.209437	1.43543	-0.004956
-0.477144	0.212816	1.56946	0.00708
-0.48068	0.211827	1.44272	0.015568
-0.4782	0.212674	1.52714	-0.001984
-0.479096	0.209429	1.47311	0.000564
-0.477784	0.214282	1.45471	0.00716
-0.479128	0.211459	1.49439	-0.0078
-0.477392	0.212314	1.43894	0.009296
-0.47688	0.212205	1.44788	-0.004696
-0.478616	0.212536	1.4857	0.006072
-0.4796	0.206733	1.51458	0.004388
-0.482872	0.209589	1.53256	-0.002036
-0.47532	0.213947	1.4819	-0.001112
-0.47672	0.208705	1.41315	-0.005632
-0.4754	0.20631	1.48294	-0.003508
-0.475872	0.212002	1.45289	0.002612
-0.478528	0.205891	1.43464	-0.009192
-0.4764	0.209716	1.43926	-0.007196
-0.478488	0.210693	1.46027	0.009336
-0.479344	0.204908	1.50245	-0.000436
-0.478176	0.208511	1.47623	-0.0064
-0.477624	0.213127	1.49408	0.004748
-0.478368	0.214971	1.43672	-0.00114
-0.478848	0.208226	1.43969	-0.011288
-0.480032	0.206041	1.47208	-0.011992
-0.482088	0.213283	1.42014	-0.00786
-0.47436	0.207657	1.43073	-0.008488
-0.480608	0.207857	1.4602	0.008316
-0.478264	0.208983	1.46624	0.0007
-0.478752	0.213425	1.51425	-0.008588
-0.481536	0.206391	1.47099	-0.012008
-0.478576	0.206291	1.48634	0.009256
-0.478008	0.210653	1.41229	0.002392
-0.477888	0.208027	1.439	0.001012
-0.480704	0.210821	1.50084	-0.012416
-0.477952	0.213147	1.53953	0.003824
-0.478936	0.210969	1.58967	0.002348
-0.477056	0.208092	1.46335	-0.00534
-0.479248	0.204542	1.47416	0.005116
-0.478208	0.205009	1.46536	-0.002272
-0.479872	0.210342	1.46768	-0.004948
-0.478024	0.213151	1.52781	0.00982
-0.477808	0.208491	1.43506	-0.000128
-0.477152	0.211412	1.48038	-0.000332
-0.476872	0.206672	1.47965	-0.01078
-0.480008	0.212007	1.41988	-0.001724
-0.484208	0.217334	1.5639	0.00488
-0.478456	0.207795	1.48836	-0.00566
-0.47856	0.205198	1.49389	-0.005584
-0.477904	0.212069	1.43381	0.008296
-0.473264	0.202981	1.41148	0.000116
-0.47768	0.204546	1.47627	-0.005056
-0.47848	0.20908	1.46271	-0.001124
-0.47796	0.217413	1.46797	-0.003852
-0.478936	0.206633	1.48227	-0.006036
-0.47568	0.210072	1.47611	0.002916
-0.478912	0.206962	1.50181	-0.000912
-0.478432	0.208263	1.46864	-0.002268
-0.474792	0.205726	1.41731	-0.019032
-0.478488	0.211282	1.42693	-0.004184
-0.480728	0.21063	1.45981	0.001568
-0.462224	0.198546	1.34608	0.000184
-0.464056	0.19423	1.37477	-0.001024
-0.463768	0.198067	1.31872	0.006228
-0.460272	0.193471	1.33387	5.2e-05
-0.462864	0.199529	1.39857	0.005112
-0.460256	0.198855	1.45666	-0.007584
-0.46232	0.196093	1.41887	-0.010252
-0.464064	0.198314	1.34666	0.003664
-0.462968	0.192902	1.3363	0.001828
-0.461144	0.194324	1.33016	-0.002076
-0.460408	0.193618	1.33568	-0.00066
-0.460304	0.200511	1.344	-0.004804
-0.4594	0.191576	1.32918	-0.0016
-0.462	0.196238	1.3184	-0.005388
-0.46268	0.200698	1.35697	-0.005704
-0.46288	0.199184	1.45196	0.00396
-0.46436	0.198174	1.39796	-0.000652
-0.460808	0.198836	1.40103	-0.000316
-0.464408	0.199313	1.39743	0.003392
-0.462056	0.198535	1.39795	0.006152
-0.46568	0.195885	1.4219	0.00404
-0.463608	0.196305	1.35473	-0.003912
-0.46284	0.199615	1.38677	-0.007024
-0.460816	0.194696	1.30331	0.002788
-0.46264	0.193241	1.34275	-0.003148
-0.462	0.19907	1.35518	-0.000768
-0.460392	0.19905	1.38025	0.002388
-0.463512	0.20625	1.41007	0.001264
-0.46056	0.1955	1.3833	-0.001908
-0.46236	0.20083	1.36408	0.001196
-0.461184	0.191782	1.29211	0.002264
-0.461152	0.198855	1.347	-0.00378
-0.463648	0.19933	1.33897	0.01268
-0.462224	0.193906	1.35517	-0.006876
-0.460056	0.200372	1.37645	0.002216
-0.459472	0.198765	1.34	-0.002632
-0.461896	0.196511	1.34758	-0.00394
-0.464096	0.199446	1.43606	-0.002224
-0.463808	0.197091	1.34295	-0.004808
-0.461352	0.198901	1.32816	-0.0073
-0.460896	0.200238	1.42509	0.003584
-0.464968	0.201143	1.33492	0.01294
-0.461704	0.200296	1.37048	-0.003824
-0.4628	0.19603	1.35764	0.000364
-0.461208	0.202018	1.3307	0.003212
-0.463192	0.200149	1.39357	-0.006788
-0.461496	0.197144	1.32544	0.011236
-0.459624	0.200554	1.35308	-0.003776
-0.462768	0.197536	1.35416	0.003884
-0.4622	0.195416	1.37939	0.004176
-0.466632	0.200854	1.39665	0.000552
-0.460112	0.201184	1.35204	-0.00134
-0.46112	0.196824	1.30871	-0.004912
-0.459696	0.194303	1.35476	-0.0063
-0.459504	0.196973	1.34359	0.003328
-0.462432	0.19307	1.34399	-0.011184
-0.461072	0.196034	1.32147	-0.006352
-0.463408	0.199359	1.34264	0.007188
-0.463136	0.194685	1.38529	-0.000688
-0.460008	0.192204	1.33842	-0.007184
-0.461048	0.201814	1.34818	0.00028
-0.463112	0.199699	1.35249	0.002204
-0.461472	0.197245	1.31093	-0.011656
-0.464504	0.193654	1.36012	-0.01318
-0.466184	0.20187	1.31006	-0.009188
-0.457568	0.19451	1.31687	-0.006664
-0.465712	0.194424	1.36451	0.007392
-0.464568	0.198719	1.36019	0.001348
-0.462232	0.199862	1.39393	-0.007324
-0.46408	0.193072	1.35327	-0.009672
-0.46276	0.194205	1.35378	0.00882
-0.463552	0.197706	1.31669	0.001208
-0.46148	0.193489	1.34121	0.001496
-0.46432	0.198527	1.36753	-0.010868
-0.461632	0.198663	1.43476	0.005616
-0.46296	0.20301	1.4841	0.00192
-0.460704	0.195762	1.34444	-0.006856
-0.462152	0.194066	1.37708	0.006156
-0.462032	0.192572	1.3606	-0.002284
-0.463888	0.197091	1.33502	-0.00424
-0.461968	0.200496	1.43302	0.00956
-0.462064	0.195211	1.30652	0.000788
-0.461904	0.198179	1.36966	0.001108
-0.461328	0.194154	1.3893	-0.011224
-0.463496	0.201091	1.33872	-0.002996
-0.46784	0.204664	1.44827	0.003672
-0.463064	0.199391	1.37557	-0.006476
-0.46328	0.192842	1.39248	-0.002852
-0.461824	0.200606	1.34605	0.009156
-0.457096	0.191555	1.3052	-0.001672
-0.46184	0.194582	1.37918	-0.00456
-0.463232	0.194357	1.35667	-0.002532
-0.4612	0.204494	1.35472	-0.006952
-0.464152	0.193133	1.36582	-0.00418
-0.459624	0.19665	1.33588	0.001724
-0.463168	0.196763	1.37483	-0.001768
-0.462616	0.19499	1.35727	-0.003284
-0.459304	0.194886	1.32117	-0.0187
-0.46268	0.19561	1.28535	-0.003776
-0.464432	0.19761	1.36821	0.0032
