-1.01185	0.131141	96.5184	0.979104
-1.00425	0.267317	91.2721	0.905032
-0.998631	0.311911	87.1953	0.759164
-0.993749	0.37579	83.3454	0.699856
-1.00351	0.255313	90.0138	0.931912
-1.00988	0.166571	94.2072	0.951768
-1.00557	0.235489	90.0562	0.902828
-0.999	0.329196	85.396	0.88802
-1.00204	0.297818	88.8568	0.902644
-0.998939	0.291286	90.5387	0.700172
-0.985437	0.479657	76.5797	0.707844
-0.998709	0.34169	84.8598	0.863848
-0.996845	0.334936	82.4481	0.857856
-1.01224	0.133409	95.8351	0.970668
-1.00217	0.266742	88.36	0.911608
-1.00434	0.243298	91.3806	0.937456
-1.00276	0.282333	90.4312	0.895532
-1.00959	0.164911	94.8179	0.967108
-1.01328	0.107008	97.4549	0.985264
-1.00001	0.312357	86.7466	0.86554
-1.00513	0.232564	91.2621	0.932508
-0.987409	0.353969	84.4837	0.321636
-0.997644	0.325822	84.6718	0.876576
-0.999814	0.32924	88.253	0.911484
-0.986924	0.396259	83.6208	0.41338
-1.01027	0.167194	95.565	0.972136
-1.00739	0.21423	93.008	0.94696
-0.997892	0.343908	85.0029	0.851784
-0.998489	0.34244	87.0471	0.825236
-1.00597	0.223977	92.5349	0.95128
-0.997306	0.37348	88.9483	0.700516
-1.00358	0.242922	89.7955	0.929256
-1.01191	0.129535	97.04	0.98306
-1.00881	0.184741	93.9507	0.95582
-1.003	0.284893	90.7322	0.928748
-1.01292	0.119493	96.9712	0.981884
-0.992449	0.354404	85.8741	0.646444
-1.00035	0.299356	88.8684	0.8494
-1.00587	0.245671	92.0091	0.936572
-1.01023	0.156208	95.2172	0.969984
-1.01167	0.131592	96.2021	0.975616
-1.01082	0.158204	94.3375	0.958828
-0.999586	0.32315	85.628	0.87132
-0.99099	0.434534	79.3289	0.807924
-0.99673	0.3525	83.6314	0.846892
-1.00022	0.293237	86.8367	0.885664
-1.00351	0.247163	92.1368	0.783616
-1.00155	0.303933	88.7728	0.89166
-0.997282	0.365364	85.4034	0.879308
-1.00926	0.172843	93.2269	0.950652
-0.999787	0.308627	87.0691	0.819732
-1.0107	0.14921	96.1194	0.976648
-1.00723	0.204895	92.512	0.950392
-1.00842	0.186321	93.9751	0.960872
-1.00805	0.21037	93.7155	0.955764
-0.99838	0.307231	87.9585	0.70822
-1.00198	0.280934	87.692	0.90134
-0.996457	0.440066	86.1049	0.834428
-1.01057	0.154224	95.2608	0.96594
-0.995661	0.343601	86.4415	0.696264
-0.994152	0.374161	81.8386	0.855996
-0.997364	0.327198	86.1576	0.85142
-1.00315	0.259415	90.0544	0.922784
-0.994236	0.334885	85.5593	0.679784
-0.991971	0.406003	82.7696	0.736172
-1.00861	0.196402	94.1446	0.956348
-1.0099	0.188732	94.96	0.962648
-0.999355	0.334985	87.9393	0.91136
-1.00546	0.228049	91.4744	0.924328
-1.00012	0.315203	90.5733	0.8241
-1.0031	0.288713	89.3552	0.896528
-1.00724	0.201941	91.9076	0.930484
-1.00608	0.213534	91.483	0.940596
-1.00606	0.217993	91.7828	0.940188
-0.999789	0.307857	89.8401	0.719836
-1.00243	0.286995	88.8169	0.914088
-1.01091	0.173553	96.169	0.976224
-1.00339	0.244919	89.7729	0.926592
-1.00565	0.234827	92.8053	0.893384
-1.01142	0.134048	96.0385	0.976192
-1.00148	0.280386	88.8545	0.922408
-1.00544	0.246516	94.0103	0.775192
-1.00937	0.173102	94.3526	0.962472
-1.00788	0.205857	93.3056	0.943432
-1.00111	0.274006	88.4045	0.91686
-1.00983	0.156305	95.2728	0.970964
-1.00687	0.235156	93.377	0.957552
-1.00921	0.175976	94.2686	0.948944
-1.00317	0.275481	89.7259	0.930156
-1.01498	0.0808616	98.1399	0.989168
-1.00138	0.300432	88.1167	0.912336
-1.00853	0.178743	94.4868	0.965376
-1.00354	0.259648	91.6814	0.870824
-0.998376	0.28949	87.9009	0.765176
-1.00722	0.185589	93.9402	0.828116
-1.00107	0.306354	87.96	0.886812
-1.00791	0.194839	92.7268	0.948544
-1.00504	0.231421	92.0516	0.854584
-1.00788	0.185949	93.3993	0.895796
-0.99736	0.354757	87.3551	0.815992
-0.96755	0.49157	57.9535	0.712684
-0.979297	0.419793	64.6065	0.787632
-0.977419	0.438564	65.6798	0.824944
-0.984665	0.389018	69.7852	0.854828
-0.961709	0.463006	58.605	0.335468
-0.973977	0.468021	62.1774	0.66646
-0.981544	0.441406	68.6044	0.796384
-0.956058	0.524568	54.0546	0.429296
-0.980954	0.447035	67.0432	0.781324
-0.985639	0.385285	70.0729	0.760732
-0.952212	0.517572	47.5977	0.54138
-0.987555	0.345745	72.2429	0.882932
-0.967524	0.468824	59.836	0.667016
-0.968576	0.522142	61.4791	0.72318
-0.982766	0.399569	68.3587	0.805896
-0.973573	0.447008	63.4184	0.677068
-0.993207	0.302005	74.7492	0.909572
-0.989834	0.310503	72.7922	0.8925
-0.967683	0.465032	58.7006	0.670128
-0.981504	0.418545	66.0584	0.79522
-0.984941	0.427031	68.5803	0.841844
-0.984879	0.369871	68.6556	0.843544
-0.979632	0.442611	66.3508	0.788396
-0.950751	0.480317	49.4394	0.361164
-0.964553	0.545557	58.9907	0.532856
-0.968229	0.461036	56.7163	0.71424
-0.971996	0.475332	62.9426	0.748604
-0.969227	0.498296	61.1147	0.721348
-0.976602	0.477181	64.8897	0.774508
-0.970712	0.446172	60.4449	0.700388
-0.981066	0.413184	68.184	0.7549
-0.968936	0.468717	57.3711	0.736
-0.98148	0.41018	68.1193	0.755576
-0.979672	0.415311	67.7483	0.73762
-0.969762	0.461486	60.0473	0.68652
-0.966596	0.517648	60.6451	0.759008
-0.980935	0.364457	67.1823	0.843564
-0.967745	0.490598	60.1253	0.577244
-0.964911	0.469745	56.4335	0.590356
-0.972719	0.446546	63.5488	0.542332
-0.98401	0.391391	69.6112	0.853316
-0.973038	0.447793	62.0506	0.7259
-0.982126	0.416226	67.1802	0.813124
-0.982613	0.405582	68.7998	0.819468
-0.973613	0.513742	63.0746	0.763448
-0.962341	0.506612	57.8402	0.62546
-0.978656	0.442267	64.0803	0.79438
-0.964602	0.558196	58.1939	0.702088
-0.97757	0.489428	64.1745	0.794524
-0.977713	0.452248	66.2942	0.77804
-0.96248	0.543993	57.5486	0.641188
-0.983011	0.362806	69.5844	0.81374
-0.9752	0.425096	63.8374	0.752384
-0.959097	0.485186	50.5797	0.600432
-0.970235	0.427236	59.8954	0.72214
-0.979723	0.43946	69.8891	0.706172
-0.975423	0.397857	64.1924	0.709544
-0.985179	0.365609	70.7609	0.872536
-0.977173	0.445428	65.4706	0.731032
-0.979084	0.426607	65.4056	0.81578
-0.980654	0.413301	67.3516	0.836712
-0.96389	0.491805	60.4423	0.432116
-0.974916	0.473969	63.6092	0.783008
-0.966929	0.453266	58.675	0.622852
-0.97756	0.454162	66.0401	0.828
-0.968575	0.464863	58.3307	0.730328
-0.991741	0.315854	73.2775	0.88784
-0.966999	0.508389	60.3292	0.580728
-0.992098	0.323428	73.1871	0.876476
-0.968854	0.460392	59.8005	0.762696
-0.977567	0.447704	65.6921	0.756368
-0.981957	0.40664	67.7553	0.801048
-0.985364	0.348578	69.7585	0.865788
-0.978608	0.417331	66.633	0.704396
-0.97472	0.448381	63.8322	0.63198
-0.989746	0.329349	72.8789	0.885324
-0.974673	0.434367	63.3702	0.752864
-0.973788	0.449014	61.1471	0.776988
-0.966056	0.451863	58.6793	0.632388
-0.979396	0.466774	67.1322	0.818616
-0.98189	0.387264	67.1179	0.828484
-0.974625	0.45678	64.3959	0.680028
-0.958847	0.53052	50.7893	0.597964
-0.967624	0.476286	57.989	0.6828
-0.958267	0.53798	51.7423	0.627768
-0.978524	0.394881	65.9389	0.828196
-0.973814	0.489168	63.415	0.759516
-0.96641	0.545703	57.012	0.685692
-0.96699	0.446968	59.5764	0.4823
-0.966803	0.484868	57.3643	0.680964
-0.97277	0.476022	61.9632	0.721716
-0.976164	0.438481	65.802	0.714184
-0.973837	0.440305	62.772	0.71544
-0.982881	0.400681	68.5653	0.84324
-0.969664	0.511011	60.3985	0.642808
-0.970996	0.425163	60.5827	0.74302
-0.988711	0.350533	72.5187	0.863572
-0.952651	0.4841	53.7268	0.46974
-0.968781	0.497953	59.2511	0.639444
-0.969241	0.473092	60.1225	0.724068
-0.930877	0.535768	39.2264	0.507452
-0.935834	0.512618	40.4757	0.554876
-0.930049	0.534827	38.4483	0.465244
-0.949057	0.479021	48.2842	0.715648
-0.929044	0.549031	40.5241	0.433792
-0.934114	0.519163	38.648	0.492092
-0.945958	0.574523	47.7493	0.677088
-0.919984	0.526454	32.6611	0.348776
-0.940938	0.520965	43.2884	0.536888
-0.944936	0.511959	44.9089	0.623624
-0.931923	0.537203	39.2236	0.416972
-0.951758	0.478277	47.554	0.69228
-0.930966	0.542991	40.1597	0.502692
-0.930783	0.571642	40.3297	0.565932
-0.920535	0.595853	35.3999	0.40714
-0.930396	0.522182	37.9115	0.486588
-0.93955	0.503311	42.7643	0.573108
-0.949404	0.451774	47.8739	0.719824
-0.931879	0.530085	39.5622	0.578344
-0.94742	0.475669	46.8376	0.65058
-0.933309	0.562172	40.6809	0.579052
-0.930021	0.508512	38.2689	0.556244
-0.948526	0.556559	49.047	0.659504
-0.935561	0.505561	41.1401	0.613664
-0.928774	0.543308	37.9776	0.4639
-0.930124	0.485429	36.3076	0.524224
-0.923646	0.540637	37.3777	0.345912
-0.927052	0.459133	36.552	0.40858
-0.93435	0.540219	40.6997	0.520296
-0.939367	0.539879	42.8174	0.586732
-0.940634	0.517249	43.9397	0.559704
-0.935359	0.45439	38.7305	0.603564
-0.940606	0.526967	45.1206	0.515116
-0.942999	0.526372	45.3812	0.533556
-0.932696	0.538087	40.4568	0.486416
-0.933191	0.50136	40.9807	0.595568
-0.92601	0.475693	35.0587	0.533724
-0.938561	0.501357	41.9268	0.550436
-0.930823	0.500337	37.3467	0.533132
-0.934022	0.593401	42.4734	0.531508
-0.939644	0.567684	45.6713	0.55662
-0.937872	0.490054	42.8666	0.5736
-0.937498	0.565354	42.5243	0.592912
-0.939805	0.524493	45.6099	0.462232
-0.937836	0.569661	42.8184	0.594196
-0.923847	0.528084	37.1776	0.409144
-0.947703	0.453788	45.2581	0.60076
-0.934517	0.582322	41.2655	0.571828
-0.932775	0.577934	39.8842	0.502748
-0.940639	0.589101	44.8664	0.601532
-0.915503	0.510844	32.593	0.26994
-0.943552	0.494611	45.1548	0.652012
-0.941382	0.513177	43.9225	0.63508
-0.918665	0.531618	31.619	0.386864
-0.929197	0.476422	36.9751	0.564652
-0.95053	0.518003	48.4418	0.660896
-0.933413	0.511933	39.0218	0.559444
-0.935717	0.464991	39.1168	0.536652
-0.941322	0.51584	43.4342	0.540476
-0.938614	0.517979	41.3903	0.62592
-0.93522	0.535562	41.2709	0.612988
-0.934681	0.551345	41.0154	0.524456
-0.931533	0.544298	38.4907	0.492264
-0.932132	0.502164	39.0184	0.502184
-0.930468	0.510333	38.3729	0.597376
-0.938134	0.493485	40.5603	0.550284
-0.939786	0.442975	41.8534	0.580116
-0.92819	0.518209	39.0918	0.510708
-0.926986	0.472476	34.914	0.505688
-0.924665	0.523693	35.5886	0.495664
-0.934044	0.556242	40.4054	0.533788
-0.935495	0.481675	38.6414	0.488344
-0.935821	0.506745	39.9369	0.569872
-0.932917	0.473212	39.3511	0.469072
-0.931023	0.529392	38.2448	0.445944
-0.922769	0.532802	35.2381	0.496048
-0.935845	0.559633	42.0545	0.552248
-0.938901	0.503213	43.2488	0.475036
-0.929174	0.488319	37.0401	0.5139
-0.929506	0.5376	37.7221	0.473692
-0.934212	0.524792	42.6029	0.481788
-0.9385	0.566624	42.2878	0.61698
-0.927874	0.536228	35.4282	0.482496
-0.934704	0.509713	41.0267	0.548412
-0.918272	0.499191	31.1854	0.336376
-0.936749	0.504213	41.1395	0.640664
-0.92598	0.53743	35.9492	0.414984
-0.929331	0.543433	37.7788	0.454968
-0.934487	0.511807	40.8273	0.525152
-0.93104	0.494019	38.1811	0.526008
-0.932819	0.580945	39.6566	0.48534
-0.93098	0.521172	38.4336	0.533008
-0.93168	0.447055	37.9515	0.48198
-0.947405	0.55409	48.8071	0.65786
-0.922143	0.474781	33.0684	0.363136
-0.93193	0.542163	41.2639	0.461684
-0.943942	0.533298	44.2134	0.644716
-0.924342	0.486137	37.5566	0.379512
-0.920016	0.490552	31.8137	0.31562
-0.931575	0.485833	39.2134	0.531536
-0.892462	0.566156	27.0039	0.318316
-0.889342	0.574728	25.9538	0.365512
-0.891321	0.481734	24.2604	0.31846
-0.905303	0.517828	30.7504	0.473172
-0.889496	0.532974	25.7686	0.287576
-0.894734	0.481099	25.1349	0.398704
-0.895088	0.521311	26.7232	0.454012
-0.886455	0.474007	22.0598	0.261156
-0.899889	0.540381	28.2725	0.394856
-0.899937	0.550588	29.9754	0.43966
-0.894854	0.536971	26.243	0.362684
-0.896435	0.567005	26.19	0.428972
-0.890022	0.471304	24.601	0.3395
-0.891462	0.547865	26.6898	0.340712
-0.879176	0.523949	19.9958	0.281996
-0.892996	0.495917	23.5822	0.34058
-0.891497	0.540175	24.9597	0.34484
-0.90931	0.54367	33.3484	0.577508
-0.897444	0.525756	27.9189	0.47778
-0.892847	0.535816	26.715	0.377532
-0.89151	0.521891	24.8747	0.3443
-0.888716	0.506022	24.2287	0.343424
-0.891381	0.563204	25.1562	0.372272
-0.894051	0.522781	26.2611	0.32256
-0.890106	0.511948	25.3743	0.39608
-0.898961	0.503156	27.9584	0.44084
-0.886842	0.558924	25.6794	0.335712
-0.890617	0.484886	24.2407	0.348056
-0.891911	0.567155	26.9846	0.37474
-0.898524	0.50071	26.754	0.4226
-0.89348	0.535447	25.846	0.37478
-0.896143	0.491642	26.2107	0.350752
-0.900456	0.52919	29.0366	0.394808
-0.890128	0.515112	25.6596	0.2804
-0.888402	0.520521	23.5189	0.275676
-0.884283	0.467249	23.2996	0.288544
-0.892834	0.446453	23.7437	0.428484
-0.886723	0.477543	23.5382	0.36054
-0.889166	0.526508	23.7936	0.30788
-0.891872	0.544315	27.5636	0.342784
-0.890058	0.533412	24.9288	0.384492
-0.897664	0.491919	28.4382	0.35438
-0.890564	0.547814	25.6676	0.447812
-0.887658	0.53178	24.1653	0.310904
-0.899272	0.51805	28.9055	0.461976
-0.887965	0.485198	24.1642	0.345836
-0.898203	0.500723	27.4637	0.340532
-0.894373	0.508923	26.1792	0.41866
-0.885447	0.491927	22.5239	0.231548
-0.900991	0.54998	28.434	0.431536
-0.889065	0.528877	24.6834	0.373232
-0.898938	0.506653	28.6269	0.416112
-0.894084	0.52023	25.8226	0.39298
-0.891773	0.547442	26.0473	0.40346
-0.887555	0.46338	22.2406	0.432568
-0.89655	0.581163	28.9348	0.474316
-0.891702	0.499151	24.1319	0.331116
-0.895701	0.50215	25.3441	0.38986
-0.898776	0.520969	27.3778	0.479988
-0.894639	0.527782	26.0093	0.449564
-0.898833	0.548921	28.2184	0.48324
-0.902658	0.569838	29.6284	0.444488
-0.895666	0.496824	26.4029	0.322496
-0.896083	0.514052	26.9494	0.423736
-0.895782	0.532279	26.9353	0.423888
-0.894728	0.503876	26.2767	0.358792
-0.898124	0.498608	28.8707	0.477016
-0.893649	0.566774	27.5308	0.421268
-0.891364	0.464492	24.7075	0.324976
-0.888981	0.4875	23.5874	0.33344
-0.888595	0.499082	23.956	0.387768
-0.900038	0.547101	28.4227	0.41668
-0.886231	0.562346	24.216	0.307148
-0.890582	0.516984	24.295	0.355096
-0.890138	0.471263	23.2241	0.280876
-0.875372	0.466221	18.9229	0.288196
-0.895638	0.577848	27.5249	0.40312
-0.891305	0.462494	23.6093	0.260044
-0.890399	0.525303	24.7346	0.403932
-0.889091	0.549658	25.4711	0.32774
-0.892679	0.527907	24.8686	0.359956
-0.892055	0.52987	26.3665	0.422752
-0.88799	0.496442	21.8476	0.334716
-0.90389	0.526237	30.0118	0.470908
-0.883117	0.51254	21.4396	0.217072
-0.885266	0.556687	23.5954	0.420116
-0.891475	0.45502	23.3482	0.228168
-0.894848	0.498136	26.9836	0.371224
-0.892726	0.494335	24.6526	0.3831
-0.893307	0.468552	24.2864	0.35614
-0.886921	0.528781	23.2095	0.274828
-0.897878	0.579647	29.485	0.498312
-0.890732	0.482486	23.5793	0.358212
-0.909464	0.511481	32.7464	0.488424
-0.882453	0.502318	21.0566	0.321468
-0.889647	0.489858	24.3172	0.315564
-0.898592	0.54631	27.7865	0.336424
-0.883154	0.463857	21.8588	0.292488
-0.885387	0.488351	23.924	0.267352
-0.890019	0.555377	25.413	0.338536
-0.856746	0.515422	18.9746	0.25292
-0.849444	0.523687	17.2306	0.236576
-0.855266	0.484904	16.5757	0.267316
-0.858455	0.506395	20.0398	0.285144
-0.852352	0.478137	18.105	0.23082
-0.85405	0.475657	16.3126	0.323704
-0.852251	0.491697	17.2363	0.308172
-0.847333	0.443106	15.1742	0.162244
-0.858863	0.524386	19.1396	0.291944
-0.865814	0.541428	21.4397	0.3879
-0.850191	0.487938	15.913	0.249932
-0.861231	0.482448	18.8253	0.301168
-0.853473	0.484862	17.3606	0.256064
-0.853888	0.46008	16.5561	0.234424
-0.847925	0.492376	15.6739	0.255872
-0.852581	0.462847	16.153	0.226232
-0.852047	0.497782	18.2884	0.233936
-0.858741	0.522704	20.052	0.412228
-0.856098	0.481762	18.2104	0.34328
-0.850692	0.508873	17.0614	0.223024
-0.854203	0.488521	17.5134	0.343764
-0.849645	0.514514	16.4881	0.26904
-0.854963	0.545055	19.2456	0.304952
-0.847498	0.455276	14.9474	0.12332
-0.849663	0.486075	17.7216	0.257148
-0.860581	0.527872	19.4773	0.359072
-0.850089	0.492205	17.0262	0.301668
-0.852146	0.489076	17.1631	0.257692
-0.848944	0.514718	16.4653	0.245616
-0.857999	0.500128	18.3745	0.321944
-0.856101	0.53261	18.7807	0.268236
-0.850771	0.464674	15.1727	0.25174
-0.858058	0.567562	21.3242	0.2605
-0.853752	0.507425	18.4308	0.213584
-0.855504	0.509775	18.7353	0.274424
-0.853193	0.478567	16.461	0.264436
-0.85496	0.472667	15.8083	0.285176
-0.856021	0.501959	17.5641	0.323032
-0.857831	0.512968	18.422	0.259128
-0.855077	0.512503	18.8921	0.31506
-0.855086	0.507902	18.0782	0.293524
-0.857105	0.477606	18.2253	0.264436
-0.860006	0.508377	18.7601	0.345516
-0.849708	0.497619	16.3296	0.251808
-0.854983	0.540067	19.3272	0.27516
-0.847248	0.48788	15.7345	0.191224
-0.85874	0.510081	19.2561	0.286208
-0.849875	0.496449	16.2067	0.273348
-0.846704	0.462486	14.888	0.179576
-0.86355	0.487918	19.0705	0.316716
-0.84915	0.494652	16.9913	0.26712
-0.859268	0.539601	19.2723	0.29818
-0.857296	0.514404	19.3174	0.33202
-0.852341	0.458125	15.3528	0.215868
-0.850701	0.473295	15.3937	0.289464
-0.85437	0.488098	19.3547	0.339708
-0.846176	0.503249	14.6062	0.182804
-0.851335	0.435512	14.9576	0.203572
-0.854568	0.505682	18.7169	0.268024
-0.854365	0.51944	17.8044	0.321432
-0.853147	0.503206	17.6358	0.280548
-0.862362	0.546592	20.1424	0.36408
-0.858907	0.455389	17.8912	0.248536
-0.85095	0.518389	16.5798	0.314312
-0.854394	0.53307	17.9924	0.301324
-0.854588	0.457888	16.4174	0.225016
-0.859911	0.48126	19.4439	0.331572
-0.851783	0.525835	17.8242	0.283528
-0.857523	0.475633	17.624	0.220168
-0.856545	0.486116	18.1109	0.24446
-0.847638	0.494499	15.4268	0.268312
-0.854809	0.482396	17.6021	0.280828
-0.851769	0.527733	17.4247	0.280456
-0.856073	0.48586	17.7385	0.318844
-0.851866	0.491252	16.5271	0.180092
-0.844158	0.461701	15.198	0.216284
-0.854427	0.523592	17.806	0.253756
-0.854574	0.483338	17.425	0.239896
-0.849597	0.454928	15.111	0.228252
-0.855192	0.520109	18.8721	0.296788
-0.856004	0.499713	17.1168	0.208588
-0.855878	0.506212	18.3408	0.309484
-0.85054	0.459126	15.3745	0.247024
-0.866671	0.545669	22.4864	0.381536
-0.848212	0.468673	14.7842	0.159004
-0.846189	0.492009	15.22	0.271872
-0.848048	0.451453	14.6757	0.163588
-0.854759	0.478111	16.9152	0.24836
-0.853488	0.512129	17.1844	0.26718
-0.853183	0.473799	15.7856	0.206336
-0.850584	0.489645	16.095	0.228784
-0.856487	0.535356	18.8755	0.351568
-0.856682	0.49583	18.1305	0.284484
-0.85828	0.468455	17.2751	0.30282
-0.84639	0.502401	14.1044	0.254316
-0.85248	0.485395	15.5943	0.268808
-0.860885	0.470381	17.2324	0.252252
-0.846192	0.465314	15.2245	0.238808
-0.847341	0.485844	15.4888	0.22146
-0.848095	0.538758	16.2774	0.265148
-0.82147	0.454333	13.1939	0.159116
-0.816066	0.468765	11.9036	0.190924
-0.819355	0.482803	12.7999	0.218528
-0.813716	0.490231	12.9258	0.189404
-0.818846	0.475688	13.3689	0.227908
-0.81445	0.465872	11.5449	0.24892
-0.814548	0.479676	12.2395	0.234576
-0.810272	0.440169	9.56099	0.133604
-0.823279	0.482909	14.2422	0.249568
-0.818466	0.508828	13.7101	0.2689
-0.810648	0.46469	11.7567	0.136784
-0.818335	0.443004	12.7488	0.227148
-0.81639	0.435344	11.3764	0.2015
-0.815054	0.479662	13.1108	0.189116
-0.815889	0.486029	11.1053	0.203628
-0.812903	0.476567	11.2889	0.195144
-0.815955	0.458846	12.4984	0.184156
-0.820228	0.498009	14.102	0.310224
-0.815931	0.470599	11.4745	0.222548
-0.816325	0.477997	12.0827	0.200652
-0.816055	0.48007	12.6858	0.284732
-0.813251	0.482203	12.0058	0.209352
-0.813661	0.498646	12.5186	0.222272
-0.809211	0.461319	10.6725	0.096552
-0.813672	0.459793	11.4005	0.1772
-0.819767	0.483324	12.6543	0.266736
-0.808028	0.458834	11.2694	0.152192
-0.812165	0.447448	11.2017	0.215852
-0.811613	0.488352	12.5535	0.16624
-0.819887	0.469603	12.9003	0.268732
-0.813176	0.489291	13.1281	0.2284
-0.811886	0.456951	11.4282	0.161092
-0.815636	0.504141	13.0433	0.22302
-0.812772	0.466414	12.0202	0.152588
-0.81454	0.461129	12.21	0.178188
-0.814159	0.484895	12.2618	0.199944
-0.818163	0.461823	12.0604	0.231736
-0.815958	0.470855	12.0544	0.243508
-0.815737	0.466058	12.5742	0.208456
-0.814259	0.459993	11.9885	0.229356
-0.813464	0.49166	12.4664	0.20162
-0.821059	0.441021	13.3694	0.180544
-0.819671	0.488388	13.5126	0.279936
-0.812467	0.502346	12.1303	0.20014
-0.81495	0.505324	13.3491	0.226312
-0.812775	0.503028	12.3959	0.15474
-0.817457	0.473549	11.7858	0.203636
-0.811839	0.46176	11.043	0.193928
-0.812115	0.468305	11.7249	0.158948
-0.818594	0.445786	12.4195	0.194884
-0.81276	0.44951	12.2845	0.20002
-0.819995	0.477881	12.1141	0.208128
-0.814269	0.469332	12.1976	0.263032
-0.811292	0.440654	10.1699	0.132216
-0.819197	0.482723	12.9491	0.237048
-0.81207	0.476029	12.8648	0.206284
-0.815636	0.47855	12.0102	0.187816
-0.817543	0.440646	11.8446	0.177144
-0.817247	0.464629	12.6162	0.223928
-0.816981	0.495614	13.0804	0.256648
-0.813989	0.455301	11.7329	0.178636
-0.820147	0.501868	13.9852	0.255752
-0.82009	0.45547	11.916	0.190108
-0.80782	0.470284	9.74001	0.216604
-0.811399	0.485864	11.4077	0.179528
-0.81952	0.465728	13.089	0.193624
-0.819384	0.439451	12.7765	0.233596
-0.815136	0.464423	11.7424	0.175588
-0.816649	0.441656	11.327	0.175264
-0.819605	0.474784	12.7442	0.232648
-0.810907	0.495606	12.1505	0.18856
-0.810219	0.463323	10.6441	0.152968
-0.810699	0.487863	11.6429	0.180928
-0.81687	0.452134	12.0198	0.237476
-0.81351	0.472304	12.258	0.14708
-0.810407	0.465914	11.8839	0.11636
-0.812397	0.463983	12.072	0.178252
-0.815887	0.448422	12.0973	0.200372
-0.813543	0.455484	11.6828	0.187164
-0.816809	0.527858	14.3065	0.200868
-0.818352	0.44892	10.977	0.165624
-0.82039	0.482015	13.558	0.257904
-0.816354	0.43987	11.8019	0.196512
-0.823001	0.526023	13.9575	0.240828
-0.809996	0.43476	9.39026	0.163796
-0.811349	0.483253	11.3629	0.218656
-0.815386	0.446397	11.097	0.167708
-0.816873	0.453883	12.2791	0.168056
-0.812962	0.484013	11.3369	0.154496
-0.820596	0.463762	12.2513	0.181024
-0.812884	0.464394	11.7712	0.191416
-0.815955	0.475196	12.3375	0.24014
-0.816133	0.463595	11.6699	0.212628
-0.824395	0.466122	13.5945	0.259736
-0.815376	0.475885	11.5844	0.205204
-0.818315	0.486673	12.8946	0.25216
-0.821151	0.444498	12.8836	0.17236
-0.806202	0.446725	11.0343	0.142912
-0.814304	0.451124	11.6818	0.215204
-0.808629	0.467	11.1302	0.185052
-0.785158	0.42476	10.2487	0.147084
-0.782567	0.457679	9.14689	0.161548
-0.780635	0.445668	9.45364	0.179772
-0.779037	0.439215	9.15819	0.15944
-0.779075	0.460518	9.50638	0.177368
-0.780611	0.445236	9.18676	0.190564
-0.781003	0.456589	9.45683	0.180528
-0.772825	0.425512	7.85367	0.083664
-0.783876	0.450706	10.8444	0.210176
-0.779877	0.462592	8.63429	0.201032
-0.777509	0.432772	8.87945	0.110668
-0.781138	0.440016	8.97376	0.187676
-0.7831	0.435986	8.91837	0.145012
-0.779471	0.455883	9.20809	0.154336
-0.779587	0.448033	8.33723	0.160972
-0.776494	0.447273	9.04197	0.1899
-0.783957	0.425374	9.46317	0.138636
-0.779433	0.471632	10.3068	0.241632
-0.780209	0.440431	8.58374	0.150836
-0.774235	0.44542	8.31524	0.156928
-0.780947	0.441923	9.37704	0.208572
-0.778335	0.443985	8.74378	0.144336
-0.775905	0.459989	8.89448	0.178864
-0.774813	0.442422	8.38752	0.067044
-0.778798	0.458918	9.34029	0.153488
-0.783753	0.456369	9.90468	0.176432
-0.77239	0.45052	8.19955	0.092708
-0.778449	0.449399	8.68154	0.179628
-0.779359	0.43898	9.52513	0.17074
-0.780109	0.439726	9.52918	0.201072
-0.778313	0.465144	9.41552	0.199232
-0.777872	0.445373	8.9075	0.142808
-0.781353	0.472033	9.98279	0.182036
-0.781264	0.436703	9.02486	0.120788
-0.780751	0.446266	9.3723	0.124728
-0.773499	0.453736	7.89896	0.124168
-0.777357	0.461361	9.41004	0.179044
-0.781188	0.431144	8.50018	0.176612
-0.776954	0.442183	9.24893	0.149712
-0.77327	0.427254	7.5933	0.140324
-0.778564	0.453607	9.20395	0.171376
-0.78709	0.434376	9.99195	0.164876
-0.778838	0.468126	9.41333	0.150692
-0.776858	0.456515	8.64914	0.138892
-0.778924	0.443077	9.14058	0.15578
-0.784291	0.46661	10.324	0.174956
-0.780058	0.442213	8.0779	0.120908
-0.775929	0.445861	8.22278	0.130036
-0.778922	0.445991	8.79786	0.128896
-0.780621	0.438623	9.26705	0.158648
-0.77766	0.441204	9.08297	0.145404
-0.783801	0.442121	8.93748	0.160856
-0.777895	0.449276	9.24973	0.197128
-0.779348	0.433376	8.23072	0.146596
-0.781975	0.444746	9.04063	0.135152
-0.780929	0.440709	9.41457	0.160432
-0.778586	0.451	8.34335	0.146088
-0.78076	0.455816	9.22494	0.172808
-0.781746	0.457804	8.91824	0.17208
-0.781424	0.4707	9.75907	0.184424
-0.778996	0.433946	8.92162	0.19338
-0.779222	0.479295	9.63143	0.194724
-0.782302	0.446358	8.55242	0.138316
-0.777084	0.46311	8.56153	0.170992
-0.77836	0.444475	8.41647	0.152788
-0.780825	0.454207	8.93243	0.173228
-0.781997	0.440898	9.14893	0.17146
-0.774582	0.441121	8.76676	0.121484
-0.78115	0.422704	8.75254	0.131096
-0.779312	0.43487	8.74094	0.187208
-0.773276	0.456216	8.8418	0.156624
-0.775618	0.468263	7.83837	0.086896
-0.773897	0.456861	9.13504	0.159656
-0.776497	0.441476	8.50365	0.18124
-0.775031	0.437692	8.52331	0.106764
-0.772658	0.450869	8.06109	0.070496
-0.778677	0.44723	8.49042	0.125452
-0.782539	0.456774	9.74998	0.198148
-0.77935	0.457725	8.56836	0.165924
-0.779078	0.480911	9.79286	0.16632
-0.77858	0.449052	8.62507	0.154608
-0.778195	0.4453	9.07313	0.188128
-0.778962	0.420092	8.1953	0.139312
-0.78435	0.494793	10.2081	0.175488
-0.774319	0.429965	6.88281	0.13436
-0.773944	0.446055	8.01055	0.156024
-0.782643	0.433744	8.70867	0.152972
-0.782424	0.43589	9.41504	0.132016
-0.780326	0.458457	8.54735	0.166704
-0.784759	0.456501	9.61174	0.128728
-0.776126	0.423496	8.21065	0.123504
-0.777379	0.445595	8.71782	0.191352
-0.779049	0.44582	8.46856	0.162428
-0.778802	0.446439	9.05995	0.157692
-0.779807	0.447316	9.2415	0.175544
-0.779201	0.450197	8.95761	0.169256
-0.781354	0.42617	8.73773	0.146504
-0.773626	0.440498	8.35553	0.139688
-0.779811	0.435552	8.98815	0.158936
-0.775868	0.447026	8.52794	0.146216
-0.749056	0.41081	7.28841	0.120804
-0.749633	0.443249	7.11061	0.125244
-0.749108	0.424865	7.74752	0.145
-0.745005	0.422519	7.73216	0.153072
-0.746028	0.437646	7.62434	0.157788
-0.744288	0.426158	6.58488	0.134012
-0.741581	0.437857	7.00804	0.13224
-0.741073	0.429023	6.38227	0.097232
-0.749497	0.427765	7.56423	0.134872
-0.743232	0.434683	6.39838	0.1448
-0.744832	0.430242	6.89757	0.09358
-0.747601	0.426211	7.24239	0.150064
-0.745195	0.430242	6.71886	0.130568
-0.745449	0.424565	6.94042	0.138028
-0.745194	0.422196	6.93282	0.146092
-0.744897	0.431725	7.1715	0.142068
-0.7451	0.395154	6.56672	0.107016
-0.742136	0.436771	7.18982	0.177988
-0.742532	0.42682	6.34554	0.1254
-0.740486	0.41861	6.53459	0.111904
-0.746365	0.425896	7.33294	0.15306
-0.740779	0.422355	6.70537	0.12134
-0.741744	0.423564	6.9283	0.125176
-0.740461	0.409958	6.29719	0.050272
-0.745774	0.422676	7.17803	0.105892
-0.746066	0.432812	7.21862	0.136888
-0.738079	0.413895	6.4184	0.08516
-0.744682	0.431871	7.37793	0.119704
-0.743892	0.423081	7.16593	0.158612
-0.744435	0.415107	7.53915	0.158136
-0.746337	0.44205	7.70071	0.145644
-0.745387	0.406193	7.16739	0.119736
-0.744215	0.441469	7.22557	0.113556
-0.744793	0.410779	6.33867	0.10524
-0.749029	0.420784	7.40192	0.107068
-0.740334	0.420807	6.08052	0.1123
-0.743435	0.442843	7.84007	0.131328
-0.744751	0.420022	6.69147	0.170364
-0.741068	0.408489	6.93933	0.110608
-0.742586	0.406502	6.38277	0.096496
-0.746493	0.414836	7.14226	0.14866
-0.750923	0.425449	7.55915	0.148156
-0.746215	0.416289	7.02968	0.132344
-0.742685	0.431072	6.85263	0.119064
-0.741625	0.426108	6.55483	0.126828
-0.745307	0.43424	7.48379	0.12334
-0.744643	0.403948	5.99014	0.070152
-0.741068	0.395997	6.28378	0.082996
-0.748688	0.42691	7.30026	0.149576
-0.74732	0.416465	7.04907	0.118812
-0.742615	0.439757	6.53624	0.120772
-0.748987	0.433894	7.46138	0.144552
-0.743507	0.414626	6.69624	0.145752
-0.744847	0.406714	6.00917	0.111144
-0.748386	0.415559	7.82464	0.098112
-0.747	0.41971	7.04712	0.110808
-0.743217	0.43987	6.20824	0.117632
-0.742332	0.442182	6.87775	0.144604
-0.743198	0.42249	6.67435	0.13308
-0.744363	0.437138	7.49969	0.136964
-0.746628	0.415302	7.1315	0.149812
-0.747365	0.432146	7.05997	0.148232
-0.746665	0.421756	6.68628	0.101232
-0.748337	0.440086	7.50821	0.157672
-0.740492	0.436469	6.16871	0.106988
-0.748071	0.432285	7.16181	0.155172
-0.751695	0.436296	7.41218	0.130332
-0.739052	0.416444	6.66421	0.120984
-0.745778	0.418948	7.09257	0.116516
-0.745159	0.443762	6.96124	0.16594
-0.743129	0.436502	7.43275	0.13404
-0.740478	0.426255	6.50188	0.095904
-0.740567	0.43438	7.11498	0.137164
-0.741423	0.420508	6.52183	0.120744
-0.740483	0.4313	6.753	0.102148
-0.74242	0.418096	6.66789	0.107016
-0.743339	0.420407	6.74216	0.118568
-0.748268	0.435187	7.5455	0.171004
-0.744506	0.409645	6.41115	0.110888
-0.74313	0.432622	7.29928	0.119292
-0.744518	0.417968	6.74373	0.114716
-0.744369	0.426996	7.58276	0.173652
-0.744137	0.414201	6.32906	0.126452
-0.750644	0.436633	7.53324	0.141016
-0.740907	0.409074	5.89729	0.100172
-0.737767	0.428973	6.32534	0.11234
-0.747019	0.421477	6.65548	0.122156
-0.746574	0.405689	6.97192	0.08908
-0.747545	0.425999	7.05757	0.135656
-0.74406	0.421958	7.4926	0.10618
-0.745286	0.412154	6.85051	0.117516
-0.743805	0.424062	7.20305	0.157056
-0.74286	0.419028	6.15035	0.14542
-0.741535	0.424611	6.7259	0.105548
-0.744232	0.414904	6.7345	0.138384
-0.741727	0.425038	6.73795	0.135564
-0.749668	0.411085	6.69048	0.143376
-0.740778	0.431186	6.94399	0.141316
-0.747987	0.425284	7.32901	0.12976
-0.743727	0.425215	6.6496	0.115536
-0.715812	0.386827	5.53408	0.08858
-0.715804	0.40047	5.70443	0.093788
-0.712638	0.391858	6.00489	0.123904
-0.711855	0.394553	5.56969	0.112352
-0.714426	0.421432	6.23281	0.139704
-0.709935	0.400273	5.36435	0.10394
-0.710481	0.405617	5.44397	0.100836
-0.709419	0.412131	5.16734	0.071748
-0.715138	0.413954	6.09666	0.112516
-0.711944	0.424905	5.39946	0.100404
-0.714641	0.40402	5.53163	0.098048
-0.713178	0.398705	5.62034	0.122116
-0.715218	0.408689	5.56977	0.112116
-0.711792	0.388638	5.59753	0.103624
-0.710763	0.392754	5.33229	0.112532
-0.708953	0.393762	5.57652	0.104464
-0.712402	0.37726	5.15518	0.082108
-0.709792	0.411917	5.50294	0.144388
-0.708616	0.401025	5.40824	0.108424
-0.710275	0.394133	5.06136	0.081352
-0.71336	0.391251	5.82444	0.124376
-0.707878	0.389278	5.30773	0.101516
-0.710891	0.413824	5.76205	0.118956
-0.70869	0.395466	5.2774	0.056492
-0.712461	0.403967	5.96382	0.095848
-0.716159	0.417424	5.89813	0.117532
-0.703058	0.395212	5.10034	0.0805
-0.70997	0.398412	5.56135	0.104112
-0.712504	0.397967	5.67791	0.138824
-0.713465	0.390142	5.75686	0.111648
-0.715097	0.420576	6.1416	0.114852
-0.713409	0.385684	5.57484	0.096832
-0.7114	0.403145	5.60639	0.11522
-0.71316	0.385164	5.16285	0.09202
-0.713325	0.393629	5.77746	0.105872
-0.709036	0.396307	5.25868	0.09538
-0.711368	0.410981	5.72679	0.11322
-0.709274	0.413551	5.46598	0.139704
-0.710098	0.38734	5.70772	0.07372
-0.709916	0.396452	5.24614	0.070612
-0.713282	0.391162	5.72325	0.1213
-0.717926	0.408585	5.86651	0.112288
-0.711726	0.404651	5.64147	0.095076
-0.711369	0.403169	5.68986	0.096872
-0.710656	0.399647	5.4687	0.110404
-0.711615	0.422268	5.74418	0.110372
-0.711509	0.384273	5.19492	0.059064
-0.712025	0.396858	5.208	0.072448
-0.711339	0.394941	5.46418	0.104552
-0.716147	0.402984	5.56922	0.108956
-0.709294	0.403623	5.31108	0.09032
-0.71444	0.406884	5.68318	0.109588
-0.71356	0.391156	5.46735	0.1268
-0.709722	0.389088	5.1083	0.0877
-0.715649	0.387938	6.11176	0.078072
-0.715152	0.40694	5.51345	0.09998
-0.712208	0.410157	5.3505	0.086816
-0.712724	0.408772	5.59742	0.127792
-0.710108	0.381854	5.15397	0.104212
-0.715256	0.420768	6.05878	0.13318
-0.715025	0.395668	5.65292	0.131232
-0.711572	0.397476	5.49722	0.124216
-0.712199	0.399837	5.27974	0.090328
-0.715932	0.405192	5.91568	0.137776
-0.708746	0.408016	5.26312	0.090908
-0.713246	0.408605	5.72577	0.111492
-0.717922	0.407166	5.83699	0.108124
-0.710255	0.397756	5.14245	0.08876
-0.715583	0.396206	5.84731	0.096756
-0.713501	0.402536	5.65193	0.118236
-0.712965	0.419312	6.22219	0.11426
-0.710213	0.401645	5.47768	0.084652
-0.708728	0.399414	5.56823	0.125216
-0.710332	0.39654	5.40833	0.111016
-0.705337	0.402878	5.14693	0.06524
-0.711339	0.387986	5.3781	0.074944
-0.711314	0.400061	5.14777	0.094512
-0.718396	0.411268	5.98083	0.1442
-0.714242	0.398442	5.5137	0.090888
-0.711279	0.406567	5.78266	0.099936
-0.711077	0.408005	5.44966	0.088656
-0.712127	0.404036	6.18526	0.143964
-0.713308	0.395704	5.38782	0.092596
-0.716301	0.411337	5.95102	0.120232
-0.711335	0.389311	4.89728	0.065948
-0.707118	0.400892	5.21784	0.10712
-0.713409	0.409283	5.25101	0.094032
-0.716998	0.396397	5.85759	0.076708
-0.713385	0.403782	5.26006	0.066052
-0.71262	0.380957	5.7221	0.076576
-0.713154	0.393946	5.58693	0.109692
-0.71326	0.396991	5.67565	0.132624
-0.712267	0.399612	5.14095	0.120552
-0.709947	0.408427	5.5577	0.098128
-0.709698	0.39082	5.58387	0.10088
-0.707961	0.400923	5.38975	0.101648
-0.713959	0.393735	5.59686	0.092332
-0.711174	0.396366	5.64723	0.11668
-0.714004	0.411168	5.75587	0.108596
-0.711426	0.396195	5.29318	0.084892
-0.684362	0.376202	4.69707	0.0729
-0.683722	0.373626	4.62525	0.0773
-0.680437	0.369204	4.71949	0.099852
-0.678278	0.367758	4.20979	0.07912
-0.682745	0.381256	4.92462	0.120036
-0.680059	0.38219	4.36717	0.085744
-0.68317	0.381568	4.69823	0.082088
-0.678955	0.382106	4.45216	0.062144
-0.682998	0.380496	4.93438	0.099076
-0.682933	0.383806	4.50246	0.07826
-0.684562	0.38827	4.78574	0.08728
-0.68394	0.38922	4.5962	0.088184
-0.683938	0.377844	4.40201	0.088092
-0.68203	0.376399	4.53131	0.082292
-0.683654	0.377453	4.48372	0.099876
-0.678207	0.36929	4.47759	0.077544
-0.682155	0.372269	4.53319	0.075764
-0.678725	0.381279	4.53882	0.113036
-0.681123	0.380539	4.54296	0.092972
-0.680922	0.374064	4.26782	0.06812
-0.679987	0.370968	4.30101	0.097336
-0.678742	0.375301	4.12116	0.068696
-0.682368	0.389396	4.85668	0.1136
-0.678607	0.371566	4.59912	0.038764
-0.680932	0.38255	4.94501	0.088992
-0.68366	0.392945	4.73219	0.09902
-0.674748	0.371221	4.4073	0.054584
-0.682885	0.38482	4.69886	0.09904
-0.682466	0.378082	4.74857	0.124084
-0.685024	0.368659	4.68903	0.0996
-0.685364	0.383682	4.94775	0.103816
-0.685195	0.361135	4.55744	0.078156
-0.680459	0.376884	4.52068	0.083352
-0.68477	0.371242	4.47542	0.079284
-0.682388	0.377207	4.70578	0.086604
-0.676157	0.372372	4.38176	0.081468
-0.682844	0.387335	4.75726	0.099812
-0.679551	0.382858	4.50866	0.10356
-0.680354	0.36333	4.59161	0.078124
-0.678558	0.37335	4.1432	0.047904
-0.681275	0.37944	4.34255	0.096532
-0.686044	0.394114	4.97697	0.104584
-0.680885	0.368826	4.57016	0.085052
-0.681431	0.382772	4.74494	0.101972
-0.680084	0.371093	4.57396	0.091376
-0.680034	0.402593	4.53914	0.081292
-0.682847	0.368643	4.54976	0.053948
-0.680281	0.376299	4.27016	0.068048
-0.683593	0.366853	4.47169	0.098044
-0.683841	0.3735	4.56211	0.072064
-0.680093	0.382558	4.31518	0.068236
-0.682863	0.371868	4.8713	0.102772
-0.680692	0.366083	4.34225	0.110204
-0.678928	0.376503	4.20645	0.063608
-0.685728	0.362014	4.88607	0.080804
-0.681202	0.379279	4.7019	0.08332
-0.683635	0.382996	4.4229	0.067756
-0.681018	0.36725	4.49548	0.097716
-0.679949	0.355686	4.35514	0.067472
-0.681611	0.387379	4.8325	0.110552
-0.681106	0.374956	4.40309	0.1005
-0.682142	0.381583	4.69711	0.103908
-0.683014	0.391256	4.62086	0.089508
-0.687657	0.395469	4.80212	0.122436
-0.680581	0.375185	4.34513	0.071028
-0.683547	0.37658	4.75997	0.094152
-0.685215	0.386045	4.64682	0.086356
-0.683403	0.381356	4.48533	0.08334
-0.682678	0.369473	4.44332	0.084692
-0.682796	0.377367	4.78421	0.103816
-0.678435	0.376623	4.76793	0.081356
-0.678716	0.380713	4.41335	0.070588
-0.682036	0.357463	4.37716	0.093804
-0.680584	0.360221	4.38685	0.08322
-0.675924	0.381317	4.21644	0.056976
-0.682084	0.363353	4.70779	0.070588
-0.68366	0.381081	4.67056	0.092192
-0.687749	0.379437	5.06564	0.121072
-0.683066	0.381689	4.20811	0.069708
-0.680726	0.367194	4.97698	0.081116
-0.683031	0.38962	4.62089	0.084372
-0.680212	0.380936	4.816	0.122204
-0.683579	0.379644	4.33326	0.092132
-0.682882	0.377856	4.71258	0.097312
-0.681225	0.378098	4.31713	0.058872
-0.677471	0.3851	4.24123	0.07434
-0.684656	0.387249	4.75384	0.09598
-0.684423	0.377189	4.75589	0.073168
-0.682789	0.382196	4.60797	0.059848
-0.685099	0.365939	4.93461	0.07374
-0.681982	0.378229	4.70955	0.0859
-0.683997	0.37466	4.89339	0.121844
-0.679468	0.377191	4.2137	0.080592
-0.682278	0.371424	4.47232	0.081524
-0.681309	0.371491	4.78768	0.105036
-0.676336	0.385298	4.47503	0.0832
-0.680806	0.367245	4.4874	0.072312
-0.681549	0.380087	4.67616	0.107868
-0.685118	0.385684	5.0454	0.085104
-0.681618	0.385985	4.51043	0.088508
-0.655628	0.349702	3.96057	0.066624
-0.654231	0.356703	3.99449	0.06034
-0.654247	0.350382	4.14833	0.088768
-0.649837	0.336752	3.5597	0.070644
-0.651421	0.360266	4.07952	0.105452
-0.654332	0.365369	3.79274	0.07822
-0.654187	0.348154	3.96638	0.073352
-0.648698	0.3444	3.65548	0.053308
-0.653279	0.353255	4.19638	0.081152
-0.656526	0.363529	3.80788	0.075488
-0.654013	0.354631	4.00889	0.083836
-0.653665	0.354183	3.68443	0.063672
-0.653842	0.355947	3.69776	0.073304
-0.65608	0.353451	4.11059	0.087984
-0.652939	0.350219	3.47274	0.080548
-0.650619	0.342707	3.73042	0.064568
-0.653788	0.349736	3.87566	0.07178
-0.647894	0.362046	3.80501	0.103124
-0.650702	0.353051	3.77746	0.077908
-0.650633	0.345057	3.42592	0.06046
-0.653463	0.347104	3.87569	0.070736
-0.649917	0.351892	3.58004	0.054632
-0.652298	0.367591	3.96263	0.088096
-0.649147	0.347962	3.66671	0.02936
-0.649902	0.354878	4.0689	0.063884
-0.655891	0.366006	3.89574	0.076556
-0.648949	0.349521	3.5828	0.042264
-0.653457	0.361995	4.00712	0.082848
-0.653317	0.35441	3.9738	0.093448
-0.657254	0.350243	4.07265	0.109108
-0.65675	0.362031	4.19733	0.088676
-0.654967	0.349253	3.86419	0.06356
-0.652997	0.357394	3.91949	0.058648
-0.654766	0.354914	3.67865	0.063916
-0.655223	0.349202	3.88524	0.07396
-0.647301	0.354249	3.75369	0.070264
-0.654288	0.355848	3.99622	0.09158
-0.651301	0.355987	3.76206	0.085428
-0.651552	0.345666	3.84159	0.073196
-0.65177	0.359346	3.59911	0.042096
-0.654239	0.358374	3.78888	0.078736
-0.656963	0.370062	4.29135	0.079752
-0.650763	0.336786	3.59105	0.070152
-0.651227	0.355543	3.92519	0.078568
-0.653738	0.359595	3.96431	0.079696
-0.650428	0.374295	3.89067	0.0818
-0.652769	0.354644	3.9422	0.038468
-0.64981	0.360849	3.55437	0.06048
-0.655646	0.351661	3.77797	0.0831
-0.655048	0.354952	3.81756	0.049608
-0.650923	0.355538	3.64111	0.053752
-0.651327	0.345013	3.88015	0.093564
-0.651346	0.344056	3.75363	0.093312
-0.650001	0.362097	3.72641	0.054056
-0.65575	0.344219	4.06328	0.060676
-0.652975	0.354375	3.94136	0.067948
-0.653608	0.342189	3.74086	0.055612
-0.65103	0.356744	3.74433	0.081484
-0.651967	0.334146	3.79475	0.05674
-0.654122	0.357918	3.9905	0.092124
-0.65119	0.3555	3.78867	0.07592
-0.654334	0.356639	4.15923	0.089496
-0.654424	0.352058	3.74954	0.075176
-0.656565	0.35429	3.78499	0.098236
-0.651255	0.356688	3.65716	0.044352
-0.654113	0.354633	3.9101	0.070456
-0.656903	0.353929	3.98933	0.076356
-0.655723	0.352908	3.76178	0.068944
-0.654147	0.349025	3.70018	0.071732
-0.654767	0.348488	4.01339	0.08714
-0.65159	0.357023	4.04924	0.07712
-0.653077	0.347975	3.86808	0.062256
-0.654189	0.346206	3.59601	0.084264
-0.651397	0.34519	3.56411	0.074668
-0.649447	0.353089	3.63451	0.038344
-0.654136	0.350231	4.01562	0.07842
-0.655118	0.353149	3.73919	0.069508
-0.658419	0.361511	4.20685	0.102568
-0.655809	0.356392	3.52952	0.062036
-0.652554	0.343821	4.15698	0.061712
-0.654077	0.360886	3.76991	0.07144
-0.650824	0.352043	3.85371	0.09678
-0.65393	0.350248	3.62326	0.063684
-0.654161	0.349292	3.80818	0.070448
-0.653401	0.358116	3.70762	0.048044
-0.650457	0.353784	3.57162	0.069636
-0.654728	0.363896	4.11976	0.088392
-0.656811	0.360512	4.16154	0.077372
-0.65394	0.362657	3.86225	0.048616
-0.657149	0.350498	4.15881	0.064244
-0.652608	0.3573	3.88506	0.074388
-0.654741	0.360456	4.15719	0.105052
-0.652284	0.357175	3.61571	0.076588
-0.652251	0.362892	3.78472	0.075348
-0.651896	0.344106	3.89891	0.084792
-0.646249	0.361002	3.71845	0.066856
-0.653794	0.352105	3.83727	0.072504
-0.651349	0.354976	3.76697	0.085456
-0.654258	0.361611	3.92936	0.078884
-0.65177	0.361465	3.77064	0.068912
-0.628674	0.336066	3.30566	0.056088
-0.628188	0.334655	3.4756	0.05178
-0.626113	0.330243	3.55088	0.076048
-0.624562	0.324339	3.16149	0.061684
-0.625117	0.332922	3.44063	0.093032
-0.627082	0.345926	3.32134	0.063712
-0.627665	0.326737	3.44655	0.059672
-0.6246	0.326987	3.21301	0.042792
-0.625832	0.325699	3.36743	0.079596
-0.629809	0.334199	3.27896	0.056444
-0.626598	0.332129	3.33478	0.065108
-0.625979	0.329112	3.31566	0.059372
-0.627923	0.334446	3.25365	0.053768
-0.631122	0.327035	3.43248	0.080488
-0.626039	0.328685	3.16997	0.077172
-0.624801	0.320515	3.32628	0.065268
-0.62729	0.336072	3.24951	0.067288
-0.623565	0.336442	3.18903	0.092664
-0.624475	0.333494	3.23699	0.06776
-0.620907	0.323973	2.90551	0.05374
-0.626692	0.330447	3.22519	0.060976
-0.624708	0.321348	3.1001	0.0406
-0.628126	0.34369	3.50423	0.08512
-0.623377	0.329581	3.32523	0.038468
-0.622167	0.33262	3.48974	0.06274
-0.628426	0.346357	3.39723	0.063676
-0.621929	0.322007	3.0449	0.037636
-0.624943	0.347213	3.49269	0.068732
-0.625452	0.340463	3.30254	0.079424
-0.630585	0.329172	3.45345	0.09284
-0.627006	0.335471	3.32965	0.077084
-0.628579	0.328944	3.29097	0.060548
-0.627667	0.338712	3.52037	0.044572
-0.628066	0.330878	3.25398	0.04372
-0.628927	0.334986	3.36426	0.067932
-0.620847	0.327077	3.08919	0.057544
-0.626838	0.326272	3.38391	0.068304
-0.623483	0.337131	3.1301	0.079732
-0.623376	0.333767	3.27016	0.05598
-0.623973	0.338889	3.18609	0.044636
-0.626943	0.331057	3.23937	0.061148
-0.626841	0.339054	3.45052	0.067252
-0.623583	0.322509	3.20142	0.059148
-0.626168	0.337154	3.40592	0.063592
-0.628011	0.337228	3.49746	0.067332
-0.626057	0.351001	3.41581	0.07884
-0.626263	0.332223	3.32553	0.041148
-0.624422	0.329781	3.05103	0.062708
-0.627198	0.333654	3.04771	0.06588
-0.628172	0.325151	3.35042	0.051
-0.623783	0.338324	3.12838	0.04714
-0.625929	0.326349	3.40364	0.07566
-0.622991	0.324568	3.26428	0.083964
-0.620791	0.333115	3.11693	0.03754
-0.62921	0.321354	3.51916	0.0561
-0.626181	0.325779	3.37859	0.061872
-0.62757	0.318692	3.09649	0.04412
-0.623586	0.326818	3.13739	0.070476
-0.626092	0.324319	3.11048	0.051
-0.627328	0.332009	3.47831	0.078784
-0.623846	0.33025	3.17882	0.066716
-0.62608	0.335306	3.29215	0.077596
-0.627146	0.330089	3.17942	0.065312
-0.629789	0.337578	3.38114	0.080244
-0.623965	0.32225	3.12969	0.047848
-0.627199	0.333532	3.30131	0.067136
-0.629444	0.333935	3.26756	0.068192
-0.628313	0.326413	3.14859	0.05604
-0.626499	0.329607	3.24895	0.068552
-0.626678	0.333873	3.44389	0.069492
-0.625207	0.335983	3.38509	0.069936
-0.627498	0.327122	3.41909	0.0597
-0.627606	0.328753	3.3332	0.083088
-0.622908	0.323498	3.15183	0.067816
-0.623315	0.328145	3.14541	0.041328
-0.627826	0.322479	3.53726	0.063324
-0.626876	0.335948	3.26248	0.064984
-0.629227	0.33656	3.62762	0.09176
-0.625671	0.331674	3.18826	0.051972
-0.62463	0.319468	3.54389	0.047908
-0.62695	0.33083	3.27704	0.063892
-0.623426	0.329519	3.28977	0.0805
-0.625583	0.322683	3.08484	0.05476
-0.628523	0.332047	3.25011	0.065736
-0.626382	0.343266	3.18319	0.047484
-0.625372	0.32585	3.17172	0.06498
-0.624706	0.333719	3.40877	0.076908
-0.631092	0.333429	3.49373	0.065416
-0.625092	0.339905	3.29122	0.044976
-0.630537	0.329197	3.47276	0.053656
-0.626392	0.334299	3.40486	0.06722
-0.629522	0.33236	3.60321	0.092924
-0.62667	0.336146	3.10054	0.06388
-0.625385	0.342992	3.30152	0.063668
-0.627708	0.327547	3.37673	0.077776
-0.618703	0.337845	3.18752	0.052768
-0.626061	0.331128	3.23254	0.056248
-0.626537	0.337374	3.28789	0.071652
-0.62699	0.336927	3.32689	0.073904
-0.624748	0.330772	3.14066	0.0526
-0.602306	0.313457	2.75857	0.05328
-0.602701	0.314388	2.96669	0.050648
-0.599596	0.310268	2.94258	0.063396
-0.599854	0.298812	2.79478	0.054284
-0.598966	0.306113	2.74601	0.074724
-0.601411	0.318791	2.84692	0.054172
-0.603267	0.304967	2.97199	0.049756
-0.600002	0.303111	2.82266	0.038876
-0.601289	0.306979	2.86748	0.066856
-0.602708	0.312181	2.8403	0.048592
-0.600628	0.318158	2.93251	0.0498
-0.60161	0.313529	2.95395	0.057316
-0.604352	0.31873	2.84227	0.047608
-0.604933	0.310136	3.02975	0.06984
-0.60193	0.306438	2.72439	0.058888
-0.600983	0.307421	2.92957	0.066748
-0.602916	0.31524	2.84625	0.064988
-0.596088	0.310899	2.68349	0.080792
-0.599125	0.311852	2.81387	0.062228
-0.597208	0.308719	2.69656	0.047976
-0.601122	0.312204	2.95848	0.042912
-0.600517	0.30584	2.82381	0.04146
-0.603394	0.316284	2.87881	0.0657
-0.598005	0.306281	2.8548	0.033828
-0.598588	0.311344	3.06391	0.066192
-0.601717	0.322447	2.89757	0.061468
-0.597462	0.300741	2.69099	0.0407
-0.601191	0.324888	3.01624	0.06434
-0.597348	0.322612	2.78515	0.068184
-0.60545	0.311936	2.88163	0.081288
-0.603789	0.310953	2.89806	0.062232
-0.60334	0.311601	2.87311	0.056984
-0.602058	0.31103	3.03557	0.0557
-0.602433	0.307336	2.77889	0.036836
-0.603686	0.310855	2.76195	0.058308
-0.594694	0.301919	2.61086	0.044696
-0.59914	0.306296	2.84574	0.06262
-0.597638	0.316797	2.73221	0.0659
-0.599343	0.312427	2.97624	0.047548
-0.596833	0.311095	2.62912	0.046448
-0.601309	0.31449	2.80633	0.056652
-0.602167	0.317237	2.97588	0.054772
-0.596093	0.302544	2.74005	0.047436
-0.600942	0.315952	2.86902	0.060312
-0.598119	0.310622	2.92494	0.05396
-0.602293	0.331198	3.05307	0.072628
-0.601605	0.315131	2.84973	0.030628
-0.600973	0.310581	2.73975	0.057064
-0.602722	0.30805	2.82125	0.06132
-0.601203	0.307074	2.9451	0.040544
-0.599039	0.313109	2.77402	0.043148
-0.600687	0.312504	2.98951	0.07116
-0.597647	0.305272	2.78763	0.067548
-0.597428	0.311402	2.72632	0.036208
-0.604376	0.303612	3.01794	0.050008
-0.602261	0.311601	3.09736	0.059472
-0.602423	0.305415	2.71695	0.045552
-0.598822	0.308727	2.7769	0.059092
-0.600315	0.304422	2.77606	0.056568
-0.601483	0.306522	3.04247	0.070156
-0.599108	0.311162	2.82341	0.052196
-0.601493	0.31188	2.85373	0.06624
-0.601645	0.309903	2.82533	0.063432
-0.604687	0.313305	2.90053	0.070732
-0.59636	0.301697	2.72858	0.046796
-0.6022	0.315173	2.84259	0.057192
-0.604002	0.311376	2.88079	0.048896
-0.60253	0.307238	2.78833	0.056896
-0.600402	0.309433	2.81196	0.067676
-0.599813	0.307653	2.82737	0.05664
-0.59921	0.319087	2.94686	0.0609
-0.601626	0.316026	3.05103	0.051308
-0.601623	0.298183	2.86639	0.064728
-0.597344	0.306971	2.81609	0.061624
-0.599274	0.303733	2.72853	0.036104
-0.601126	0.308276	2.99653	0.057108
-0.601718	0.307897	2.83444	0.058676
-0.605145	0.313056	3.03396	0.074432
-0.599507	0.305963	2.74541	0.040568
-0.600227	0.305595	3.04794	0.039768
-0.602704	0.313214	2.87135	0.05562
-0.59995	0.310315	2.8695	0.065476
-0.599484	0.299887	2.68274	0.043004
-0.603828	0.303115	2.74935	0.05858
-0.602951	0.323531	2.87469	0.043136
-0.600347	0.306538	2.85296	0.05774
-0.598422	0.305903	2.92164	0.065524
-0.606264	0.310354	2.96526	0.053224
-0.601764	0.318322	2.90681	0.043784
-0.604974	0.307455	2.98686	0.044304
-0.601039	0.309076	2.94689	0.052748
-0.602886	0.316338	3.07875	0.0775
-0.601159	0.31183	2.70491	0.063544
-0.598393	0.315477	2.82547	0.058428
-0.602186	0.304894	2.90494	0.066116
-0.595214	0.318937	2.84774	0.044288
-0.599458	0.304307	2.8566	0.045724
-0.599672	0.316169	2.87812	0.055984
-0.59965	0.314162	2.90002	0.066484
-0.599879	0.31552	2.66551	0.043952
-0.578262	0.294545	2.45941	0.051112
-0.578367	0.295249	2.62706	0.046364
-0.57693	0.291176	2.58817	0.05488
-0.576304	0.278479	2.50333	0.04962
-0.573524	0.28994	2.40712	0.067384
-0.578045	0.297065	2.51206	0.048248
-0.578781	0.288783	2.60053	0.047436
-0.577788	0.281822	2.45108	0.036176
-0.578543	0.288787	2.52966	0.070736
-0.577261	0.290621	2.47947	0.044268
-0.575231	0.298729	2.59216	0.043944
-0.576832	0.292173	2.54709	0.050824
-0.58102	0.286045	2.53315	0.039412
-0.579875	0.288909	2.69512	0.061372
-0.578558	0.291472	2.41625	0.04992
-0.57642	0.289351	2.5576	0.054576
-0.577905	0.295817	2.55279	0.053236
-0.57083	0.297408	2.31217	0.064692
-0.575661	0.290759	2.49233	0.050264
-0.576033	0.290849	2.38611	0.046468
-0.577624	0.289446	2.5704	0.038824
-0.575278	0.286067	2.43246	0.033496
-0.578211	0.295733	2.4356	0.058128
-0.574486	0.288542	2.49372	0.02432
-0.574864	0.283769	2.57493	0.0568
-0.579609	0.296882	2.51515	0.051248
-0.574332	0.289771	2.39269	0.037004
-0.57674	0.302535	2.6376	0.056624
-0.572637	0.295829	2.45498	0.05946
-0.582223	0.297005	2.5618	0.071956
-0.578883	0.29295	2.54023	0.054552
-0.577932	0.291252	2.58057	0.051416
-0.579311	0.288547	2.64412	0.052368
-0.578179	0.28688	2.45764	0.027728
-0.581315	0.291017	2.51188	0.056172
-0.572267	0.286634	2.42921	0.044128
-0.576112	0.292494	2.49769	0.055204
-0.575635	0.299088	2.46506	0.060548
-0.577035	0.289135	2.65826	0.043328
-0.574995	0.282604	2.34539	0.037744
-0.576165	0.290433	2.41665	0.052664
-0.577817	0.301844	2.58471	0.049636
-0.572873	0.285403	2.41288	0.048872
-0.576524	0.293942	2.57775	0.061376
-0.57428	0.29009	2.61196	0.044408
-0.57815	0.305762	2.63246	0.062296
-0.577457	0.295609	2.5231	0.035264
-0.57709	0.295443	2.40444	0.050516
-0.577907	0.294015	2.51445	0.057348
-0.576365	0.287807	2.63012	0.041068
-0.57569	0.291109	2.40521	0.038904
-0.576336	0.290197	2.57312	0.063616
-0.576047	0.290281	2.5199	0.06074
-0.575042	0.291239	2.44608	0.02332
-0.579318	0.286239	2.52447	0.045476
-0.57902	0.290692	2.61297	0.054204
-0.579028	0.295227	2.41036	0.041392
-0.575478	0.288513	2.36639	0.053116
-0.575126	0.286896	2.44379	0.05352
-0.577447	0.290832	2.67989	0.05874
-0.575964	0.293196	2.54244	0.04778
-0.578286	0.290944	2.48683	0.065076
-0.576751	0.289072	2.48316	0.057132
-0.581488	0.29363	2.57578	0.063976
-0.573749	0.283664	2.38954	0.040272
-0.577014	0.290732	2.54245	0.045916
-0.578673	0.288346	2.5739	0.041252
-0.579448	0.288879	2.38086	0.045604
-0.577099	0.288877	2.45257	0.059736
-0.574584	0.295046	2.40834	0.054008
-0.576735	0.29984	2.6536	0.060368
-0.578598	0.295647	2.64525	0.04468
-0.57783	0.283049	2.54322	0.05272
-0.575657	0.28365	2.47914	0.055236
-0.575288	0.289411	2.41358	0.029224
-0.577406	0.288506	2.66955	0.04752
-0.578948	0.293172	2.49757	0.048976
-0.580778	0.287865	2.63159	0.063324
-0.57566	0.279245	2.37552	0.038976
-0.575962	0.284816	2.61531	0.026876
-0.578553	0.291747	2.52218	0.050064
-0.576158	0.29315	2.51405	0.056704
-0.575695	0.280457	2.40644	0.040744
-0.576933	0.283943	2.41666	0.050244
-0.577092	0.300125	2.48079	0.037396
-0.577431	0.285478	2.43154	0.053172
-0.574797	0.28579	2.59595	0.04986
-0.581051	0.283004	2.56062	0.046172
-0.578256	0.301811	2.65075	0.044388
-0.579797	0.288137	2.69735	0.03984
-0.578983	0.286687	2.5199	0.047944
-0.578137	0.293898	2.62678	0.063248
-0.57498	0.291152	2.36387	0.056984
-0.574179	0.292514	2.45224	0.047772
-0.577254	0.284635	2.50346	0.059508
-0.574032	0.292016	2.53407	0.035984
-0.576734	0.28839	2.5603	0.039876
-0.575563	0.296669	2.4648	0.048168
-0.576572	0.299519	2.50141	0.058184
-0.576962	0.292233	2.35477	0.035704
-0.554288	0.274484	2.18748	0.041608
-0.555735	0.273883	2.3499	0.049172
-0.555492	0.268338	2.29399	0.047424
-0.553237	0.263704	2.1691	0.040664
-0.552538	0.272461	2.17804	0.058116
-0.553988	0.272906	2.24688	0.042184
-0.55729	0.270112	2.34699	0.0437
-0.554645	0.264769	2.1843	0.032668
-0.554861	0.270473	2.26898	0.060252
-0.555485	0.269484	2.26483	0.038648
-0.552843	0.277514	2.2251	0.032564
-0.555764	0.27438	2.19316	0.042976
-0.557498	0.269083	2.26282	0.040908
-0.556551	0.273718	2.37946	0.05434
-0.55882	0.270794	2.17873	0.04582
-0.555231	0.273902	2.22847	0.048772
-0.554874	0.269257	2.26226	0.047696
-0.549345	0.276682	2.0867	0.05404
-0.555194	0.270771	2.30195	0.049296
-0.553014	0.275145	2.09099	0.040716
-0.555644	0.271551	2.25656	0.02898
-0.551294	0.270531	2.15427	0.036712
-0.555966	0.274487	2.21393	0.049912
-0.552681	0.273143	2.2426	0.023636
-0.554564	0.270242	2.26698	0.051416
-0.55592	0.276313	2.20305	0.043616
-0.553323	0.26941	2.17378	0.034168
-0.552012	0.278882	2.28637	0.047792
-0.550445	0.27324	2.16279	0.052664
-0.559966	0.277604	2.21921	0.067104
-0.557758	0.2739	2.20601	0.048284
-0.556407	0.27283	2.28677	0.04834
-0.555797	0.274132	2.28865	0.041052
-0.555059	0.270088	2.1751	0.026528
-0.55908	0.268986	2.25103	0.048024
-0.552566	0.270988	2.18683	0.039512
-0.5543	0.272655	2.21787	0.045012
-0.553325	0.27885	2.19833	0.055036
-0.554898	0.267028	2.36488	0.036096
-0.552368	0.262402	2.12654	0.0316
-0.552997	0.273006	2.13792	0.047852
-0.554573	0.278531	2.25864	0.04466
-0.551248	0.270816	2.18633	0.03842
-0.554698	0.270308	2.27151	0.05572
-0.553881	0.273831	2.29469	0.040868
-0.554997	0.28822	2.39413	0.060264
-0.556449	0.276099	2.24815	0.038036
-0.554282	0.273588	2.13323	0.04608
-0.554277	0.270859	2.19548	0.05224
-0.554459	0.268278	2.36948	0.036556
-0.552142	0.271055	2.25132	0.033476
-0.554866	0.271079	2.28742	0.048488
-0.553827	0.271615	2.24363	0.059732
-0.551939	0.270988	2.12211	0.025732
-0.557791	0.269676	2.1989	0.041148
-0.555142	0.26969	2.20136	0.044276
-0.557632	0.278114	2.19947	0.037584
-0.553019	0.272279	2.11034	0.050552
-0.553066	0.273713	2.17291	0.0437
-0.556097	0.271461	2.394	0.05044
-0.553727	0.269242	2.18816	0.039128
-0.556462	0.268309	2.23907	0.060724
-0.554851	0.271295	2.21497	0.055732
-0.557711	0.274749	2.31213	0.061156
-0.552259	0.263013	2.11903	0.030564
-0.553717	0.27397	2.28729	0.041072
-0.557046	0.269569	2.34676	0.038684
-0.556377	0.272977	2.09126	0.03964
-0.555169	0.268558	2.16303	0.050052
-0.5535	0.273206	2.1755	0.047008
-0.554581	0.282144	2.31471	0.055456
-0.555581	0.27287	2.31919	0.041832
-0.555233	0.266063	2.25113	0.050452
-0.55275	0.264521	2.15549	0.04388
-0.55346	0.276681	2.17636	0.03022
-0.554559	0.273616	2.33723	0.045144
-0.556756	0.271463	2.19481	0.04338
-0.557702	0.272032	2.30947	0.048284
-0.553835	0.262673	2.09573	0.043352
-0.553544	0.265772	2.2349	0.023984
-0.554843	0.270457	2.24262	0.036536
-0.554079	0.272785	2.23772	0.051168
-0.552009	0.264061	2.17384	0.037228
-0.555125	0.268552	2.13653	0.044628
-0.555294	0.281903	2.17589	0.031096
-0.556455	0.265567	2.20277	0.045548
-0.552335	0.272276	2.34419	0.049552
-0.556365	0.267524	2.27086	0.043432
-0.555146	0.27963	2.25464	0.038088
-0.55807	0.270289	2.38768	0.037924
-0.555121	0.269656	2.16052	0.039272
-0.555773	0.268096	2.31168	0.05706
-0.553273	0.271462	2.07446	0.045244
-0.552813	0.276785	2.255	0.045464
-0.55448	0.269535	2.28451	0.059588
-0.551444	0.270787	2.19679	0.034208
-0.553633	0.265071	2.20915	0.035628
-0.552452	0.273434	2.17572	0.040584
-0.554349	0.281618	2.20569	0.054644
-0.554073	0.273623	2.08566	0.029648
-0.53247	0.253817	1.96662	0.03912
-0.535037	0.255749	2.07229	0.045428
-0.535491	0.253735	2.07411	0.043732
-0.532863	0.246999	1.96909	0.035156
-0.532949	0.258185	1.93305	0.050244
-0.533801	0.252486	2.00273	0.03726
-0.536306	0.253904	2.08384	0.040108
-0.535107	0.250287	1.95287	0.027764
-0.533956	0.253679	2.01584	0.05702
-0.53465	0.250612	1.97675	0.038484
-0.532741	0.258523	2.0453	0.026656
-0.535794	0.255634	1.93482	0.037688
-0.536239	0.250992	1.97488	0.038328
-0.535381	0.258933	2.11831	0.047452
-0.537819	0.25645	2.0054	0.045756
-0.533263	0.257923	1.97211	0.043948
-0.533133	0.255408	2.06889	0.041072
-0.529081	0.259524	1.90026	0.047648
-0.53335	0.25602	2.04039	0.04628
-0.532064	0.261753	1.84919	0.02838
-0.534285	0.253121	1.96612	0.02184
-0.531246	0.251661	1.93609	0.03388
-0.534255	0.260679	1.954	0.04194
-0.532645	0.257998	1.97793	0.021872
-0.533332	0.250821	1.96049	0.049804
-0.534132	0.259783	1.96478	0.03822
-0.534617	0.255573	1.96999	0.026856
-0.531349	0.260622	2.02901	0.037052
-0.53082	0.256971	1.97064	0.050616
-0.539137	0.25798	1.97354	0.05124
-0.536126	0.256202	1.93728	0.043912
-0.534452	0.256502	2.05124	0.040996
-0.536551	0.255036	2.03294	0.042368
-0.533244	0.252218	1.93032	0.028224
-0.539385	0.256845	2.05906	0.043232
-0.53203	0.254956	1.96885	0.030704
-0.532691	0.256686	1.96033	0.040168
-0.531934	0.26104	1.96089	0.053088
-0.534302	0.248086	2.08638	0.03152
-0.53096	0.250522	1.92883	0.0292
-0.531587	0.254077	1.88993	0.044164
-0.534691	0.256751	2.03162	0.046928
-0.531731	0.254097	1.95964	0.03214
-0.533479	0.252515	2.02186	0.047172
-0.533724	0.255867	2.03938	0.039784
-0.533548	0.264975	2.06914	0.047416
-0.53505	0.251911	1.94326	0.029724
-0.534073	0.254392	1.93155	0.042056
-0.533541	0.259098	2.0198	0.041832
-0.534497	0.253834	2.14016	0.030864
-0.530375	0.258186	1.9718	0.027548
-0.534454	0.255346	2.0377	0.039496
-0.5323	0.25245	2.02344	0.05058
-0.530185	0.256514	1.89209	0.023648
-0.537312	0.254567	2.00238	0.04
-0.534445	0.254373	1.97897	0.03584
-0.536483	0.259399	2.01912	0.030172
-0.53341	0.257413	1.94316	0.04412
-0.532507	0.256872	1.93508	0.041764
-0.535654	0.254605	2.10709	0.041516
-0.53284	0.251724	1.92612	0.035584
-0.535136	0.252496	2.00233	0.052808
-0.53267	0.257856	1.9932	0.047504
-0.536476	0.252325	2.04222	0.049004
-0.53284	0.250864	1.95314	0.028416
-0.532368	0.257776	2.00202	0.029984
-0.536346	0.253556	2.06223	0.036104
-0.536155	0.255612	1.91166	0.036928
-0.535328	0.247169	1.95413	0.043576
-0.533425	0.25575	1.96024	0.041272
-0.531851	0.261183	2.0233	0.05256
-0.535447	0.253436	2.08424	0.039156
-0.534012	0.253508	1.95836	0.04422
-0.532924	0.249965	1.94791	0.040988
-0.532834	0.253269	1.99966	0.021308
-0.533088	0.257583	2.02977	0.03762
-0.536227	0.260778	1.97458	0.041752
-0.537076	0.257571	2.02665	0.044576
-0.533964	0.247675	1.89723	0.039792
-0.532607	0.253681	2.07821	0.023956
-0.534628	0.253916	2.03969	0.0326
-0.533372	0.252776	1.97633	0.044992
-0.531115	0.246665	1.89242	0.031756
-0.53527	0.252827	1.91631	0.042288
-0.533981	0.262817	1.89633	0.029872
-0.534206	0.249628	1.92896	0.03788
-0.532113	0.248452	2.07148	0.04284
-0.533962	0.250416	2.0411	0.038492
-0.534685	0.259954	2.0611	0.034256
-0.537329	0.252003	2.1128	0.029268
-0.535206	0.25211	1.91978	0.039516
-0.534319	0.248574	2.10128	0.052328
-0.532587	0.251208	1.85247	0.040536
-0.532108	0.256392	1.97429	0.039024
-0.53434	0.255892	2.05473	0.052592
-0.531731	0.257853	1.98563	0.035772
-0.533355	0.249936	1.98715	0.032564
-0.531992	0.254183	1.95869	0.032392
-0.535028	0.257488	1.9853	0.046212
-0.533414	0.253829	1.95977	0.029912
-0.512937	0.238425	1.78056	0.037248
-0.514903	0.234976	1.81322	0.042332
-0.516578	0.240141	1.83155	0.037276
-0.514504	0.231661	1.79099	0.029592
-0.514403	0.238154	1.78518	0.045756
-0.51411	0.234124	1.77416	0.035108
-0.516111	0.239546	1.92182	0.034748
-0.515195	0.236633	1.80739	0.026932
-0.515031	0.23768	1.82638	0.051956
-0.513714	0.235706	1.78442	0.0365
-0.512211	0.241845	1.84513	0.024936
-0.515208	0.241099	1.77191	0.037196
-0.515885	0.242031	1.80517	0.039468
-0.516259	0.24717	1.96681	0.048952
-0.517375	0.241954	1.80053	0.041952
-0.513115	0.241432	1.77944	0.040172
-0.512789	0.237039	1.8275	0.038236
-0.509992	0.246222	1.72842	0.0456
-0.514147	0.241797	1.80977	0.04134
-0.513444	0.241846	1.71273	0.031792
-0.514871	0.236898	1.8198	0.021152
-0.512387	0.237058	1.78054	0.032164
-0.514473	0.244332	1.75162	0.040048
-0.512645	0.24145	1.74941	0.019432
-0.515014	0.235124	1.80419	0.046292
-0.514574	0.243871	1.76191	0.030276
-0.515199	0.238286	1.78437	0.021128
-0.511568	0.243291	1.85474	0.037184
-0.509872	0.241385	1.76498	0.04562
-0.520391	0.241142	1.81734	0.051572
-0.516535	0.239451	1.79415	0.044344
-0.514596	0.24013	1.88608	0.03738
-0.515361	0.239354	1.81995	0.034072
-0.51381	0.233775	1.71069	0.022112
-0.520194	0.239357	1.81909	0.040916
-0.513686	0.236652	1.80601	0.0291
-0.512724	0.238386	1.77773	0.037016
-0.51298	0.238085	1.76439	0.047
-0.514777	0.234539	1.89395	0.031248
-0.511136	0.233275	1.72277	0.021996
-0.511604	0.240334	1.68527	0.03978
-0.514894	0.237007	1.85108	0.0387
-0.511898	0.239271	1.77135	0.030524
-0.514859	0.237307	1.83631	0.047356
-0.514566	0.23556	1.81707	0.033104
-0.51502	0.250567	1.85795	0.038584
-0.515614	0.237944	1.75202	0.024316
-0.514848	0.237602	1.79702	0.039216
-0.513102	0.238493	1.77155	0.035508
-0.515795	0.235296	1.90202	0.02776
-0.511402	0.241844	1.77987	0.028508
-0.51473	0.236946	1.86855	0.038892
-0.512878	0.235976	1.83255	0.04352
-0.510791	0.2371	1.71157	0.019936
-0.519646	0.238177	1.83848	0.038724
-0.512775	0.245868	1.75056	0.029968
-0.516942	0.244638	1.84366	0.029124
-0.513989	0.237932	1.80171	0.042236
-0.514491	0.24181	1.73964	0.035744
-0.516122	0.237978	1.85913	0.033312
-0.513527	0.230404	1.75766	0.028332
-0.517104	0.23709	1.81618	0.050016
-0.512882	0.240881	1.76835	0.04052
-0.5164	0.240547	1.86641	0.044004
-0.512961	0.233869	1.75398	0.027652
-0.512756	0.242714	1.79188	0.027004
-0.516376	0.239615	1.85895	0.027608
-0.516437	0.240846	1.72905	0.033864
-0.51614	0.233514	1.77046	0.041392
-0.514719	0.240514	1.82168	0.039568
-0.512332	0.244508	1.85317	0.048984
-0.51454	0.241425	1.85946	0.035004
-0.516353	0.236504	1.79444	0.044844
-0.512517	0.239085	1.77694	0.034248
-0.513446	0.243103	1.81744	0.02108
-0.513494	0.243046	1.82974	0.03148
-0.517352	0.243526	1.7848	0.040384
-0.518218	0.242253	1.85962	0.039676
-0.515926	0.233718	1.7253	0.039904
-0.51338	0.235991	1.85656	0.02538
-0.514273	0.233652	1.81338	0.030856
-0.514501	0.236151	1.82417	0.03466
-0.511047	0.234121	1.72653	0.034332
-0.514644	0.235658	1.72063	0.036204
-0.513407	0.242737	1.72279	0.029136
-0.515451	0.235935	1.75445	0.036936
-0.51305	0.234541	1.85879	0.038076
-0.513221	0.236451	1.84154	0.037044
-0.514039	0.240232	1.81965	0.031544
-0.518105	0.236096	1.89164	0.024052
-0.516401	0.239014	1.7595	0.037268
-0.51466	0.234436	1.94048	0.049396
-0.513993	0.237055	1.68905	0.036848
-0.512408	0.237917	1.81868	0.030384
-0.5136	0.236021	1.77917	0.041608
-0.512684	0.243573	1.775	0.031396
-0.513838	0.2371	1.77329	0.031084
-0.512	0.242032	1.81009	0.02558
-0.516216	0.238693	1.78111	0.039188
-0.515259	0.236655	1.76497	0.027364
-0.495611	0.224214	1.63383	0.033728
-0.496494	0.219366	1.62195	0.0411
-0.49967	0.227704	1.66525	0.034704
-0.497547	0.221006	1.65827	0.027768
-0.496093	0.221848	1.66181	0.044244
-0.495117	0.222181	1.59112	0.033044
-0.496593	0.22544	1.70997	0.03204
-0.497859	0.223486	1.64757	0.027336
-0.497214	0.225364	1.67258	0.04832
-0.495836	0.219794	1.63596	0.035776
-0.493408	0.22239	1.64231	0.024024
-0.498078	0.224199	1.60202	0.033896
-0.49657	0.225332	1.65635	0.034908
-0.496834	0.229273	1.73356	0.042504
-0.498897	0.224618	1.63798	0.035264
-0.494567	0.224724	1.58518	0.033928
-0.495666	0.222102	1.64072	0.032508
-0.491034	0.228062	1.59576	0.044076
-0.495783	0.226411	1.62837	0.034332
-0.496607	0.225073	1.56173	0.029156
-0.497301	0.222955	1.66667	0.019044
-0.494405	0.222308	1.61795	0.026264
-0.498008	0.227249	1.61865	0.037612
-0.494956	0.225652	1.58068	0.0182
-0.494792	0.221828	1.62455	0.040016
-0.496151	0.22608	1.60346	0.029164
-0.496972	0.221229	1.62688	0.017408
-0.494175	0.229526	1.73481	0.033532
-0.492385	0.226549	1.61249	0.041664
-0.502143	0.2275	1.6562	0.04796
-0.498991	0.228137	1.68099	0.040352
-0.496713	0.226563	1.67777	0.034052
-0.496446	0.222178	1.63028	0.033912
-0.494564	0.21917	1.57991	0.024592
-0.500305	0.226395	1.65268	0.037672
-0.495259	0.223337	1.63251	0.026132
-0.49489	0.224976	1.60468	0.02812
-0.496493	0.222515	1.60345	0.043448
-0.495326	0.219826	1.72589	0.025112
-0.49321	0.219661	1.54505	0.02088
-0.492219	0.222719	1.51395	0.030132
-0.495127	0.220375	1.68369	0.034356
-0.495279	0.221412	1.61936	0.025948
-0.497035	0.219997	1.65743	0.040528
-0.496801	0.222795	1.63994	0.028452
-0.496691	0.235415	1.67669	0.037764
-0.498045	0.224139	1.61862	0.01984
-0.496484	0.223002	1.66397	0.039
-0.493063	0.218253	1.59612	0.03074
-0.496785	0.219856	1.70668	0.028472
-0.493425	0.22684	1.59293	0.023256
-0.496993	0.223264	1.68357	0.032452
-0.495049	0.224009	1.64259	0.041268
-0.493284	0.221222	1.55784	0.018588
-0.501022	0.223404	1.64969	0.036284
-0.494434	0.22828	1.63806	0.028124
-0.49617	0.224588	1.63727	0.02972
-0.496932	0.222536	1.68783	0.041004
-0.497139	0.229277	1.57712	0.032956
-0.497152	0.222672	1.6892	0.025992
-0.496332	0.217215	1.61214	0.0302
-0.499179	0.220979	1.65958	0.045732
-0.494666	0.226576	1.60195	0.0305
-0.49774	0.227944	1.71477	0.036996
-0.493947	0.21805	1.60495	0.025752
-0.495995	0.22639	1.63906	0.025768
-0.499015	0.228652	1.6994	0.027964
-0.499113	0.226372	1.60272	0.03406
-0.497295	0.22082	1.62419	0.035952
-0.497666	0.226921	1.66587	0.036108
-0.493312	0.225154	1.68171	0.045192
-0.497831	0.225606	1.68669	0.030728
-0.497647	0.22349	1.63905	0.039968
-0.495312	0.226943	1.62461	0.032408
-0.497336	0.231261	1.70391	0.021184
-0.494893	0.227228	1.60806	0.032648
-0.498826	0.225406	1.63556	0.04208
-0.499455	0.224655	1.65405	0.035552
-0.497131	0.216992	1.56911	0.036156
-0.495675	0.220387	1.71627	0.021328
-0.497554	0.22082	1.6795	0.031688
-0.495393	0.220264	1.6342	0.028852
-0.492488	0.221217	1.5734	0.029176
-0.49608	0.225929	1.56692	0.032424
-0.494613	0.225964	1.57586	0.025036
-0.497348	0.221414	1.60097	0.03418
-0.49426	0.223573	1.65378	0.03502
-0.494161	0.221538	1.68114	0.030068
-0.496768	0.22948	1.65275	0.027212
-0.500748	0.222411	1.73875	0.02222
-0.497346	0.225055	1.58492	0.034092
-0.496925	0.218509	1.81603	0.04704
-0.495874	0.225768	1.5567	0.030516
-0.493887	0.221869	1.59243	0.02714
-0.495153	0.224507	1.63143	0.038836
-0.494544	0.225438	1.63104	0.032812
-0.495275	0.222671	1.63196	0.029744
-0.493439	0.226876	1.63079	0.021564
-0.498378	0.227937	1.64457	0.036516
-0.495855	0.222838	1.58471	0.027568
-0.478572	0.211529	1.49555	0.030624
-0.478858	0.207654	1.4732	0.036476
-0.482551	0.213207	1.51073	0.030732
-0.481096	0.211305	1.52902	0.025196
-0.479755	0.210279	1.5135	0.036936
-0.477736	0.210673	1.44586	0.0276
-0.479134	0.209951	1.55216	0.026292
-0.482317	0.211065	1.53213	0.023436
-0.479817	0.207516	1.51368	0.043652
-0.479328	0.205425	1.49477	0.029596
-0.477056	0.207928	1.50286	0.02282
-0.480612	0.210283	1.48395	0.030184
-0.48017	0.210274	1.47281	0.031296
-0.479864	0.212299	1.56787	0.041188
-0.479524	0.210732	1.49529	0.029788
-0.477672	0.211943	1.48021	0.031604
-0.478533	0.209825	1.47562	0.031072
-0.473656	0.212319	1.44444	0.042008
-0.479961	0.212531	1.49264	0.028852
-0.479622	0.207699	1.4341	0.028708
-0.480863	0.208173	1.54484	0.016364
-0.476964	0.210291	1.48315	0.024584
-0.479522	0.215088	1.47986	0.03612
-0.477637	0.21058	1.46554	0.016256
-0.477645	0.208665	1.48889	0.038236
-0.47868	0.210655	1.47092	0.026816
-0.478962	0.208088	1.45628	0.01492
-0.478081	0.212789	1.57998	0.030048
-0.47603	0.2122	1.4574	0.039484
-0.483273	0.209451	1.51472	0.045636
-0.481773	0.214469	1.53682	0.036672
-0.479156	0.212602	1.52429	0.032584
-0.4797	0.20948	1.4815	0.03218
-0.477165	0.209304	1.46827	0.023444
-0.483057	0.211105	1.51823	0.032432
-0.479008	0.20741	1.49346	0.021592
-0.477411	0.214202	1.47886	0.02256
-0.478739	0.211211	1.47855	0.03774
-0.479247	0.209935	1.58414	0.023548
-0.476552	0.206233	1.40561	0.0228
-0.47583	0.210784	1.37996	0.030684
-0.478833	0.210254	1.52285	0.028868
-0.47641	0.209494	1.49225	0.027324
-0.480521	0.206927	1.49114	0.039632
-0.478964	0.208866	1.49731	0.025788
-0.480355	0.217454	1.53025	0.034944
-0.482828	0.211327	1.52551	0.018208
-0.479688	0.210589	1.51148	0.03242
-0.477245	0.207788	1.52505	0.027856
-0.480079	0.209594	1.57878	0.027936
-0.476521	0.212218	1.47956	0.021656
-0.479908	0.209392	1.52979	0.032984
-0.477931	0.210926	1.51887	0.039748
-0.477077	0.206813	1.44453	0.015856
-0.484046	0.209848	1.53212	0.031896
-0.476999	0.214138	1.50013	0.025152
-0.478834	0.210145	1.47717	0.031688
-0.480752	0.21052	1.5551	0.037624
-0.48036	0.213348	1.44172	0.033176
-0.480143	0.214636	1.52343	0.02636
-0.478732	0.205196	1.47987	0.029004
-0.481879	0.206992	1.52628	0.045164
-0.478206	0.210082	1.48439	0.02872
-0.479432	0.213314	1.55125	0.033212
-0.476328	0.207669	1.48191	0.0252
-0.477836	0.213859	1.51884	0.023416
-0.482278	0.213298	1.55404	0.02672
-0.480439	0.210205	1.45505	0.029944
-0.480083	0.209843	1.52034	0.035364
-0.479972	0.212978	1.52544	0.02822
-0.477999	0.213051	1.53565	0.039532
-0.480518	0.213055	1.55421	0.028304
-0.48061	0.209567	1.48279	0.03648
-0.477942	0.212534	1.47934	0.03308
-0.479202	0.213475	1.54585	0.017724
-0.478089	0.21221	1.49235	0.032432
-0.480393	0.211359	1.47272	0.036048
-0.482429	0.210032	1.53017	0.030632
-0.479391	0.20514	1.44212	0.03316
-0.47747	0.205893	1.53606	0.02232
-0.480966	0.208936	1.54311	0.026688
-0.477357	0.20556	1.48456	0.027468
-0.475702	0.207549	1.45151	0.026292
-0.479096	0.211196	1.43378	0.02962
-0.478456	0.210462	1.45869	0.023188
-0.480162	0.207639	1.49164	0.035312
-0.477684	0.209456	1.50585	0.0302
-0.478672	0.20881	1.54754	0.026788
-0.478854	0.215486	1.48004	0.031476
-0.483446	0.206494	1.56924	0.020292
-0.479572	0.209712	1.45825	0.033808
-0.479132	0.202601	1.62837	0.0418
-0.47807	0.211863	1.43667	0.028688
-0.476622	0.209671	1.45954	0.021904
-0.479031	0.212123	1.50501	0.03756
-0.477796	0.210604	1.50139	0.034216
-0.477103	0.205588	1.45911	0.029568
-0.476912	0.212656	1.48091	0.019984
-0.481921	0.21147	1.54768	0.037668
-0.480989	0.212224	1.4716	0.029028
-0.462403	0.20117	1.38165	0.026156
-0.461547	0.197104	1.34628	0.034572
-0.466989	0.201322	1.39582	0.026252
-0.465612	0.197453	1.41322	0.024192
-0.464541	0.195846	1.38902	0.033472
-0.46103	0.198696	1.29811	0.023088
-0.463948	0.199775	1.46223	0.023012
-0.466061	0.196581	1.38508	0.020656
-0.464195	0.195834	1.38831	0.040156
-0.462712	0.197692	1.411	0.032
-0.461233	0.195702	1.35458	0.02324
-0.464373	0.19796	1.39755	0.026648
-0.464908	0.200075	1.38759	0.02942
-0.463436	0.19994	1.42272	0.03378
-0.462677	0.197919	1.38767	0.027828
-0.462536	0.199235	1.38006	0.030024
-0.461758	0.196386	1.3731	0.02508
-0.457983	0.199789	1.32122	0.04034
-0.463953	0.198481	1.38308	0.029272
-0.463236	0.196563	1.35275	0.025004
-0.464708	0.194602	1.42556	0.0142
-0.459949	0.198216	1.37211	0.02224
-0.46337	0.202137	1.34818	0.029312
-0.461864	0.197574	1.36613	0.012776
-0.46216	0.199646	1.37416	0.03358
-0.462278	0.19676	1.36292	0.026708
-0.461878	0.197054	1.3305	0.015496
-0.461249	0.198943	1.43936	0.031236
-0.46016	0.20102	1.31375	0.03518
-0.465927	0.196168	1.40248	0.043548
-0.465289	0.201765	1.39816	0.034052
-0.462607	0.198838	1.40209	0.031164
-0.462234	0.197126	1.36838	0.0301
-0.461275	0.196269	1.32781	0.024136
-0.466519	0.197845	1.41208	0.029136
-0.463095	0.197232	1.38321	0.01916
-0.461602	0.203042	1.37908	0.018884
-0.462994	0.198472	1.33614	0.032092
-0.463324	0.19795	1.43648	0.023804
-0.459863	0.197075	1.3176	0.019172
-0.458957	0.198113	1.29167	0.029444
-0.462922	0.198867	1.40855	0.02652
-0.46053	0.19826	1.35908	0.02052
-0.46377	0.193549	1.39014	0.0373
-0.462186	0.194818	1.39382	0.021712
-0.464632	0.201754	1.41177	0.0304
-0.46672	0.19648	1.41523	0.02
-0.462588	0.197335	1.39234	0.032576
-0.461922	0.195795	1.38646	0.023692
-0.464422	0.198927	1.46854	0.02548
-0.461073	0.199261	1.3622	0.01884
-0.463909	0.196833	1.38165	0.031032
-0.461683	0.198661	1.38601	0.037368
-0.460647	0.193924	1.3698	0.015944
-0.467018	0.195458	1.43195	0.028924
-0.460827	0.199632	1.40982	0.026132
-0.462768	0.197857	1.3685	0.029592
-0.464832	0.196797	1.4142	0.037176
-0.464599	0.200421	1.32206	0.028332
-0.464363	0.198772	1.39806	0.025768
-0.46305	0.193419	1.34919	0.028496
-0.465483	0.19719	1.39954	0.039736
-0.461657	0.195808	1.3651	0.026436
-0.463116	0.199268	1.42917	0.03298
-0.460828	0.19633	1.36415	0.027816
-0.461764	0.200063	1.37309	0.019792
-0.466512	0.196199	1.40914	0.025608
-0.463579	0.195886	1.34656	0.026936
-0.463677	0.195465	1.37602	0.031064
-0.464748	0.202801	1.40568	0.022224
-0.462079	0.199614	1.41808	0.037552
-0.465176	0.198529	1.43629	0.024804
-0.463904	0.195811	1.37434	0.036412
-0.461366	0.199105	1.36024	0.031124
-0.462084	0.201967	1.3912	0.018596
-0.461247	0.198203	1.34665	0.02754
-0.464061	0.19661	1.36873	0.031836
-0.467001	0.200368	1.41165	0.031652
-0.463676	0.195287	1.33182	0.031408
-0.461702	0.19219	1.38588	0.01868
-0.464832	0.198685	1.41104	0.025976
-0.461152	0.195149	1.34794	0.025992
-0.458863	0.197224	1.32495	0.022756
-0.46396	0.198851	1.3608	0.032812
-0.460082	0.200724	1.33488	0.023676
-0.463881	0.193005	1.36278	0.032864
-0.461982	0.195452	1.42038	0.031088
-0.462019	0.195264	1.41792	0.02696
-0.461688	0.200751	1.33045	0.0292
-0.466498	0.194547	1.44334	0.019312
-0.464089	0.197475	1.36736	0.03164
-0.462894	0.191273	1.47457	0.037084
-0.462367	0.199268	1.33626	0.02476
-0.460536	0.196741	1.35196	0.019604
-0.463592	0.19727	1.36851	0.032792
-0.462255	0.197376	1.38384	0.029572
-0.460608	0.192562	1.33928	0.027596
-0.461425	0.200849	1.37719	0.018872
-0.466135	0.19794	1.39863	0.032328
-0.465077	0.202512	1.35176	0.026252
