-0.976736	0.329261	83.6007	-0.286328
-0.979392	0.273462	84.901	0.357676
-0.973784	0.34088	79.6426	0.166296
-0.97992	0.277247	83.8802	0.519916
-0.969744	0.375507	74.9324	-0.294152
-0.975912	0.29957	81.9498	0.65968
-0.974952	0.326488	79.4516	-0.12048
-0.978184	0.279212	82.7251	0.394308
-0.980208	0.271607	84.2565	-0.25764
-0.974688	0.319093	79.3809	0.17752
-0.971616	0.342422	76.2238	-0.031956
-0.975248	0.303196	79.7263	0.451
-0.97696	0.305224	82.1686	0.375288
-0.969272	0.363478	74.3491	-0.472672
-0.978176	0.286183	82.484	-0.128904
-0.972584	0.369481	78.9276	0.506644
-0.969352	0.365484	74.5945	-0.043656
-0.969888	0.365981	74.7738	0.139468
-0.973328	0.393785	80.294	-0.686664
-0.974296	0.334933	79.1655	-0.412524
-0.972448	0.345073	76.6796	0.284248
-0.979672	0.272554	82.9961	-0.305556
-0.97972	0.263472	85.2178	-0.323752
-0.971976	0.340723	75.6919	-0.376764
-0.96524	0.391308	69.3335	-0.058232
-0.983816	0.235488	87.6545	0.004172
-0.979696	0.265198	83.2554	-0.437268
-0.980984	0.259838	86.7719	-0.451472
-0.982592	0.252992	87.7414	-0.433996
-0.972896	0.372755	78.4363	0.57374
-0.981376	0.280837	85.7396	-0.69774
-0.976328	0.303543	81.0901	-0.1594
-0.98108	0.244183	85.1426	-0.073964
-0.977352	0.296902	83.5092	-0.165304
-0.972104	0.367243	77.9364	0.409976
-0.978144	0.290767	82.8223	0.146592
-0.975344	0.31464	79.247	0.256328
-0.979944	0.270655	83.8383	-0.11176
-0.970752	0.357295	75.5453	0.45242
-0.977408	0.333888	83.3772	-0.012688
-0.97616	0.297211	80.1634	0.432992
-0.978208	0.299518	82.938	0.562632
-0.982488	0.251114	87.5577	-0.857808
-0.977912	0.29372	82.008	0.091972
-0.969536	0.420341	75.3949	-0.271872
-0.965136	0.373348	71.7265	0.057388
-0.977624	0.275543	81.5729	-0.045992
-0.977464	0.315066	83.1127	0.015124
-0.959816	0.425209	66.1187	-0.098592
-0.982936	0.238852	86.5238	-0.394284
-0.970984	0.323774	76.06	0.443276
-0.973984	0.307514	78.7505	0.010784
-0.973784	0.302736	78.6024	-0.014004
-0.972112	0.35466	76.1204	-0.008032
-0.9788	0.273376	82.6368	-0.630724
-0.977368	0.301911	84.2012	-0.233596
-0.968744	0.371268	73.0805	-0.040396
-0.971184	0.376648	75.4487	0.102604
-0.972608	0.334544	76.9947	0.380424
-0.97236	0.336038	77.1656	0.126744
-0.97048	0.34821	75.8013	-0.261984
-0.98044	0.269465	86.371	-0.484888
-0.970952	0.379979	77.3778	0.366048
-0.973248	0.325346	77.8043	-0.186408
-0.983632	0.233906	88.0518	0.54206
-0.977528	0.291834	82.819	-0.158852
-0.975704	0.310869	79.6444	0.546272
-0.979272	0.28079	83.501	0.348516
-0.970784	0.371749	76.1079	0.4203
-0.973864	0.320982	77.4794	0.163604
-0.968568	0.394918	75.5944	-0.361192
-0.980736	0.253972	84.0335	0.09602
-0.97688	0.291941	81.1392	0.57646
-0.974832	0.29597	79.1236	0.247084
-0.973264	0.346253	77.9815	0.183872
-0.968896	0.390444	75.5329	0.716588
-0.975432	0.307443	81.337	-0.131668
-0.981816	0.273452	86.8436	-0.565376
-0.965976	0.374809	70.0586	-0.072352
-0.976568	0.328076	81.4966	0.277608
-0.975464	0.302125	80.9367	0.164632
-0.970272	0.365969	76.1785	-0.17908
-0.97512	0.325477	79.9223	0.015512
-0.981472	0.254671	85.7335	-0.137052
-0.975216	0.302111	79.6016	0.525312
-0.97388	0.331133	77.6023	-0.113356
-0.970968	0.350981	75.9859	0.43094
-0.96604	0.396416	71.688	0.514996
-0.971448	0.367005	77.193	-0.180224
-0.978704	0.267952	83.1472	-0.182568
-0.97672	0.293784	80.6562	0.12746
-0.965928	0.384908	69.8682	-0.180936
-0.966808	0.374474	72.7719	0.183992
-0.97856	0.264929	81.6688	-0.822756
-0.97804	0.322752	83.403	-0.569484
-0.975376	0.307532	79.3455	-0.528512
-0.98168	0.260812	87.7742	-0.012908
-0.974328	0.33475	79.0294	0.053552
-0.973152	0.335581	77.3429	-0.417176
-0.972536	0.336954	77.3778	-0.15164
-0.950928	0.403595	56.4713	-0.065
-0.950256	0.395408	55.2994	0.086936
-0.94784	0.392287	51.6865	-0.300012
-0.93992	0.428473	48.8775	0.042756
-0.954952	0.387248	58.6226	0.224776
-0.946472	0.408812	52.2919	0.187584
-0.949328	0.380934	53.7197	0.016088
-0.942216	0.393324	49.9703	-0.031996
-0.950264	0.376718	55.2315	-0.024692
-0.938184	0.40483	43.9363	-0.018396
-0.932352	0.448295	42.1798	0.347544
-0.949392	0.438802	55.4613	-0.270244
-0.938544	0.421284	46.159	0.047832
-0.958424	0.370248	61.7922	-0.367348
-0.947696	0.388897	51.7807	-0.2336
-0.947192	0.412786	52.7851	0.073412
-0.94532	0.374941	49.2847	-0.026372
-0.943064	0.456145	51.792	-0.350968
-0.953168	0.383132	57.195	0.243452
-0.943064	0.411846	48.9659	-0.120252
-0.944728	0.358167	50.4233	-0.038796
-0.9494	0.420114	54.7455	0.014984
-0.933544	0.420681	42.2113	0.044036
-0.948312	0.393011	54.4403	-0.356164
-0.948488	0.375863	52.6304	-0.082756
-0.943744	0.433162	49.947	-0.08364
-0.942768	0.423512	50.5773	0.048256
-0.945504	0.440853	52.6016	0.006972
-0.942368	0.406539	48.6737	-0.175756
-0.940544	0.400266	45.9022	-0.285168
-0.949472	0.417859	53.8739	0.290512
-0.952504	0.384004	56.1107	0.06646
-0.943448	0.401162	48.9303	-0.042312
-0.95312	0.391626	56.1665	-0.017824
-0.942792	0.443112	50.6184	0.04718
-0.93608	0.43382	44.5778	-0.184556
-0.943544	0.422448	50.2777	0.018272
-0.945336	0.388186	49.6895	-0.018312
-0.936784	0.414902	44.0238	0.155456
-0.948376	0.455481	55.4386	-0.049852
-0.941936	0.374642	47.8782	-0.109404
-0.943664	0.384846	48.3565	0.271644
-0.946496	0.406809	51.9588	0.157516
-0.938664	0.449546	47.1848	-0.219632
-0.960432	0.369827	62.9417	-0.038924
-0.948896	0.433758	56.271	-0.20652
-0.942552	0.41132	48.4154	0.005612
-0.954344	0.420838	59.7503	0.037724
-0.942744	0.430454	48.8286	0.035932
-0.947776	0.3932	52.8329	0.332572
-0.941584	0.414352	48.3162	-0.073864
-0.944136	0.491941	53.7567	-0.021596
-0.942784	0.415575	48.9563	0.0174
-0.942328	0.438979	48.3344	-0.212252
-0.944928	0.43163	52.048	-0.285052
-0.947536	0.428786	53.9046	0.21026
-0.9358	0.408706	44.2546	-0.160276
-0.940808	0.403888	47.5577	0.150892
-0.942216	0.354945	45.7831	-0.061916
-0.943504	0.448792	50.783	0.143516
-0.947736	0.426468	52.6127	0.011332
-0.944336	0.422233	51.1456	-0.14152
-0.944696	0.377879	49.7308	-0.222048
-0.942896	0.453382	50.767	-0.014624
-0.945016	0.410257	51.7005	-0.220548
-0.941912	0.485259	51.5814	-0.225288
-0.943496	0.437296	52.8638	0.084932
-0.936152	0.459728	45.2839	-0.183348
-0.940368	0.412415	46.6369	0.162572
-0.941504	0.426514	48.9824	-0.266264
-0.9424	0.388949	47.6029	-0.115584
-0.946152	0.413806	51.6414	-0.25538
-0.938856	0.406464	46.8524	-0.12106
-0.945288	0.433993	52.8548	-0.086804
-0.941336	0.424437	47.8645	-0.323444
-0.938512	0.426044	45.2771	0.178344
-0.945472	0.406536	51.1028	-0.014028
-0.93864	0.398984	46.6924	-0.145712
-0.933896	0.447309	43.1972	0.163312
-0.95176	0.402879	55.5907	-0.032676
-0.947128	0.389246	51.6946	0.078124
-0.951536	0.379981	55.1097	0.226444
-0.93268	0.408786	41.8583	0.028376
-0.948816	0.428337	55.33	0.095208
-0.942064	0.451516	50.5225	-0.028312
-0.941	0.398681	46.019	0.344612
-0.937432	0.401761	46.818	0.192752
-0.948704	0.439418	54.566	-0.3018
-0.947864	0.402112	52.7505	0.245408
-0.941056	0.463537	49.9717	0.061916
-0.943056	0.458968	51.524	0.413456
-0.935048	0.357366	41.036	0.011052
-0.948992	0.397223	53.9801	-0.096228
-0.952656	0.374412	55.8982	0.027624
-0.940776	0.380601	47.9222	-0.251616
-0.942136	0.408174	48.1449	-0.179044
-0.944976	0.397476	50.5297	-0.10522
-0.943608	0.411496	50.4497	0.084172
-0.9456	0.440694	50.5392	0.205416
-0.945936	0.442694	52.551	0.146636
-0.9178	0.480078	37.0114	0.224088
-0.907616	0.4037	28.8804	0.1289
-0.916032	0.422112	33.6575	0.093956
-0.907472	0.392196	29.7208	-0.096912
-0.912976	0.412465	31.8938	-0.278736
-0.922152	0.453634	38.9442	-0.167644
-0.911544	0.422251	31.592	-0.144844
-0.912088	0.436883	33.6197	-0.045604
-0.907912	0.364835	26.7955	0.10326
-0.905544	0.374135	27.6125	0.057076
-0.900176	0.413133	24.3857	-0.078704
-0.91176	0.459116	33.4673	-0.009168
-0.90864	0.406361	30.7886	-0.027688
-0.908744	0.417797	29.9541	-0.008084
-0.910824	0.423002	30.6822	-0.266252
-0.91404	0.444595	33.3602	0.089728
-0.918856	0.425628	36.1669	-0.08342
-0.902832	0.396093	26.3563	-0.03644
-0.914648	0.443171	33.5881	0.150032
-0.904648	0.392786	27.7629	0.009824
-0.91524	0.410741	33.4608	0.1203
-0.912528	0.433007	33.3907	-0.1135
-0.910256	0.417546	32.1229	0.048916
-0.911152	0.397735	31.848	-0.031576
-0.91728	0.449544	34.6025	-0.160336
-0.911912	0.399739	30.1519	-0.143964
-0.910528	0.428797	32.5968	0.08938
-0.911984	0.455396	32.0847	-0.147324
-0.917232	0.428221	35.5984	-0.230248
-0.910504	0.406934	29.4283	0.097476
-0.91236	0.435597	31.6165	-0.03062
-0.91316	0.443146	33.539	0.012784
-0.910056	0.429882	31.2753	-0.0825
-0.919864	0.443816	37.5493	-0.116416
-0.910424	0.4835	32.3231	-0.08754
-0.904552	0.421574	29.2408	-0.001272
-0.903848	0.42832	29.5449	0.006752
-0.912672	0.428521	32.2437	0.004288
-0.909248	0.420483	30.6346	0.018008
-0.90948	0.412403	30.2546	0.031036
-0.917016	0.378616	33.0494	-0.026468
-0.912736	0.406006	31.6507	0.058068
-0.913016	0.437888	34.0684	-0.09742
-0.90744	0.460122	30.7367	-0.012348
-0.917664	0.436312	34.6138	-0.120464
-0.913024	0.461042	34.2716	-0.087956
-0.91096	0.426172	32.7422	0.01512
-0.913576	0.442748	33.2996	0.008
-0.90708	0.435182	29.3563	-0.0584
-0.910096	0.400474	30.9768	-0.043284
-0.911296	0.418432	31.3479	0.021516
-0.9034	0.417753	27.2514	-0.09898
-0.910896	0.436536	31.3414	0.1245
-0.909688	0.410094	30.1897	-0.022204
-0.910384	0.432619	32.4202	0.071964
-0.90372	0.453864	28.6049	-0.010408
-0.910496	0.413644	30.1747	-0.034032
-0.910624	0.435364	31.6115	0.278208
-0.914512	0.415868	33.1713	0.055196
-0.911872	0.448681	34.3176	-0.01978
-0.919376	0.437194	35.2074	0.077904
-0.905256	0.437485	28.5624	-0.015256
-0.912296	0.405467	31.1881	-0.022968
-0.90652	0.426228	29.3487	0.050608
-0.91104	0.435801	31.4927	-0.006424
-0.911752	0.475144	34.3069	-0.246688
-0.906376	0.399162	29.1733	-0.064168
-0.90668	0.415338	28.8747	-0.04156
-0.910224	0.425311	30.2574	0.030576
-0.915512	0.429367	34.9255	0.130324
-0.905256	0.387654	25.8892	-0.034696
-0.9088	0.45794	30.7443	0.09036
-0.907976	0.425934	29.5574	-0.053496
-0.91364	0.448905	34.4518	0.023756
-0.908528	0.40784	30.1465	-0.02774
-0.90988	0.420306	28.9377	0.179612
-0.913904	0.417124	32.436	0.069544
-0.904816	0.422434	28.2514	-0.070828
-0.903384	0.425676	27.4492	0.006648
-0.911704	0.406886	30.2127	-0.09292
-0.909256	0.432554	30.6067	-0.131152
-0.90816	0.399012	29.0495	0.136144
-0.904088	0.406733	29.5979	-0.033392
-0.903136	0.412518	28.3705	0.030672
-0.908776	0.448192	30.7396	0.050284
-0.91084	0.417565	30.7081	-0.075532
-0.908576	0.460755	31.8381	0.016376
-0.91148	0.44741	32.4802	-0.127452
-0.904904	0.390581	28.1617	0.00736
-0.904128	0.430317	26.5517	-0.055512
-0.906424	0.451509	29.8702	-0.077352
-0.909312	0.379683	30.6619	-0.185392
-0.908224	0.421663	31.4341	0.082092
-0.915584	0.424487	34.2383	0.021032
-0.912336	0.457513	32.9437	0.03204
-0.910832	0.37548	29.2648	0.008948
-0.912296	0.42883	31.5569	0.090104
-0.905096	0.374686	27.3807	-0.028576
-0.915656	0.389738	33.5332	-0.034816
-0.910008	0.476201	32.7296	0.005092
-0.876776	0.455229	22.1219	-0.03596
-0.877176	0.431405	19.8176	-0.00048
-0.8758	0.435701	21.1616	0.052464
-0.881424	0.449045	22.4876	0.004016
-0.882232	0.406337	21.4439	-0.005128
-0.880224	0.448873	22.3899	-0.015908
-0.87884	0.423882	21.137	-0.01394
-0.872944	0.418831	18.9137	-0.0163
-0.8802	0.427892	21.7684	-0.068856
-0.874944	0.455364	19.3031	0.011712
-0.870208	0.442052	17.7606	-0.081024
-0.875768	0.428839	19.6766	0.089924
-0.873808	0.444522	18.2739	-0.0246
-0.876056	0.415736	19.8378	-0.09886
-0.8766	0.450171	19.9063	0.087156
-0.871664	0.40075	18.0115	0.101832
-0.873072	0.441275	19.3694	-0.114428
-0.879032	0.435118	21.5008	0.009288
-0.880088	0.404084	20.5736	-0.087828
-0.869456	0.423197	17.476	0.04818
-0.879792	0.447695	22.4819	0.1597
-0.876312	0.452694	20.7414	-0.017652
-0.874072	0.410514	18.8297	-0.023044
-0.879248	0.424425	21.6241	0.079972
-0.877336	0.44622	22.2392	-0.049276
-0.876104	0.422608	20.8952	0.0012
-0.879848	0.416106	21.5169	-0.094128
-0.878792	0.418802	20.1217	-0.14598
-0.882784	0.44227	24.2094	-0.058232
-0.875128	0.420641	20.1074	-0.029144
-0.8828	0.44568	22.5969	0.027092
-0.875568	0.438346	21.0463	0.048188
-0.8748	0.433657	19.4514	0.083928
-0.8818	0.415927	21.8341	0.097652
-0.874888	0.444821	20.3955	0.069604
-0.87456	0.470317	21.0505	0.110932
-0.871016	0.452879	20.1142	-0.019968
-0.873	0.47631	20.142	0.022604
-0.87972	0.435668	21.4113	-0.050092
-0.876144	0.402361	20.0077	-0.048556
-0.881696	0.427159	21.7089	0.037464
-0.88116	0.414805	21.9424	0.02868
-0.88188	0.443837	24.9175	0.009868
-0.872704	0.432424	19.0963	-0.074476
-0.875584	0.407357	19.8658	-0.04454
-0.871736	0.444828	20.0631	-0.033308
-0.8736	0.432375	19.9837	-0.153028
-0.878632	0.420061	20.4969	-0.0559
-0.86808	0.446402	17.8215	-0.079572
-0.873824	0.408469	19.0196	-0.081392
-0.875072	0.46668	19.669	0.028232
-0.870528	0.429888	19.7669	0.044428
-0.875648	0.448194	23.2472	-0.004284
-0.879736	0.446749	22.8243	0.103548
-0.876096	0.437572	20.4844	0.118924
-0.871872	0.429002	18.3163	-0.007388
-0.870064	0.421397	18.0224	0.08956
-0.872528	0.447862	18.236	-0.033416
-0.877968	0.43447	21.7575	0.029112
-0.883144	0.444903	23.7617	-0.018744
-0.876888	0.40555	19.6756	0.077456
-0.87592	0.429427	19.9387	-0.006768
-0.876544	0.429035	18.8658	-0.02262
-0.874824	0.443464	20.8692	-0.104896
-0.867944	0.383391	17.222	0.029812
-0.876944	0.459334	23.2444	0.040664
-0.876088	0.440396	20.9209	0.008916
-0.875328	0.436966	19.4329	0.066892
-0.879392	0.413716	19.9271	0.049532
-0.881056	0.471643	24.0751	-0.111428
-0.874552	0.425516	18.7669	-0.064256
-0.873784	0.459465	19.8321	-0.080748
-0.876176	0.44647	21.2134	0.019168
-0.874744	0.447748	20.7651	-0.028164
-0.872792	0.424408	18.4731	-0.098428
-0.878664	0.416886	20.9707	0.096768
-0.87836	0.448041	20.4894	-0.027124
-0.873408	0.441811	20.2769	-0.060216
-0.870696	0.432772	19.1961	-0.04274
-0.870416	0.456214	17.7717	-0.0524
-0.877952	0.429749	21.2236	0.089428
-0.877088	0.443028	21.9048	0.084168
-0.867368	0.446206	17.0529	0.019932
-0.87628	0.416837	20.4027	-0.108776
-0.872656	0.394874	18.7325	0.051856
-0.877208	0.427296	21.1949	0.011764
-0.871672	0.463826	18.3787	0.011952
-0.872216	0.410528	19.6676	0.070984
-0.874272	0.427821	19.6193	-0.042204
-0.8716	0.407842	18.6	-0.012472
-0.873784	0.455693	20.4124	-0.046932
-0.870936	0.400526	17.5991	0.047376
-0.875208	0.43085	21.8907	0.112636
-0.869672	0.430803	18.5735	0.007028
-0.877072	0.435475	19.8846	-0.014824
-0.874648	0.408991	18.3022	0.025012
-0.879192	0.42371	20.9544	-0.000728
-0.87256	0.414664	17.7444	-0.005672
-0.878224	0.420179	20.9266	0.082476
-0.874992	0.451873	20.1855	0.02492
-0.83912	0.465484	14.8595	-0.046956
-0.841984	0.440531	14.1453	-0.07178
-0.843776	0.448699	13.8437	0.043712
-0.844096	0.40812	14.0031	0.037952
-0.841664	0.442446	13.3712	0.044204
-0.844472	0.448412	14.5556	-0.003176
-0.839376	0.45955	14.1297	0.072588
-0.841032	0.424447	13.8212	0.058836
-0.844464	0.446831	13.383	-0.067192
-0.840296	0.442504	13.9387	-0.026488
-0.8408	0.425969	13.2638	-0.00218
-0.842888	0.456693	15.4383	0.084232
-0.841712	0.435029	13.1021	-0.022696
-0.841208	0.437304	14.5188	0.023372
-0.83584	0.439623	12.4324	0.090744
-0.83744	0.42341	13.3664	0.009
-0.837608	0.456313	14.2231	-0.054364
-0.83832	0.419074	13.4014	-0.149368
-0.84276	0.425301	13.8758	-0.077068
-0.840024	0.448472	14.3519	-0.027112
-0.841168	0.451784	14.4631	-0.00876
-0.842272	0.430246	13.9773	-0.00944
-0.839896	0.389041	13.5642	-0.01154
-0.847568	0.447199	15.13	0.062348
-0.840616	0.436038	14.2711	-0.004744
-0.843232	0.423694	13.5526	-0.01202
-0.842984	0.431936	15.0741	-0.0489
-0.84032	0.422356	12.9598	-0.082608
-0.845888	0.434472	14.8233	-0.013992
-0.836112	0.464599	13.7263	0.060832
-0.840088	0.455107	14.6834	-0.064372
-0.842456	0.454366	14.9086	-0.010676
-0.843496	0.443323	14.1653	0.096828
-0.84768	0.416201	15.187	-0.018768
-0.84128	0.433299	13.822	-0.005192
-0.8354	0.476598	14.3464	-0.016172
-0.840368	0.458992	14.5692	-0.001352
-0.838784	0.43235	14.0215	0.016816
-0.842816	0.42321	14.143	-0.014208
-0.84684	0.477558	16.4226	-0.067888
-0.846072	0.438394	15.2243	0.024776
-0.844384	0.449481	15.8348	0.009024
-0.841232	0.472063	15.2078	0.045396
-0.836856	0.447826	13.3788	0.00626
-0.839728	0.428993	13.3005	0.011332
-0.836528	0.445788	13.4638	0.028168
-0.842576	0.426	14.1883	0.037024
-0.843736	0.425594	14.7412	0.040588
-0.840552	0.452969	14.5818	-0.004712
-0.841024	0.429593	13.773	0.046036
-0.840368	0.422449	14.2254	0.013628
-0.836832	0.440843	13.1611	-0.023916
-0.83844	0.413381	13.1734	-0.005112
-0.844296	0.478244	16.5572	-0.019284
-0.83996	0.446741	13.4998	-0.038472
-0.839736	0.446929	13.1666	0.029904
-0.842376	0.428334	14.3353	0.090792
-0.84524	0.457853	16.8268	-0.048796
-0.8446	0.437074	15.3562	0.017368
-0.843848	0.430242	14.2473	0.057812
-0.84364	0.451227	14.9661	-0.00244
-0.841032	0.441565	13.8653	0.049604
-0.841168	0.458708	14.8591	0.000816
-0.838928	0.421508	13.646	0.015076
-0.84096	0.42941	12.9151	0.001584
-0.836376	0.424983	13.7638	0.022172
-0.838616	0.433519	13.3108	0.048468
-0.841992	0.425575	13.5915	0.030808
-0.843272	0.443341	14.4692	0.059156
-0.839168	0.419619	14.1416	0.0153
-0.842288	0.434183	14.2101	-0.044972
-0.844112	0.435999	14.9765	-0.076232
-0.840888	0.439951	13.4003	0.000268
-0.843736	0.425209	13.3278	0.020232
-0.842304	0.435524	13.4232	0.03402
-0.847064	0.461456	16.379	-0.024792
-0.84116	0.40125	13.7473	0.041484
-0.841048	0.444351	15.364	0.060584
-0.84008	0.477851	15.5621	0.0242
-0.842912	0.452115	14.8887	-0.035592
-0.840808	0.445346	14.1077	0.015444
-0.841672	0.436626	14.1231	0.025812
-0.837512	0.462048	12.9758	-0.057436
-0.840528	0.445615	13.414	-0.01784
-0.840248	0.42683	13.5924	-0.027148
-0.839952	0.408996	12.9126	0.032136
-0.836288	0.460949	12.9352	-0.084424
-0.840072	0.443279	15.0165	0.002812
-0.840144	0.433902	14.4287	0.016468
-0.838224	0.447514	14.3366	0.015276
-0.840328	0.41798	13.6955	-0.029064
-0.841176	0.441541	14.4002	-0.002148
-0.838888	0.421741	13.2337	-0.030732
-0.83996	0.442125	12.6901	0.042408
-0.83832	0.449462	13.9183	0.04694
-0.841432	0.431105	13.8481	0.04694
-0.842912	0.413648	13.383	0.01036
-0.838184	0.417355	12.7581	-0.007708
-0.843312	0.421924	14.5419	-0.040764
-0.842184	0.455807	14.1182	-0.032524
-0.80256	0.453596	10.4709	0.04676
-0.805352	0.445661	10.1403	-0.067444
-0.803408	0.431215	9.11285	-0.00984
-0.808592	0.440441	11.6951	0.011112
-0.808224	0.454658	10.6191	-0.018808
-0.8056	0.44765	10.3518	0.013912
-0.804016	0.43581	10.0592	0.021692
-0.804656	0.436263	9.65224	0.006948
-0.809288	0.427272	10.7114	-0.001016
-0.809552	0.428401	10.5667	-0.001736
-0.807856	0.455108	11.0943	-0.027008
-0.802784	0.431617	10.0321	0.02316
-0.80516	0.448665	10.7374	0.028016
-0.80796	0.44701	10.383	0.021924
-0.808192	0.460207	10.9287	0.033944
-0.80228	0.421943	10.1512	0.005028
-0.804736	0.452285	10.3629	0.013032
-0.804664	0.429063	9.84654	0.014976
-0.80872	0.439983	10.4978	0.006296
-0.805616	0.434448	10.774	-0.055984
-0.804968	0.447508	10.6816	-0.016856
-0.805768	0.432741	10.6033	-0.02928
-0.805704	0.449975	10.3492	-0.011052
-0.808984	0.447046	10.9189	-0.020348
-0.804192	0.438838	10.3645	0.002876
-0.8076	0.428333	9.83345	-0.034088
-0.809928	0.408837	11.0277	0.018728
-0.80852	0.432524	12.0488	-0.060444
-0.8092	0.446401	10.9134	0.001428
-0.806416	0.435366	10.2185	-0.008204
-0.811232	0.467391	12.1734	0.045876
-0.804344	0.436199	9.47752	-0.022272
-0.812448	0.429778	10.8716	0.04566
-0.80944	0.426535	10.8778	0.031864
-0.808824	0.444026	11.1436	0.014468
-0.807016	0.444855	10.6416	-0.017992
-0.802192	0.465377	10.6424	0.050384
-0.80192	0.438106	9.85437	0.025248
-0.803992	0.433664	10.335	-0.017552
-0.808432	0.435335	9.93856	0.007944
-0.81084	0.430358	10.9618	-0.012936
-0.80848	0.448955	10.4706	0.001864
-0.807392	0.452991	9.9617	-0.000468
-0.801976	0.444568	10.2284	0.006628
-0.805792	0.444236	10.8438	0.025132
-0.806152	0.428378	10.993	0.04124
-0.807088	0.424006	9.90131	0.04638
-0.809728	0.439541	10.9361	0.011456
-0.804768	0.453945	11.1715	0.02554
-0.807152	0.419313	10.3522	0.037436
-0.803808	0.414327	9.60387	-0.003476
-0.804272	0.435438	10.5243	-0.003224
-0.802224	0.417322	9.79861	-0.004884
-0.802352	0.448144	9.59817	-0.007092
-0.804472	0.429573	9.94767	0.006896
-0.80984	0.440523	10.5353	-0.01756
-0.805704	0.433027	9.44161	-0.062904
-0.803872	0.440998	10.1153	-0.017528
-0.812624	0.435738	10.6126	-0.002756
-0.804952	0.441442	9.81886	0.040472
-0.808064	0.429079	10.041	0.06604
-0.811728	0.43846	10.7908	0.006532
-0.805472	0.46005	10.55	-0.01368
-0.805408	0.419562	10.2199	-0.027488
-0.807272	0.414328	10.8242	0.037012
-0.801272	0.43224	9.794	0.024448
-0.80108	0.421315	9.22582	0.007508
-0.802848	0.443986	10.503	-0.037264
-0.809264	0.447126	11.2525	0.04872
-0.806256	0.423181	10.862	0.023144
-0.80856	0.440715	11.204	0.024888
-0.809272	0.450395	10.3164	0.053832
-0.8052	0.438886	10.3017	-0.009616
-0.808952	0.426056	10.13	0.003756
-0.808568	0.42072	11.1843	0.008204
-0.81108	0.425153	10.4932	-0.021472
-0.809624	0.436069	11.6608	-0.030648
-0.8072	0.423507	10.5614	-0.005168
-0.804872	0.462676	10.8706	0.002508
-0.806952	0.430761	10.5015	0.0022
-0.806504	0.450084	11.5034	-0.012476
-0.805592	0.425991	10.2164	-0.001108
-0.802112	0.434221	9.98147	0.04566
-0.809416	0.43136	11.2676	0.043212
-0.809864	0.413552	10.7631	0.004672
-0.805976	0.435147	10.7483	-0.008868
-0.8072	0.43326	10.1278	0.031092
-0.807448	0.425518	10.702	0.036184
-0.804608	0.449642	11.0848	-0.013656
-0.80472	0.461728	10.397	-0.037852
-0.807592	0.428101	10.2231	0.024216
-0.804728	0.45117	9.82927	0.031808
-0.807912	0.446019	11.4081	0.038412
-0.804424	0.441271	9.7813	0.00258
-0.804616	0.434847	10.1197	-0.006892
-0.807048	0.448745	11.2847	-0.077936
-0.80864	0.436472	10.4561	0.003116
-0.800568	0.422967	9.84352	-0.004832
-0.804896	0.438838	11.1699	0.037604
-0.808392	0.425704	9.77949	0.002916
-0.773312	0.426204	8.59602	0.000552
-0.77616	0.430418	8.29335	0.01392
-0.772488	0.441265	8.42377	-0.006128
-0.774376	0.426709	7.75474	-0.038952
-0.773328	0.451902	8.56893	0.018524
-0.770944	0.430246	8.27736	-0.021344
-0.771952	0.435982	8.16196	0.00892
-0.77392	0.419998	7.47012	-0.005552
-0.775192	0.424424	8.00387	0.0087
-0.77048	0.418754	7.92497	0.012712
-0.772264	0.429002	8.27966	-0.006504
-0.773216	0.424313	7.78486	0.022636
-0.773016	0.429214	8.01182	0.003516
-0.773328	0.419499	8.82947	-0.037496
-0.77156	0.41679	7.89767	0.018444
-0.76992	0.40329	8.09084	-0.001412
-0.772448	0.447562	8.18023	-0.02988
-0.77488	0.449458	9.1198	0.000632
-0.771784	0.432851	7.78703	-0.02886
-0.767488	0.454532	7.54264	0.029556
-0.773464	0.423593	7.71334	0.012516
-0.770288	0.415792	8.12276	0.00134
-0.773608	0.423117	7.68777	0.013808
-0.777776	0.426918	8.72066	0.001712
-0.771168	0.421344	7.40774	0.024208
-0.772792	0.419798	7.66771	-0.031012
-0.77316	0.414704	7.6316	-0.03148
-0.775608	0.419901	8.08225	0.025292
-0.773224	0.426631	8.33131	-0.0162
-0.775264	0.426165	8.14694	0.006712
-0.77508	0.428519	7.42663	0.008924
-0.77184	0.442131	7.7358	-0.021608
-0.777224	0.429996	8.66328	-0.039376
-0.77148	0.42006	7.43746	0.003972
-0.7726	0.413372	8.03391	0.020536
-0.768432	0.432543	7.4353	-0.003312
-0.771184	0.444075	7.71699	-0.001684
-0.772128	0.425295	7.91206	0.011868
-0.773376	0.419228	8.10099	-0.015936
-0.776008	0.417749	8.18463	0.010856
-0.776112	0.418619	9.00616	-0.018052
-0.772656	0.438714	7.89927	-0.03484
-0.772392	0.436193	8.40885	0.035384
-0.770208	0.426882	8.24787	-0.06752
-0.770816	0.431946	8.36629	-0.03306
-0.774368	0.418857	8.64045	0.049768
-0.773872	0.4092	7.64213	0.016112
-0.774296	0.430881	8.97641	0.015212
-0.773328	0.427869	8.34131	-0.062236
-0.771768	0.433748	7.68156	0.008236
-0.771592	0.415536	8.13266	-0.012104
-0.772064	0.418424	7.61204	-0.010036
-0.770544	0.419561	7.60375	-0.041244
-0.76696	0.439543	7.04955	0.031296
-0.771592	0.406287	7.67934	-0.016788
-0.773	0.428291	8.07978	0.00508
-0.774416	0.408928	7.86859	-0.004936
-0.772672	0.427689	8.015	-0.010632
-0.771656	0.43949	7.62579	0.01834
-0.772712	0.43523	8.07843	-0.002896
-0.774128	0.41672	7.89117	-0.020744
-0.772	0.433694	8.33643	-0.0183
-0.770552	0.430859	7.28479	0.020736
-0.77372	0.403649	8.26841	0.030904
-0.771008	0.428147	7.98409	0.001584
-0.770552	0.41081	7.62517	-0.033552
-0.773272	0.431762	8.11336	0.01734
-0.772416	0.425935	8.3532	-0.008016
-0.775256	0.426819	8.35889	-0.030268
-0.7768	0.409459	7.94586	-0.001692
-0.774072	0.423588	8.2907	-0.012728
-0.775256	0.448489	8.18133	0.000944
-0.767432	0.436721	7.50715	-0.000628
-0.775568	0.420135	8.00135	0.05502
-0.774592	0.409537	8.19338	-0.013704
-0.776048	0.406846	7.98113	0.020812
-0.773952	0.420694	8.7566	0.023812
-0.770552	0.419113	7.8384	-0.021608
-0.774856	0.434273	7.67268	0.030432
-0.772728	0.422517	8.24337	-0.000268
-0.774496	0.425953	8.07155	0.044216
-0.774592	0.417975	7.98242	0.029824
-0.77232	0.436929	8.74976	0.004144
-0.771856	0.40964	7.941	-0.015556
-0.772768	0.434243	8.03313	-0.004432
-0.774064	0.423093	8.36346	0.019596
-0.7722	0.410993	7.29874	-0.004596
-0.775408	0.419114	7.87583	-0.007784
-0.770456	0.441362	8.36223	-0.016048
-0.769024	0.434226	7.91886	-0.02806
-0.771584	0.418145	8.77186	-0.04208
-0.771136	0.418681	7.9046	-0.0047
-0.772232	0.417027	7.86283	0.030356
-0.775368	0.424141	8.68135	0.025208
-0.771928	0.433616	8.17056	-0.032036
-0.771576	0.432634	8.24339	-0.00662
-0.773352	0.433135	8.01058	-0.024024
-0.773096	0.425391	8.07728	0.004872
-0.77392	0.421956	7.8018	0.007684
-0.775352	0.438275	8.84346	0.012696
-0.735448	0.418504	5.77777	-0.005564
-0.74216	0.394637	6.17505	-0.000364
-0.741816	0.422409	6.56578	-0.005048
-0.739744	0.405039	6.17915	-0.011296
-0.739832	0.421459	6.55623	-0.024944
-0.738592	0.407667	6.63057	0.001424
-0.739504	0.397435	5.98875	-0.018196
-0.743736	0.401481	6.52655	-0.03644
-0.74104	0.434595	7.10842	-0.0099
-0.744496	0.402137	6.6889	0.01954
-0.73808	0.416081	6.23871	0.034276
-0.742552	0.39373	6.44888	0.0049
-0.73916	0.387928	5.74927	-0.00886
-0.737288	0.405966	6.10576	0.006204
-0.741864	0.412322	6.22511	0.011316
-0.738608	0.390601	5.9095	0.008152
-0.735016	0.40639	5.91462	-0.011556
-0.744024	0.409062	6.62896	0.008052
-0.7402	0.403062	6.2159	-0.000548
-0.737344	0.39502	6.01063	0.023792
-0.741736	0.416906	6.68197	-0.004644
-0.743128	0.408254	6.39684	-0.048016
-0.742344	0.415523	6.64378	-0.024476
-0.74076	0.411384	6.42572	-0.01226
-0.73636	0.396632	5.66471	-0.003744
-0.741616	0.411942	6.48869	0.040532
-0.738256	0.406609	6.62172	-0.035012
-0.742592	0.402313	6.53817	0.001336
-0.742144	0.396748	6.55612	-0.014924
-0.737048	0.405587	6.47065	0.011484
-0.741936	0.402996	6.28161	-0.00044
-0.740008	0.412594	6.4132	-0.038632
-0.742216	0.407521	6.56225	0.007992
-0.741248	0.41352	6.47189	-0.01434
-0.737272	0.396576	5.91069	-0.047488
-0.737984	0.410173	6.05343	-0.02324
-0.739064	0.397681	6.0129	0.004964
-0.741936	0.402014	6.35792	-0.0212
-0.742128	0.404462	6.80849	0.025136
-0.743544	0.403508	6.79961	0.005596
-0.739968	0.394587	6.34451	0.02204
-0.742112	0.404783	6.48871	-0.017484
-0.738648	0.439803	6.67294	-0.00204
-0.738136	0.407037	6.4605	-0.005936
-0.740048	0.415005	6.51589	-0.027128
-0.741296	0.395927	6.23308	0.028888
-0.740432	0.397034	6.4178	-0.007968
-0.738752	0.412307	6.17138	-0.022704
-0.738608	0.409604	6.17119	-0.040836
-0.739696	0.401139	6.97909	-0.020748
-0.740312	0.406727	6.58399	-0.018264
-0.73992	0.414023	6.29362	0.002936
-0.735784	0.404168	6.32078	0.016244
-0.737888	0.419627	6.42031	0.005456
-0.741632	0.397182	6.35308	-0.010296
-0.74012	0.42764	6.79627	0.003528
-0.743408	0.412402	6.87886	0.026148
-0.73744	0.406306	6.26683	0.007036
-0.740184	0.410253	6.07587	-0.017464
-0.739192	0.410918	6.42667	0.02944
-0.74316	0.399465	6.32461	-0.015372
-0.741128	0.406876	6.3133	-0.03206
-0.739232	0.406921	6.49111	0.026556
-0.740336	0.395016	5.96866	0.016
-0.740552	0.40692	6.12862	-0.014764
-0.739248	0.396266	6.05054	-0.002776
-0.74064	0.413456	6.18664	0.00394
-0.737264	0.42131	6.18379	-0.021624
-0.742504	0.403358	6.67371	-0.002432
-0.739336	0.403102	6.42465	0.021524
-0.737008	0.417316	5.82196	-0.002248
-0.741624	0.408576	6.49353	0.003752
-0.735872	0.41028	5.98328	0.018296
-0.741144	0.405286	6.46226	-0.016264
-0.741776	0.39921	6.23448	-0.000544
-0.740464	0.397957	6.23868	-0.024868
-0.74084	0.393617	6.65511	0.005096
-0.740312	0.414525	6.88085	-0.0051
-0.741928	0.401568	6.43683	0.001124
-0.74044	0.417986	6.48184	-0.005432
-0.738296	0.41099	6.2033	-0.008608
-0.736496	0.403881	6.09461	0.018088
-0.736792	0.401704	6.1733	-0.009288
-0.73716	0.415407	6.09751	-0.001208
-0.736496	0.399665	6.22312	-0.014348
-0.739984	0.404147	6.11747	3.2e-05
-0.739688	0.395435	6.18711	0.008268
-0.742	0.404197	6.23006	-0.021764
-0.736608	0.411396	5.98726	-0.01852
-0.73428	0.416258	6.17153	-0.013104
-0.741072	0.40681	6.58561	0.009444
-0.73544	0.413836	5.88323	0.0007
-0.738336	0.39735	6.1575	-0.025168
-0.740408	0.403143	6.70968	-0.014868
-0.737584	0.426641	6.11674	0.01464
-0.736168	0.408524	6.26849	-0.000804
-0.738088	0.418783	6.44265	0.01482
-0.740408	0.397136	6.28172	-0.002368
-0.740584	0.402586	5.85686	0.021372
-0.737544	0.403716	6.35476	-0.02386
-0.705952	0.393296	5.10406	0.007232
-0.708592	0.400819	5.24056	0.006432
-0.709624	0.382754	5.12834	0.003688
-0.710528	0.387153	4.73947	-0.016396
-0.712888	0.39293	5.56065	0.012232
-0.707144	0.385002	5.28602	-0.024264
-0.709936	0.392349	5.43393	0.057356
-0.712832	0.379903	5.5731	-0.001056
-0.712392	0.40489	5.76099	0.001604
-0.708856	0.37626	4.71469	-0.005368
-0.705536	0.394133	5.3273	-0.023924
-0.707784	0.386029	4.96182	0.017832
-0.712648	0.384747	4.85131	-0.005636
-0.706456	0.390641	5.46157	0.022004
-0.71108	0.396446	5.12294	0.00606
-0.709416	0.389681	5.16687	-0.019752
-0.708904	0.393146	4.94083	0.02748
-0.710792	0.388795	5.02487	0.0236
-0.709336	0.383467	5.35559	0.001368
-0.70596	0.394655	4.9347	0.006972
-0.707072	0.390278	5.23625	-0.003336
-0.709608	0.38384	5.14554	0.00186
-0.71068	0.384366	4.87299	-0.01386
-0.707752	0.379201	5.24111	0.022548
-0.705	0.390817	5.37818	0.024176
-0.71044	0.370244	4.82485	0.001968
-0.707952	0.388987	4.61536	0.009308
-0.70924	0.384336	5.10778	-0.014224
-0.707408	0.382915	4.96332	0.020156
-0.707544	0.394744	5.2355	0.000316
-0.711632	0.376926	5.01985	-0.002136
-0.709792	0.393485	5.14913	0.0061
-0.711264	0.37673	5.57306	0.048396
-0.706632	0.373482	5.30831	0.006356
-0.706248	0.391918	5.18233	0.013308
-0.704568	0.411496	5.22444	-0.015428
-0.709728	0.40193	5.19994	-0.01028
-0.70996	0.384771	5.26286	0.00484
-0.708448	0.379348	4.63525	0.009304
-0.712128	0.389586	5.63029	0.036628
-0.705288	0.392351	5.09268	-0.014
-0.70628	0.378658	4.78198	0.01924
-0.706944	0.396196	5.33458	0.001296
-0.707136	0.388043	5.3224	-0.002896
-0.707528	0.402926	5.65812	-0.017464
-0.707024	0.376834	4.7114	0.011724
-0.710552	0.382872	5.22272	-0.003624
-0.709904	0.395423	5.30004	0.006892
-0.708504	0.382547	4.85364	-0.02118
-0.708144	0.387517	5.03669	0.002484
-0.70952	0.384518	5.5961	0.003968
-0.708304	0.390713	5.15358	-0.013068
-0.706576	0.38152	5.22255	0.001416
-0.709672	0.397437	5.20179	-0.03544
-0.711528	0.389853	5.46088	-0.00342
-0.706352	0.384183	4.70795	0.00518
-0.711624	0.386017	5.21508	0.017812
-0.708048	0.390626	5.37287	-0.003556
-0.707216	0.387174	5.10094	-0.039388
-0.708008	0.397836	5.55146	-0.0185
-0.709656	0.376882	5.29709	0.02602
-0.711648	0.398129	5.28013	0.006456
-0.707656	0.406948	4.86279	-0.036652
-0.707192	0.38665	4.99454	0.035328
-0.706624	0.38372	4.76308	0.020332
-0.709936	0.394698	5.10039	-0.001572
-0.710856	0.396738	5.21849	-0.01884
-0.706496	0.387334	4.91048	-0.016608
-0.711256	0.387321	5.54572	-0.001468
-0.708632	0.392158	5.34151	0.017048
-0.70776	0.394303	5.07826	0.00168
-0.70932	0.389051	5.10788	-0.010024
-0.704944	0.385953	4.9805	-0.004712
-0.709256	0.391047	5.57424	0.016544
-0.710048	0.381141	5.25151	0.016456
-0.71296	0.383723	5.3764	-0.030032
-0.708184	0.379856	4.77697	-0.019944
-0.707256	0.371619	5.04817	0.02182
-0.710016	0.386264	5.07307	-0.002668
-0.709552	0.403188	5.49538	-0.002212
-0.707776	0.379224	5.61979	0.0099
-0.705728	0.399546	4.97838	0.0173
-0.706816	0.394565	5.2648	-0.03232
-0.706304	0.392678	5.08863	0.003456
-0.709936	0.394299	5.51342	-0.01982
-0.712432	0.390469	5.56171	-0.001356
-0.707016	0.385423	5.04663	0.001632
-0.710648	0.377095	5.07628	-0.013992
-0.705912	0.391003	4.9775	-0.008296
-0.702232	0.406168	5.08115	0.004932
-0.705136	0.388976	5.0404	-0.019456
-0.706816	0.395465	5.23683	-0.000304
-0.705528	0.396573	5.27853	0.007424
-0.708432	0.380783	5.23543	-0.010648
-0.704544	0.395423	4.96153	-0.003632
-0.707832	0.396521	5.36228	0.01122
-0.706064	0.38962	5.19636	-0.021464
-0.7088	0.38046	5.06761	-0.010608
-0.710568	0.385983	5.17774	-0.008792
-0.709288	0.393023	5.53367	-0.01106
-0.675408	0.370255	4.31499	0.027408
-0.679592	0.358368	4.38343	0.011008
-0.678928	0.371241	4.35514	-0.006204
-0.681664	0.360398	4.30781	0.013468
-0.68	0.373988	4.30615	-0.010472
-0.678248	0.370236	4.38854	0.004688
-0.679736	0.359027	4.42808	0.017072
-0.682144	0.368634	4.33251	-0.007852
-0.679624	0.384749	4.56699	-0.022472
-0.68124	0.36924	4.49265	0.008988
-0.676104	0.378383	4.37722	-0.00896
-0.678848	0.362631	4.51067	-0.003844
-0.67976	0.357957	4.15904	0.003416
-0.677168	0.359782	4.48967	0.000904
-0.67928	0.36506	4.40326	-0.008132
-0.677712	0.357824	4.2009	0.018872
-0.677328	0.36811	4.19537	-0.00066
-0.678264	0.366963	4.19367	-0.008344
-0.681056	0.363948	4.54557	0.014392
-0.675192	0.373876	4.15852	-0.0066
-0.678712	0.374477	4.47023	-0.001492
-0.67772	0.365228	4.39002	-0.014216
-0.680744	0.372986	4.6719	-0.000576
-0.6806	0.36107	4.33321	-0.025268
-0.674944	0.368923	4.45269	-0.007536
-0.67976	0.377698	4.39733	0.005636
-0.678968	0.372357	4.39552	0.015104
-0.678176	0.367105	4.12655	0.013952
-0.679456	0.367164	4.6574	-0.022208
-0.676776	0.362693	4.02567	0.002316
-0.68252	0.381611	4.45302	-0.008968
-0.677248	0.377354	4.21522	0.013924
-0.6802	0.367282	4.21364	0.003256
-0.676576	0.36922	4.25933	-0.000408
-0.677376	0.371176	4.32294	-0.023548
-0.675952	0.365567	4.30541	0.006504
-0.67728	0.37391	4.24654	-0.02158
-0.678608	0.358723	4.26661	0.007708
-0.679224	0.366128	4.14914	-0.031916
-0.681576	0.361303	4.37384	0.008988
-0.67516	0.370415	4.35723	0.008552
-0.67924	0.370976	4.32441	-0.005508
-0.677984	0.372801	4.39048	-0.007764
-0.677168	0.36939	4.33393	-0.020056
-0.677112	0.372502	4.09284	-0.00012
-0.678248	0.357614	4.22851	-0.021108
-0.680384	0.363676	4.31706	-0.014212
-0.677208	0.375796	4.41947	-0.011708
-0.677128	0.366828	4.24955	-0.032544
-0.678112	0.363777	4.32392	-0.01654
-0.67784	0.368369	4.29773	0.003188
-0.677024	0.370148	4.04604	-0.011864
-0.67492	0.368325	4.21226	-0.000116
-0.677232	0.356606	4.23974	-0.023476
-0.682104	0.367264	4.78528	-0.018496
-0.67772	0.374094	4.34254	-0.016668
-0.681808	0.371518	4.75667	-0.007796
-0.676624	0.360977	4.06937	-0.000752
-0.677704	0.37051	4.57363	0.002288
-0.678464	0.367574	4.28243	0.00508
-0.680168	0.357107	4.17728	0.000288
-0.680496	0.369044	4.37391	-0.002348
-0.676744	0.375177	4.25137	-0.009728
-0.679472	0.359566	4.44299	-0.004244
-0.6754	0.381542	4.17932	-0.006764
-0.679136	0.369726	4.12724	-0.002872
-0.68152	0.369367	4.27117	-0.007604
-0.676368	0.367511	4.40102	-0.014848
-0.678864	0.353198	4.30988	0.016884
-0.678456	0.358598	4.35905	0.019092
-0.67828	0.376748	4.58882	0.005068
-0.679104	0.370816	4.46255	-0.00382
-0.67812	0.360612	4.19513	-0.006396
-0.678608	0.368943	4.49675	-0.02176
-0.679736	0.370644	4.57365	-0.010092
-0.681144	0.372829	4.46811	-0.00936
-0.67588	0.376531	4.18474	-0.01154
-0.678464	0.369933	4.27726	-0.001692
-0.676784	0.372325	4.43492	0.011024
-0.679312	0.37668	4.18422	-0.01568
-0.676544	0.367422	4.38305	-0.02328
-0.673544	0.370578	4.16237	0.007796
-0.678656	0.37314	4.51454	-0.003884
-0.679336	0.370806	4.57299	-0.016632
-0.678672	0.355191	4.45579	-0.013216
-0.681488	0.367492	4.57507	0.014612
-0.677072	0.357885	4.0559	-0.016136
-0.681	0.355021	4.19834	-0.010444
-0.678488	0.355414	4.09303	0.004792
-0.672384	0.369912	3.97175	0.000568
-0.677064	0.367339	4.31913	-0.005564
-0.678232	0.367002	4.40753	0.003572
-0.676832	0.364517	4.30953	0.016376
-0.678808	0.365619	4.41833	0.011204
-0.677352	0.366957	4.42364	-0.00872
-0.675392	0.374836	4.5473	-0.010212
-0.676504	0.368788	4.23155	-0.014232
-0.680112	0.373856	4.56482	-0.012104
-0.678216	0.374163	4.35149	0.002332
-0.678432	0.366872	4.37092	-0.003436
-0.644728	0.352287	3.53304	0.002304
-0.649728	0.355771	3.5393	0.0105
-0.649136	0.351989	3.67359	-0.028492
-0.650864	0.353567	3.59486	-0.008
-0.64924	0.348621	3.663	-0.012648
-0.648712	0.356335	3.76805	-0.004568
-0.648688	0.34761	3.48207	-0.008788
-0.651536	0.340451	3.60149	0.001164
-0.651016	0.355892	3.76659	-0.015908
-0.648288	0.344466	3.44217	-0.024956
-0.646776	0.346228	3.61503	-0.0133
-0.648616	0.350457	3.8035	-0.02008
-0.652144	0.335245	3.63768	0.00046
-0.651032	0.349184	3.64537	0.004944
-0.650648	0.351282	3.76094	-0.019432
-0.650072	0.342595	3.79434	-0.015648
-0.650752	0.35414	3.79244	-0.019412
-0.65072	0.341728	3.65951	-0.007428
-0.65128	0.34513	3.86164	-0.003888
-0.64744	0.346984	3.64181	-0.001548
-0.647008	0.363106	3.71181	0.006732
-0.653072	0.345896	3.75344	-0.015696
-0.648488	0.348137	3.6271	0.009408
-0.649856	0.338067	3.95634	-0.00882
-0.643296	0.34913	3.58873	0.003388
-0.654016	0.332733	3.57784	0.014452
-0.651176	0.345547	3.60792	0.001856
-0.650536	0.346734	3.6618	0.023
-0.651256	0.349611	3.55094	-0.001408
-0.64864	0.343016	3.44943	0.007808
-0.65696	0.33919	3.61684	0.009988
-0.649512	0.347582	3.71468	0.01044
-0.651112	0.344011	3.41516	-0.011944
-0.645592	0.347361	3.5125	-0.003032
-0.651496	0.347638	3.49864	0.009184
-0.65028	0.339581	3.73659	-0.004976
-0.648896	0.344151	3.86584	-0.005204
-0.646824	0.353214	3.73118	0.005564
-0.651064	0.34131	3.7367	0.016476
-0.652408	0.356528	3.71041	0.018064
-0.64472	0.340126	3.71533	-0.017008
-0.65076	0.348361	3.68657	-0.004068
-0.646744	0.349282	3.59811	-0.00176
-0.652632	0.338269	3.76037	0.01532
-0.64608	0.348114	3.42981	-0.006168
-0.647984	0.340226	3.52562	0.001536
-0.652744	0.347844	3.67847	0.004816
-0.651576	0.353433	3.52257	0.000644
-0.651016	0.340496	3.77088	0.013848
-0.651344	0.352053	3.70605	0.011604
-0.653784	0.34663	3.7431	-0.011384
-0.648656	0.351745	3.69459	0.001848
-0.647816	0.349775	3.60032	-0.01078
-0.649256	0.341568	3.48944	0.000292
-0.654824	0.357436	3.97058	-0.008536
-0.651064	0.342119	3.55205	-0.0093
-0.650928	0.353448	3.642	-0.016748
-0.649184	0.347882	3.70304	0.01752
-0.647176	0.352989	3.53871	0.001648
-0.651184	0.350891	3.47689	0.012112
-0.647528	0.345943	3.63255	-0.0174
-0.65168	0.348587	3.61664	-0.028516
-0.650176	0.345919	3.64008	0.003532
-0.649808	0.338019	3.76161	0.003016
-0.648584	0.346086	3.54662	-0.001596
-0.649024	0.34108	3.54424	0.002708
-0.653552	0.345974	3.60395	0.00916
-0.649632	0.339777	3.54228	-0.008076
-0.651832	0.347979	3.8477	-0.0055
-0.649992	0.340373	3.69717	0.005656
-0.6534	0.365535	3.61926	-0.0009
-0.6516	0.350491	3.83054	-0.025684
-0.648144	0.349387	3.77626	-0.025588
-0.651544	0.350992	3.83097	0.00112
-0.648424	0.338431	3.56484	-0.008336
-0.650728	0.348921	3.5702	0.011272
-0.648272	0.350324	3.51492	-0.002244
-0.65048	0.345615	3.60204	2.4e-05
-0.647608	0.341442	3.6521	0.003228
-0.650544	0.358084	3.61226	-0.000656
-0.647176	0.352334	3.59339	0.016764
-0.647472	0.353705	3.6636	0.00684
-0.64904	0.348154	3.60387	-0.015188
-0.648152	0.339337	3.17752	0.016504
-0.651488	0.344025	3.56063	0.015768
-0.64968	0.34787	3.48339	-0.012212
-0.6506	0.346655	3.58512	0
-0.65344	0.341985	3.78183	0.002032
-0.64996	0.34274	3.61605	-0.027816
-0.643448	0.348368	3.52098	-0.003272
-0.64956	0.34794	3.65996	-0.012572
-0.649136	0.346716	3.4324	0.00928
-0.649448	0.360513	3.86333	-0.025492
-0.650576	0.341782	3.64485	0.01498
-0.649984	0.342263	3.78188	0.007324
-0.647472	0.349664	3.90196	0.00384
-0.646576	0.339688	3.65149	-0.003088
-0.649664	0.351575	3.59906	0.018296
-0.649	0.343595	3.61329	-0.012056
-0.650088	0.351169	3.5692	-0.001812
-0.621096	0.32885	3.28067	-0.01506
-0.623536	0.331701	3.17454	0.011872
-0.619872	0.327745	3.0539	0.001276
-0.621208	0.324724	3.05401	-0.013328
-0.623632	0.332605	3.12075	-0.010156
-0.621344	0.322673	3.06858	-0.008672
-0.623248	0.336401	3.20126	-0.019024
-0.624232	0.330933	3.14967	0.015488
-0.623112	0.332348	3.07998	0.007628
-0.62268	0.318761	3.10352	-0.010924
-0.623808	0.336381	3.36319	-0.005768
-0.623024	0.325365	3.18173	0.003388
-0.622824	0.324704	3.18484	0.009184
-0.621432	0.332433	3.16165	0.011476
-0.623256	0.327932	3.03166	-0.004868
-0.624808	0.323821	3.15616	-0.004068
-0.62476	0.32139	3.26101	0.0195
-0.625536	0.327713	3.27001	0.003116
-0.622792	0.332946	3.18352	0.0109
-0.620864	0.326905	2.9379	0.000596
-0.622088	0.335396	3.37112	0.006796
-0.62368	0.329434	3.22792	8.4e-05
-0.621016	0.320464	3.09387	-0.007764
-0.624464	0.322309	3.25761	-0.008324
-0.61908	0.329577	3.2874	0.010776
-0.625288	0.31836	3.36454	0.001776
-0.628312	0.337273	3.34623	-0.008316
-0.620144	0.32971	3.10155	-0.01146
-0.624016	0.3247	3.06865	0.00026
-0.623472	0.330551	3.14967	0.004516
-0.626408	0.318626	3.24718	0.000188
-0.621632	0.332425	3.03006	0.008524
-0.62388	0.32161	3.07431	-0.004564
-0.61936	0.326162	3.04478	0.00372
-0.623496	0.324249	3.35825	0.005712
-0.623	0.319704	3.13326	0.017388
-0.621656	0.327595	2.98847	0.01634
-0.621304	0.321027	3.09356	0.001036
-0.624928	0.332429	3.13715	0.008944
-0.623464	0.327057	3.16497	0.01246
-0.620304	0.320993	2.88233	-0.013616
-0.623536	0.331393	3.15586	0.001524
-0.625008	0.32805	3.25046	0.007536
-0.625512	0.327182	3.19339	0.001908
-0.622448	0.336352	3.26874	-0.002372
-0.623144	0.333505	3.18327	0.010844
-0.624656	0.325372	3.30608	-0.019584
-0.622976	0.341248	3.07387	-0.006096
-0.625184	0.320637	3.29033	0.008316
-0.624328	0.333611	3.06619	-0.004352
-0.623504	0.329929	2.93404	9.2e-05
-0.622744	0.333995	3.06088	0.006264
-0.620456	0.32539	3.03602	-0.016924
-0.621696	0.324285	3.12551	0.010368
-0.627072	0.334544	3.22614	-0.0086
-0.624768	0.32061	3.08068	-0.021508
-0.624696	0.333847	3.23786	0.014392
-0.620264	0.329085	3.25323	-0.011456
-0.620472	0.333233	3.16353	0.024344
-0.624016	0.332663	3.24322	-0.00206
-0.620304	0.327486	3.12744	0.00712
-0.622816	0.326953	3.07459	-0.008848
-0.621632	0.325213	3.1475	0.003828
-0.62164	0.320812	3.03968	-0.006048
-0.621008	0.327872	2.97436	-0.006808
-0.622224	0.326126	3.04413	0.002276
-0.624712	0.314379	3.06401	0.011332
-0.623752	0.315792	3.14327	0.003396
-0.623344	0.318304	3.42989	0.007
-0.6216	0.325284	3.14949	-0.007272
-0.626512	0.330424	3.16196	0.022484
-0.626992	0.331379	3.11777	-0.004568
-0.622808	0.325886	3.14955	0.006196
-0.622144	0.32858	2.99571	0.010824
-0.620584	0.320602	3.01208	0.011252
-0.624864	0.327455	3.0911	0.000116
-0.623424	0.32586	3.03609	0.002668
-0.623288	0.326115	3.18968	-0.010188
-0.622168	0.324501	2.93456	0.002536
-0.62412	0.334153	3.0441	0.010284
-0.622792	0.32071	3.15997	-0.005548
-0.621008	0.329444	2.95169	0.009856
-0.62248	0.326915	3.06185	-0.009312
-0.623528	0.323525	3.2677	0.022056
-0.624296	0.314342	3.25503	0.00944
-0.619992	0.329856	3.01181	-0.010376
-0.624176	0.327639	3.03488	0.010292
-0.624536	0.329238	3.15257	-0.014932
-0.622136	0.320745	3.28817	-0.001472
-0.619464	0.331984	2.96532	-0.012464
-0.619608	0.334739	3.09509	0.006224
-0.622256	0.328891	3.19126	-0.008124
-0.623608	0.32756	3.1879	0.026688
-0.624152	0.324645	3.12055	-0.002672
-0.624456	0.329514	3.27996	-0.011608
-0.619144	0.313653	3.17552	-0.02306
-0.62192	0.325254	3.03362	0.007048
-0.626152	0.327085	3.4659	0.004048
-0.6212	0.325844	3.1944	0.003472
-0.621808	0.335057	3.21368	0.021768
-0.596184	0.30875	2.68885	-0.007372
-0.597872	0.307874	2.7953	0.000584
-0.59752	0.312937	2.729	-0.00362
-0.59704	0.304779	2.78384	-0.00128
-0.599368	0.302641	2.77736	-2e-05
-0.598832	0.307216	2.78156	2e-05
-0.597752	0.313131	2.72872	-0.000644
-0.596872	0.30587	2.74872	0.002624
-0.597672	0.304507	2.72638	-0.012796
-0.598032	0.300863	2.68	-0.0124
-0.598064	0.315347	2.71956	-0.002324
-0.596752	0.299818	2.68763	0.00204
-0.599328	0.306933	2.84542	0.010472
-0.597832	0.306388	2.64337	-0.009576
-0.59904	0.303347	2.79463	0.001372
-0.598728	0.304506	2.8095	0.0031
-0.597216	0.305628	2.60005	-0.003452
-0.60016	0.300619	2.62778	0.003224
-0.596	0.307631	2.68528	-0.00076
-0.59796	0.307226	2.60335	-0.015644
-0.597496	0.310353	2.71161	-0.00774
-0.598408	0.306073	2.70436	-7.2e-05
-0.597872	0.311846	2.73895	-0.007344
-0.600512	0.296092	2.78943	-0.002092
-0.595576	0.303314	2.86649	0.011588
-0.6012	0.297988	2.74871	-0.00122
-0.60184	0.305488	2.76262	0.013012
-0.596712	0.319379	2.63615	-0.026212
-0.600376	0.307536	2.76574	0.012052
-0.60044	0.300661	2.81318	-0.007808
-0.601352	0.293381	2.8463	-0.007336
-0.596088	0.305982	2.73758	0.021252
-0.59992	0.306577	2.79911	0.007992
-0.594752	0.29984	2.59991	0.000876
-0.5976	0.306989	2.90915	-0.002604
-0.599008	0.30469	2.96099	0.005048
-0.5964	0.306542	2.7588	0.013572
-0.596432	0.303707	2.56963	0.007752
-0.60064	0.306628	2.87067	0.012252
-0.600736	0.301981	2.73868	-0.000816
-0.593216	0.305631	2.76874	-0.004864
-0.597232	0.307188	2.7136	0.002176
-0.600888	0.30251	2.7348	0.000508
-0.60312	0.301548	2.83215	0.002704
-0.596016	0.308367	2.78071	3.6e-05
-0.598272	0.311699	2.82784	-0.015176
-0.600248	0.303719	2.76376	-0.006528
-0.598224	0.310809	2.74472	-0.00388
-0.598664	0.304319	2.72021	0.007196
-0.600248	0.2966	2.67224	0.01464
-0.598824	0.304359	2.70696	-0.004184
-0.59932	0.310522	2.78282	0.002976
-0.596552	0.303162	2.70564	0.00582
-0.595784	0.313225	2.69826	0.0034
-0.600088	0.317498	2.72781	-0.017784
-0.601072	0.303494	2.57748	0.000504
-0.599008	0.303926	2.80191	-0.00254
-0.596992	0.29857	2.7907	0.003712
-0.598968	0.316068	2.91401	0.005596
-0.598496	0.309944	2.82057	-0.010136
-0.596136	0.300614	2.7659	0.001548
-0.594888	0.315347	2.68001	0.007036
-0.598248	0.30273	2.82494	-0.017912
-0.59812	0.307882	2.74602	-0.006524
-0.596944	0.312739	2.69182	-0.002908
-0.597976	0.304967	2.73203	0.00746
-0.602312	0.300996	2.7225	-0.007912
-0.598168	0.30361	2.67679	0.006648
-0.599808	0.300343	2.85373	-0.005712
-0.598248	0.313484	2.7102	-0.011892
-0.599296	0.315883	2.77802	0.008284
-0.600472	0.306464	2.57944	0.003276
-0.599672	0.305062	2.63001	0.005116
-0.599368	0.305391	2.68697	0.014516
-0.598256	0.303907	2.74747	-0.00824
-0.596896	0.304055	2.73739	0.0044
-0.597296	0.308327	2.75598	-0.008768
-0.600952	0.306234	2.87686	0.002632
-0.597664	0.30275	2.8183	0.0121
-0.59968	0.320169	2.73573	0.004176
-0.600256	0.303153	2.78831	-0.011456
-0.595504	0.30365	2.84815	-0.00344
-0.59676	0.309427	2.69736	-0.0016
-0.597264	0.305756	2.75142	-0.015972
-0.599816	0.302161	2.80914	0.000512
-0.594984	0.312835	2.74912	-0.020956
-0.597912	0.312415	2.7131	-0.01006
-0.59552	0.309061	2.62064	0.010812
-0.598512	0.30631	2.73505	-0.012324
-0.594864	0.309308	2.78848	0.01008
-0.597904	0.309802	2.71693	0.001164
-0.596	0.304881	2.7104	0.004664
-0.596912	0.306288	2.77281	-0.011604
-0.600584	0.302582	2.82736	0.008228
-0.597864	0.30242	2.82681	0.005364
-0.597008	0.304286	2.80515	0.002232
-0.59704	0.304779	2.78399	0.004972
-0.600168	0.309158	2.69072	-0.002308
-0.59708	0.308374	2.70358	-0.002408
-0.596224	0.306572	2.85195	0.015784
-0.572744	0.285246	2.40649	-0.005644
-0.57348	0.284392	2.3892	-0.00154
-0.57416	0.286928	2.29992	0.011616
-0.572904	0.285789	2.33042	0.005996
-0.57712	0.291507	2.44372	0.00138
-0.574768	0.283474	2.47741	-0.006436
-0.574304	0.291071	2.28473	-0.011076
-0.57388	0.279816	2.50391	-0.004532
-0.573136	0.282555	2.41678	-0.00938
-0.574824	0.275251	2.45544	-0.00446
-0.574528	0.289091	2.48757	0.00828
-0.573128	0.288686	2.42635	-0.004128
-0.575216	0.288295	2.39667	-0.003484
-0.575272	0.292517	2.4091	0.005884
-0.574712	0.286394	2.39703	0.004132
-0.576408	0.287101	2.54328	0.0051
-0.571776	0.277431	2.37965	-0.000632
-0.57468	0.286386	2.38511	-0.005672
-0.571976	0.292713	2.43664	-0.003812
-0.574744	0.280467	2.43604	-0.00206
-0.57436	0.2898	2.42602	0.009752
-0.575072	0.289048	2.3596	0.002468
-0.573136	0.29294	2.34859	0.007604
-0.576312	0.294009	2.48508	0.005132
-0.5726	0.284198	2.4079	0.00028
-0.576864	0.279935	2.45253	-0.00354
-0.577984	0.289839	2.56671	0.003548
-0.574016	0.297812	2.46838	0.010916
-0.575248	0.280527	2.41489	-0.001544
-0.57828	0.286257	2.4222	-0.00252
-0.573304	0.279521	2.3604	-0.017024
-0.575032	0.288085	2.57783	-0.004752
-0.57716	0.288702	2.41646	-0.011256
-0.573664	0.282279	2.42379	-0.001744
-0.573376	0.277611	2.34374	-0.005704
-0.576912	0.286384	2.25375	0.001736
-0.57052	0.282098	2.38682	0.004864
-0.575064	0.285454	2.44414	-0.008508
-0.578072	0.2887	2.40239	0.003916
-0.576848	0.290881	2.34375	-0.000352
-0.5724	0.286283	2.51649	-0.004228
-0.573336	0.285436	2.46296	-0.0071
-0.57652	0.287517	2.49135	-0.000824
-0.577208	0.292705	2.36519	-0.002032
-0.573096	0.290737	2.55331	-0.004016
-0.574976	0.291473	2.56586	-0.011316
-0.57676	0.281741	2.4228	0.011124
-0.573456	0.286603	2.24773	-0.00568
-0.576576	0.28495	2.35304	-0.00144
-0.576816	0.288981	2.46321	-0.011012
-0.572104	0.281686	2.4053	-0.003116
-0.576448	0.297952	2.47317	-0.007116
-0.571568	0.283057	2.33346	0.005756
-0.57272	0.282347	2.40348	-0.000228
-0.576144	0.296242	2.44961	-0.012596
-0.577488	0.28225	2.45808	-0.000988
-0.573744	0.282617	2.37447	0.005004
-0.573432	0.281343	2.51394	0.0052
-0.57788	0.292007	2.46473	0.002008
-0.574648	0.287533	2.32018	-0.005012
-0.575752	0.287279	2.51522	0.001848
-0.572704	0.29274	2.38043	-0.008308
-0.575464	0.282445	2.43766	0.011164
-0.573944	0.287827	2.33527	-0.012152
-0.575032	0.28325	2.4178	-0.001984
-0.572856	0.282162	2.44184	-0.01346
-0.578336	0.282175	2.35898	0.012032
-0.57416	0.289593	2.40664	0.00356
-0.577528	0.280736	2.58119	0.008972
-0.573288	0.280519	2.44186	0.002504
-0.576944	0.28985	2.40743	-0.00196
-0.57644	0.284936	2.46968	0.012012
-0.575624	0.278217	2.46265	-0.011048
-0.574168	0.283214	2.42348	0.00328
-0.575696	0.283883	2.41979	-0.010188
-0.574224	0.289252	2.56736	0.001852
-0.573576	0.284309	2.45377	-0.00698
-0.579184	0.276849	2.38465	0.004024
-0.573248	0.281695	2.43976	0.005288
-0.57584	0.29939	2.40536	0.009748
-0.574592	0.285892	2.42101	-0.020196
-0.572992	0.281153	2.50493	0.028972
-0.575024	0.28309	2.51598	-0.000804
-0.576992	0.29226	2.50382	0.000924
-0.574064	0.282151	2.37693	-0.002644
-0.573448	0.296306	2.42712	-0.004536
-0.573688	0.295232	2.36952	0.007308
-0.573464	0.291873	2.38443	0.005456
-0.574304	0.291098	2.37019	-0.001644
-0.572872	0.290999	2.51269	-0.003652
-0.573104	0.288507	2.40267	0.012184
-0.573272	0.286956	2.40097	-0.008608
-0.572424	0.285885	2.37291	-0.007784
-0.577744	0.285408	2.45551	0.00532
-0.576368	0.287294	2.48383	0.00856
-0.571312	0.280765	2.33048	-0.003512
-0.57392	0.282347	2.38294	-0.001752
-0.57332	0.291654	2.3978	-0.014684
-0.571976	0.284334	2.40552	-0.003232
-0.572384	0.287692	2.43695	0.00352
-0.550688	0.270722	2.08168	-0.005676
-0.552664	0.265052	2.13293	0.001248
-0.551272	0.271374	2.09012	-0.00764
-0.552448	0.273161	2.25772	-0.005588
-0.552472	0.274062	2.2264	-0.00658
-0.55156	0.270526	2.19916	-0.00406
-0.553928	0.274496	2.14456	-0.008016
-0.55056	0.265808	2.13548	0.00302
-0.551576	0.265986	2.11721	-0.000648
-0.55112	0.267149	2.08563	0.007432
-0.55336	0.269712	2.2466	-0.016464
-0.549704	0.26553	2.05667	0.00096
-0.553312	0.272456	2.17648	-0.003076
-0.55536	0.266374	2.1565	0.009192
-0.549264	0.266865	2.13389	0.002624
-0.552544	0.27073	2.19429	0.004872
-0.551536	0.263887	2.18744	-0.004852
-0.553312	0.275511	2.14579	-1.2e-05
-0.551928	0.274692	2.16589	-0.011376
-0.551032	0.271217	2.1272	0.001012
-0.553664	0.266982	2.16163	0.001284
-0.55104	0.273033	2.11797	0.002996
-0.553472	0.268846	2.16311	0.011584
-0.551792	0.268912	2.05389	0.00598
-0.549384	0.267188	2.10136	-0.001988
-0.553856	0.260645	2.09659	-0.007864
-0.554712	0.273924	2.13248	-0.002588
-0.551984	0.274138	2.13668	-0.012752
-0.552936	0.267935	2.12272	0.005944
-0.555992	0.272491	2.25636	-0.010728
-0.550456	0.26336	2.16538	0.014536
-0.552336	0.266944	2.11849	0.014528
-0.55608	0.26863	2.135	0.001544
-0.5526	0.270374	2.21108	0.004988
-0.553688	0.265423	2.20398	0.007124
-0.554552	0.270985	2.16454	-0.003752
-0.551128	0.263476	2.21327	-0.014236
-0.551032	0.257358	2.12781	-0.006504
-0.55672	0.269663	2.18395	0.00754
-0.556256	0.269376	2.22373	0.0003
-0.550032	0.270353	2.07203	-0.00062
-0.549128	0.265542	2.04904	-0.00714
-0.55412	0.269996	2.15588	-0.015972
-0.553208	0.276899	2.14628	-0.002064
-0.551696	0.272209	2.14024	0.00184
-0.554304	0.271924	2.21121	-0.000928
-0.553592	0.265151	2.12903	-0.006652
-0.550944	0.274961	2.09151	-0.003656
-0.554872	0.272987	2.14598	-0.011064
-0.554016	0.271164	2.23116	0.007292
-0.552736	0.267258	2.25225	-0.014448
-0.554264	0.269059	2.1486	0.008292
-0.551464	0.269079	2.15676	-0.00746
-0.553824	0.269703	2.27919	-0.010064
-0.55616	0.27341	2.193	0.00312
-0.554896	0.267851	2.13077	-0.005716
-0.551504	0.267527	2.15651	-0.008888
-0.55084	0.268591	2.15918	0.008468
-0.555704	0.271178	2.21751	0.009236
-0.551624	0.263965	2.07128	-0.000796
-0.553696	0.27223	2.27187	0.001876
-0.551616	0.272059	2.16159	-0.006988
-0.549656	0.267175	2.21458	-0.00428
-0.553352	0.267648	2.07811	-0.008576
-0.555408	0.270928	2.32018	-0.005228
-0.553424	0.264984	2.13728	-0.001136
-0.551984	0.264601	2.11427	0.015644
-0.552032	0.265833	2.13961	0.001784
-0.554144	0.270523	2.2218	-0.010556
-0.551888	0.27314	2.1026	-0.004404
-0.55412	0.274565	2.13908	-0.00854
-0.555648	0.276135	2.18919	0.001176
-0.553408	0.260758	2.13596	0.004592
-0.554512	0.25821	2.19342	-0.0017
-0.551264	0.269508	2.13911	0.003876
-0.552256	0.269428	2.18794	0.004436
-0.549768	0.271243	2.18397	0.004108
-0.556864	0.271072	2.22426	-0.009568
-0.550296	0.264766	2.2399	-0.005436
-0.553536	0.275195	2.09893	-0.001828
-0.552224	0.263905	2.06878	0.003244
-0.55368	0.271953	2.29459	0.006992
-0.554168	0.26941	2.19429	0.002232
-0.553304	0.268157	2.23885	0.013224
-0.555912	0.272577	2.14019	0.001472
-0.550944	0.278364	2.17232	0.002752
-0.552136	0.27873	2.1944	0.000668
-0.55072	0.269393	2.03151	-0.011132
-0.554176	0.272591	2.08433	-0.012232
-0.551888	0.270209	2.18836	-0.012404
-0.550424	0.274972	2.01796	-0.005328
-0.551384	0.269847	2.13639	0.003412
-0.551544	0.267242	2.08096	0.000684
-0.554128	0.269575	2.19526	0.003924
-0.55504	0.282458	2.26221	-0.015748
-0.550016	0.27052	2.19249	0.009952
-0.554032	0.273701	2.15505	0.003968
-0.55432	0.274039	2.12371	-0.002868
-0.548368	0.264291	2.11121	0.002016
-0.55168	0.271732	2.20774	-0.011388
-0.529888	0.254406	1.94814	-0.011652
-0.52872	0.250254	1.89031	-0.003004
-0.532336	0.254124	1.89641	-0.001624
-0.531376	0.252923	1.93108	0.008508
-0.532896	0.250739	1.93658	0.00688
-0.533152	0.249267	1.91755	0.005208
-0.533168	0.260609	1.9464	-0.001124
-0.53316	0.255186	1.97933	-0.000352
-0.532768	0.253549	1.99829	-0.000504
-0.531664	0.252919	1.92849	0.000448
-0.535552	0.249249	2.03734	0.01374
-0.530152	0.248322	1.94052	0.002012
-0.532744	0.252736	1.95216	0.001836
-0.534864	0.255371	1.91907	-0.006844
-0.532128	0.249069	1.93784	-0.000464
-0.533488	0.253509	2.00991	0.013964
-0.530472	0.246311	1.97896	0.007472
-0.530384	0.252785	1.93218	-0.01016
-0.53124	0.254275	1.97632	-0.000636
-0.530616	0.257065	1.94113	-0.00724
-0.53448	0.247222	1.92156	-0.00412
-0.531848	0.257276	1.98889	-0.000784
-0.531744	0.255368	1.8851	-0.001672
-0.533272	0.246064	1.95764	0.000488
-0.530944	0.247565	1.97083	-0.004524
-0.535768	0.247133	1.98886	-0.01112
-0.535744	0.250203	1.9532	-0.002192
-0.529928	0.256186	1.88801	0.001732
-0.53188	0.251194	1.98671	-0.000672
-0.534	0.257413	1.89383	0.011996
-0.53144	0.252604	1.89038	-0.013952
-0.531832	0.251823	2.01504	0.003708
-0.533888	0.246006	1.93009	0.007292
-0.530072	0.250269	1.92417	0.011628
-0.532584	0.249085	1.86491	-0.006532
-0.533896	0.257159	2.05879	0.015464
-0.53044	0.251016	1.88829	0.001004
-0.529632	0.241476	1.89183	0.006652
-0.535168	0.251036	1.91222	0.00228
-0.53428	0.254396	1.91474	0.002892
-0.532304	0.252197	1.95501	-0.00226
-0.529704	0.244305	1.87683	0.012236
-0.535552	0.252024	2.07047	-0.005556
-0.532752	0.252631	2.00849	0.002336
-0.530656	0.254782	1.87109	-0.00558
-0.531928	0.256318	1.88495	-0.000132
-0.530744	0.24454	1.92298	-0.002344
-0.531168	0.255736	1.91371	-0.00274
-0.532832	0.257627	1.95303	-0.003368
-0.535664	0.253271	1.99437	0.00546
-0.531736	0.251096	1.94356	-0.002904
-0.532192	0.255608	1.95914	0.009356
-0.531504	0.250051	1.98694	-0.001844
-0.533608	0.251072	2.01849	0.0048
-0.537552	0.259679	2.01517	-0.000368
-0.533992	0.250817	1.88812	0.004568
-0.534888	0.250316	1.93149	0.011752
-0.529216	0.252805	1.89593	-0.00484
-0.535616	0.256524	1.95776	-0.00162
-0.5308	0.252065	1.86373	0.017124
-0.53272	0.256572	1.92986	-0.000132
-0.530264	0.260827	1.92325	0.013856
-0.531344	0.251988	1.9218	0.004124
-0.53132	0.252461	1.92655	-0.00228
-0.533728	0.252176	1.96789	-0.002196
-0.530888	0.258406	1.9501	-0.003072
-0.53484	0.249258	1.9654	-0.00274
-0.530248	0.253455	1.99731	0.001736
-0.533752	0.248114	1.90968	-0.011744
-0.528944	0.252847	1.94139	0.008576
-0.535512	0.258736	1.90121	0.00554
-0.534288	0.25772	1.97948	0.008116
-0.533344	0.24832	1.98601	0.00112
-0.533096	0.246304	1.9572	-0.004648
-0.533696	0.255959	2.04667	-0.008632
-0.531624	0.245998	1.97973	-0.014312
-0.530896	0.255413	1.89377	-0.001304
-0.535064	0.252412	2.01735	0.00342
-0.530352	0.250473	1.88378	0.00256
-0.530272	0.257834	1.89998	-0.000988
-0.532824	0.246586	1.96607	0.006696
-0.531952	0.248648	1.90083	-0.003332
-0.532888	0.250979	1.95591	-0.015492
-0.531768	0.254602	2.0597	-0.008348
-0.532688	0.252976	1.93068	0.00722
-0.532504	0.264012	1.98759	0.005628
-0.530112	0.258591	1.90162	-0.000692
-0.529608	0.253002	1.95024	-0.007992
-0.532432	0.249502	1.90558	-0.00626
-0.530976	0.254615	1.96251	-0.002564
-0.52892	0.259318	1.96058	-0.016744
-0.532392	0.252554	2.04269	0.00376
-0.530784	0.250018	1.86735	0.001092
-0.533096	0.252689	1.99874	-0.002064
-0.533424	0.263873	1.96172	0.001828
-0.529752	0.252208	1.87978	0.006252
-0.53352	0.249433	1.91113	-0.003044
-0.533776	0.251115	1.86132	0.006892
-0.526912	0.248293	1.93821	-0.000332
-0.530896	0.256722	1.92149	0.006256
-0.510536	0.24014	1.70929	0.005652
-0.510624	0.235648	1.75365	0.005136
-0.510144	0.23904	1.77007	0.005012
-0.512648	0.238982	1.77635	-0.006272
-0.512792	0.239119	1.69978	-0.003724
-0.513904	0.232635	1.77419	-0.009688
-0.51448	0.244889	1.81764	-0.001024
-0.512472	0.236902	1.74769	0.009044
-0.511752	0.239663	1.77401	0.008004
-0.514464	0.238422	1.8355	0.006292
-0.515752	0.232973	1.81685	-0.00722
-0.511248	0.238588	1.72426	-0.001776
-0.512608	0.239786	1.74482	-0.008464
-0.514504	0.235289	1.74513	0.009968
-0.514024	0.237671	1.71175	-0.003268
-0.514208	0.23541	1.68819	0.00202
-0.512512	0.231034	1.71621	0.00146
-0.512496	0.237391	1.79286	0.00372
-0.510544	0.233771	1.77251	0.005384
-0.512744	0.234228	1.77098	0.01416
-0.513616	0.233792	1.77844	-0.00818
-0.511352	0.246492	1.79697	0.003076
-0.513056	0.242915	1.78193	-0.008068
-0.514	0.237615	1.802	0.01104
-0.511216	0.23438	1.73015	-0.004924
-0.514312	0.233072	1.74506	-0.003712
-0.515032	0.236057	1.72497	-0.005252
-0.511272	0.238358	1.73192	-0.000228
-0.514248	0.240143	1.73535	0.005956
-0.516208	0.241792	1.79444	-0.004504
-0.51064	0.237711	1.71832	-0.006152
-0.5136	0.235518	1.71373	-0.000776
-0.516936	0.237415	1.78208	-0.006492
-0.509856	0.233554	1.69616	0.00412
-0.511768	0.232482	1.67506	-0.00012
-0.513544	0.238852	1.8003	-0.003884
-0.512232	0.23569	1.8148	0.004688
-0.511632	0.231715	1.72229	0.00802
-0.517584	0.238059	1.80229	0.013652
-0.513936	0.233259	1.7999	0.008596
-0.512952	0.236397	1.77204	0.004256
-0.512224	0.229501	1.75126	0.007372
-0.514968	0.243253	1.8265	0.001184
-0.513808	0.233913	1.68221	-0.004852
-0.51212	0.24192	1.71658	-0.000612
-0.513776	0.238868	1.75182	-0.008012
-0.5122	0.238935	1.78703	-0.002024
-0.511552	0.241225	1.77079	0.0023
-0.513904	0.237823	1.8157	-0.007968
-0.515504	0.234575	1.83414	0.001896
-0.51228	0.24231	1.82119	0.003668
-0.51196	0.23842	1.79902	-0.006336
-0.510576	0.234192	1.72608	-0.001276
-0.514832	0.238835	1.83031	0.00914
-0.517144	0.234697	1.77871	-0.011096
-0.515592	0.229863	1.72119	-0.003744
-0.516104	0.234749	1.76251	0.005316
-0.509384	0.237915	1.72174	0.0004
-0.515056	0.239798	1.76394	-0.003136
-0.511728	0.235899	1.7202	-0.000348
-0.51172	0.236237	1.73078	-0.011612
-0.512056	0.239536	1.68854	-0.005032
-0.511512	0.236284	1.70379	-0.00532
-0.512672	0.23099	1.72724	-0.01358
-0.51568	0.234888	1.74306	0.014252
-0.514384	0.238346	1.71638	-0.007964
-0.515976	0.237903	1.69429	0.005432
-0.512568	0.235031	1.82038	-0.008024
-0.515288	0.23128	1.83265	0.001068
-0.50924	0.232287	1.74875	-0.001408
-0.514016	0.239327	1.81454	0.007816
-0.518008	0.236473	1.82798	-0.001412
-0.512096	0.235872	1.76653	0.001876
-0.514104	0.233095	1.785	0.00624
-0.514104	0.240054	1.69455	0.00704
-0.514352	0.240275	1.78514	-0.007636
-0.510872	0.238841	1.7133	-0.002704
-0.515696	0.238843	1.89109	0.00034
-0.50956	0.236657	1.75158	0.001736
-0.51172	0.240457	1.74505	-0.002896
-0.511392	0.233276	1.68487	-0.005856
-0.513016	0.232458	1.83487	0.005364
-0.510184	0.235728	1.74701	-0.000436
-0.510984	0.241447	1.76597	-0.010952
-0.513176	0.238464	1.80872	-0.00816
-0.51228	0.251677	1.84088	0.00306
-0.513304	0.23668	1.75623	0.000268
-0.51236	0.236627	1.73333	-0.007964
-0.51272	0.234871	1.83196	-0.00172
-0.51328	0.238312	1.75579	8e-06
-0.5102	0.23981	1.81347	-0.005124
-0.513432	0.238334	1.76268	0.0019
-0.511888	0.234253	1.70637	-0.005132
-0.514664	0.235647	1.76948	-0.00084
-0.514416	0.247286	1.67091	0.005496
-0.51164	0.238274	1.65553	-0.012612
-0.514608	0.233135	1.73986	-0.000552
-0.514016	0.235683	1.73594	0.007272
-0.508104	0.229876	1.76102	0.003568
-0.514128	0.238195	1.74026	0.00088
-0.49544	0.225396	1.6413	-0.00086
-0.492704	0.219552	1.52409	-0.002372
-0.492304	0.223962	1.59896	-0.0134
-0.495136	0.222346	1.60412	-0.001072
-0.49456	0.222541	1.60895	7.6e-05
-0.495496	0.21892	1.5834	-0.00768
-0.49736	0.221281	1.6486	0.000432
-0.498144	0.221512	1.69543	0.005524
-0.49452	0.229574	1.5835	-0.001464
-0.497816	0.214443	1.53731	-0.002524
-0.496288	0.221661	1.60902	-0.005276
-0.491976	0.223061	1.61626	0.003088
-0.493784	0.227599	1.54813	0.00108
-0.495136	0.22906	1.65554	-0.002476
-0.496032	0.220086	1.55009	0.003208
-0.496768	0.222842	1.64919	0.005236
-0.49324	0.212105	1.61313	0.001792
-0.49388	0.22243	1.63395	0.001812
-0.494304	0.223159	1.64216	-0.001072
-0.494464	0.219225	1.5933	0.002396
-0.494256	0.220407	1.60705	0.006804
-0.493872	0.232693	1.60977	0.001788
-0.496536	0.223314	1.60751	0.005552
-0.495304	0.221572	1.68129	0.005876
-0.491632	0.220521	1.57673	0.010416
-0.496984	0.216737	1.59299	-0.008112
-0.49648	0.222304	1.65485	-0.007856
-0.493784	0.223374	1.60504	0.001656
-0.495672	0.225158	1.63167	-0.000652
-0.495728	0.223906	1.62545	-0.004248
-0.492432	0.22301	1.57305	-0.008728
-0.49584	0.222835	1.56034	0.00342
-0.496432	0.227439	1.59889	-0.000292
-0.489496	0.218546	1.58137	-0.00452
-0.494576	0.21731	1.61447	0.007144
-0.494808	0.220755	1.55625	0.00528
-0.495	0.223557	1.60667	0.003912
-0.493744	0.219223	1.56806	0.0023
-0.495792	0.219859	1.60148	-0.009944
-0.495328	0.222486	1.54207	0.000576
-0.494	0.221966	1.64063	-0.00596
-0.492896	0.216085	1.53191	-0.00738
-0.496584	0.225328	1.63411	-0.007568
-0.494112	0.224748	1.59655	0.006196
-0.494968	0.226777	1.6033	-0.004004
-0.495248	0.224068	1.57364	-0.002204
-0.49524	0.227976	1.58417	0.000776
-0.495088	0.227573	1.59099	0.002412
-0.494496	0.221927	1.60733	0.005128
-0.495304	0.226118	1.5975	-0.003584
-0.49508	0.221673	1.59365	0.004956
-0.494872	0.225367	1.58129	0.009048
-0.492208	0.219904	1.61798	0.001316
-0.496312	0.220933	1.59657	0.010984
-0.497384	0.22621	1.63747	0.007304
-0.4982	0.218559	1.67007	0.007848
-0.494888	0.222795	1.66563	-0.008224
-0.489216	0.220302	1.56314	-0.011872
-0.497336	0.219992	1.63502	-0.002756
-0.492632	0.227142	1.55938	0.00124
-0.495368	0.224127	1.61938	-0.002172
-0.494064	0.223128	1.54518	0.00038
-0.492896	0.223139	1.55965	-0.004492
-0.49592	0.224873	1.63185	-0.013344
-0.495592	0.223082	1.58342	0.008716
-0.496504	0.223783	1.61191	0.001876
-0.498336	0.221522	1.59186	-0.010088
-0.492768	0.215398	1.60515	-0.006864
-0.495152	0.214323	1.59162	-0.005712
-0.492032	0.222136	1.63858	-0.005324
-0.49576	0.221288	1.6501	0.001832
-0.497776	0.22397	1.65283	0.000108
-0.494376	0.217131	1.61711	0.000712
-0.493888	0.219862	1.5382	-0.005848
-0.493776	0.221114	1.54924	0.009408
-0.495784	0.221918	1.58978	0.004708
-0.492544	0.225704	1.55617	0.00424
-0.495384	0.21816	1.5762	-0.001812
-0.492264	0.223467	1.66831	-0.005092
-0.492312	0.222979	1.62917	-0.000188
-0.492488	0.217426	1.59008	-0.00138
-0.494264	0.22046	1.64248	0.007484
-0.492584	0.216542	1.61769	0.004776
-0.492008	0.222673	1.57604	-0.002024
-0.493584	0.220324	1.56893	0.001872
-0.495104	0.224265	1.64912	-0.004444
-0.492608	0.224794	1.61586	-0.016152
-0.492336	0.225441	1.58104	-0.001056
-0.495192	0.22398	1.61108	0.00456
-0.49324	0.223006	1.63806	-0.010968
-0.492008	0.222314	1.53378	0.002232
-0.495064	0.228413	1.65725	0.006376
-0.495344	0.220008	1.5881	-0.004532
-0.495568	0.220981	1.55787	-0.002348
-0.497176	0.227862	1.55293	-0.007732
-0.492328	0.222256	1.55797	0.001248
-0.494528	0.219839	1.60694	0.003
-0.4954	0.222529	1.63232	-0.0025
-0.489896	0.213434	1.56364	0.005344
-0.496656	0.221615	1.60313	0.013236
-0.477448	0.214607	1.43764	0.012644
-0.475328	0.208919	1.45803	0.001748
-0.475624	0.211487	1.53408	-0.006456
-0.478024	0.207653	1.48083	-0.003596
-0.477624	0.207283	1.42103	-0.009516
-0.47944	0.208795	1.50054	0.0076
-0.47888	0.210637	1.46117	0.004968
-0.480536	0.211101	1.46955	0.00472
-0.476776	0.214138	1.46541	0.017512
-0.481528	0.207016	1.47949	-0.001356
-0.478448	0.206477	1.44992	-0.00436
-0.474304	0.206504	1.40465	-0.007924
-0.478	0.216514	1.50601	-0.007004
-0.47708	0.214285	1.48599	0.00678
-0.478776	0.206923	1.47121	-0.000412
-0.478632	0.208132	1.48757	0.000684
-0.476656	0.201017	1.43063	0.000672
-0.47616	0.210992	1.47216	0.00226
-0.476888	0.20839	1.4917	-0.004176
-0.476656	0.205682	1.4831	-0.003424
-0.477816	0.210208	1.49242	0.011252
-0.474384	0.210973	1.4981	-0.003224
-0.479664	0.211433	1.41458	-7.6e-05
-0.479152	0.212188	1.55368	0.00024
-0.477456	0.205399	1.55082	0.008008
-0.479304	0.207214	1.42458	0.00336
-0.477384	0.206087	1.50124	-0.000184
-0.475184	0.204877	1.43632	-0.003488
-0.478672	0.203555	1.49887	0.000212
-0.481056	0.2139	1.48616	-0.002252
-0.476368	0.211031	1.43761	-0.00112
-0.476576	0.208172	1.43935	0.009212
-0.478952	0.205194	1.46794	-0.006468
-0.475112	0.2074	1.51019	-0.00782
-0.477848	0.206586	1.42917	-0.003796
-0.476416	0.20911	1.44812	0.000336
-0.476376	0.202482	1.42097	0.001968
-0.477088	0.205926	1.44313	0.003428
-0.479208	0.207177	1.45907	-0.004316
-0.478216	0.206831	1.48728	0.0024
-0.47772	0.210254	1.45965	-0.000156
-0.476232	0.2063	1.51071	-0.004084
-0.47904	0.214943	1.52027	0.006784
-0.475464	0.205121	1.44344	0.003748
-0.475632	0.209407	1.44893	-0.001348
-0.477824	0.207937	1.4684	-0.009192
-0.47848	0.213987	1.45781	-0.004144
-0.477008	0.212163	1.46791	0.003604
-0.4788	0.210565	1.4296	0.004124
-0.47936	0.212279	1.52051	0.0011
-0.479344	0.213423	1.45482	0.00178
-0.47796	0.212211	1.4629	-0.000132
-0.47576	0.203491	1.39261	-0.01116
-0.48076	0.211999	1.48422	0.007476
-0.480216	0.212856	1.3999	-0.003356
-0.479208	0.204906	1.45611	-0.004068
-0.477344	0.206605	1.45727	0.007104
-0.474864	0.2091	1.43665	-0.004296
-0.4812	0.20453	1.49965	-0.006344
-0.47552	0.210643	1.45555	-0.003524
-0.479504	0.210651	1.48919	-0.003016
-0.476888	0.206604	1.48303	0.006568
-0.47392	0.209495	1.4867	0.003456
-0.47788	0.203709	1.49801	-0.00156
-0.478608	0.213507	1.47166	-0.008636
-0.476824	0.208298	1.43924	-0.002388
-0.480696	0.206867	1.45722	0.006612
-0.47636	0.207232	1.45775	-0.01006
-0.477736	0.204272	1.44365	0.006876
-0.474752	0.210871	1.44438	0.00708
-0.47996	0.205955	1.51623	4e-06
-0.479224	0.208392	1.5261	-0.00936
-0.477272	0.202472	1.44959	0.002396
-0.479504	0.204755	1.4663	0.009892
-0.47804	0.211747	1.46915	-0.013136
-0.478824	0.211798	1.47865	-0.009356
-0.476256	0.209875	1.47157	0.004216
-0.481064	0.209633	1.5517	0.001932
-0.47364	0.210679	1.47776	-0.004912
-0.474064	0.210142	1.4513	-0.00694
-0.474392	0.205737	1.47396	-0.004888
-0.477944	0.208551	1.47445	-0.001164
-0.47512	0.210505	1.4801	-0.003452
-0.475568	0.213007	1.47751	0.000696
-0.47768	0.215489	1.48641	0.006128
-0.478272	0.206452	1.43728	0.000912
-0.474368	0.210623	1.46202	-0.001248
-0.477832	0.207764	1.46466	-0.012224
-0.478208	0.207229	1.45464	-0.000196
-0.47708	0.211493	1.4773	0.008648
-0.475424	0.212642	1.4668	0.00344
-0.477408	0.213737	1.52848	0.004756
-0.47848	0.208091	1.51056	-0.012772
-0.476024	0.202099	1.41908	-0.004152
-0.47964	0.211971	1.53189	-0.00188
-0.475368	0.20667	1.45606	0.000612
-0.476744	0.209505	1.457	-0.000328
-0.478464	0.208715	1.46202	-0.002376
-0.475768	0.201671	1.47714	0.003084
-0.480192	0.214036	1.49309	-0.005664
-0.461368	0.200669	1.29549	0.005452
-0.459616	0.196086	1.3256	0.002372
-0.46028	0.195315	1.34136	0.003824
-0.46156	0.194134	1.33641	-0.000612
-0.461592	0.200708	1.39007	0.008276
-0.459992	0.195748	1.34692	0.001544
-0.46288	0.194448	1.37876	-0.00226
-0.463016	0.196666	1.39448	-0.00188
-0.462016	0.201573	1.37344	-0.000596
-0.4632	0.195928	1.36668	-0.00804
-0.463464	0.196966	1.34505	0.00202
-0.457888	0.198704	1.33792	-0.00812
-0.461448	0.19917	1.36535	-0.005984
-0.462104	0.198093	1.36111	-0.002428
-0.461464	0.195977	1.33949	-0.000896
-0.46524	0.195469	1.34848	0.000392
-0.45848	0.194259	1.36145	0.001348
-0.4618	0.197251	1.35479	-0.003904
-0.462464	0.196844	1.34243	0.004028
-0.4612	0.193198	1.3569	0.00714
-0.462824	0.198232	1.36548	0.002556
-0.460336	0.197327	1.36853	0.004036
-0.462376	0.193957	1.31524	0.000912
-0.461472	0.200781	1.36838	-0.003868
-0.459648	0.192422	1.36616	0.000328
-0.463248	0.196924	1.30979	-0.002688
-0.463112	0.191187	1.3644	-0.001924
-0.460208	0.195743	1.368	0.00442
-0.462488	0.194839	1.36895	-0.012984
-0.462776	0.198548	1.33595	0.00614
-0.461408	0.198943	1.33638	0.00452
-0.459744	0.197223	1.36971	0.01088
-0.463792	0.192812	1.39058	0.007664
-0.458408	0.19134	1.36218	0.00594
-0.462328	0.196848	1.33038	0.003468
-0.459304	0.19679	1.33761	0.000996
-0.460464	0.190445	1.38044	-0.011764
-0.460048	0.195552	1.35831	0.00402
-0.462512	0.197665	1.39071	0.00456
-0.4606	0.191599	1.37834	-0.000868
-0.460792	0.197484	1.38638	0.008468
-0.460744	0.190837	1.39731	-0.00358
-0.464144	0.203097	1.34689	-0.007128
-0.459576	0.196978	1.34326	0.00324
-0.461752	0.200062	1.3459	-0.007976
-0.463512	0.20065	1.39156	0.002364
-0.460856	0.197627	1.33628	-0.014988
-0.462512	0.199009	1.34958	-0.005256
-0.463184	0.196753	1.39728	-0.001584
-0.462944	0.197388	1.32117	-0.00318
-0.462176	0.196061	1.37524	0.001148
-0.462992	0.199376	1.32991	0.003272
-0.459104	0.191966	1.31868	0.001124
-0.463104	0.19696	1.35308	-0.004636
-0.46292	0.197297	1.3443	0.007204
-0.46516	0.192335	1.38031	-0.007308
-0.46264	0.195449	1.36833	-0.004744
-0.459648	0.19727	1.37258	-0.00054
-0.464032	0.189869	1.34792	0.000712
-0.46256	0.201382	1.36931	-0.003876
-0.463776	0.198966	1.36982	0.004696
-0.461288	0.194119	1.36715	-0.001204
-0.460824	0.197772	1.36994	-0.004584
-0.463056	0.197083	1.38	0.000932
-0.463104	0.19528	1.37126	0.000152
-0.462384	0.198025	1.39726	-0.002904
-0.463264	0.193267	1.36866	-0.002976
-0.462384	0.199465	1.36838	0.000352
-0.462808	0.193121	1.41397	0.001356
-0.458232	0.200653	1.33813	-0.0001
-0.460624	0.193003	1.33884	0.00128
-0.463744	0.194473	1.3769	-0.00498
-0.460592	0.194332	1.36077	0.008224
-0.464232	0.192316	1.34976	0.000932
-0.459816	0.19758	1.35274	-0.001608
-0.462696	0.199425	1.30927	0.0052
-0.460456	0.201017	1.37988	0.006156
-0.464096	0.19759	1.39328	0.000828
-0.459096	0.198282	1.34349	-0.000432
-0.459248	0.197481	1.30694	0.002184
-0.461968	0.200816	1.36046	0.00032
-0.458536	0.197569	1.3375	-0.00072
-0.461192	0.198602	1.3685	-0.003924
-0.46008	0.199296	1.30116	-0.002664
-0.459576	0.19725	1.28305	-0.001704
-0.460664	0.197518	1.33644	-0.004368
-0.45924	0.199669	1.35672	-0.003948
-0.46228	0.198475	1.39052	0.00062
-0.461936	0.194449	1.35828	-0.0013
-0.461584	0.197617	1.38597	0.006404
-0.458392	0.1981	1.36936	-0.00732
-0.461624	0.199011	1.39906	0.006032
-0.460968	0.195232	1.38439	0.001512
-0.460816	0.193896	1.28254	-0.00338
-0.46404	0.203952	1.3634	-0.001484
-0.460968	0.1944	1.36879	0.001992
-0.462704	0.199573	1.35154	-0.003912
-0.460688	0.195306	1.35154	-0.001036
-0.458312	0.19532	1.33819	-0.005544
-0.465136	0.19863	1.36425	-0.006268
