-1.00283	0.283092	90.8562	0.857924
-1.00573	0.226291	91.989	0.939796
-1.00109	0.307382	87.248	0.899476
-1.00841	0.204803	93.041	0.95008
-1.00869	0.189803	94.2584	0.96262
-1.0007	0.281459	88.7274	0.8462
-0.993794	0.376249	82.7462	0.807692
-1.00678	0.219289	92.1692	0.940552
-1.00427	0.247469	89.9376	0.896736
-0.998815	0.311699	88.7396	0.769152
-1.00332	0.251801	91.2286	0.812504
-1.00816	0.189535	92.9564	0.951028
-1.00782	0.194357	93.1085	0.952564
-0.998406	0.333436	86.0925	0.896316
-1.00732	0.194708	92.8394	0.929664
-1.00249	0.300416	89.0735	0.913296
-1.00159	0.280397	88.2508	0.907848
-1.00673	0.212697	92.2957	0.944068
-1.00604	0.224216	92.9437	0.952928
-1.00772	0.194432	92.5188	0.947484
-1.00373	0.265392	91.7282	0.828772
-1.0083	0.165819	95.1585	0.822088
-1.00601	0.23157	92.3664	0.94512
-1.00028	0.302265	87.2967	0.81946
-0.995173	0.396034	83.1892	0.854272
-1.00693	0.214174	92.0495	0.929908
-1.0064	0.241988	91.534	0.932944
-1.00034	0.299355	87.0647	0.898284
-1.00566	0.233391	90.8072	0.92134
-1.0027	0.290163	88.661	0.8818
-1.00479	0.249939	91.0993	0.938016
-1.00788	0.190187	93.189	0.95498
-1.01134	0.139878	95.1576	0.964696
-0.98544	0.440641	81.1798	0.51842
-1.00658	0.225768	91.9764	0.931776
-1.00718	0.213562	93.2599	0.944488
-1.00647	0.238322	91.8676	0.939844
-1.00691	0.212001	92.7129	0.924376
-1.00178	0.282421	88.8532	0.834272
-1.00751	0.224584	92.8127	0.94686
-1.00951	0.17678	94.4252	0.958352
-1.00866	0.190732	93.8162	0.9563
-1.00988	0.163821	95.0862	0.968332
-1.00232	0.243188	92.3838	0.728424
-1.0018	0.288789	88.3391	0.909168
-1.00411	0.257233	91.306	0.92828
-1.00591	0.221884	91.4142	0.936848
-0.996532	0.353311	85.324	0.810204
-0.997555	0.357686	86.0009	0.900152
-1.0074	0.2179	92.323	0.934388
-0.998882	0.302459	86.6166	0.864076
-1.00965	0.170662	94.7671	0.96606
-1.00686	0.21471	91.982	0.932904
-1.0054	0.255233	91.458	0.916244
-0.991421	0.31374	88.0168	0.34906
-1.00639	0.215751	93.4668	0.91494
-1.00496	0.252795	90.9623	0.929632
-1.00827	0.203506	94.0821	0.960532
-0.99955	0.324034	88.293	0.8295
-1.0025	0.268398	88.674	0.912388
-1.0003	0.328889	86.5062	0.873744
-1.00264	0.263695	89.8537	0.924904
-0.995473	0.375037	85.0682	0.83286
-1.00874	0.19185	93.2987	0.950768
-1.00703	0.207147	92.8476	0.952204
-1.00157	0.280474	87.9506	0.81888
-1.0076	0.19901	93.4267	0.900608
-1.00057	0.301693	87.7394	0.873536
-1.00537	0.244334	92.0641	0.94182
-1.00419	0.251722	90.5103	0.929324
-0.99932	0.367186	87.1209	0.8424
-1.00996	0.166627	94.6966	0.965004
-1.00808	0.188854	93.101	0.95186
-1.00119	0.298866	86.2803	0.8741
-1.00851	0.175479	94.5269	0.96572
-1.0011	0.282896	91.0463	0.766648
-1.00048	0.307143	87.8722	0.912116
-1.00857	0.19319	93.5498	0.952676
-1.00946	0.167634	94.8159	0.966212
-1.00549	0.253747	91.5931	0.93726
-1.00311	0.291947	89.5077	0.904468
-1.00507	0.252301	90.8805	0.930748
-1.01137	0.142566	95.742	0.973072
-1.01227	0.129282	96.4899	0.97836
-1.0078	0.208057	92.8765	0.947856
-1.00568	0.217585	91.7346	0.943176
-1.00233	0.300561	88.8973	0.911244
-1.00155	0.322184	89.3974	0.908684
-1.00159	0.274201	88.421	0.91458
-1.01284	0.115662	96.6751	0.978356
-0.999822	0.305063	88.3987	0.811924
-1.00279	0.274767	89.0045	0.912184
-0.996592	0.31697	87.8775	0.671996
-0.999076	0.25008	91.7324	0.542992
-0.997324	0.360763	85.8488	0.75898
-1.0105	0.158198	94.9859	0.957516
-0.993869	0.345483	85.9923	0.65346
-1.00352	0.253195	90.9505	0.903652
-1.01079	0.156011	94.9815	0.96246
-1.00043	0.360639	88.1059	0.891652
-0.979863	0.401448	65.2553	0.771944
-0.967752	0.471699	59.9839	0.54682
-0.966022	0.493283	57.1933	0.717484
-0.984824	0.39	70.2493	0.869588
-0.972372	0.445041	62.6301	0.684204
-0.97532	0.447163	62.1875	0.754
-0.968502	0.469791	59.6822	0.595496
-0.98514	0.375341	70.7766	0.798216
-0.968454	0.507717	59.774	0.681512
-0.974032	0.465748	64.0709	0.689976
-0.983383	0.412288	68.0916	0.813964
-0.966467	0.492723	59.1218	0.59334
-0.974646	0.455401	62.6275	0.695508
-0.971992	0.470331	62.0914	0.7628
-0.974108	0.453679	63.8476	0.74378
-0.967779	0.511949	60.6771	0.628136
-0.979295	0.450136	66.4529	0.802772
-0.969163	0.495523	58.9754	0.726548
-0.968541	0.48767	59.038	0.634644
-0.965436	0.489306	59.0408	0.59862
-0.963472	0.477592	54.8048	0.633592
-0.968876	0.476746	59.7778	0.680176
-0.963794	0.531345	57.8909	0.559308
-0.974446	0.458312	64.1704	0.721104
-0.966593	0.48443	56.7606	0.700052
-0.971069	0.446837	61.4927	0.655464
-0.962485	0.499777	58.4202	0.50426
-0.980709	0.421422	66.6738	0.809068
-0.969366	0.464638	61.1782	0.708296
-0.980821	0.431766	65.9374	0.771036
-0.969117	0.502651	60.6113	0.733048
-0.97556	0.451928	65.1978	0.797988
-0.973233	0.445133	63.078	0.670056
-0.97374	0.473626	63.5809	0.677796
-0.974409	0.466127	63.4904	0.765228
-0.975258	0.476073	64.3015	0.750112
-0.966409	0.538609	59.0549	0.683632
-0.98004	0.42031	66.0509	0.811608
-0.965634	0.488567	58.3194	0.660096
-0.983068	0.424558	69.7133	0.689776
-0.977105	0.471551	66.5448	0.741252
-0.963364	0.507671	56.5667	0.597816
-0.97446	0.451026	63.2214	0.769012
-0.974232	0.487641	63.4899	0.741196
-0.973614	0.43459	62.2716	0.739908
-0.970634	0.496741	61.0497	0.679304
-0.974301	0.459119	63.2776	0.743032
-0.975647	0.50664	65.0356	0.798744
-0.973923	0.441551	65.1445	0.586156
-0.978131	0.479999	65.9738	0.785336
-0.978753	0.43055	67.9527	0.738056
-0.973516	0.416061	63.3846	0.702196
-0.964071	0.482587	57.1049	0.604332
-0.968991	0.499802	63.2361	0.54954
-0.97676	0.415956	64.043	0.806408
-0.970912	0.478756	59.6603	0.71638
-0.97676	0.436278	65.1236	0.77682
-0.979741	0.435472	67.3603	0.74226
-0.976656	0.436508	64.8375	0.761592
-0.990275	0.341054	72.9382	0.854156
-0.975343	0.45569	63.8288	0.756736
-0.977418	0.454252	65.1119	0.799284
-0.975567	0.476626	64.5969	0.677544
-0.969448	0.462847	60.6	0.650388
-0.980343	0.451691	67.6027	0.755932
-0.975712	0.462617	64.1395	0.79482
-0.97435	0.453948	61.6856	0.737112
-0.961378	0.520984	56.0363	0.50568
-0.985756	0.428106	70.9212	0.8326
-0.976687	0.457704	64.3721	0.759928
-0.97215	0.4773	61.3308	0.680304
-0.977811	0.417163	65.0754	0.810568
-0.985756	0.397811	70.5269	0.815008
-0.977634	0.433433	68.0544	0.67492
-0.974235	0.492019	63.1207	0.762964
-0.974451	0.444462	62.8363	0.766528
-0.982912	0.366925	66.957	0.816024
-0.976421	0.469957	64.5832	0.681044
-0.976828	0.425286	63.3643	0.754988
-0.969182	0.493064	60.5546	0.719508
-0.970581	0.500532	61.8485	0.663052
-0.979048	0.433885	67.1821	0.734792
-0.975306	0.461068	65.1748	0.7213
-0.982274	0.397009	68.3018	0.818492
-0.974574	0.457928	64.488	0.715516
-0.975454	0.475957	65.1466	0.68872
-0.973944	0.506728	63.7593	0.749616
-0.976808	0.455456	65.3866	0.71442
-0.978498	0.404247	65.5284	0.793296
-0.969122	0.508692	60.6763	0.664496
-0.965179	0.501514	59.0685	0.578164
-0.983308	0.38047	67.6377	0.821776
-0.973661	0.490016	63.1549	0.782628
-0.98157	0.40991	68.1481	0.81252
-0.98506	0.371416	70.1905	0.859012
-0.96744	0.477862	61.0176	0.52518
-0.971428	0.479976	61.3223	0.71462
-0.973307	0.484045	63.3872	0.76016
-0.976639	0.417429	64.1851	0.757136
-0.974723	0.45207	63.2422	0.709352
-0.939742	0.512698	42.2246	0.56468
-0.942644	0.542191	45.2515	0.597384
-0.931163	0.503518	38.9338	0.514156
-0.941891	0.54969	45.3967	0.630164
-0.931715	0.528058	40.8625	0.50374
-0.935754	0.510392	42.1094	0.556904
-0.930357	0.533118	39.5039	0.501444
-0.927476	0.47365	36.8162	0.424576
-0.938665	0.512069	43.5839	0.54926
-0.929416	0.520626	37.797	0.46122
-0.938142	0.496348	42.6525	0.499896
-0.928058	0.499901	37.4813	0.431704
-0.937234	0.508031	41.5804	0.59728
-0.926658	0.523625	36.915	0.447684
-0.93332	0.537575	40.2719	0.525216
-0.935426	0.551021	41.8135	0.610084
-0.939003	0.518383	42.5755	0.596136
-0.938278	0.54039	42.3799	0.59472
-0.927307	0.534276	37.042	0.39856
-0.930495	0.482106	39.2227	0.469568
-0.935651	0.527618	40.3773	0.534964
-0.924277	0.487962	35.9111	0.33786
-0.925195	0.515321	34.8293	0.438132
-0.93702	0.537102	41.6514	0.541804
-0.929563	0.528289	37.5967	0.473756
-0.939734	0.534636	43.98	0.5799
-0.922457	0.515997	34.5885	0.35724
-0.929547	0.517526	38.1039	0.422156
-0.944141	0.52346	46.9779	0.669428
-0.943232	0.493457	45.0635	0.569216
-0.936616	0.52942	42.3084	0.588008
-0.9312	0.508247	39.8255	0.53798
-0.942495	0.53096	46.6582	0.585164
-0.934981	0.51057	41.2293	0.545052
-0.933706	0.516198	39.7177	0.566524
-0.940432	0.49954	43.594	0.530012
-0.930545	0.522626	38.0276	0.490068
-0.933023	0.498618	39.2538	0.508364
-0.933275	0.504732	40.6634	0.552136
-0.937151	0.518455	39.7661	0.477944
-0.942947	0.51438	44.9442	0.626572
-0.928406	0.490597	39.1442	0.380324
-0.936214	0.525914	42.1304	0.545908
-0.932487	0.568583	39.2688	0.51916
-0.936107	0.508694	43.464	0.51014
-0.932512	0.538432	39.1942	0.585584
-0.935745	0.523895	42.4527	0.452864
-0.931658	0.525288	39.5045	0.514888
-0.930895	0.535307	37.4173	0.526748
-0.933739	0.513732	39.9126	0.505772
-0.918434	0.491021	33.0417	0.320512
-0.939714	0.472895	42.9383	0.570476
-0.925896	0.52587	36.0439	0.443208
-0.936647	0.537789	41.9129	0.585564
-0.935001	0.491174	39.3088	0.483672
-0.932939	0.488514	39.6452	0.494144
-0.939529	0.530002	42.8133	0.598848
-0.935954	0.56781	42.7964	0.530124
-0.931317	0.493171	38.0527	0.50386
-0.949387	0.490919	47.7757	0.605732
-0.940153	0.515246	42.6104	0.554852
-0.94771	0.530112	47.9776	0.677496
-0.937606	0.597784	43.4907	0.557904
-0.92929	0.541858	37.2054	0.49888
-0.933114	0.559223	39.2308	0.538108
-0.942201	0.513962	44.0492	0.59484
-0.939558	0.563912	44.3921	0.550692
-0.933677	0.490993	40.4318	0.483432
-0.944885	0.553733	45.6746	0.676656
-0.94075	0.501618	42.1505	0.581892
-0.933693	0.534346	40.6143	0.510648
-0.929662	0.529679	38.4841	0.519476
-0.934254	0.527584	39.6434	0.548316
-0.936383	0.53496	42.1865	0.524344
-0.925814	0.524963	35.3324	0.487116
-0.93079	0.516386	39.3103	0.489088
-0.926064	0.486993	36.0191	0.413224
-0.930919	0.511865	36.6239	0.480764
-0.938476	0.534614	42.8194	0.56538
-0.928166	0.519923	36.2082	0.507904
-0.929844	0.510109	36.9661	0.411016
-0.93694	0.496607	42.4666	0.602612
-0.936435	0.546738	43.6309	0.487768
-0.931775	0.503053	38.8025	0.559164
-0.940675	0.532908	44.5607	0.58096
-0.937295	0.560896	42.9648	0.59356
-0.933778	0.531986	40.7655	0.532876
-0.937367	0.530963	43.34	0.532356
-0.930933	0.563568	40.7672	0.469456
-0.939475	0.545042	43.7508	0.584536
-0.929492	0.47147	36.1703	0.495388
-0.933578	0.553074	40.5119	0.581324
-0.93254	0.536189	39.8149	0.581788
-0.933966	0.535123	40.1595	0.479908
-0.938605	0.497346	42.7646	0.647452
-0.937536	0.520188	43.1789	0.494788
-0.94124	0.499483	42.7153	0.597576
-0.924679	0.541045	36.1639	0.424368
-0.932442	0.523952	39.1338	0.526524
-0.924957	0.495373	35.4925	0.443028
-0.892389	0.509425	24.4926	0.391036
-0.896147	0.497912	26.174	0.413772
-0.89242	0.482973	25.4568	0.40938
-0.895016	0.509564	25.9923	0.417184
-0.892055	0.502287	25.4411	0.371932
-0.892904	0.479182	24.926	0.394416
-0.884607	0.51098	22.1766	0.278368
-0.889534	0.487114	25.1734	0.349508
-0.893488	0.547845	26.5322	0.356404
-0.887891	0.539869	25.4456	0.377732
-0.895006	0.466884	26.4125	0.367876
-0.885455	0.510913	23.2129	0.295964
-0.894432	0.516304	26.5177	0.364812
-0.893434	0.502114	25.9074	0.3241
-0.887796	0.532791	24.9606	0.319008
-0.889427	0.514802	25.5104	0.340948
-0.89401	0.50468	26.0434	0.383696
-0.891156	0.479157	24.0734	0.3266
-0.890496	0.525243	24.7943	0.358008
-0.892723	0.524476	26.6205	0.418128
-0.891077	0.509837	24.2187	0.343436
-0.892048	0.512043	25.4544	0.376792
-0.884378	0.486911	22.4338	0.316876
-0.893753	0.517838	25.93	0.379252
-0.892849	0.513488	26.5626	0.40086
-0.896032	0.548733	27.7649	0.3884
-0.886914	0.481719	22.5719	0.266504
-0.891957	0.541166	25.8845	0.399868
-0.895901	0.545652	28.8618	0.458656
-0.899308	0.51633	29.3929	0.395788
-0.899695	0.527321	29.9001	0.457932
-0.895663	0.499808	25.0662	0.37036
-0.89561	0.563414	27.1087	0.472108
-0.893792	0.547762	27.2494	0.403988
-0.897733	0.546623	28.6346	0.391832
-0.894107	0.481811	25.5256	0.351348
-0.892489	0.499034	25.2971	0.388832
-0.899491	0.539382	28.6674	0.400956
-0.884878	0.478331	22.3654	0.336708
-0.893305	0.490231	26.1639	0.351652
-0.890909	0.510054	25.0453	0.361448
-0.8872	0.465415	23.2018	0.289224
-0.883234	0.503965	22.2945	0.34412
-0.897617	0.55283	27.4422	0.44446
-0.896556	0.514967	27.2698	0.410616
-0.887818	0.530922	23.7062	0.345284
-0.89128	0.501061	24.4871	0.307596
-0.893073	0.584902	27.2215	0.370448
-0.892522	0.547735	27.0164	0.371324
-0.892828	0.541659	26.3999	0.376976
-0.889799	0.504073	24.5334	0.394372
-0.891033	0.48813	25.2069	0.338868
-0.890074	0.477305	24.6732	0.339712
-0.893312	0.4873	24.8424	0.373208
-0.89268	0.465821	24.3588	0.374808
-0.896122	0.537988	27.7071	0.408908
-0.897648	0.516754	26.5448	0.401996
-0.895634	0.521579	28.0353	0.456524
-0.895083	0.50305	25.5432	0.386936
-0.900839	0.529016	29.031	0.425148
-0.898289	0.556685	27.3635	0.434456
-0.893201	0.538499	26.0944	0.375632
-0.893242	0.533489	25.6669	0.383308
-0.895584	0.535293	28.2086	0.391588
-0.890354	0.530703	24.6052	0.3745
-0.897888	0.513862	27.0099	0.424804
-0.893165	0.500741	26.7041	0.338648
-0.893837	0.490563	25.217	0.35864
-0.893511	0.529816	25.0458	0.384356
-0.899239	0.519258	29.561	0.436344
-0.892429	0.519842	25.1349	0.367044
-0.900064	0.535122	29.1178	0.446812
-0.891072	0.491059	24.5433	0.369196
-0.891131	0.526788	25.5957	0.384536
-0.893191	0.466087	24.4436	0.385168
-0.890137	0.528708	24.8578	0.393264
-0.892101	0.488523	25.0175	0.343064
-0.895535	0.478	26.0413	0.325552
-0.89744	0.493788	26.721	0.41438
-0.890732	0.50387	26.2388	0.375416
-0.892943	0.479385	25.1454	0.382348
-0.897488	0.545395	27.2237	0.45
-0.897831	0.54881	29.5613	0.435528
-0.906135	0.490617	30.5165	0.503932
-0.894658	0.55238	27.6347	0.39452
-0.892297	0.518527	25.0533	0.382064
-0.88703	0.421928	20.9906	0.281092
-0.896071	0.488921	26.4334	0.431148
-0.886805	0.481329	23.8019	0.34026
-0.899638	0.507828	28.0448	0.45988
-0.890176	0.462568	23.882	0.348424
-0.895348	0.524381	27.3692	0.410996
-0.892625	0.557166	27.6531	0.380036
-0.890694	0.495472	23.2117	0.333092
-0.889511	0.545206	25.3315	0.410748
-0.895859	0.527304	27.4841	0.378928
-0.898542	0.480948	25.4398	0.443096
-0.886651	0.505202	23.7365	0.282528
-0.888035	0.515241	24.3456	0.358948
-0.893509	0.520306	25.7249	0.31424
-0.856447	0.488572	17.3357	0.251532
-0.856779	0.469453	16.6419	0.248156
-0.846022	0.461414	15.3528	0.199504
-0.852397	0.458829	16.1584	0.304256
-0.854361	0.507999	19.2713	0.287648
-0.853113	0.511234	17.2862	0.285656
-0.849596	0.454112	15.1151	0.22262
-0.857363	0.485561	17.4461	0.296172
-0.859715	0.507293	19.4591	0.346548
-0.853129	0.531291	18.076	0.250836
-0.855564	0.534056	18.8541	0.338576
-0.851746	0.489966	16.5286	0.262084
-0.858064	0.490654	17.9307	0.313608
-0.847871	0.500509	16.0175	0.208756
-0.850612	0.493897	17.0021	0.262608
-0.85578	0.505135	18.7056	0.2838
-0.849444	0.517808	16.6401	0.26342
-0.860107	0.513089	19.4193	0.340148
-0.85514	0.494801	17.6883	0.281784
-0.850469	0.495784	16.2837	0.267852
-0.853776	0.512848	17.7029	0.2916
-0.847828	0.472644	15.2382	0.2202
-0.852365	0.477806	17.2567	0.245052
-0.851363	0.467162	16.2543	0.22656
-0.851341	0.50108	17.521	0.25304
-0.856654	0.510506	19.8874	0.3703
-0.854215	0.502825	17.3896	0.30554
-0.854644	0.484906	17.2197	0.255004
-0.857566	0.531512	20.0355	0.3795
-0.853959	0.518203	18.1057	0.305936
-0.852627	0.469382	16.1387	0.276932
-0.859211	0.517698	19.3519	0.35616
-0.852634	0.47314	16.5648	0.260892
-0.850051	0.49534	17.8346	0.269752
-0.853167	0.480161	17.8627	0.27116
-0.853629	0.481847	16.3131	0.267832
-0.850643	0.466463	16.1613	0.270936
-0.853732	0.470186	17.1219	0.257784
-0.845923	0.468441	15.7912	0.182156
-0.858025	0.501174	18.2699	0.320836
-0.859478	0.486811	18.8046	0.337124
-0.851373	0.460977	16.6459	0.188264
-0.849266	0.450891	15.7094	0.266524
-0.851232	0.516496	17.0804	0.231992
-0.855414	0.450487	17.0936	0.252284
-0.841499	0.486404	15.2234	0.23576
-0.852063	0.472604	16.1887	0.251948
-0.852409	0.481826	16.4883	0.286456
-0.853759	0.507757	17.6481	0.259148
-0.854865	0.499769	17.8346	0.284828
-0.852076	0.478792	16.6933	0.269008
-0.850163	0.454166	15.8891	0.247772
-0.854129	0.471454	17.1623	0.293248
-0.852321	0.49863	16.687	0.27124
-0.852717	0.496196	16.9565	0.25746
-0.860499	0.486347	19.4529	0.334944
-0.852666	0.475111	16.2635	0.212096
-0.846121	0.482665	15.7926	0.194432
-0.853644	0.512997	17.3392	0.328188
-0.859299	0.484076	17.8005	0.298156
-0.846612	0.462795	15.4659	0.219816
-0.854061	0.50467	17.9793	0.289464
-0.848605	0.503704	15.3889	0.277844
-0.854778	0.48378	18.6813	0.260488
-0.856758	0.499107	18.6995	0.299508
-0.852443	0.499485	17.2973	0.217736
-0.851458	0.493627	16.8886	0.236904
-0.848206	0.467053	14.8643	0.187124
-0.849839	0.498016	16.2305	0.225532
-0.855504	0.505602	19.0478	0.306016
-0.854981	0.484988	17.8258	0.265856
-0.851981	0.46441	16.7285	0.251856
-0.852447	0.493236	16.98	0.281548
-0.854202	0.525016	18.2137	0.2949
-0.85893	0.496091	18.7145	0.28452
-0.853051	0.500267	17.1628	0.31496
-0.852726	0.49204	16.3848	0.245124
-0.854695	0.478257	17.5783	0.235144
-0.858015	0.472303	18.72	0.297964
-0.847515	0.475658	15.2769	0.24814
-0.8585	0.53159	19.5217	0.32978
-0.852566	0.506656	17.3484	0.329076
-0.855332	0.517311	17.8757	0.318996
-0.858253	0.504319	18.512	0.307428
-0.856208	0.524654	18.3832	0.305984
-0.856851	0.517369	19.0355	0.26696
-0.851549	0.469887	16.6897	0.271428
-0.850527	0.456528	15.9853	0.189172
-0.852493	0.452322	16.5422	0.282636
-0.853343	0.483491	16.9275	0.288744
-0.852679	0.47597	16.7768	0.275172
-0.852755	0.477396	17.7068	0.242128
-0.856011	0.499644	18.6361	0.342172
-0.85474	0.479828	17.1389	0.276612
-0.852916	0.476997	17.0571	0.293384
-0.854665	0.491854	18.0968	0.30284
-0.860894	0.51923	18.5038	0.289508
-0.854179	0.504043	17.4055	0.281332
-0.858111	0.50714	18.8382	0.300344
-0.854775	0.496682	16.4423	0.265132
-0.816333	0.471593	12.7291	0.171044
-0.81689	0.478319	11.9264	0.20968
-0.812997	0.422515	10.7188	0.206632
-0.816262	0.470659	12.7184	0.220308
-0.811103	0.470713	11.8927	0.216368
-0.814277	0.461004	11.8551	0.224628
-0.816299	0.477602	12.2607	0.205368
-0.818138	0.460391	11.6086	0.211312
-0.819379	0.47877	13.0755	0.223348
-0.816567	0.484187	12.9348	0.222752
-0.818053	0.474725	12.718	0.197828
-0.820895	0.47404	13.4342	0.21954
-0.82145	0.467943	12.8117	0.267292
-0.81595	0.458873	12.1071	0.173892
-0.812124	0.437958	10.8607	0.183024
-0.815125	0.467547	11.9327	0.195872
-0.815046	0.472147	12.1901	0.2127
-0.815346	0.459388	11.9832	0.191692
-0.813273	0.460149	11.5813	0.170456
-0.813191	0.470101	12.1253	0.197964
-0.817795	0.465256	12.3842	0.230928
-0.817181	0.461108	12.4237	0.22344
-0.814618	0.468854	12.6126	0.182912
-0.81329	0.443552	11.8789	0.210488
-0.813382	0.444646	11.6088	0.209096
-0.812311	0.489951	12.4107	0.215128
-0.820621	0.474038	13.2698	0.246272
-0.814341	0.463193	11.568	0.215064
-0.814248	0.47646	12.4793	0.184024
-0.815605	0.459226	12.2989	0.24264
-0.814468	0.471023	11.6882	0.236224
-0.819338	0.475279	13.1788	0.199692
-0.817367	0.469113	11.7725	0.258344
-0.813105	0.461557	11.9253	0.19004
-0.813501	0.455014	11.9317	0.168652
-0.815943	0.478423	13.1714	0.196728
-0.818879	0.45797	12.3862	0.233144
-0.814287	0.454924	11.7231	0.177952
-0.820751	0.456984	12.5559	0.24234
-0.818892	0.479617	12.8448	0.227796
-0.818818	0.485201	12.9212	0.228892
-0.813415	0.462985	11.2344	0.170372
-0.813264	0.469102	11.3007	0.221984
-0.810476	0.507264	11.9753	0.18902
-0.812597	0.468499	12.096	0.204236
-0.809098	0.441314	11.2099	0.17012
-0.80797	0.47016	10.5271	0.156888
-0.817603	0.472395	13.004	0.275736
-0.817306	0.490381	12.6002	0.236108
-0.817442	0.497412	12.9575	0.223276
-0.813976	0.460579	11.5034	0.205588
-0.812853	0.454812	12.0366	0.19424
-0.81787	0.484335	12.7991	0.227516
-0.818943	0.466636	13.3226	0.232352
-0.821571	0.457242	13.3423	0.25296
-0.814531	0.461861	12.2319	0.222552
-0.815404	0.463535	11.4311	0.153812
-0.814123	0.491558	12.4898	0.20094
-0.819356	0.485539	13.1364	0.258976
-0.814273	0.446715	11.2944	0.191628
-0.815907	0.440425	11.453	0.194972
-0.818317	0.478188	13.1477	0.254656
-0.815375	0.457127	12.1417	0.181552
-0.812495	0.469293	11.8211	0.199536
-0.814167	0.479552	11.9037	0.241928
-0.814179	0.489374	12.7983	0.172148
-0.818201	0.504473	13.2403	0.271672
-0.816748	0.465959	12.0201	0.2138
-0.811654	0.48448	11.7461	0.14872
-0.809936	0.476414	12.1507	0.222792
-0.81725	0.46524	12.2617	0.204508
-0.813685	0.456246	11.7455	0.206268
-0.815871	0.456544	11.4006	0.17594
-0.818332	0.494981	12.5609	0.207808
-0.818992	0.486936	12.959	0.23638
-0.814244	0.480901	12.5485	0.233384
-0.815171	0.471071	12.8657	0.216936
-0.819863	0.456083	12.5354	0.179156
-0.820722	0.447472	11.8898	0.214912
-0.816623	0.455695	12.3312	0.191132
-0.820818	0.477205	13.9405	0.233716
-0.814805	0.462022	12.4531	0.262236
-0.818623	0.456796	12.7829	0.202364
-0.814431	0.439611	11.5181	0.170736
-0.815772	0.459939	11.2091	0.171424
-0.813556	0.459575	11.5591	0.217004
-0.817268	0.448469	11.5786	0.184216
-0.815341	0.459539	12.1388	0.191844
-0.818551	0.475693	12.5481	0.196744
-0.816406	0.481687	13.1488	0.281476
-0.81663	0.448422	12.2525	0.190712
-0.818246	0.488997	12.4361	0.215504
-0.812962	0.513591	11.91	0.23568
-0.814189	0.483206	12.4521	0.21224
-0.815927	0.463729	11.7268	0.220336
-0.812534	0.493249	12.4143	0.204292
-0.817796	0.491887	12.3432	0.2134
-0.813296	0.482798	12.0944	0.204808
-0.818204	0.469139	12.9424	0.214984
-0.814307	0.430315	11.584	0.164552
-0.778172	0.445503	9.17173	0.155408
-0.776834	0.429672	7.90581	0.105688
-0.777473	0.440323	8.46051	0.155268
-0.785554	0.442361	10.2221	0.164096
-0.777529	0.452056	8.81062	0.180468
-0.776181	0.44036	8.44922	0.157068
-0.774356	0.433742	7.90512	0.129384
-0.779152	0.430225	8.53432	0.152816
-0.782478	0.46156	9.22396	0.181524
-0.775319	0.439915	8.65343	0.139964
-0.779256	0.427872	9.18294	0.157196
-0.781594	0.439022	8.86196	0.14888
-0.787088	0.445075	9.67964	0.185192
-0.779546	0.455084	9.26399	0.137692
-0.77791	0.444631	8.73225	0.180316
-0.777974	0.454055	8.84296	0.1443
-0.77953	0.472531	9.48852	0.187292
-0.781102	0.447792	9.2498	0.163504
-0.780326	0.451834	9.30849	0.1639
-0.774527	0.447955	8.95245	0.157128
-0.781513	0.457901	8.75526	0.16926
-0.778539	0.481109	9.66665	0.190972
-0.77564	0.449912	8.68788	0.114816
-0.780181	0.448391	9.303	0.191436
-0.778863	0.437459	9.44725	0.180736
-0.780024	0.439501	8.97401	0.176796
-0.779401	0.421269	8.59064	0.154836
-0.777378	0.429796	8.4135	0.1569
-0.779365	0.463672	8.82745	0.17944
-0.781933	0.456177	9.08709	0.19344
-0.778254	0.447974	9.09847	0.189876
-0.776574	0.447701	8.42237	0.095092
-0.775396	0.438095	8.78891	0.145796
-0.776495	0.457042	9.31748	0.200348
-0.779524	0.439908	8.94016	0.16698
-0.77957	0.45872	9.38274	0.159304
-0.779704	0.461161	9.36271	0.143216
-0.780976	0.454914	9.05414	0.1776
-0.779635	0.452301	8.9667	0.16656
-0.778963	0.433907	7.77392	0.117336
-0.778184	0.422622	8.33515	0.134788
-0.782565	0.448118	9.73073	0.185064
-0.776867	0.441784	9.01233	0.164172
-0.780521	0.45346	9.32332	0.187648
-0.775811	0.417382	8.74293	0.156148
-0.774722	0.425441	8.36787	0.12132
-0.775584	0.416769	8.23857	0.10922
-0.778916	0.442003	9.35728	0.183404
-0.78129	0.450575	8.68663	0.19492
-0.77609	0.461803	9.60261	0.176116
-0.776394	0.443493	7.9327	0.151284
-0.775179	0.448818	8.52289	0.12654
-0.782026	0.460616	10.0626	0.18728
-0.779198	0.438278	8.88761	0.158312
-0.784472	0.440697	9.21182	0.146024
-0.778903	0.428036	8.49392	0.157164
-0.778328	0.452107	8.40861	0.129976
-0.779319	0.447447	9.15372	0.15316
-0.783301	0.464004	9.70114	0.184636
-0.785384	0.431449	9.42438	0.170792
-0.786132	0.459662	10.0713	0.230204
-0.781242	0.44453	8.99537	0.163676
-0.779518	0.459482	9.23561	0.164724
-0.780707	0.441332	9.50305	0.171764
-0.77813	0.457364	8.98051	0.160524
-0.774816	0.446079	8.91428	0.142816
-0.779644	0.454403	8.68779	0.14502
-0.779494	0.451472	8.68132	0.14828
-0.779464	0.448926	9.73956	0.191588
-0.775784	0.440316	7.99986	0.158804
-0.780833	0.446453	9.51172	0.155256
-0.779479	0.418849	8.70714	0.16714
-0.779677	0.448832	9.08898	0.152272
-0.772696	0.460785	7.74336	0.127984
-0.780639	0.440928	9.28794	0.145152
-0.77538	0.426557	8.60797	0.141804
-0.782474	0.451658	9.98853	0.194484
-0.779503	0.438809	8.54138	0.138768
-0.781494	0.440674	8.70233	0.158316
-0.780051	0.424574	8.61886	0.117752
-0.780887	0.457835	9.31696	0.147128
-0.778578	0.454788	8.94059	0.165304
-0.779724	0.445142	9.22777	0.180212
-0.778178	0.437693	8.1499	0.1345
-0.782233	0.437511	9.36284	0.161648
-0.778001	0.437839	8.74597	0.176068
-0.779048	0.436254	8.52447	0.157608
-0.780326	0.43165	8.64037	0.137512
-0.777715	0.443431	9.32194	0.157336
-0.778292	0.443751	8.81378	0.170584
-0.781306	0.437817	8.10888	0.132488
-0.780988	0.439757	9.62653	0.187816
-0.780162	0.462281	9.38004	0.148912
-0.776672	0.431609	8.3811	0.157592
-0.781955	0.448088	9.47004	0.189772
-0.779027	0.457826	9.453	0.16016
-0.780978	0.4651	8.81109	0.138512
-0.776555	0.449017	9.67054	0.139364
-0.77979	0.448896	9.58946	0.178696
-0.782467	0.443544	9.40709	0.158944
-0.742113	0.432554	6.82187	0.114032
-0.73906	0.425586	6.72735	0.112584
-0.74442	0.407301	6.23864	0.116216
-0.746768	0.430637	7.27002	0.121216
-0.741734	0.4124	6.97495	0.128276
-0.741481	0.41582	7.07982	0.123668
-0.744351	0.431171	6.7117	0.096348
-0.745638	0.420168	7.04153	0.135924
-0.75139	0.43427	7.32563	0.133476
-0.742399	0.423722	6.73098	0.150356
-0.74507	0.42734	7.04503	0.151084
-0.743888	0.437473	6.83171	0.120396
-0.747917	0.423456	7.17632	0.139844
-0.746047	0.425933	6.59277	0.107144
-0.743346	0.430454	7.27501	0.13932
-0.745611	0.447887	7.05853	0.13936
-0.746761	0.41375	6.84444	0.13764
-0.745099	0.430281	7.46469	0.150152
-0.743676	0.418852	6.7887	0.101808
-0.739166	0.425309	6.53283	0.110276
-0.746355	0.425687	7.41515	0.16374
-0.743791	0.422152	6.58424	0.104748
-0.74228	0.420503	7.04932	0.133992
-0.746472	0.429374	7.37288	0.142024
-0.745534	0.403998	6.89011	0.166324
-0.745468	0.417234	7.30742	0.129008
-0.744417	0.414086	6.5945	0.106448
-0.744956	0.43151	6.98434	0.133816
-0.743983	0.418954	6.75117	0.13396
-0.74633	0.431996	6.98435	0.143296
-0.743489	0.452852	7.4762	0.16286
-0.74578	0.409902	7.11004	0.1346
-0.741247	0.410551	6.65043	0.112328
-0.73978	0.412563	6.97134	0.146208
-0.742062	0.427123	6.90036	0.128304
-0.747132	0.430285	7.16202	0.13938
-0.741991	0.414365	6.83371	0.107548
-0.743243	0.431223	7.0351	0.10174
-0.745551	0.427627	6.56719	0.115168
-0.747155	0.445291	7.77133	0.150952
-0.745321	0.423891	7.33604	0.143652
-0.744521	0.420356	6.90744	0.140056
-0.74537	0.43615	7.38667	0.15012
-0.743836	0.412354	6.971	0.136996
-0.745151	0.42208	6.95229	0.14034
-0.743383	0.425574	6.51267	0.107168
-0.744544	0.41899	7.12034	0.10158
-0.743468	0.426988	7.13857	0.141812
-0.745028	0.430659	6.81004	0.150192
-0.738669	0.425159	6.97044	0.099444
-0.743204	0.432448	7.30669	0.131824
-0.745178	0.427591	7.06442	0.136508
-0.744638	0.428092	7.42587	0.10628
-0.749044	0.413116	7.53006	0.147016
-0.746916	0.422071	6.88818	0.14262
-0.740029	0.414665	6.71894	0.100244
-0.745603	0.417296	6.30645	0.106168
-0.746611	0.430028	6.62782	0.10294
-0.745623	0.429812	6.92007	0.111152
-0.746795	0.411512	6.9484	0.13374
-0.748278	0.416729	7.15824	0.145896
-0.743975	0.419379	7.0715	0.109936
-0.744343	0.418904	7.23731	0.135936
-0.740146	0.431597	6.53803	0.1097
-0.746263	0.446138	7.4194	0.153556
-0.745595	0.409881	7.16698	0.12216
-0.747658	0.425634	6.6105	0.09892
-0.748576	0.417305	7.3535	0.129224
-0.749321	0.432998	7.60125	0.142068
-0.74147	0.44929	7.0832	0.13268
-0.743058	0.406864	6.98934	0.118496
-0.747468	0.414497	7.13109	0.129396
-0.746173	0.414746	7.11237	0.137464
-0.740451	0.431814	6.58032	0.11096
-0.745962	0.424831	7.20384	0.149696
-0.742869	0.423872	6.91759	0.119468
-0.748418	0.429705	7.45587	0.134908
-0.745659	0.424487	6.64951	0.123336
-0.745698	0.417734	7.02222	0.122904
-0.747099	0.413401	7.11868	0.108572
-0.74711	0.435566	7.3029	0.129512
-0.742279	0.423444	6.64139	0.115156
-0.745558	0.423863	7.50598	0.160692
-0.745285	0.404868	7.22257	0.123456
-0.747084	0.427248	6.82771	0.13702
-0.744168	0.41545	6.92634	0.144788
-0.745196	0.422665	6.90867	0.134608
-0.746686	0.42078	6.99309	0.137492
-0.747126	0.42243	7.61668	0.161516
-0.747337	0.423059	7.24646	0.16804
-0.74167	0.409451	7.02877	0.10348
-0.747189	0.414308	6.90109	0.135472
-0.745523	0.43217	7.087	0.152544
-0.741255	0.422951	6.73093	0.107964
-0.741475	0.441775	7.25618	0.116172
-0.743193	0.430028	6.82131	0.154068
-0.743006	0.436729	6.64987	0.107076
-0.740898	0.4208	6.73095	0.109684
-0.747179	0.431564	7.14147	0.146572
-0.743811	0.415992	7.05155	0.126544
-0.711074	0.399807	5.28121	0.113676
-0.706908	0.399485	5.35729	0.110996
-0.709148	0.396506	5.21903	0.080176
-0.710749	0.401523	5.15783	0.089056
-0.710986	0.401854	5.18232	0.108492
-0.709361	0.403226	5.51875	0.100452
-0.71335	0.395405	5.40117	0.109076
-0.713316	0.406489	5.70466	0.07462
-0.718057	0.395641	5.65622	0.121652
-0.708765	0.402206	5.41927	0.119036
-0.712687	0.385616	5.63496	0.101152
-0.715169	0.399617	5.68059	0.122052
-0.713994	0.399394	5.65983	0.11772
-0.712553	0.403832	5.4771	0.096028
-0.709531	0.407663	5.12312	0.108928
-0.714388	0.418233	5.34148	0.088608
-0.713516	0.397131	5.49619	0.100584
-0.709603	0.393351	5.41512	0.074972
-0.710138	0.393823	5.51675	0.092088
-0.709377	0.400526	5.54005	0.08684
-0.710972	0.397296	5.43838	0.105016
-0.708828	0.399903	5.45663	0.108984
-0.708716	0.412666	5.45922	0.100224
-0.70777	0.39622	4.90064	0.08248
-0.709497	0.384562	5.34862	0.09684
-0.709396	0.397083	5.59856	0.086624
-0.710814	0.388701	5.16227	0.108312
-0.715815	0.410359	6.08812	0.12314
-0.710359	0.386609	5.42826	0.11194
-0.712107	0.427317	5.54074	0.108564
-0.70986	0.401028	5.28648	0.102996
-0.711077	0.392463	5.28556	0.094236
-0.711952	0.406935	5.80144	0.119996
-0.706339	0.394642	5.22357	0.11256
-0.708731	0.405648	5.29159	0.124556
-0.70897	0.409379	5.36243	0.076492
-0.711411	0.39682	5.46036	0.069748
-0.71089	0.386583	5.40085	0.110504
-0.71313	0.408254	5.92184	0.094104
-0.713223	0.410183	5.88879	0.120352
-0.713526	0.41145	5.63738	0.132696
-0.709337	0.401193	5.43515	0.09846
-0.713024	0.395886	5.94246	0.114784
-0.71149	0.401472	5.4187	0.106892
-0.712278	0.391664	5.8034	0.117108
-0.711866	0.403855	5.28068	0.126496
-0.711438	0.399212	5.56819	0.068688
-0.709482	0.405988	5.49956	0.119688
-0.712705	0.394467	5.72964	0.12206
-0.712663	0.399467	5.64139	0.105528
-0.710256	0.398976	5.42387	0.103976
-0.711796	0.405463	5.68883	0.104976
-0.712573	0.401666	5.37828	0.085436
-0.714294	0.387055	5.49911	0.11228
-0.716183	0.426537	6.2051	0.135148
-0.710195	0.4015	5.2732	0.098944
-0.713971	0.388905	5.46445	0.079744
-0.713503	0.405453	5.73746	0.107952
-0.714843	0.410556	5.53552	0.12494
-0.7127	0.385668	5.95016	0.122588
-0.712257	0.413632	5.69145	0.12204
-0.712577	0.402027	5.61094	0.106472
-0.709918	0.396045	5.4579	0.081896
-0.712505	0.389986	5.54955	0.10566
-0.713962	0.400679	5.54321	0.114904
-0.712334	0.392803	5.34424	0.091888
-0.716148	0.412046	5.64327	0.127004
-0.716555	0.41909	6.33578	0.109348
-0.711719	0.400573	5.48307	0.104744
-0.707459	0.39074	5.14935	0.096936
-0.712171	0.405978	5.90162	0.123372
-0.714997	0.387092	5.50159	0.093848
-0.713829	0.405862	5.94101	0.109072
-0.710473	0.405622	5.37085	0.077628
-0.710965	0.397902	5.77102	0.088228
-0.712997	0.391697	5.72378	0.107452
-0.713539	0.411841	5.80824	0.105728
-0.713079	0.399774	5.47231	0.094736
-0.713416	0.393487	5.58606	0.086384
-0.715097	0.382819	5.39319	0.101656
-0.713625	0.389153	5.49437	0.082448
-0.708786	0.390834	5.52857	0.100924
-0.712123	0.394709	5.64715	0.106536
-0.712095	0.396747	5.40666	0.111144
-0.713274	0.388133	5.51597	0.11808
-0.708466	0.407887	5.38975	0.11132
-0.707782	0.393372	5.27456	0.104704
-0.71194	0.404786	5.84883	0.10698
-0.715063	0.389295	5.41042	0.113144
-0.716594	0.391321	5.78351	0.13572
-0.711118	0.389596	5.45001	0.0911
-0.715332	0.398132	5.46282	0.08582
-0.712034	0.407659	5.76074	0.118496
-0.711696	0.413457	5.58304	0.098812
-0.711089	0.423216	5.76037	0.09246
-0.710982	0.412047	5.55863	0.103476
-0.710697	0.416559	5.31441	0.094852
-0.707035	0.389336	5.25112	0.080156
-0.714079	0.398688	5.75707	0.126728
-0.712504	0.392251	5.43517	0.08678
-0.682925	0.386384	4.89479	0.10506
-0.676726	0.38195	4.52965	0.092304
-0.681022	0.37894	4.31913	0.087904
-0.682737	0.386459	4.89108	0.096444
-0.680797	0.390317	4.60589	0.086632
-0.679443	0.375405	4.48596	0.092928
-0.681017	0.390603	4.7383	0.109664
-0.682229	0.367915	4.46586	0.095468
-0.685461	0.38561	4.79365	0.101068
-0.68089	0.376752	4.66812	0.104096
-0.685511	0.377686	4.77524	0.103932
-0.684072	0.375067	4.86806	0.083588
-0.683535	0.373102	4.64249	0.087968
-0.680006	0.380939	4.86635	0.099524
-0.67794	0.379355	4.57495	0.073816
-0.680363	0.382761	4.28194	0.070532
-0.681707	0.366806	4.66409	0.089752
-0.68023	0.362325	4.60687	0.07028
-0.68227	0.372416	4.3855	0.085524
-0.678706	0.379507	4.35898	0.080888
-0.681893	0.380689	4.44715	0.062232
-0.682076	0.378043	4.25681	0.075408
-0.683062	0.374915	4.77566	0.116708
-0.678217	0.388337	4.32477	0.08524
-0.680347	0.383728	4.73866	0.088968
-0.677266	0.372538	4.42604	0.08328
-0.681322	0.375501	4.72003	0.084084
-0.681408	0.382231	4.74177	0.09158
-0.679963	0.35439	4.58793	0.110536
-0.679776	0.375732	4.45437	0.06042
-0.681597	0.379447	4.78329	0.088272
-0.678268	0.381182	4.24436	0.053824
-0.678855	0.365735	4.64491	0.087928
-0.678541	0.371218	4.57281	0.084656
-0.680931	0.374106	4.599	0.089748
-0.68176	0.382646	4.52726	0.089208
-0.683662	0.385649	4.75393	0.093116
-0.682448	0.363851	4.77958	0.079616
-0.684044	0.372678	4.7655	0.100584
-0.683002	0.379874	4.77429	0.11572
-0.683037	0.3713	4.85932	0.101432
-0.680992	0.38367	4.67647	0.078408
-0.682335	0.372498	4.57053	0.082764
-0.679646	0.367236	4.62815	0.082712
-0.679124	0.374188	4.64124	0.094596
-0.679319	0.38176	4.41159	0.092332
-0.680743	0.373058	4.59379	0.086756
-0.681816	0.378468	4.47489	0.082016
-0.683868	0.37982	4.93387	0.09338
-0.681227	0.380631	4.66125	0.088568
-0.678062	0.382493	4.48251	0.085896
-0.683769	0.378658	4.55877	0.076064
-0.68248	0.381174	4.41861	0.07838
-0.682987	0.376993	4.62921	0.09974
-0.681874	0.37811	4.49325	0.090504
-0.680916	0.373184	4.47501	0.077804
-0.681332	0.36758	4.49608	0.087392
-0.67985	0.394722	4.29315	0.071716
-0.680031	0.387828	4.47824	0.092356
-0.685483	0.386459	4.84704	0.111352
-0.680624	0.366252	4.74485	0.099592
-0.679554	0.382954	4.63215	0.096124
-0.681787	0.363513	4.78845	0.10016
-0.683044	0.387204	4.74269	0.095008
-0.678155	0.392334	4.30059	0.080156
-0.684451	0.373078	4.40069	0.092128
-0.681929	0.373082	4.57155	0.092064
-0.68139	0.374234	4.44322	0.070312
-0.678398	0.380749	4.46252	0.081088
-0.67999	0.378498	4.61483	0.084716
-0.684401	0.390419	5.2709	0.105268
-0.683767	0.381613	4.58585	0.082368
-0.682093	0.381949	4.52687	0.087852
-0.678701	0.377956	4.48435	0.075836
-0.682811	0.371703	4.61929	0.076968
-0.679711	0.373233	4.41715	0.074372
-0.681847	0.367142	4.52024	0.098756
-0.68302	0.391439	4.61046	0.080616
-0.684059	0.386208	4.61226	0.08896
-0.685348	0.367068	4.77985	0.09138
-0.683278	0.369851	4.68087	0.085484
-0.680385	0.359706	4.12832	0.094048
-0.679258	0.365818	4.61518	0.080508
-0.684591	0.374382	4.51575	0.089532
-0.68248	0.374909	4.77364	0.101212
-0.676386	0.376781	4.29268	0.076884
-0.678314	0.378539	4.4333	0.0761
-0.679412	0.371302	4.32955	0.066188
-0.681276	0.376592	4.67576	0.091788
-0.682134	0.38759	4.93558	0.115492
-0.680934	0.368486	4.72136	0.056276
-0.682397	0.371564	4.39933	0.064672
-0.683246	0.388487	4.82078	0.10032
-0.680361	0.391784	4.74892	0.089236
-0.683255	0.3974	4.86866	0.084364
-0.68259	0.379278	4.76192	0.086708
-0.679866	0.375546	4.32899	0.07368
-0.679959	0.373547	4.77088	0.103944
-0.682356	0.378573	4.57221	0.092596
-0.680308	0.367095	4.46136	0.0638
-0.653573	0.357139	3.7279	0.074236
-0.649267	0.35589	3.61239	0.070156
-0.652554	0.352745	3.7935	0.069716
-0.651875	0.351942	3.70125	0.069364
-0.649025	0.355347	3.7116	0.070048
-0.654186	0.358602	4.01431	0.081304
-0.651487	0.335801	3.66764	0.071536
-0.6516	0.355487	3.798	0.059204
-0.656083	0.352181	4.02734	0.079352
-0.65286	0.363146	3.88022	0.094576
-0.65238	0.347659	3.89516	0.062584
-0.656002	0.348758	3.80937	0.076116
-0.651242	0.344505	3.91046	0.051684
-0.652678	0.365341	3.96074	0.066324
-0.651046	0.356027	3.68454	0.0679
-0.651863	0.35101	3.72607	0.071552
-0.652457	0.350337	3.61981	0.088836
-0.651207	0.35259	3.79023	0.065544
-0.653281	0.360402	3.69163	0.090064
-0.648034	0.366625	3.87883	0.077304
-0.651208	0.354369	3.61311	0.063624
-0.654451	0.357858	3.99731	0.072952
-0.654056	0.356607	4.00975	0.088404
-0.65115	0.361699	3.75408	0.0739
-0.652637	0.346697	3.69216	0.069864
-0.651439	0.371277	3.92216	0.054372
-0.654503	0.354492	3.9032	0.075532
-0.651176	0.35506	3.73028	0.068812
-0.650786	0.35142	3.78406	0.07612
-0.649867	0.35023	3.75618	0.067332
-0.651646	0.360873	3.71238	0.0767
-0.650552	0.357737	3.73917	0.05882
-0.651864	0.354055	3.86952	0.0812
-0.654157	0.347765	3.7405	0.086248
-0.648626	0.348197	3.46715	0.077304
-0.651853	0.364546	4.07306	0.073068
-0.653606	0.361592	3.72868	0.06148
-0.654934	0.344151	3.78017	0.068304
-0.651868	0.358139	4.17017	0.086216
-0.650257	0.360336	3.80603	0.082872
-0.653982	0.351496	3.86566	0.102696
-0.65141	0.351112	4.09014	0.066888
-0.653717	0.355698	3.8865	0.070668
-0.651663	0.348866	3.75113	0.055148
-0.652173	0.347059	3.89668	0.10584
-0.65209	0.363139	3.90601	0.077716
-0.653437	0.354139	3.6799	0.085428
-0.654837	0.352751	3.81395	0.063868
-0.654178	0.354867	3.71137	0.066896
-0.649841	0.356519	3.9262	0.073664
-0.651175	0.356639	3.63766	0.07674
-0.654833	0.364845	3.86483	0.067264
-0.654105	0.365939	3.82787	0.084832
-0.654308	0.352029	3.81256	0.069804
-0.652464	0.34923	3.83057	0.084412
-0.653543	0.352608	4.03097	0.07756
-0.653609	0.352743	3.72119	0.078036
-0.649463	0.355974	3.51415	0.067164
-0.651175	0.354886	3.90673	0.077556
-0.654072	0.342102	3.74433	0.071196
-0.652876	0.352809	3.77873	0.062192
-0.649828	0.36797	3.82864	0.081824
-0.652259	0.358602	3.68083	0.053352
-0.658699	0.368905	4.32008	0.09416
-0.653439	0.362101	3.86408	0.075528
-0.656367	0.352565	3.90203	0.101952
-0.653966	0.355379	3.99505	0.0915
-0.654828	0.359051	3.90757	0.060224
-0.650321	0.36309	3.98115	0.074444
-0.650344	0.359081	3.79502	0.065184
-0.653132	0.363392	3.78245	0.06298
-0.654236	0.34507	3.96699	0.062224
-0.656985	0.353518	4.00102	0.092044
-0.650682	0.353342	3.81523	0.0689
-0.648932	0.3355	3.67385	0.051816
-0.650384	0.345997	3.50046	0.07802
-0.655917	0.358177	4.02359	0.075044
-0.653732	0.351697	3.8917	0.068984
-0.653397	0.35049	3.86828	0.053052
-0.654172	0.349244	3.80284	0.06738
-0.65543	0.348864	4.14763	0.084724
-0.650781	0.351871	3.76871	0.053472
-0.65248	0.3461	3.96419	0.074804
-0.652074	0.348419	3.72641	0.073692
-0.655146	0.355479	4.05487	0.082876
-0.649097	0.365081	3.71152	0.081248
-0.651649	0.360774	3.69712	0.069672
-0.651612	0.347715	3.75044	0.072176
-0.654172	0.351398	3.93949	0.079004
-0.65442	0.361046	3.91608	0.086208
-0.65331	0.340586	3.63873	0.066704
-0.652945	0.36239	3.84342	0.072044
-0.65441	0.356418	3.9541	0.0577
-0.653	0.354343	3.74415	0.069992
-0.652188	0.36214	3.90971	0.082176
-0.650299	0.34386	3.78679	0.07456
-0.6513	0.342441	3.56817	0.059396
-0.652943	0.345143	4.02062	0.067552
-0.656052	0.34191	3.81864	0.084588
-0.650692	0.350394	3.70301	0.070212
-0.626249	0.338731	3.40378	0.070028
-0.622383	0.330098	3.26194	0.069164
-0.621733	0.338693	2.98402	0.042264
-0.625667	0.333615	3.1975	0.048964
-0.624688	0.330124	3.18217	0.062796
-0.628775	0.319672	3.36924	0.058336
-0.62497	0.328495	3.33256	0.070912
-0.626689	0.331655	3.32381	0.064052
-0.629314	0.327628	3.49264	0.07408
-0.619112	0.325581	3.21125	0.075204
-0.628883	0.333091	3.33095	0.059756
-0.628573	0.33178	3.27035	0.061872
-0.625886	0.328967	3.30321	0.058296
-0.626903	0.339909	3.2942	0.062728
-0.622746	0.332607	3.11572	0.066104
-0.626314	0.329999	3.26636	0.066488
-0.625627	0.328455	3.20121	0.084564
-0.622134	0.330035	3.15209	0.060716
-0.624923	0.327049	3.33804	0.068568
-0.62169	0.344131	3.26125	0.065688
-0.625489	0.325666	3.22493	0.050456
-0.62597	0.334444	3.38606	0.04888
-0.623331	0.330885	3.22223	0.060964
-0.626434	0.336099	3.39496	0.072512
-0.626634	0.339579	3.2891	0.07892
-0.623745	0.339934	3.33701	0.062832
-0.628709	0.335826	3.35881	0.07464
-0.621709	0.320436	3.09827	0.058272
-0.624905	0.33246	3.17839	0.05844
-0.624514	0.325386	3.17434	0.0537
-0.625162	0.331782	3.31952	0.06368
-0.625078	0.339941	3.5313	0.05188
-0.624903	0.339572	3.32578	0.068344
-0.624309	0.3294	3.06726	0.047468
-0.623703	0.337673	3.20278	0.060328
-0.624372	0.337602	3.16185	0.046608
-0.627144	0.319761	3.25904	0.053192
-0.62459	0.325928	3.20645	0.0483
-0.623107	0.33502	3.22625	0.064556
-0.625228	0.335432	3.48364	0.078192
-0.624043	0.330816	3.36578	0.060144
-0.623261	0.338499	3.43853	0.074228
-0.627046	0.328403	3.34886	0.070704
-0.623257	0.340491	3.24123	0.065236
-0.625014	0.324685	3.29963	0.065888
-0.623404	0.339351	3.29693	0.061376
-0.626411	0.331771	3.25592	0.065336
-0.625937	0.338343	3.35317	0.057648
-0.627337	0.339488	3.38106	0.080864
-0.623086	0.327775	3.1845	0.061116
-0.624006	0.327406	3.1774	0.065508
-0.628545	0.347268	3.45545	0.074468
-0.628665	0.335317	3.3584	0.06566
-0.626858	0.343941	3.49562	0.061276
-0.626352	0.326423	3.3856	0.0688
-0.626664	0.333233	3.33663	0.070408
-0.628391	0.324075	3.31916	0.063932
-0.628483	0.345034	3.23046	0.057764
-0.625052	0.333623	3.16254	0.062976
-0.626429	0.325854	3.45101	0.060628
-0.623914	0.331361	3.28228	0.081688
-0.624668	0.328646	3.3968	0.064612
-0.626477	0.325489	3.25274	0.059472
-0.627844	0.334541	3.49757	0.083776
-0.624333	0.331544	3.14529	0.051072
-0.624118	0.323484	3.2054	0.058712
-0.627414	0.321874	3.44467	0.08028
-0.628068	0.336579	3.2456	0.05782
-0.627688	0.33029	3.47681	0.07798
-0.623445	0.340703	3.38952	0.065452
-0.627554	0.333033	3.25015	0.0493
-0.625232	0.328256	3.17219	0.061204
-0.627432	0.325255	3.42021	0.069616
-0.623777	0.325644	3.27505	0.066864
-0.624319	0.315794	3.23576	0.056756
-0.626026	0.330026	3.24746	0.064512
-0.62724	0.329771	3.38315	0.061212
-0.625653	0.324057	3.32809	0.065868
-0.627813	0.331126	3.30629	0.056228
-0.626077	0.321719	3.38141	0.049036
-0.626169	0.328913	3.43738	0.071636
-0.627688	0.32443	3.52387	0.056016
-0.622319	0.328911	3.13201	0.053936
-0.626091	0.325937	3.13542	0.045364
-0.623131	0.323131	3.35823	0.082568
-0.622428	0.339694	3.26052	0.06542
-0.626309	0.322827	3.23834	0.03504
-0.625806	0.320844	3.16017	0.063076
-0.624489	0.33634	3.3001	0.06684
-0.627811	0.334968	3.31917	0.060156
-0.626901	0.331737	3.26604	0.06266
-0.626784	0.332374	3.42315	0.073224
-0.627067	0.336957	3.38322	0.066544
-0.627535	0.326939	3.34933	0.056756
-0.625482	0.335	3.18923	0.054112
-0.627795	0.326926	3.35124	0.071328
-0.626613	0.326232	3.18837	0.07266
-0.623601	0.32892	3.23345	0.062448
-0.629343	0.323479	3.3475	0.054328
-0.626457	0.317338	3.29293	0.051648
-0.599913	0.318832	2.88543	0.063236
-0.601356	0.317411	3.05837	0.073024
-0.595767	0.308628	2.75837	0.04754
-0.600376	0.322404	2.84685	0.033216
-0.598246	0.304478	2.60945	0.04592
-0.604081	0.304913	2.81234	0.051268
-0.59959	0.302425	2.8588	0.064684
-0.601407	0.309416	2.81735	0.052368
-0.602054	0.304492	2.87151	0.062292
-0.600604	0.309975	2.80913	0.049408
-0.601566	0.303488	3.02739	0.049112
-0.601885	0.310657	2.86838	0.066628
-0.598928	0.300117	2.68881	0.050388
-0.601166	0.315979	2.66072	0.042676
-0.597312	0.310167	2.84643	0.048792
-0.602168	0.304795	2.95007	0.062
-0.597672	0.311732	2.9149	0.07482
-0.595958	0.310733	2.82149	0.054684
-0.598221	0.304534	2.67852	0.05666
-0.597392	0.321989	2.79339	0.04322
-0.600465	0.312975	2.77861	0.042468
-0.603324	0.310657	2.99976	0.050596
-0.597085	0.31178	2.8028	0.043868
-0.600945	0.314152	2.89234	0.054064
-0.601923	0.306009	2.85406	0.066948
-0.600652	0.317309	2.852	0.059784
-0.60428	0.311048	3.00489	0.065576
-0.597406	0.304751	2.78912	0.059504
-0.602555	0.31502	3.00285	0.064968
-0.599896	0.304725	2.80171	0.05838
-0.599671	0.312047	2.87314	0.066352
-0.602157	0.313964	2.89815	0.040652
-0.60052	0.313441	2.81396	0.04
-0.599245	0.307395	2.7477	0.042668
-0.599333	0.308126	2.8568	0.055432
-0.598185	0.308217	2.83836	0.050452
-0.602651	0.303666	2.85148	0.040548
-0.600755	0.305785	2.93666	0.06296
-0.597369	0.310362	2.7689	0.055236
-0.600667	0.308962	2.93179	0.063352
-0.602119	0.313005	2.91112	0.076372
-0.600689	0.309051	2.97247	0.067656
-0.601199	0.307602	3.0054	0.06636
-0.599475	0.303676	2.6835	0.04096
-0.601154	0.309659	2.92352	0.071284
-0.597824	0.308399	2.69445	0.06882
-0.598886	0.299904	2.64084	0.050676
-0.599912	0.312115	2.85701	0.064384
-0.604256	0.318238	2.90335	0.0712
-0.59473	0.310955	2.73734	0.054108
-0.598241	0.311669	2.73198	0.063236
-0.602942	0.315569	2.95715	0.056292
-0.6021	0.313558	2.92142	0.068204
-0.600206	0.318044	2.84239	0.057108
-0.602081	0.315539	3.00538	0.070428
-0.600779	0.313552	2.76107	0.067752
-0.605038	0.31056	3.05412	0.06148
-0.602271	0.31321	2.75578	0.052752
-0.599177	0.311021	3.00964	0.04124
-0.601772	0.3082	2.99375	0.055416
-0.600928	0.304574	2.83127	0.0556
-0.599269	0.316334	2.92344	0.057036
-0.601413	0.308415	2.87023	0.058228
-0.598435	0.316839	2.93607	0.071748
-0.599908	0.320184	2.93891	0.055376
-0.599404	0.306948	2.87036	0.047412
-0.602162	0.295552	2.90663	0.060096
-0.602177	0.310979	2.96687	0.057272
-0.599809	0.304207	2.77355	0.049672
-0.600188	0.317186	2.79877	0.049376
-0.599384	0.316126	2.83876	0.059192
-0.600649	0.309728	2.70113	0.060036
-0.600417	0.309772	2.84886	0.054852
-0.597991	0.309575	2.83987	0.052744
-0.599683	0.30694	2.70011	0.037744
-0.599844	0.301638	2.89275	0.069776
-0.601766	0.305713	2.84991	0.04948
-0.601475	0.302204	2.81048	0.061756
-0.600245	0.303479	2.73163	0.056268
-0.601691	0.310561	2.96991	0.06214
-0.601052	0.304177	2.86524	0.062596
-0.599575	0.298025	2.96244	0.059948
-0.598893	0.29982	2.83986	0.069068
-0.601421	0.305321	2.91613	0.06066
-0.599109	0.304274	2.96603	0.047068
-0.598779	0.319273	2.7406	0.051756
-0.599064	0.303787	2.71494	0.023996
-0.59691	0.299621	2.79852	0.05352
-0.599914	0.312735	2.85784	0.05452
-0.603228	0.317135	2.84791	0.065408
-0.60295	0.310473	2.74079	0.051516
-0.603092	0.310959	3.06398	0.066188
-0.59916	0.312642	2.97414	0.06638
-0.599417	0.312369	2.79784	0.049672
-0.599632	0.314006	2.85678	0.05278
-0.601844	0.313777	2.88772	0.053392
-0.600824	0.310369	2.90336	0.056404
-0.5996	0.301508	2.65634	0.054008
-0.604616	0.301948	3.00907	0.069576
-0.600557	0.31095	2.92905	0.05266
-0.577275	0.284595	2.41423	0.048944
-0.57506	0.28715	2.47723	0.043012
-0.573944	0.292328	2.40661	0.050384
-0.579075	0.290925	2.52681	0.035756
-0.574552	0.285461	2.47508	0.045576
-0.577408	0.291983	2.6186	0.037608
-0.574429	0.277797	2.43609	0.043028
-0.575997	0.29338	2.48099	0.058232
-0.575575	0.287827	2.37763	0.05516
-0.574985	0.293069	2.4741	0.056832
-0.576451	0.284365	2.4315	0.04654
-0.578757	0.29286	2.57395	0.058244
-0.578232	0.295459	2.42905	0.040796
-0.57559	0.294027	2.4687	0.035104
-0.573984	0.283399	2.44939	0.05118
-0.578116	0.286327	2.50862	0.052212
-0.57683	0.299003	2.57677	0.054688
-0.572598	0.282487	2.5088	0.043112
-0.577081	0.288704	2.4364	0.058848
-0.572338	0.291024	2.34528	0.032484
-0.57632	0.299895	2.49981	0.040004
-0.577625	0.291597	2.43849	0.049644
-0.573359	0.291519	2.38758	0.049532
-0.574287	0.285543	2.44781	0.025556
-0.577385	0.289354	2.56573	0.054436
-0.576424	0.291957	2.53444	0.05202
-0.578578	0.297862	2.52129	0.066908
-0.574738	0.293263	2.4999	0.056484
-0.579289	0.294931	2.5476	0.049256
-0.576416	0.283556	2.47194	0.057624
-0.576561	0.280769	2.4148	0.052864
-0.577535	0.290922	2.43753	0.036344
-0.575737	0.288069	2.47265	0.050868
-0.575031	0.282566	2.47918	0.048344
-0.577301	0.292653	2.45657	0.053044
-0.575744	0.282841	2.4432	0.042376
-0.577615	0.282769	2.3753	0.035136
-0.578685	0.281266	2.58904	0.05184
-0.575437	0.296744	2.51892	0.040652
-0.573801	0.292284	2.42092	0.04326
-0.578939	0.292034	2.5499	0.065756
-0.575495	0.290413	2.38421	0.055544
-0.577897	0.293283	2.48448	0.054856
-0.576168	0.283457	2.45479	0.044404
-0.575234	0.28622	2.46845	0.056476
-0.572864	0.293811	2.46014	0.04798
-0.576075	0.289584	2.5191	0.046164
-0.579011	0.279894	2.52296	0.060552
-0.576925	0.285681	2.41084	0.042232
-0.572141	0.292844	2.51793	0.048252
-0.578897	0.296279	2.61757	0.054468
-0.58018	0.295342	2.54498	0.057788
-0.574212	0.297035	2.49689	0.047392
-0.579124	0.298831	2.60151	0.069008
-0.578253	0.280806	2.45271	0.032232
-0.578047	0.287919	2.51502	0.057164
-0.57826	0.287372	2.54283	0.049404
-0.577622	0.288173	2.42694	0.050276
-0.5765	0.292995	2.54239	0.04582
-0.578409	0.290438	2.52276	0.03564
-0.576104	0.283828	2.42491	0.049212
-0.573605	0.292205	2.58555	0.058268
-0.577866	0.292174	2.41804	0.041688
-0.576196	0.295502	2.62454	0.050184
-0.575392	0.29397	2.48119	0.044824
-0.580913	0.289622	2.64239	0.048472
-0.578193	0.283605	2.55209	0.051632
-0.576243	0.289218	2.51274	0.042956
-0.57568	0.295487	2.47754	0.0532
-0.576528	0.286621	2.35024	0.051592
-0.57708	0.29397	2.34791	0.034024
-0.576935	0.293292	2.4688	0.049968
-0.578241	0.288738	2.51168	0.036448
-0.578388	0.29697	2.53585	0.058604
-0.577705	0.288882	2.56006	0.05566
-0.572803	0.29202	2.36033	0.03856
-0.576411	0.285761	2.50291	0.044552
-0.578324	0.296125	2.57095	0.052576
-0.577496	0.289257	2.43362	0.051224
-0.576513	0.289201	2.32203	0.046864
-0.579871	0.292919	2.65428	0.061968
-0.576228	0.279497	2.48266	0.03902
-0.578575	0.283236	2.50386	0.065572
-0.57562	0.28628	2.40975	0.051796
-0.576734	0.285394	2.49352	0.06032
-0.575293	0.296724	2.45239	0.052252
-0.576749	0.288379	2.44439	0.03064
-0.574209	0.28407	2.45122	0.043252
-0.575609	0.286457	2.39721	0.043228
-0.576153	0.295956	2.49197	0.05764
-0.579066	0.286828	2.5603	0.053688
-0.578676	0.298482	2.53262	0.061424
-0.575338	0.284841	2.50085	0.048884
-0.578255	0.289016	2.47924	0.041528
-0.578863	0.299619	2.41952	0.04914
-0.579275	0.296894	2.49194	0.045372
-0.574715	0.282664	2.47971	0.042156
-0.577792	0.2863	2.52492	0.054396
-0.579956	0.286386	2.51233	0.050208
-0.577746	0.28788	2.49005	0.04932
-0.555291	0.271788	2.28578	0.056968
-0.553109	0.263225	2.14548	0.019456
-0.552735	0.276525	2.18357	0.05114
-0.555529	0.271907	2.1628	0.032032
-0.552541	0.273483	2.18298	0.044672
-0.554542	0.275582	2.18557	0.047512
-0.552033	0.26648	2.14962	0.036068
-0.554798	0.276376	2.19922	0.045908
-0.552646	0.263744	2.18356	0.041476
-0.553393	0.275633	2.27948	0.038448
-0.554975	0.27105	2.22603	0.037928
-0.55518	0.280143	2.23389	0.036224
-0.554994	0.273956	2.24541	0.039316
-0.554488	0.26955	2.18993	0.044816
-0.552457	0.270918	2.10875	0.032852
-0.556947	0.263688	2.26358	0.03896
-0.553753	0.27602	2.25467	0.059244
-0.551416	0.272444	2.2159	0.043576
-0.555823	0.270992	2.15882	0.049572
-0.552562	0.274537	2.16116	0.04368
-0.552892	0.274304	2.30384	0.0462
-0.55662	0.274536	2.26789	0.041808
-0.552453	0.266822	2.20688	0.040632
-0.553731	0.271736	2.21369	0.039756
-0.554321	0.270835	2.36436	0.04204
-0.552416	0.282579	2.22245	0.052008
-0.554177	0.276522	2.22021	0.049664
-0.550566	0.263675	2.13826	0.03828
-0.55613	0.278665	2.19285	0.0489
-0.553364	0.266779	2.20443	0.048216
-0.552071	0.26466	2.24865	0.03994
-0.553958	0.273314	2.17839	0.028292
-0.55281	0.269331	2.24015	0.051716
-0.553964	0.274192	2.22835	0.046616
-0.552277	0.272074	2.22119	0.048264
-0.553179	0.276867	2.2791	0.038948
-0.554068	0.270441	2.24565	0.035812
-0.555782	0.264111	2.17557	0.04232
-0.552601	0.271461	2.18267	0.042068
-0.553652	0.270091	2.24422	0.047016
-0.553254	0.277141	2.18181	0.055892
-0.552972	0.274667	2.26265	0.04578
-0.555365	0.269966	2.26476	0.044628
-0.553405	0.263117	2.2385	0.031072
-0.556472	0.275492	2.18978	0.039592
-0.550004	0.274644	2.26798	0.044588
-0.554242	0.269349	2.26941	0.036508
-0.555817	0.267823	2.28812	0.053656
-0.556693	0.271834	2.13541	0.057844
-0.550235	0.272041	2.15661	0.06016
-0.555129	0.273562	2.18616	0.051244
-0.558079	0.27435	2.35562	0.04834
-0.552015	0.278709	2.19516	0.042748
-0.554264	0.280086	2.33479	0.057608
-0.556601	0.270623	2.27899	0.054468
-0.555773	0.267886	2.19396	0.048272
-0.553835	0.265753	2.21851	0.04494
-0.55418	0.273508	2.24439	0.050604
-0.551025	0.272019	2.15824	0.032044
-0.555868	0.272011	2.20697	0.04698
-0.554203	0.269022	2.22561	0.052956
-0.554218	0.266108	2.29026	0.047324
-0.555846	0.275368	2.21623	0.033892
-0.552048	0.281107	2.26616	0.0432
-0.553074	0.273986	2.1128	0.024512
-0.555506	0.271461	2.17747	0.035304
-0.554022	0.261324	2.18206	0.0395
-0.55308	0.270806	2.30778	0.042808
-0.554092	0.273243	2.25797	0.057816
-0.55264	0.277233	2.21305	0.029188
-0.554463	0.271712	2.1354	0.03356
-0.553122	0.272801	2.18306	0.0309
-0.555596	0.272108	2.25845	0.043816
-0.554054	0.268228	2.21567	0.044288
-0.554428	0.267101	2.23411	0.05298
-0.554364	0.270271	2.15156	0.03538
-0.552355	0.261407	2.23381	0.047748
-0.554069	0.269482	2.20442	0.039072
-0.556361	0.273892	2.34658	0.05006
-0.556781	0.26946	2.30031	0.037436
-0.556713	0.271507	2.28567	0.044436
-0.555402	0.265322	2.25631	0.046896
-0.555183	0.271184	2.21903	0.039564
-0.554427	0.266516	2.15604	0.035344
-0.555485	0.268969	2.16807	0.046644
-0.553626	0.276731	2.21974	0.048896
-0.554937	0.269554	2.26822	0.032044
-0.551576	0.269009	2.24257	0.029608
-0.552526	0.272455	2.18642	0.043108
-0.555685	0.271218	2.16574	0.046656
-0.556759	0.270668	2.1142	0.044732
-0.555655	0.277214	2.26167	0.046348
-0.554727	0.264373	2.20306	0.045968
-0.552775	0.273907	2.16506	0.04116
-0.555111	0.277568	2.15	0.039548
-0.556691	0.275672	2.15874	0.034152
-0.553584	0.269036	2.23347	0.035196
-0.553504	0.270311	2.33548	0.047176
-0.556274	0.265972	2.20476	0.040912
-0.554621	0.271536	2.21278	0.043472
-0.533134	0.258296	1.91586	0.035116
-0.534322	0.256172	2.01289	0.033284
-0.533166	0.259491	1.97557	0.027108
-0.534823	0.257423	1.88874	0.032372
-0.53388	0.25244	1.99685	0.0432
-0.534122	0.265847	1.9681	0.03688
-0.531583	0.246044	1.93943	0.039528
-0.532192	0.264314	1.98458	0.045984
-0.531846	0.248846	1.94334	0.039912
-0.531211	0.255842	1.9594	0.033352
-0.533994	0.256359	1.97189	0.0413
-0.534878	0.258123	2.02614	0.02712
-0.533956	0.252979	1.88031	0.033004
-0.532235	0.25564	1.93185	0.043328
-0.530593	0.25059	1.97156	0.044056
-0.535615	0.247581	2.02662	0.043152
-0.533248	0.2671	2.05489	0.052016
-0.53077	0.25637	1.93831	0.042904
-0.538031	0.2519	2.10767	0.040756
-0.53283	0.259238	1.95137	0.033524
-0.533018	0.253694	2.03023	0.039276
-0.53449	0.251109	2.01281	0.04128
-0.531096	0.250359	1.9692	0.034408
-0.534033	0.255096	2.05263	0.030852
-0.533414	0.247459	1.90374	0.02872
-0.532302	0.258429	2.00374	0.041888
-0.532961	0.254649	1.87937	0.044848
-0.531631	0.249357	1.91739	0.041132
-0.534837	0.25299	1.92821	0.038664
-0.53158	0.254423	1.96658	0.036616
-0.534194	0.250035	1.90252	0.046896
-0.534384	0.264279	2.00654	0.033988
-0.534613	0.245005	2.0089	0.050236
-0.533534	0.246547	2.011	0.033112
-0.533014	0.256664	1.97791	0.04388
-0.529096	0.256504	1.94419	0.028792
-0.534984	0.25756	1.99089	0.043204
-0.534942	0.250155	2.04312	0.04428
-0.535932	0.248271	1.93677	0.028976
-0.531587	0.250758	1.97503	0.03016
-0.533797	0.263297	2.04166	0.045068
-0.528952	0.250094	1.95073	0.050416
-0.532154	0.253109	1.95169	0.024092
-0.53375	0.256243	1.89344	0.038292
-0.533908	0.252592	1.92154	0.045384
-0.533318	0.254123	2.00073	0.041476
-0.53211	0.252643	1.97231	0.031124
-0.533707	0.252207	1.9807	0.036952
-0.535067	0.254272	2.05291	0.054168
-0.531839	0.256401	1.98391	0.053144
-0.535219	0.256058	2.02505	0.042156
-0.535916	0.254898	2.02426	0.035776
-0.534129	0.256654	1.964	0.03724
-0.533011	0.252882	1.98901	0.03936
-0.536534	0.256234	2.02613	0.032276
-0.533898	0.246138	1.93822	0.035708
-0.537289	0.253662	2.09671	0.041628
-0.534623	0.250875	2.05028	0.045164
-0.532273	0.251907	1.92151	0.029672
-0.535683	0.253805	1.99933	0.035364
-0.535335	0.254916	2.11537	0.042352
-0.534113	0.254019	2.0148	0.039268
-0.535866	0.254105	2.01769	0.03288
-0.53178	0.256466	1.99151	0.044996
-0.533955	0.259427	1.9984	0.033356
-0.534311	0.259358	2.0612	0.040756
-0.532818	0.254791	1.97436	0.032908
-0.534445	0.255342	1.97243	0.037044
-0.532656	0.24966	2.00328	0.035616
-0.533209	0.252921	2.00435	0.024828
-0.537381	0.258325	2.03327	0.040248
-0.533327	0.256917	2.00402	0.050356
-0.532718	0.252416	1.90505	0.033488
-0.532615	0.25447	2.0254	0.055532
-0.532612	0.250914	1.98334	0.040192
-0.534282	0.258919	2.00687	0.042496
-0.533823	0.2536	1.91859	0.048368
-0.535639	0.252452	2.03935	0.047968
-0.533986	0.249479	1.97564	0.037316
-0.536394	0.24871	2.04465	0.04492
-0.535123	0.24994	1.977	0.050132
-0.534708	0.245073	2.01991	0.040184
-0.53552	0.257573	2.05702	0.044788
-0.534308	0.250028	1.93919	0.031824
-0.533994	0.246178	2.00849	0.041292
-0.532406	0.255566	1.83474	0.026308
-0.533925	0.254526	1.97904	0.038268
-0.532293	0.250371	1.97295	0.038636
-0.532191	0.25675	1.92707	0.033168
-0.535403	0.253015	1.99941	0.04134
-0.534606	0.250275	1.96171	0.038308
-0.536107	0.266069	2.08928	0.040172
-0.533702	0.255572	1.9719	0.022288
-0.532632	0.248091	2.01637	0.041196
-0.534603	0.261941	1.95559	0.032556
-0.535159	0.25424	2.07276	0.041536
-0.535001	0.252519	2.04864	0.040452
-0.53296	0.253884	2.03576	0.047588
-0.535918	0.243062	1.92325	0.050276
-0.533522	0.255091	1.98023	0.026124
-0.514111	0.238772	1.79328	0.040368
-0.514383	0.240018	1.83491	0.023156
-0.514175	0.239343	1.86242	0.052764
-0.515144	0.243289	1.76868	0.028384
-0.516426	0.243076	1.81684	0.045688
-0.513569	0.242872	1.76621	0.029248
-0.513716	0.229679	1.74661	0.031004
-0.512028	0.233891	1.78978	0.024212
-0.515204	0.232454	1.79787	0.033016
-0.516376	0.240877	1.74364	0.024392
-0.511962	0.239168	1.78732	0.027316
-0.515059	0.245916	1.75775	0.032572
-0.51353	0.237803	1.80565	0.043704
-0.516614	0.238305	1.7885	0.035524
-0.511816	0.234903	1.73751	0.03558
-0.513703	0.239892	1.78496	0.036332
-0.514776	0.246069	1.79276	0.040004
-0.513646	0.243195	1.7985	0.036708
-0.518265	0.23579	1.84143	0.04244
-0.512998	0.241027	1.77282	0.034284
-0.514302	0.236757	1.79082	0.01952
-0.517766	0.238913	1.86068	0.041484
-0.511045	0.233608	1.78668	0.028264
-0.514804	0.229404	1.75983	0.033384
-0.514028	0.235989	1.88125	0.033784
-0.511909	0.249026	1.76983	0.030664
-0.514769	0.236068	1.7871	0.03884
-0.511885	0.230477	1.77425	0.04064
-0.513928	0.237636	1.78195	0.033212
-0.511361	0.241282	1.7199	0.03324
-0.514905	0.237478	1.81588	0.044072
-0.512649	0.238252	1.77841	0.02726
-0.512859	0.235868	1.75017	0.034544
-0.515312	0.233989	1.80354	0.035588
-0.514228	0.23764	1.79255	0.044196
-0.511878	0.23765	1.85709	0.042676
-0.514088	0.237926	1.76467	0.046784
-0.516407	0.238615	1.72292	0.036364
-0.514723	0.237697	1.81941	0.02896
-0.511964	0.23696	1.70587	0.032592
-0.514814	0.236671	1.80849	0.036324
-0.514191	0.23762	1.79776	0.035972
-0.51415	0.234533	1.79875	0.039112
-0.513031	0.235892	1.87183	0.039956
-0.512478	0.235799	1.79699	0.031104
-0.513436	0.237058	1.75576	0.034992
-0.511551	0.235886	1.84721	0.026752
-0.513492	0.238468	1.81644	0.030204
-0.514025	0.235318	1.70882	0.040044
-0.51174	0.237714	1.8717	0.0482
-0.515683	0.246918	1.80698	0.030528
-0.518832	0.238676	1.95126	0.0552
-0.51707	0.246948	1.83101	0.034324
-0.51625	0.244268	1.79042	0.0509
-0.51416	0.236457	1.74085	0.026388
-0.513991	0.236856	1.80981	0.03436
-0.51533	0.233694	1.7562	0.032084
-0.51516	0.237098	1.78183	0.03922
-0.512045	0.237678	1.77258	0.030248
-0.516568	0.237613	1.84701	0.04042
-0.515462	0.238367	1.77899	0.036676
-0.513145	0.236172	1.7487	0.030432
-0.518117	0.237573	1.8228	0.03986
-0.512736	0.238329	1.83201	0.030788
-0.512988	0.240924	1.76636	0.0246
-0.513816	0.248449	1.76745	0.026376
-0.514353	0.237513	1.80439	0.032068
-0.514848	0.237757	1.81273	0.036376
-0.512918	0.244281	1.75515	0.03668
-0.516527	0.238223	1.77665	0.03276
-0.517167	0.237382	1.86985	0.03516
-0.513293	0.242034	1.84328	0.03944
-0.512956	0.23865	1.78723	0.037784
-0.513088	0.23865	1.78074	0.03282
-0.513204	0.237435	1.89089	0.0394
-0.514757	0.238218	1.80198	0.019048
-0.515624	0.2393	1.81643	0.036412
-0.514479	0.235297	1.79801	0.01914
-0.51324	0.236878	1.82207	0.032376
-0.51615	0.229552	1.81405	0.03272
-0.514273	0.237272	1.79335	0.038452
-0.516684	0.237173	1.84783	0.04102
-0.514777	0.241395	1.79597	0.033268
-0.513358	0.2378	1.75804	0.0371
-0.512741	0.233192	1.86036	0.046228
-0.513271	0.242521	1.8452	0.044748
-0.514001	0.241996	1.81081	0.03084
-0.512273	0.238763	1.85206	0.030856
-0.515265	0.237473	1.83314	0.024868
-0.515021	0.243374	1.8422	0.044248
-0.513773	0.236398	1.78857	0.034648
-0.515254	0.245959	1.82516	0.039896
-0.516383	0.238235	1.82032	0.031128
-0.512109	0.231578	1.80842	0.029432
-0.512981	0.236344	1.82263	0.037468
-0.517746	0.237926	1.78413	0.031716
-0.516356	0.236252	1.84909	0.034976
-0.513817	0.24004	1.78472	0.035228
-0.51654	0.23323	1.93393	0.045796
-0.514194	0.240066	1.82249	0.030108
-0.496646	0.224225	1.64264	0.027488
-0.495472	0.226831	1.68012	0.022396
-0.495854	0.226446	1.63802	0.045092
-0.497377	0.225693	1.60727	0.03084
-0.497391	0.224592	1.63776	0.027156
-0.495628	0.228353	1.72295	0.026996
-0.495232	0.220346	1.61085	0.031176
-0.494439	0.225519	1.64587	0.027552
-0.496279	0.224579	1.67871	0.03196
-0.494556	0.218553	1.62775	0.028184
-0.495889	0.231104	1.68952	0.033672
-0.495758	0.22474	1.60571	0.033108
-0.495777	0.222477	1.61385	0.034044
-0.498498	0.223119	1.64032	0.028912
-0.492688	0.220393	1.57135	0.02678
-0.495772	0.219345	1.62973	0.0218
-0.494732	0.230529	1.61116	0.030992
-0.494515	0.221528	1.62823	0.036144
-0.498224	0.218944	1.68722	0.035604
-0.493088	0.223239	1.58586	0.025608
-0.49622	0.223278	1.64375	0.02622
-0.496983	0.223191	1.59392	0.028728
-0.492694	0.221032	1.6045	0.023896
-0.497131	0.219455	1.62442	0.024132
-0.496276	0.224399	1.67756	0.020188
-0.494484	0.232866	1.60637	0.039384
-0.496172	0.225257	1.63366	0.036604
-0.493857	0.222376	1.60019	0.033672
-0.497595	0.221101	1.66005	0.03496
-0.49441	0.22728	1.54827	0.030912
-0.49562	0.22399	1.63251	0.038604
-0.493044	0.231239	1.61231	0.03018
-0.494305	0.218936	1.67954	0.03004
-0.495823	0.218433	1.652	0.033144
-0.493545	0.220411	1.62728	0.035652
-0.493376	0.226577	1.61929	0.02958
-0.496051	0.220479	1.62771	0.032528
-0.497933	0.22743	1.70198	0.043044
-0.495955	0.217999	1.61275	0.03096
-0.495734	0.22415	1.57993	0.0271
-0.499608	0.226681	1.73235	0.033984
-0.494515	0.219169	1.61503	0.020532
-0.496378	0.223751	1.58496	0.0329
-0.493816	0.220065	1.57511	0.029576
-0.498376	0.219606	1.64048	0.03162
-0.494248	0.219955	1.68357	0.024824
-0.494652	0.227997	1.61793	0.030996
-0.495726	0.221014	1.66899	0.033508
-0.495722	0.219364	1.70233	0.033684
-0.492379	0.22182	1.66573	0.039368
-0.495335	0.222428	1.57657	0.033972
-0.49874	0.219959	1.60682	0.041784
-0.497162	0.223693	1.6032	0.0269
-0.498257	0.231036	1.59417	0.039636
-0.496477	0.221493	1.64305	0.031836
-0.495754	0.22268	1.64775	0.026508
-0.49678	0.221944	1.63277	0.036624
-0.497354	0.226647	1.61969	0.033696
-0.494	0.22261	1.59463	0.030784
-0.497823	0.22271	1.68595	0.043544
-0.497441	0.2198	1.66986	0.035644
-0.495826	0.227172	1.65549	0.034124
-0.497566	0.229048	1.71178	0.043524
-0.495344	0.225012	1.61022	0.038024
-0.493354	0.226831	1.60309	0.0117
-0.494631	0.227486	1.60901	0.03714
-0.494817	0.219439	1.53693	0.032444
-0.495263	0.222686	1.62402	0.032772
-0.498464	0.225408	1.74372	0.034788
-0.496346	0.225551	1.68583	0.0461
-0.497161	0.22728	1.63634	0.035632
-0.494427	0.228434	1.66297	0.030572
-0.494657	0.224822	1.66874	0.031236
-0.49576	0.223254	1.69085	0.033592
-0.495082	0.224559	1.63802	0.040924
-0.499738	0.220244	1.63425	0.020904
-0.498913	0.226638	1.69905	0.038852
-0.493495	0.22817	1.65089	0.026772
-0.497886	0.219879	1.62944	0.031524
-0.500338	0.219613	1.66273	0.01968
-0.496031	0.218107	1.58999	0.031152
-0.497698	0.227524	1.7167	0.024524
-0.499108	0.227241	1.61511	0.036612
-0.495035	0.222697	1.6315	0.037736
-0.499152	0.21807	1.61848	0.03002
-0.495748	0.22514	1.63427	0.039016
-0.494956	0.225327	1.64665	0.03738
-0.494333	0.225996	1.60425	0.030252
-0.496138	0.224715	1.70411	0.024516
-0.495402	0.2223	1.66641	0.03332
-0.498185	0.222001	1.64689	0.040032
-0.497118	0.226932	1.64504	0.035516
-0.497458	0.217679	1.62963	0.030092
-0.494477	0.22762	1.65411	0.024636
-0.497407	0.222763	1.65759	0.037948
-0.499708	0.223181	1.64224	0.027808
-0.496552	0.218978	1.63831	0.034808
-0.498268	0.223035	1.64628	0.046208
-0.498294	0.216489	1.61303	0.03588
-0.495233	0.225455	1.63957	0.030872
-0.477225	0.202768	1.48001	0.029252
-0.480379	0.21596	1.45957	0.029348
-0.476736	0.215152	1.462	0.04118
-0.4822	0.209072	1.4897	0.023588
-0.479981	0.21	1.48503	0.029828
-0.483174	0.212525	1.53866	0.030688
-0.476965	0.20858	1.51497	0.031436
-0.478436	0.211096	1.52067	0.027
-0.479236	0.208652	1.54137	0.03502
-0.477749	0.21629	1.50038	0.022252
-0.476654	0.210291	1.44078	0.028696
-0.48039	0.209951	1.48942	0.029876
-0.4813	0.20969	1.51678	0.027012
-0.477526	0.209702	1.49421	0.02592
-0.476044	0.213661	1.49449	0.030584
-0.479048	0.209163	1.54423	0.032016
-0.475795	0.218805	1.48283	0.035328
-0.476136	0.207024	1.48198	0.026796
-0.480819	0.206476	1.53006	0.02736
-0.47733	0.213189	1.48839	0.031316
-0.478846	0.215257	1.44495	0.033124
-0.480765	0.209272	1.53711	0.03266
-0.476644	0.207501	1.45479	0.025396
-0.480334	0.208474	1.49927	0.023096
-0.476846	0.21311	1.45235	0.027108
-0.477487	0.215479	1.49724	0.020772
-0.47712	0.210887	1.46538	0.03078
-0.47667	0.209852	1.41854	0.0175
-0.479009	0.207759	1.53882	0.034064
-0.478607	0.209662	1.46421	0.032764
-0.479411	0.213452	1.50346	0.036556
-0.477528	0.21422	1.43511	0.03038
-0.47699	0.205423	1.47707	0.02432
-0.480058	0.206407	1.49399	0.031716
-0.477546	0.20688	1.52022	0.035308
-0.476852	0.211859	1.50072	0.038196
-0.481294	0.211279	1.50866	0.028324
-0.481227	0.209747	1.52105	0.034556
-0.479771	0.21016	1.45845	0.024972
-0.478668	0.209134	1.49603	0.035016
-0.480578	0.204891	1.48417	0.030492
-0.475936	0.209138	1.43499	0.031616
-0.478858	0.207169	1.50196	0.03728
-0.478898	0.208436	1.51003	0.024908
-0.479954	0.207643	1.512	0.023696
-0.475975	0.205813	1.48459	0.028348
-0.477835	0.209856	1.40138	0.023736
-0.47837	0.20881	1.46019	0.033716
-0.478278	0.206143	1.50392	0.029916
-0.47675	0.208278	1.49543	0.040276
-0.478447	0.211304	1.50685	0.035568
-0.478517	0.205719	1.49811	0.031068
-0.481133	0.207615	1.50774	0.024656
-0.480483	0.214898	1.5128	0.030564
-0.477957	0.213714	1.52049	0.027832
-0.479681	0.208444	1.52425	0.032056
-0.47895	0.203717	1.46276	0.021516
-0.480773	0.206061	1.51411	0.036656
-0.477865	0.207993	1.45354	0.032072
-0.481698	0.206239	1.5454	0.031676
-0.478358	0.207031	1.47508	0.030308
-0.48088	0.212684	1.58643	0.036804
-0.481398	0.209787	1.54134	0.02748
-0.477338	0.21386	1.50977	0.0361
-0.479524	0.211515	1.4515	0.028996
-0.480029	0.213323	1.51132	0.022248
-0.479515	0.20889	1.51625	0.034528
-0.479308	0.208359	1.42008	0.030212
-0.480286	0.211368	1.54532	0.025476
-0.479609	0.213152	1.53091	0.03846
-0.47919	0.214369	1.52209	0.034696
-0.478378	0.212501	1.46289	0.028092
-0.478183	0.207166	1.54936	0.03594
-0.477041	0.208145	1.52877	0.027656
-0.478835	0.209165	1.49785	0.033768
-0.483695	0.208804	1.54121	0.025568
-0.481629	0.213424	1.54369	0.030652
-0.477899	0.214861	1.54322	0.022156
-0.479707	0.207031	1.52128	0.032972
-0.480986	0.203102	1.54679	0.026888
-0.478386	0.209355	1.50233	0.019276
-0.479669	0.215019	1.50729	0.025844
-0.481455	0.217178	1.50482	0.02994
-0.477651	0.215628	1.45053	0.033768
-0.479662	0.213201	1.53015	0.0331
-0.477756	0.210474	1.5226	0.034976
-0.477196	0.21613	1.46575	0.030188
-0.477279	0.208677	1.47216	0.02994
-0.479689	0.207119	1.4588	0.016072
-0.478511	0.212955	1.53547	0.042332
-0.480061	0.204417	1.50465	0.027868
-0.479536	0.211999	1.55596	0.030384
-0.478546	0.205753	1.49106	0.030484
-0.478685	0.206787	1.47547	0.031852
-0.478956	0.211924	1.48915	0.03178
-0.481444	0.208212	1.52115	0.022976
-0.476765	0.209361	1.50908	0.031432
-0.48011	0.208535	1.53331	0.031516
-0.479137	0.20481	1.51955	0.02484
-0.480102	0.214706	1.48503	0.0359
-0.461378	0.193293	1.376	0.026092
-0.461838	0.200189	1.33979	0.026312
-0.459709	0.20242	1.34427	0.032656
-0.463957	0.197698	1.37802	0.011828
-0.462651	0.195358	1.4061	0.024944
-0.464931	0.199655	1.406	0.028544
-0.462204	0.19983	1.38862	0.026584
-0.461918	0.198238	1.41026	0.0331
-0.463215	0.195301	1.4257	0.037952
-0.461895	0.199154	1.41279	0.03276
-0.462148	0.202553	1.41194	0.022212
-0.464104	0.201518	1.43512	0.031984
-0.463641	0.192673	1.35071	0.022472
-0.461091	0.196924	1.40426	0.027336
-0.460873	0.199611	1.3534	0.030472
-0.463956	0.196107	1.3568	0.027812
-0.4603	0.205621	1.42271	0.02502
-0.463277	0.195506	1.42754	0.037032
-0.462289	0.193245	1.32527	0.020468
-0.459929	0.196741	1.38	0.03124
-0.464991	0.199858	1.43202	0.023528
-0.464312	0.195644	1.34931	0.031592
-0.459526	0.192093	1.34371	0.015508
-0.463822	0.192969	1.3405	0.030312
-0.46219	0.197435	1.39322	0.02072
-0.46186	0.204181	1.3495	0.027412
-0.460768	0.195591	1.34661	0.027624
-0.461676	0.19662	1.3586	0.026612
-0.463119	0.1964	1.39024	0.02754
-0.461154	0.196394	1.36972	0.028084
-0.461555	0.198761	1.40466	0.020552
-0.461512	0.196558	1.3468	0.025188
-0.461734	0.196128	1.37981	0.040304
-0.462059	0.19352	1.35724	0.024152
-0.460567	0.192879	1.34424	0.02314
-0.461928	0.196296	1.40108	0.026788
-0.465135	0.201581	1.39637	0.029972
-0.464142	0.195925	1.42401	0.035876
-0.464384	0.200689	1.35544	0.025184
-0.460683	0.197394	1.30153	0.026552
-0.463994	0.196847	1.45053	0.032916
-0.461763	0.199271	1.38266	0.027744
-0.462094	0.195469	1.32815	0.025896
-0.463792	0.193338	1.35304	0.022016
-0.463899	0.194933	1.38768	0.024932
-0.46023	0.200145	1.35853	0.019484
-0.461873	0.199524	1.37232	0.018828
-0.462298	0.198221	1.40108	0.031276
-0.460634	0.195455	1.38419	0.029684
-0.458541	0.193119	1.35244	0.036668
-0.460866	0.203357	1.43248	0.031316
-0.463207	0.193008	1.36474	0.037968
-0.462698	0.196397	1.31172	0.023284
-0.462414	0.194333	1.36473	0.030312
-0.462876	0.197155	1.35756	0.0286
-0.461863	0.189713	1.3648	0.016756
-0.462094	0.199125	1.37561	0.025908
-0.461716	0.198125	1.3509	0.023824
-0.461271	0.200778	1.40782	0.028748
-0.463994	0.195371	1.35457	0.0169
-0.464432	0.200951	1.3778	0.031988
-0.461623	0.196075	1.3747	0.02794
-0.463961	0.194746	1.39484	0.034052
-0.463517	0.200768	1.42759	0.032628
-0.462984	0.198191	1.40474	0.033576
-0.462846	0.204405	1.37214	0.0227
-0.463951	0.195091	1.35132	0.028328
-0.464573	0.195948	1.3832	0.027052
-0.462199	0.195586	1.35059	0.02316
-0.462909	0.196861	1.37994	0.024232
-0.463183	0.19743	1.3913	0.03996
-0.463517	0.196065	1.38396	0.02224
-0.459682	0.194538	1.34272	0.02772
-0.462104	0.193812	1.38149	0.02482
-0.461676	0.1991	1.36154	0.030192
-0.466817	0.195803	1.4232	0.029628
-0.465895	0.1982	1.3549	0.03194
-0.460527	0.198767	1.35076	0.023964
-0.462839	0.197403	1.36604	0.025972
-0.46363	0.195245	1.37451	0.026324
-0.461834	0.195392	1.37984	0.031324
-0.4652	0.196926	1.37161	0.022784
-0.463671	0.203324	1.37681	0.023568
-0.459785	0.19787	1.29339	0.017244
-0.463604	0.199881	1.40847	0.028616
-0.464536	0.196176	1.35784	0.030384
-0.461715	0.197399	1.35151	0.026952
-0.461111	0.200025	1.34996	0.033164
-0.464126	0.193628	1.36461	0.025112
-0.464308	0.202865	1.40584	0.031008
-0.46487	0.195214	1.37652	0.031916
-0.462593	0.20034	1.38453	0.019672
-0.462045	0.195789	1.39816	0.023468
-0.463443	0.195768	1.34508	0.021764
-0.465054	0.200931	1.40029	0.024292
-0.46495	0.199301	1.38363	0.029084
-0.46235	0.197635	1.35552	0.03028
-0.464085	0.195898	1.40901	0.030268
-0.463205	0.193893	1.35884	0.026228
-0.461862	0.206259	1.39232	0.036304
