-7.84025	1.1898	0.793197	-6.65046
-7.80132	1.15475	0.769832	-6.64657
-7.72916	1.09587	0.730577	-6.63329
-7.63028	1.01512	0.676746	-6.61516
-7.52102	0.915578	0.610385	-6.60544
-7.39843	0.802059	0.534706	-6.59638
-7.27159	0.681374	0.454249	-6.59022
-7.14871	0.562059	0.374706	-6.58665
-7.03637	0.45361	0.302407	-6.58276
-6.94422	0.365031	0.243354	-6.57919
-6.87942	0.303138	0.202092	-6.57628
-6.84708	0.271121	0.180747	-6.57595
-6.84271	0.268051	0.178701	-6.57466
-6.86311	0.28941	0.19294	-6.57369
-6.90204	0.328339	0.218893	-6.5737
-6.95051	0.377129	0.251419	-6.57338
-7.00254	0.428505	0.28567	-6.57403
-7.04954	0.476476	0.317651	-6.57306
-7.08812	0.516679	0.344453	-6.57144
-7.11861	0.546522	0.364348	-6.57209
-7.14009	0.565079	0.376719	-6.57501
-7.14657	0.572861	0.381907	-6.57371
-7.14654	0.571539	0.381026	-6.575
-7.13841	0.563731	0.375821	-6.57468
-7.12812	0.552472	0.368314	-6.57565
-7.11727	0.540982	0.360655	-6.57629
-7.10847	0.532176	0.354784	-6.57629
-7.10754	0.528338	0.352225	-6.5792
-7.10973	0.530847	0.353898	-6.57888
-7.12087	0.540052	0.360035	-6.58082
-7.13877	0.55536	0.37024	-6.58341
-7.15881	0.575396	0.383597	-6.58341
-7.18243	0.598366	0.398911	-6.58406
-7.20609	0.622354	0.414903	-6.58374
-7.23074	0.645704	0.430469	-6.58504
-7.25251	0.667148	0.444765	-6.58536
-7.27191	0.685903	0.457268	-6.58601
-7.28927	0.70164	0.46776	-6.58763
-7.3006	0.714265	0.476177	-6.58634
-7.30879	0.723749	0.482499	-6.58504
-7.3156	0.729913	0.486608	-6.58569
-7.31852	0.732505	0.488337	-6.58601
-7.31719	0.731173	0.487449	-6.58601
-7.30968	0.725611	0.483741	-6.58407
-7.29837	0.715597	0.477065	-6.58278
-7.28556	0.701162	0.467441	-6.5844
-7.26643	0.682683	0.455122	-6.58375
-7.24377	0.660989	0.44066	-6.58278
-7.22001	0.637229	0.424819	-6.58278
-7.19655	0.612805	0.408537	-6.58375
-7.17367	0.589279	0.392852	-6.58439
-7.15136	0.568262	0.378841	-6.5831
-7.13335	0.551221	0.367481	-6.58212
-7.11972	0.539216	0.359477	-6.5805
-7.11305	0.532867	0.355244	-6.58018
-7.11272	0.532218	0.354812	-6.58051
-7.11824	0.536767	0.357845	-6.58148
-7.12679	0.545632	0.363755	-6.58115
-7.13944	0.557633	0.371755	-6.5818
-7.15388	0.571427	0.380951	-6.58245
-7.16808	0.585629	0.390419	-6.58245
-7.18015	0.598988	0.399326	-6.58116
-7.19106	0.610544	0.407029	-6.58051
-7.20115	0.619668	0.413112	-6.58148
-7.20856	0.626103	0.417402	-6.58245
-7.21131	0.629822	0.419882	-6.58148
-7.21277	0.630966	0.420644	-6.58181
-7.21362	0.629876	0.419917	-6.58375
-7.21015	0.62705	0.418033	-6.5831
-7.20749	0.623098	0.415398	-6.5844
-7.20349	0.618774	0.412516	-6.58472
-7.19869	0.61494	0.40996	-6.58375
-7.19646	0.612394	0.408262	-6.58407
-7.19866	0.611676	0.407784	-6.58698
-7.20004	0.613061	0.408707	-6.58698
-7.20392	0.616609	0.411073	-6.58731
-7.20843	0.622098	0.414732	-6.58634
-7.21675	0.629115	0.41941	-6.58763
-7.22445	0.637146	0.424764	-6.58731
-7.23123	0.645536	0.430358	-6.58569
-7.23854	0.653494	0.435663	-6.58504
-7.24558	0.660216	0.440144	-6.58537
-7.25132	0.664981	0.443321	-6.58634
-7.25432	0.667333	0.444888	-6.58699
-7.25413	0.667143	0.444762	-6.58699
-7.25126	0.664595	0.443063	-6.58666
-7.24745	0.660136	0.440091	-6.58731
-7.24231	0.654351	0.436234	-6.58796
-7.23476	0.647776	0.43185	-6.58699
-7.22628	0.640917	0.427278	-6.58537
-7.22009	0.634075	0.422717	-6.58601
-7.21395	0.627285	0.41819	-6.58666
-7.20392	0.620499	0.413666	-6.58342
-7.19685	0.613429	0.408953	-6.58342
-7.19069	0.605649	0.403766	-6.58504
-7.17925	0.596793	0.397862	-6.58245
-7.16943	0.586648	0.391098	-6.58278
-7.15509	0.575227	0.383484	-6.57986
-7.14246	0.562919	0.375279	-6.57954
-7.13102	0.550506	0.367004	-6.58051
-7.1183	0.539089	0.359393	-6.57921
-7.10784	0.529924	0.353283	-6.57792
-7.10242	0.524179	0.349453	-6.57824
-7.10021	0.522617	0.348411	-6.57759
-7.10334	0.525421	0.350281	-6.57792
-7.11013	0.532207	0.354805	-6.57792
-7.12141	0.542195	0.361463	-6.57921
-7.13336	0.55447	0.369647	-6.57889
-7.14881	0.568302	0.378868	-6.58051
-7.16511	0.583301	0.388867	-6.58181
-7.1818	0.599345	0.399563	-6.58245
-7.20085	0.616457	0.410972	-6.5844
-7.22247	0.634514	0.423009	-6.58796
-7.24033	0.653021	0.435348	-6.58731
-7.25838	0.671069	0.44738	-6.58731
-7.27705	0.687465	0.45831	-6.58958
-7.29179	0.700912	0.467275	-6.59088
-7.30065	0.710419	0.473613	-6.59023
-7.30295	0.71531	0.476873	-6.58764
-7.30231	0.715314	0.476876	-6.58699
-7.29729	0.710628	0.473752	-6.58667
-7.28682	0.701778	0.467852	-6.58505
-7.27366	0.689586	0.459724	-6.58408
-7.2578	0.675022	0.450014	-6.58278
-7.23965	0.659135	0.439423	-6.58051
-7.22354	0.643026	0.428684	-6.58051
-7.20812	0.627607	0.418405	-6.58051
-7.19554	0.61373	0.409154	-6.58181
-7.18456	0.602106	0.401404	-6.58245
-7.1731	0.593233	0.395489	-6.57986
-7.16879	0.587308	0.391539	-6.58148
-7.16592	0.584112	0.389408	-6.58181
-7.16694	0.583194	0.388796	-6.58375
-7.1676	0.583854	0.389236	-6.58375
-7.16841	0.585306	0.390204	-6.5831
-7.16991	0.586812	0.391208	-6.5831
-7.17091	0.587809	0.391872	-6.5831
-7.17008	0.587952	0.391968	-6.58213
-7.16734	0.587152	0.391434	-6.58019
-7.16546	0.585593	0.390395	-6.57987
-7.16517	0.583684	0.389123	-6.58149
-7.16572	0.581971	0.387981	-6.58375
-7.16676	0.581063	0.387375	-6.58569
-7.16361	0.58148	0.387653	-6.58213
-7.16538	0.583574	0.38905	-6.58181
-7.16826	0.587426	0.391617	-6.58084
-7.1726	0.592737	0.395158	-6.57987
-7.17841	0.598869	0.399246	-6.57954
-7.18448	0.604935	0.40329	-6.57954
-7.19205	0.609918	0.406612	-6.58213
-7.19598	0.612874	0.408583	-6.5831
-7.19852	0.613152	0.408768	-6.58537
-7.19366	0.610553	0.407035	-6.58311
-7.18814	0.605355	0.40357	-6.58278
-7.18163	0.598197	0.398798	-6.58343
-7.17276	0.589976	0.393317	-6.58278
-7.1615	0.581634	0.387756	-6.57986
-7.15331	0.57409	0.382727	-6.57922
-7.14514	0.568194	0.378796	-6.57695
-7.14165	0.564696	0.376464	-6.57695
-7.14123	0.56428	0.376187	-6.57695
-7.14454	0.567591	0.378394	-6.57695
-7.15203	0.575079	0.383386	-6.57695
-7.16645	0.586909	0.391273	-6.57954
-7.18462	0.602815	0.401877	-6.58181
-7.20341	0.621925	0.414617	-6.58148
-7.22535	0.642889	0.428592	-6.58246
-7.24655	0.66409	0.442727	-6.58246
-7.26629	0.683828	0.455886	-6.58246
-7.28585	0.700477	0.466985	-6.58537
-7.29807	0.712696	0.475131	-6.58537
-7.30627	0.719596	0.479731	-6.58667
-7.30848	0.720835	0.480557	-6.58764
-7.30352	0.716529	0.477686	-6.58699
-7.29264	0.707264	0.47151	-6.58537
-7.27929	0.693912	0.462608	-6.58537
-7.26398	0.67764	0.45176	-6.58635
-7.24795	0.659666	0.439777	-6.58829
-7.2288	0.641161	0.427441	-6.58764
-7.21015	0.623157	0.415438	-6.58699
-7.19343	0.606442	0.404295	-6.58699
-7.17864	0.591651	0.394434	-6.58699
-7.16422	0.579171	0.386114	-6.58505
-7.15333	0.569252	0.379501	-6.58408
-7.14642	0.562023	0.374682	-6.5844
-7.1415	0.557425	0.371616	-6.58408
-7.13931	0.555237	0.370158	-6.58408
-7.13852	0.555094	0.370063	-6.58343
-7.13823	0.556418	0.370945	-6.58181
-7.14088	0.558419	0.372279	-6.58246
-7.1423	0.560168	0.373446	-6.58214
-7.14265	0.560835	0.37389	-6.58181
-7.14294	0.559836	0.373224	-6.58311
-7.14082	0.557066	0.371377	-6.58376
-7.13518	0.553044	0.368696	-6.58214
-7.13319	0.54879	0.36586	-6.5844
-7.12909	0.545664	0.363776	-6.58343
-7.12882	0.545071	0.36338	-6.58375
-7.13206	0.548308	0.365539	-6.58375
-7.1401	0.556346	0.370897	-6.58375
-7.15311	0.56968	0.379787	-6.58343
-7.17424	0.58822	0.392147	-6.58602
-7.19982	0.611212	0.407475	-6.58861
-7.22719	0.637284	0.424856	-6.58991
-7.25489	0.664659	0.443106	-6.59023
-7.28162	0.691383	0.460922	-6.59023
-7.30392	0.715628	0.477086	-6.58829
-7.3265	0.735948	0.490632	-6.59056
-7.34285	0.751318	0.500879	-6.59153
-7.35105	0.761144	0.507429	-6.58991
-7.35315	0.765184	0.510123	-6.58797
-7.35143	0.763462	0.508974	-6.58796
-7.34346	0.756148	0.504099	-6.58732
-7.33019	0.743525	0.495683	-6.58667
-7.31137	0.725997	0.483998	-6.58537
-7.29023	0.704209	0.469473	-6.58602
-7.26603	0.679039	0.452692	-6.58699
-7.23769	0.65167	0.434447	-6.58602
-7.20785	0.623447	0.415631	-6.5844
-7.17876	0.595655	0.397103	-6.5831
-7.15193	0.569473	0.379649	-6.58245
-7.12758	0.545777	0.363852	-6.58181
-7.10672	0.525241	0.350161	-6.58148
-7.08889	0.508375	0.338917	-6.58051
-7.07651	0.495675	0.33045	-6.58083
-7.06878	0.487627	0.325084	-6.58116
-7.06444	0.48458	0.323054	-6.57986
-7.06621	0.486671	0.324447	-6.57954
-7.07453	0.493694	0.32913	-6.58083
-7.08722	0.505091	0.336727	-6.58213
-7.10349	0.520069	0.346713	-6.58343
-7.12117	0.537742	0.358495	-6.58343
-7.14036	0.55726	0.371507	-6.5831
-7.1609	0.577793	0.385195	-6.5831
-7.18259	0.598518	0.399012	-6.58408
-7.20203	0.618603	0.412402	-6.58343
-7.22056	0.637128	0.424752	-6.58343
-7.2372	0.653125	0.435416	-6.58408
-7.24909	0.665666	0.443777	-6.58343
-7.25809	0.674015	0.449343	-6.58408
-7.26183	0.677752	0.451835	-6.58408
-7.26322	0.676875	0.45125	-6.58634
-7.25776	0.671746	0.447831	-6.58602
-7.24937	0.663032	0.442021	-6.58634
-7.23774	0.651724	0.434483	-6.58601
-7.22472	0.639026	0.426018	-6.58569
-7.20955	0.626123	0.417415	-6.58342
-7.19652	0.61407	0.40938	-6.58245
-7.18492	0.603768	0.402512	-6.58116
-7.17571	0.59585	0.397233	-6.57986
-7.17184	0.590686	0.393791	-6.58116
-7.16948	0.588326	0.392217	-6.58116
-7.16909	0.588581	0.392388	-6.58051
-7.16987	0.590985	0.39399	-6.57889
-7.17601	0.594851	0.396568	-6.58116
-7.18056	0.599401	0.399601	-6.58116
-7.18473	0.603898	0.402599	-6.58083
-7.18756	0.607696	0.40513	-6.57986
-7.19019	0.610323	0.406882	-6.57986
-7.19215	0.611638	0.407759	-6.58051
-7.19465	0.611877	0.407918	-6.58278
-7.19597	0.611574	0.407716	-6.5844
-7.19304	0.611554	0.407703	-6.58148
-7.19304	0.612527	0.408351	-6.58051
-7.19768	0.614905	0.409936	-6.58278
-7.20112	0.618663	0.412442	-6.58246
-7.20715	0.6234	0.4156	-6.58375
-7.2138	0.628427	0.418951	-6.58537
-7.21733	0.632932	0.421955	-6.5844
-7.22129	0.636239	0.424159	-6.58505
-7.22022	0.638084	0.425389	-6.58213
-7.22204	0.638609	0.425739	-6.58343
-7.22061	0.63848	0.425653	-6.58213
-7.22097	0.638516	0.425677	-6.58245
-7.22131	0.639502	0.426334	-6.58181
-7.22382	0.642016	0.428011	-6.58181
-7.22808	0.64627	0.430847	-6.58181
-7.23484	0.652057	0.434704	-6.58278
-7.24161	0.65883	0.43922	-6.58278
-7.25022	0.665821	0.443881	-6.5844
-7.25492	0.672138	0.448092	-6.58278
-7.2609	0.676821	0.451214	-6.58408
-7.26358	0.67886	0.452573	-6.58472
-7.26035	0.677246	0.451498	-6.58311
-7.25578	0.671052	0.447368	-6.58472
-7.24524	0.659541	0.439694	-6.5857
-7.22527	0.642485	0.428323	-6.58278
-7.20293	0.620477	0.413651	-6.58246
-7.17563	0.595115	0.396743	-6.58051
-7.14858	0.569037	0.379358	-6.57954
-7.12542	0.545556	0.363704	-6.57986
-7.10807	0.527889	0.351926	-6.58018
-7.09839	0.518202	0.345468	-6.58018
-7.09923	0.517102	0.344735	-6.58213
-7.10651	0.523737	0.349158	-6.58278
-7.11918	0.536401	0.357601	-6.58278
-7.13594	0.553161	0.368774	-6.58278
-7.1543	0.572169	0.381446	-6.58213
-7.17484	0.591741	0.394494	-6.5831
-7.19341	0.61031	0.406874	-6.5831
-7.21152	0.626472	0.417648	-6.58505
-7.22386	0.639136	0.42609	-6.58472
-7.23138	0.647625	0.43175	-6.58375
-7.23829	0.651627	0.434418	-6.58667
-7.23601	0.651283	0.434189	-6.58472
-7.23077	0.647022	0.431348	-6.58375
-7.2253	0.639612	0.426408	-6.58569
-7.21309	0.629985	0.41999	-6.5831
-7.20129	0.619156	0.412771	-6.58213
-7.18922	0.60806	0.405373	-6.58116
-7.17772	0.597537	0.398358	-6.58019
-7.16983	0.588353	0.392236	-6.58148
-7.16267	0.581184	0.387456	-6.58148
-7.15741	0.576579	0.384386	-6.58083
-7.15682	0.575018	0.383346	-6.5818
-7.15632	0.57678	0.38452	-6.57954
-7.16103	0.581816	0.387877	-6.57921
-7.16992	0.589738	0.393158	-6.58019
-7.18121	0.599723	0.399815	-6.58148
-7.19242	0.610613	0.407075	-6.58181
-7.20395	0.621173	0.414115	-6.58278
-7.21271	0.63025	0.420167	-6.58246
-7.21648	0.636942	0.424628	-6.57954
-7.22131	0.640792	0.427195	-6.58052
-7.22354	0.64173	0.42782	-6.58181
-7.22116	0.639993	0.426662	-6.58116
-7.21723	0.636069	0.424046	-6.58116
-7.21237	0.630563	0.420376	-6.58181
-7.20563	0.624147	0.416098	-6.58149
-7.19859	0.61743	0.41162	-6.58116
-7.19223	0.611067	0.407378	-6.58116
-7.18631	0.6058	0.403867	-6.58051
-7.18629	0.602216	0.401478	-6.58407
-7.18571	0.600664	0.400443	-6.58505
-7.18714	0.601125	0.40075	-6.58602
-7.18725	0.603178	0.402119	-6.58407
-7.18898	0.606199	0.404133	-6.58278
-7.19293	0.609505	0.406337	-6.58343
-7.19594	0.61251	0.40834	-6.58343
-7.19768	0.614902	0.409935	-6.58278
-7.19632	0.616777	0.411185	-6.57955
-7.19929	0.618453	0.412302	-6.58084
-7.19922	0.620325	0.41355	-6.5789
-7.2027	0.622827	0.415218	-6.57987
-7.20545	0.626231	0.417488	-6.57922
-7.20946	0.630569	0.420379	-6.5789
-7.21549	0.635626	0.423751	-6.57987
-7.22243	0.640944	0.427296	-6.58148
-7.22736	0.645877	0.430585	-6.58149
-7.23112	0.649629	0.433086	-6.58149
-7.23237	0.651534	0.434356	-6.58084
-7.23455	0.651119	0.43408	-6.58343
-7.23255	0.64815	0.4321	-6.5844
-7.2287	0.642686	0.428458	-6.58602
-7.21948	0.63508	0.423387	-6.5844
-7.21029	0.625893	0.417262	-6.5844
-7.20148	0.615791	0.410527	-6.58569
-7.19095	0.605579	0.40372	-6.58537
-7.17978	0.596032	0.397355	-6.58375
-7.16877	0.587935	0.391957	-6.58083
-7.16171	0.581847	0.387898	-6.57986
-7.15625	0.578011	0.385341	-6.57824
-7.15558	0.576368	0.384245	-6.57921
-7.15568	0.576469	0.384313	-6.57921
-7.15885	0.57769	0.385127	-6.58116
-7.15891	0.579377	0.386251	-6.57954
-7.15893	0.581008	0.387339	-6.57792
-7.16182	0.582283	0.388189	-6.57954
-7.16191	0.583023	0.388682	-6.57889
-7.16176	0.583194	0.388796	-6.57857
-7.16215	0.582933	0.388622	-6.57921
-7.16233	0.582474	0.388316	-6.57986
-7.16272	0.582214	0.388143	-6.58051
-7.16312	0.582615	0.38841	-6.58051
-7.16441	0.584227	0.389484	-6.58018
-7.16809	0.587585	0.391723	-6.58051
-7.17285	0.592993	0.395329	-6.57986
-7.18487	0.600479	0.400319	-6.58439
-7.19447	0.609753	0.406502	-6.58471
-7.20498	0.62027	0.413513	-6.58471
-7.21614	0.631429	0.420952	-6.58471
-7.22834	0.642653	0.428435	-6.58568
-7.23877	0.653409	0.435606	-6.58536
-7.24822	0.663186	0.442124	-6.58504
-7.25617	0.671453	0.447636	-6.58471
-7.26176	0.677697	0.451798	-6.58407
-7.26424	0.681472	0.454315	-6.58277
-7.26638	0.682311	0.454874	-6.58407
-7.26404	0.679972	0.453314	-6.58407
-7.2582	0.674452	0.449634	-6.58374
-7.24851	0.666064	0.444043	-6.58245
-7.23915	0.655409	0.436939	-6.58374
-7.22642	0.643321	0.42888	-6.5831
-7.21313	0.630685	0.420457	-6.58245
-7.20213	0.618386	0.412257	-6.58374
-7.18996	0.607183	0.404789	-6.58277
-7.17983	0.597702	0.398468	-6.58213
-7.17316	0.590388	0.393592	-6.58277
-7.16855	0.585453	0.390302	-6.5831
-7.16659	0.582851	0.388567	-6.58374
-7.16671	0.582317	0.388211	-6.58439
-7.16646	0.583363	0.388909	-6.5831
-7.16744	0.58531	0.390207	-6.58213
-7.16996	0.587513	0.391675	-6.58245
-7.17174	0.589284	0.392856	-6.58245
-7.16931	0.590098	0.393399	-6.57921
-7.16973	0.58955	0.393034	-6.58018
-7.16466	0.587394	0.391596	-6.57727
-7.16045	0.583501	0.389	-6.57695
-7.15514	0.57787	0.385247	-6.57727
-7.14805	0.570777	0.380518	-6.57727
-7.14096	0.562722	0.375148	-6.57824
-7.13239	0.554474	0.369649	-6.57792
-7.12496	0.547047	0.364698	-6.57792
-7.11793	0.541633	0.361089	-6.5763
-7.11634	0.539393	0.359595	-6.57694
-7.11631	0.541311	0.360874	-6.575
-7.12421	0.54791	0.365274	-6.5763
-7.13484	0.559191	0.372794	-6.57565
-7.15057	0.574599	0.383066	-6.57597
-7.17005	0.593109	0.395406	-6.57694
-7.19451	0.613357	0.408905	-6.58115
-7.21275	0.633858	0.422572	-6.57889
-7.23369	0.653181	0.435454	-6.58051
-7.24933	0.670117	0.446745	-6.57921
-7.26463	0.683795	0.455863	-6.58083
-7.27511	0.693624	0.462416	-6.58148
-7.28075	0.699271	0.466181	-6.58148
-7.28221	0.700725	0.46715	-6.58148
-7.27838	0.698189	0.465459	-6.58019
-7.27296	0.692128	0.461418	-6.58084
-7.26302	0.683151	0.455434	-6.57986
-7.25289	0.672055	0.448037	-6.58084
-7.24215	0.659694	0.439796	-6.58245
-7.23171	0.646985	0.431323	-6.58472
-7.21696	0.634831	0.423221	-6.58213
-7.20524	0.624085	0.416056	-6.58116
-7.1979	0.615448	0.410299	-6.58245
-7.19316	0.609411	0.406274	-6.58375
-7.18731	0.606156	0.404104	-6.58116
-7.18893	0.605506	0.40367	-6.58342
-7.19081	0.607066	0.404711	-6.58375
-7.19511	0.610388	0.406926	-6.58472
-7.19742	0.61497	0.40998	-6.58245
-7.20275	0.620304	0.413536	-6.58245
-7.20627	0.625758	0.417172	-6.58051
-7.21219	0.630709	0.420473	-6.58148
-7.21525	0.634416	0.422944	-6.58083
-7.2184	0.636267	0.424178	-6.58213
-7.21752	0.635709	0.423806	-6.58181
-7.21326	0.632427	0.421618	-6.58083
-7.20787	0.626391	0.417594	-6.58148
-7.19898	0.617819	0.411879	-6.58116
-7.1887	0.607213	0.404809	-6.58148
-7.17613	0.595291	0.396861	-6.58083
-7.16279	0.58293	0.38862	-6.57986
-7.15061	0.571069	0.380712	-6.57954
-7.14114	0.560635	0.373757	-6.58051
-7.13262	0.552438	0.368292	-6.58019
-7.12792	0.547085	0.364724	-6.58083
-7.12572	0.544885	0.363257	-6.58083
-7.12754	0.545737	0.363825	-6.58181
-7.13165	0.549201	0.366134	-6.58245
-7.13932	0.5546	0.369733	-6.58472
-7.14526	0.56119	0.374127	-6.58407
-7.15171	0.56828	0.378853	-6.58343
-7.15817	0.575394	0.383596	-6.58278
-7.16474	0.582288	0.388192	-6.58246
-7.17205	0.588943	0.392629	-6.5831
-7.17947	0.5954	0.396933	-6.58407
-7.18533	0.601586	0.401057	-6.58375
-7.19026	0.607484	0.40499	-6.58278
-7.19299	0.613122	0.408748	-6.57986
-7.19919	0.618681	0.412454	-6.58051
-7.20589	0.62441	0.416273	-6.58148
-7.21272	0.630591	0.420394	-6.58213
-7.21843	0.637271	0.424847	-6.58116
-7.22675	0.644292	0.429528	-6.58245
-7.23249	0.651329	0.434219	-6.58116
-7.241	0.657904	0.438603	-6.5831
-7.24607	0.663617	0.442411	-6.58245
-7.24897	0.668132	0.445422	-6.58083
-7.255	0.671253	0.447502	-6.58375
-7.25661	0.672861	0.448574	-6.58375
-7.25821	0.672845	0.448563	-6.58537
-7.25776	0.671092	0.447395	-6.58666
-7.25315	0.66746	0.444974	-6.58569
-7.24818	0.661844	0.441229	-6.58634
-7.24262	0.654334	0.436223	-6.58828
-7.23326	0.645302	0.430201	-6.58796
-7.22327	0.635315	0.423543	-6.58796
-7.21382	0.62522	0.416813	-6.5886
-7.2046	0.615993	0.410662	-6.5886
-7.19737	0.608439	0.405626	-6.58893
-7.19118	0.603226	0.402151	-6.58795
-7.1857	0.600664	0.400443	-6.58504
-7.18349	0.600715	0.400476	-6.58277
-7.18582	0.603045	0.40203	-6.58278
-7.18887	0.607063	0.404709	-6.5818
-7.19479	0.612014	0.408009	-6.58278
-7.20112	0.61705	0.411367	-6.58407
-7.20774	0.621404	0.414269	-6.58634
-7.2102	0.624511	0.416341	-6.58569
-7.21082	0.6261	0.4174	-6.58472
-7.20996	0.626214	0.417476	-6.58375
-7.2083	0.625192	0.416795	-6.5831
-7.20636	0.623578	0.415719	-6.58278
-7.20598	0.621906	0.414604	-6.58407
-7.20658	0.620568	0.413712	-6.58602
-7.20375	0.619674	0.413116	-6.58407
-7.20515	0.619133	0.412755	-6.58601
-7.20309	0.618692	0.412461	-6.5844
-7.20355	0.618183	0.412122	-6.58537
-7.2019	0.617502	0.411668	-6.5844
-7.20016	0.616736	0.411157	-6.58342
-7.19906	0.615955	0.410637	-6.5831
-7.19602	0.61518	0.41012	-6.58083
-7.1955	0.61434	0.40956	-6.58116
-7.19541	0.613278	0.408852	-6.58213
-7.19461	0.611833	0.407889	-6.58278
-7.19048	0.60997	0.406646	-6.58051
-7.18825	0.607742	0.405161	-6.58051
-7.18639	0.605234	0.403489	-6.58116
-7.18502	0.602568	0.401712	-6.58245
-7.18189	0.599762	0.399841	-6.58213
-7.18109	0.596698	0.397798	-6.58439
-7.17797	0.593253	0.395502	-6.58472
-7.17177	0.589317	0.392878	-6.58245
-7.16674	0.584936	0.389958	-6.5818
-7.16156	0.580407	0.386938	-6.58115
-7.15638	0.576198	0.384132	-6.58018
-7.15237	0.572841	0.381894	-6.57953
-7.15068	0.570824	0.380549	-6.57986
-7.15263	0.570507	0.380338	-6.58212
-7.15329	0.572141	0.381427	-6.58115
-7.15605	0.575871	0.383914	-6.58018
-7.16158	0.581728	0.387819	-6.57986
-7.17005	0.589552	0.393034	-6.5805
-7.18047	0.598991	0.399328	-6.58147
-7.19129	0.609492	0.406328	-6.5818
-7.2015	0.620349	0.413566	-6.58115
-7.21252	0.630718	0.420479	-6.5818
-7.21994	0.639764	0.426509	-6.58018
-7.22853	0.646732	0.431155	-6.5818
-7.23149	0.650983	0.433989	-6.5805
-7.23454	0.652089	0.434726	-6.58245
-7.23298	0.649885	0.433257	-6.58309
-7.22733	0.644563	0.429708	-6.58277
-7.21791	0.636758	0.424505	-6.58115
-7.2109	0.627489	0.418326	-6.58341
-7.19759	0.618057	0.412038	-6.57953
-7.18995	0.609779	0.40652	-6.58017
-7.18365	0.6038	0.402533	-6.57985
-7.17997	0.600771	0.400514	-6.5792
-7.17956	0.600683	0.400455	-6.57888
-7.18347	0.602971	0.401981	-6.5805
-7.18958	0.606818	0.404545	-6.58277
-7.19435	0.61126	0.407507	-6.58309
-7.19948	0.61542	0.41028	-6.58406
-7.20305	0.618663	0.412442	-6.58439
-7.20149	0.620667	0.413778	-6.58082
-7.20208	0.621262	0.414175	-6.58082
-7.1997	0.620496	0.413664	-6.5792
-7.19739	0.618515	0.412344	-6.57888
-7.19346	0.615554	0.410369	-6.57791
-7.19101	0.611809	0.407873	-6.5792
-7.18696	0.60743	0.404953	-6.57953
-7.18268	0.602509	0.401673	-6.58018
-7.17829	0.597143	0.398096	-6.58115
-7.17204	0.59154	0.39436	-6.5805
-7.16572	0.585869	0.390579	-6.57985
-7.16067	0.580497	0.386998	-6.58018
-7.15733	0.575863	0.383908	-6.58147
-7.15686	0.572474	0.381649	-6.58439
-7.15465	0.570917	0.380611	-6.58374
-7.1555	0.571763	0.381175	-6.58374
-7.16001	0.575621	0.383747	-6.58438
-7.16833	0.582978	0.388652	-6.58536
-7.17813	0.594064	0.396043	-6.58406
-7.19262	0.608559	0.405706	-6.58406
-7.21121	0.625533	0.417022	-6.58568
-7.22816	0.643449	0.428966	-6.58471
-7.24609	0.660409	0.440273	-6.58568
-7.26127	0.674612	0.449741	-6.58666
-7.26814	0.684722	0.456481	-6.58342
-7.27589	0.69021	0.46014	-6.58568
-7.2764	0.691366	0.46091	-6.58503
-7.27245	0.689034	0.459356	-6.58342
-7.27065	0.684322	0.456214	-6.58633
-7.26398	0.678298	0.452198	-6.58568
-7.25645	0.671742	0.447828	-6.58471
-7.24875	0.665014	0.443343	-6.58374
-7.24152	0.658106	0.438738	-6.58342
-7.23517	0.65078	0.433853	-6.58439
-7.22723	0.642838	0.428559	-6.58439
-7.21669	0.634249	0.422832	-6.58244
-7.20671	0.62524	0.416826	-6.58147
-7.19912	0.616358	0.410905	-6.58277
-7.19036	0.608241	0.405494	-6.58212
-7.18294	0.601474	0.400982	-6.58147
-7.17821	0.596418	0.397612	-6.58179
-7.1755	0.593058	0.395372	-6.58244
-7.1744	0.590986	0.393991	-6.58341
-7.17166	0.589544	0.393029	-6.58212
-7.17033	0.587887	0.391925	-6.58244
-7.16576	0.585258	0.390172	-6.5805
-7.16129	0.58111	0.387406	-6.58018
-7.15573	0.575233	0.383489	-6.5805
-7.14864	0.567818	0.378545	-6.58082
-7.13936	0.559507	0.373004	-6.57985
-7.13094	0.551412	0.367608	-6.57953
-7.12412	0.544914	0.363276	-6.5792
-7.12041	0.541528	0.361019	-6.57888
-7.12113	0.542572	0.361715	-6.57855
-7.12649	0.548911	0.36594	-6.57758
-7.1402	0.560674	0.373783	-6.57952
-7.15636	0.57716	0.384774	-6.5792
-7.17673	0.596882	0.397921	-6.57985
-7.19745	0.617921	0.411948	-6.57953
-7.21694	0.638381	0.425587	-6.57856
-7.23593	0.656724	0.437816	-6.5792
-7.25191	0.671737	0.447825	-6.58018
-7.26539	0.682625	0.455083	-6.58277
-7.27065	0.688853	0.459235	-6.5818
-7.27095	0.690127	0.460085	-6.58082
-7.26785	0.68638	0.457587	-6.58147
-7.25998	0.677864	0.451909	-6.58212
-7.24772	0.665274	0.443516	-6.58244
-7.23091	0.649762	0.433175	-6.58115
-7.21134	0.632784	0.421856	-6.57855
-7.19389	0.615981	0.410654	-6.57791
-7.17976	0.600883	0.400589	-6.57888
-7.1679	0.588696	0.392464	-6.5792
-7.16056	0.580068	0.386712	-6.5805
-7.15626	0.575113	0.383409	-6.58115
-7.15396	0.573463	0.382309	-6.5805
-7.15462	0.574443	0.382962	-6.58018
-7.15824	0.577415	0.384943	-6.58082
-7.16436	0.581918	0.387945	-6.58244
-7.17103	0.587617	0.391745	-6.58341
-7.17827	0.594206	0.396138	-6.58406
-7.18501	0.601273	0.400849	-6.58374
-7.19225	0.60819	0.40546	-6.58406
-7.19992	0.614236	0.40949	-6.58568
-7.2044	0.618718	0.412478	-6.58568
-7.20815	0.621172	0.414114	-6.58698
-7.20553	0.621468	0.414312	-6.58406
-7.20299	0.619897	0.413265	-6.58309
-7.20043	0.61702	0.411346	-6.58341
-7.19671	0.613621	0.40908	-6.58309
-7.19426	0.610521	0.407014	-6.58373
-7.19316	0.608453	0.405635	-6.58471
-7.19302	0.607992	0.405328	-6.58503
-7.19316	0.60942	0.40628	-6.58374
-7.19815	0.6128	0.408533	-6.58535
-7.20266	0.617949	0.411966	-6.58471
-7.20822	0.624483	0.416322	-6.58374
-7.21488	0.631786	0.421191	-6.58309
-7.22283	0.639097	0.426064	-6.58374
-7.22801	0.645568	0.430379	-6.58244
-7.23221	0.650412	0.433608	-6.5818
-7.23504	0.65292	0.43528	-6.58212
-7.23401	0.652535	0.435023	-6.58147
-7.23074	0.64894	0.432627	-6.5818
-7.22646	0.642071	0.428048	-6.58439
-7.21767	0.631994	0.421329	-6.58568
-7.2047	0.619015	0.412677	-6.58568
-7.18938	0.603695	0.402463	-6.58568
-7.16961	0.58684	0.391226	-6.58277
-7.15165	0.569528	0.379685	-6.58212
-7.13581	0.553041	0.368694	-6.58276
-7.12191	0.538825	0.359217	-6.58309
-7.11302	0.528312	0.352208	-6.58471
-7.10678	0.522719	0.348479	-6.58406
-7.10696	0.522904	0.348603	-6.58406
-7.11353	0.529154	0.352769	-6.58438
-7.12614	0.54111	0.36074	-6.58503
-7.14125	0.557841	0.371894	-6.58341
-7.15977	0.577973	0.385315	-6.58179
-7.18063	0.599809	0.399873	-6.58082
-7.20145	0.621601	0.4144	-6.57985
-7.22251	0.64168	0.427787	-6.58083
-7.23917	0.658667	0.439111	-6.5805
-7.25233	0.671503	0.447669	-6.58083
-7.26045	0.679621	0.453081	-6.58082
-7.2632	0.683018	0.455345	-6.58018
-7.26389	0.682098	0.454732	-6.5818
-7.26232	0.677609	0.45174	-6.58471
-7.25614	0.670457	0.446972	-6.58568
-7.24562	0.661564	0.441042	-6.58406
-7.23328	0.651812	0.434541	-6.58147
-7.223	0.641859	0.427906	-6.58114
-7.21135	0.632144	0.421429	-6.5792
-7.19952	0.622904	0.415269	-6.57661
-7.19047	0.61418	0.409454	-6.57629
-7.18216	0.605874	0.403916	-6.57629
-7.17646	0.597905	0.398603	-6.57855
-7.16863	0.590394	0.393596	-6.57823
-7.16237	0.583817	0.389212	-6.57856
-7.1593	0.578801	0.385867	-6.5805
-7.15683	0.57601	0.384006	-6.58082
-7.15731	0.575845	0.383896	-6.58147
-7.15873	0.57823	0.385486	-6.5805
-7.16548	0.582721	0.38848	-6.58276
-7.1717	0.588611	0.392407	-6.58309
-7.17882	0.595088	0.396725	-6.58374
-7.18413	0.601364	0.400909	-6.58276
-7.18663	0.606784	0.404522	-6.57985
-7.19003	0.610829	0.407219	-6.5792
-7.19243	0.613223	0.408815	-6.5792
-7.19308	0.613879	0.409252	-6.5792
-7.19309	0.61291	0.408607	-6.58018
-7.18914	0.610586	0.407058	-6.57856
-7.18432	0.607384	0.404923	-6.57694
-7.18233	0.603771	0.402514	-6.57855
-7.18054	0.600364	0.400242	-6.58017
-7.17734	0.597816	0.398544	-6.57953
-7.17691	0.596733	0.397822	-6.58017
-7.1787	0.597559	0.398373	-6.58114
-7.18133	0.60051	0.40034	-6.58082
-7.18668	0.605542	0.403694	-6.58114
-7.19835	0.612349	0.408233	-6.586
-7.20607	0.620399	0.413599	-6.58568
-7.21658	0.628964	0.419309	-6.58762
-7.22158	0.637199	0.424799	-6.58438
-7.22796	0.644225	0.429483	-6.58373
-7.23203	0.649273	0.432849	-6.58276
-7.23387	0.651755	0.434503	-6.58211
-7.23308	0.651293	0.434195	-6.58179
-7.23062	0.64786	0.431907	-6.58276
-7.22548	0.64175	0.427833	-6.58373
-7.21667	0.633587	0.422392	-6.58308
-7.20628	0.624168	0.416112	-6.58211
-7.19543	0.614292	0.409528	-6.58114
-7.18461	0.604761	0.403174	-6.57985
-7.17766	0.596197	0.397465	-6.58146
-7.16963	0.589138	0.392759	-6.58049
-7.16424	0.584075	0.389383	-6.58017
-7.16286	0.581398	0.387599	-6.58146
-7.16082	0.581298	0.387532	-6.57952
-7.16293	0.583728	0.389152	-6.5792
-7.16842	0.58825	0.392167	-6.58017
-7.17314	0.594261	0.396174	-6.57887
-7.17989	0.601017	0.400678	-6.57888
-7.18767	0.607827	0.405218	-6.57985
-7.1943	0.61413	0.40942	-6.58017
-7.20005	0.619557	0.413038	-6.58049
-7.20289	0.624016	0.416011	-6.57888
-7.20779	0.627624	0.418416	-6.58017
-7.21166	0.630519	0.420346	-6.58114
-7.21558	0.632816	0.421878	-6.58276
-7.21668	0.63457	0.423047	-6.58211
-7.21682	0.635676	0.423784	-6.58114
-7.21579	0.635945	0.423964	-6.57985
-7.2149	0.635054	0.423369	-6.57985
-7.21124	0.632682	0.421788	-6.57855
-7.20713	0.628571	0.419047	-6.57855
-7.20214	0.622612	0.415075	-6.57953
-7.19404	0.614834	0.40989	-6.5792
-7.18668	0.60554	0.403693	-6.58114
-7.17645	0.595304	0.396869	-6.58114
-7.16881	0.585076	0.390051	-6.58373
-7.16071	0.576006	0.384004	-6.5847
-7.15273	0.569321	0.379547	-6.58341
-7.1502	0.566147	0.377431	-6.58405
-7.14982	0.567388	0.378259	-6.58243
-7.15714	0.573412	0.382275	-6.58373
-7.1681	0.58405	0.389367	-6.58405
-7.18233	0.5986	0.399066	-6.58373
-7.19859	0.615832	0.410555	-6.58276
-7.21701	0.634249	0.422833	-6.58276
-7.23601	0.652277	0.434851	-6.58373
-7.25306	0.668356	0.44557	-6.5847
-7.2671	0.681101	0.454068	-6.586
-7.2738	0.689419	0.459613	-6.58438
-7.27818	0.692505	0.46167	-6.58568
-7.2769	0.689929	0.459953	-6.58698
-7.2664	0.681686	0.454457	-6.58471
-7.25428	0.668272	0.445515	-6.586
-7.23732	0.650668	0.433779	-6.58665
-7.21691	0.630258	0.420172	-6.58665
-7.19384	0.608812	0.405875	-6.58503
-7.17301	0.588307	0.392204	-6.58471
-7.15373	0.570648	0.380432	-6.58309
-7.13955	0.55744	0.371627	-6.58211
-7.13025	0.549759	0.366506	-6.5805
-7.12914	0.547994	0.36533	-6.58114
-7.13266	0.551842	0.367895	-6.58082
-7.13957	0.560372	0.373582	-6.5792
-7.15306	0.572243	0.381495	-6.58082
-7.16777	0.585974	0.390649	-6.58179
-7.18353	0.600119	0.400079	-6.58341
-7.19821	0.613501	0.409001	-6.58471
-7.21034	0.625313	0.416875	-6.58503
-7.22111	0.635108	0.423406	-6.586
-7.22973	0.642759	0.428506	-6.58697
-7.23563	0.64833	0.43222	-6.5873
-7.23833	0.652001	0.434667	-6.58632
-7.23899	0.653965	0.435976	-6.58503
-7.23906	0.65435	0.436233	-6.58471
-7.2393	0.653303	0.435535	-6.586
-7.23727	0.650951	0.433967	-6.58632
-7.23439	0.647417	0.431612	-6.58697
-7.22946	0.642808	0.428539	-6.58665
-7.22223	0.637201	0.424801	-6.58503
-7.21576	0.630727	0.420485	-6.58503
-7.20862	0.62359	0.415727	-6.58503
-7.20021	0.616149	0.410766	-6.58406
-7.19297	0.608908	0.405939	-6.58406
-7.18721	0.6025	0.401667	-6.58471
-7.18294	0.597582	0.398388	-6.58535
-7.18005	0.594699	0.396466	-6.58535
-7.17862	0.594236	0.396157	-6.58438
-7.18364	0.596348	0.397565	-6.5873
-7.18823	0.600936	0.400624	-6.5873
-7.19435	0.6077	0.405133	-6.58665
-7.20337	0.616075	0.410717	-6.5873
-7.21395	0.625362	0.416908	-6.58859
-7.22262	0.634675	0.423117	-6.58794
-7.22778	0.643072	0.428714	-6.58471
-7.2365	0.649526	0.433017	-6.58697
-7.23981	0.653164	0.435443	-6.58665
-7.23827	0.653238	0.435492	-6.58503
-7.23339	0.649333	0.432889	-6.58406
-7.22452	0.641437	0.427625	-6.58309
-7.21207	0.629958	0.419972	-6.58212
-7.1975	0.615706	0.410471	-6.58179
-7.18319	0.599776	0.399851	-6.58341
-7.16625	0.583489	0.388993	-6.58276
-7.15068	0.568246	0.378831	-6.58244
-7.1368	0.555336	0.370224	-6.58146
-7.12659	0.545777	0.363852	-6.58082
-7.12096	0.540147	0.360098	-6.58082
-7.11811	0.538593	0.359062	-6.57952
-7.12013	0.540933	0.360622	-6.5792
-7.12661	0.546766	0.364511	-6.57985
-7.13677	0.55563	0.37042	-6.58114
-7.14914	0.567031	0.37802	-6.58211
-7.16323	0.580467	0.386978	-6.58276
-7.17782	0.595382	0.396921	-6.58244
-7.19386	0.611098	0.407399	-6.58276
-7.20982	0.626737	0.417825	-6.58309
-7.22439	0.641302	0.427534	-6.58309
-7.23553	0.653737	0.435825	-6.58179
-7.24526	0.663141	0.442094	-6.58211
-7.25	0.668855	0.445903	-6.58114
-7.25173	0.670592	0.447061	-6.58114
-7.25087	0.668431	0.445621	-6.58244
-7.24465	0.662859	0.441906	-6.58179
-7.23836	0.65463	0.43642	-6.58373
-7.22944	0.644743	0.429829	-6.5847
-7.22067	0.634354	0.422903	-6.58632
-7.21281	0.624548	0.416365	-6.58826
-7.20389	0.616274	0.41085	-6.58762
-7.19676	0.610114	0.406743	-6.58664
-7.19305	0.606405	0.40427	-6.58664
-7.19053	0.605185	0.403457	-6.58535
-7.19124	0.606211	0.404141	-6.58503
-7.19216	0.609072	0.406048	-6.58308
-7.19728	0.613223	0.408815	-6.58406
-7.20055	0.618108	0.412072	-6.58244
-7.20554	0.623106	0.415404	-6.58244
-7.20851	0.627687	0.418458	-6.58082
-7.21189	0.631398	0.420932	-6.5805
-7.2155	0.633706	0.42247	-6.58179
-7.21759	0.634183	0.422789	-6.58341
-7.21756	0.632528	0.421685	-6.58503
-7.21106	0.628621	0.419081	-6.58244
-7.2049	0.622464	0.414976	-6.58244
-7.19602	0.614223	0.409482	-6.58179
-7.18414	0.604287	0.402858	-6.57985
-7.17336	0.593188	0.395459	-6.58017
-7.16086	0.581664	0.387776	-6.5792
-7.15051	0.57066	0.38044	-6.57985
-7.14011	0.561233	0.374155	-6.57888
-7.13304	0.554494	0.369663	-6.57855
-7.1293	0.551392	0.367595	-6.5779
-7.13075	0.552521	0.368348	-6.57823
-7.13819	0.558022	0.372015	-6.58017
-7.14923	0.567442	0.378295	-6.58179
-7.16225	0.579809	0.386539	-6.58244
-7.17761	0.593873	0.395915	-6.58374
-7.19269	0.60831	0.40554	-6.58438
-7.20657	0.62186	0.414573	-6.58471
-7.2195	0.633497	0.422332	-6.586
-7.22943	0.64246	0.428306	-6.58697
-7.23288	0.648174	0.432116	-6.58471
-7.23565	0.650293	0.433529	-6.58535
-7.23112	0.64868	0.432453	-6.58244
-7.22881	0.643456	0.428971	-6.58535
-7.22103	0.635033	0.423356	-6.586
-7.20978	0.624108	0.416072	-6.58568
-7.19667	0.611645	0.407763	-6.58503
-7.18227	0.598861	0.39924	-6.58341
-7.17017	0.587091	0.391394	-6.58308
-7.15997	0.57754	0.385027	-6.58243
-7.15289	0.571099	0.380733	-6.58179
-7.14933	0.568196	0.378797	-6.58114
-7.15361	0.568912	0.379274	-6.5847
-7.15707	0.573015	0.38201	-6.58405
-7.16353	0.58013	0.386753	-6.5834
-7.17459	0.589886	0.393257	-6.5847
-7.18748	0.601812	0.401208	-6.58567
-7.20112	0.615447	0.410298	-6.58567
-7.21647	0.630151	0.420101	-6.58632
-7.23118	0.645186	0.430124	-6.586
-7.2454	0.659727	0.439818	-6.58567
-7.25833	0.672982	0.448655	-6.58535
-7.26995	0.684271	0.45618	-6.58567
-7.28094	0.692998	0.461999	-6.58794
-7.28886	0.698647	0.465765	-6.59021
-7.29094	0.700735	0.467157	-6.59021
-7.2874	0.698808	0.465872	-6.58859
-7.28154	0.69262	0.461747	-6.58892
-7.27205	0.682158	0.454772	-6.58989
-7.25741	0.667843	0.445228	-6.58956
-7.23814	0.650519	0.433679	-6.58762
-7.21876	0.631466	0.420977	-6.58729
-7.19989	0.612271	0.408181	-6.58762
-7.18079	0.594794	0.396529	-6.586
-7.16521	0.580831	0.387221	-6.58438
-7.15716	0.571813	0.381208	-6.58535
-7.15477	0.568455	0.37897	-6.58632
-7.15515	0.570447	0.380298	-6.5847
-7.16121	0.576504	0.384336	-6.5847
-7.16866	0.584607	0.389738	-6.58406
-7.17532	0.592559	0.39504	-6.58276
-7.18277	0.598384	0.398923	-6.58438
-7.18582	0.600787	0.400525	-6.58503
-7.1835	0.599444	0.399629	-6.58406
-7.17741	0.594971	0.396647	-6.58244
-7.17119	0.58875	0.3925	-6.58244
-7.16342	0.582608	0.388405	-6.58082
-7.1594	0.578265	0.38551	-6.58114
-7.15882	0.577037	0.384691	-6.58179
-7.1604	0.579581	0.386387	-6.58081
-7.16606	0.585893	0.390595	-6.58017
-7.17462	0.595421	0.396947	-6.57919
-7.18508	0.607184	0.404789	-6.5779
-7.20049	0.619994	0.413329	-6.58049
-7.2131	0.632607	0.421738	-6.58049
-7.22396	0.643789	0.429193	-6.58017
-7.2311	0.652552	0.435035	-6.57855
-7.23763	0.658105	0.438737	-6.57952
-7.24014	0.659975	0.439983	-6.58017
-7.24088	0.658123	0.438749	-6.58276
-7.2363	0.652893	0.435262	-6.58341
-7.22902	0.644964	0.429976	-6.58405
-7.22118	0.635189	0.42346	-6.586
-7.207	0.624563	0.416375	-6.58243
-7.19836	0.613984	0.409323	-6.58438
-7.18755	0.604151	0.402767	-6.5834
-7.17896	0.59556	0.39704	-6.5834
-7.17184	0.588436	0.39229	-6.5834
-7.16722	0.582844	0.388562	-6.58437
-7.16285	0.578802	0.385868	-6.58405
-7.16079	0.576414	0.384276	-6.58437
-7.16057	0.575871	0.383914	-6.58469
-7.16369	0.577371	0.384914	-6.58632
-7.16604	0.581015	0.387344	-6.58502
-7.17337	0.586731	0.391154	-6.58664
-7.18187	0.594257	0.396172	-6.58761
-7.19083	0.603215	0.402143	-6.58761
-7.20109	0.613154	0.408769	-6.58794
-7.20964	0.623644	0.415763	-6.58599
-7.21854	0.634168	0.422779	-6.58437
-7.22757	0.644164	0.429443	-6.5834
-7.23627	0.652871	0.435247	-6.5834
-7.2436	0.659546	0.439697	-6.58405
-7.24559	0.663481	0.442321	-6.58211
-7.2463	0.664187	0.442791	-6.58211
-7.24234	0.661524	0.441016	-6.58082
-7.23787	0.655755	0.43717	-6.58211
-7.23089	0.647491	0.43166	-6.5834
-7.21936	0.637574	0.425049	-6.58179
-7.21029	0.626889	0.417926	-6.5834
-7.19957	0.616161	0.410774	-6.5834
-7.19002	0.605966	0.403978	-6.58405
-7.17956	0.5968	0.397867	-6.58276
-7.17081	0.589022	0.392681	-6.58179
-7.16279	0.582948	0.388632	-6.57984
-7.16097	0.57886	0.385906	-6.58211
-7.15937	0.576937	0.384624	-6.58243
-7.15969	0.577257	0.384838	-6.58243
-7.16377	0.579716	0.386478	-6.58405
-7.16752	0.584119	0.389413	-6.5834
-7.17521	0.590191	0.393461	-6.58502
-7.18462	0.597655	0.398436	-6.58697
-7.19286	0.606216	0.404144	-6.58664
-7.20143	0.61543	0.410287	-6.586
-7.21192	0.62463	0.41642	-6.58729
-7.22029	0.633	0.422	-6.58729
-7.22691	0.639619	0.426413	-6.58729
-7.23093	0.643637	0.429091	-6.58729
-7.23144	0.644471	0.429648	-6.58697
-7.22727	0.641922	0.427948	-6.58535
-7.21986	0.636124	0.424083	-6.58373
-7.21292	0.62757	0.41838	-6.58535
-7.20105	0.616999	0.411333	-6.58405
-7.19105	0.605379	0.403586	-6.58567
-7.16675	1.17784	0.785224	-5.98891
-7.13099	1.14143	0.760951	-5.98956
-7.08299	1.09473	0.72982	-5.98826
-7.02729	1.04195	0.694633	-5.98534
-6.97074	0.987984	0.658656	-5.98275
-6.91984	0.937738	0.625159	-5.9821
-6.87703	0.895577	0.597051	-5.98145
-6.84335	0.864489	0.576326	-5.97886
-6.82206	0.845794	0.563863	-5.97627
-6.81435	0.839051	0.559367	-5.9753
-6.81909	0.84249	0.56166	-5.9766
-6.83196	0.853425	0.56895	-5.97854
-6.84657	0.868677	0.579118	-5.97789
-6.86243	0.884861	0.589907	-5.97757
-6.87711	0.898887	0.599258	-5.97822
-6.88847	0.908627	0.605751	-5.97984
-6.89337	0.913209	0.608806	-5.98016
-6.89142	0.913197	0.608798	-5.97822
-6.88947	0.910282	0.606855	-5.97919
-6.8882	0.906419	0.604279	-5.98178
-6.88566	0.903236	0.602157	-5.98242
-6.88232	0.901519	0.601013	-5.98081
-6.88147	0.901316	0.600877	-5.98016
-6.88144	0.902252	0.601501	-5.97919
-6.88353	0.904022	0.602681	-5.97951
-6.88527	0.906408	0.604272	-5.97887
-6.88693	0.909358	0.606239	-5.97757
-6.88981	0.91289	0.608593	-5.97692
-6.89454	0.916968	0.611312	-5.97757
-6.90131	0.921471	0.614314	-5.97984
-6.90596	0.926446	0.61763	-5.97952
-6.91236	0.932202	0.621468	-5.98016
-6.91994	0.939125	0.626083	-5.98081
-6.92761	0.947449	0.631633	-5.98016
-6.93906	0.956952	0.637968	-5.9821
-6.94779	0.966984	0.644656	-5.98081
-6.95561	0.976418	0.650945	-5.97919
-6.96305	0.983867	0.655911	-5.97919
-6.96777	0.987934	0.658622	-5.97984
-6.96824	0.987435	0.65829	-5.98081
-6.96185	0.98169	0.65446	-5.98016
-6.94964	0.970452	0.646968	-5.97919
-6.93159	0.954017	0.636012	-5.97757
-6.91056	0.932984	0.621989	-5.97757
-6.88549	0.908241	0.605494	-5.97725
-6.85984	0.880973	0.587315	-5.97886
-6.83155	0.852686	0.568457	-5.97886
-6.80407	0.825208	0.550139	-5.97886
-6.78016	0.800653	0.533768	-5.97951
-6.76113	0.781302	0.520868	-5.97983
-6.74921	0.769376	0.512918	-5.97983
-6.74686	0.766711	0.51114	-5.98015
-6.75408	0.77425	0.516166	-5.97983
-6.77195	0.791795	0.527863	-5.98015
-6.79475	0.817833	0.545222	-5.97692
-6.82883	0.849648	0.566432	-5.97919
-6.86546	0.884005	0.589337	-5.98145
-6.89817	0.918006	0.612004	-5.98016
-6.92938	0.949546	0.633031	-5.97984
-6.95846	0.977329	0.651553	-5.98113
-6.98295	1.00052	0.667011	-5.98243
-7.00082	1.01839	0.678926	-5.98243
-7.0116	1.03015	0.686764	-5.98146
-7.01853	1.03513	0.690087	-5.9834
-7.01819	1.03317	0.688778	-5.98502
-7.01076	1.02477	0.68318	-5.98599
-6.99709	1.0111	0.674067	-5.98599
-6.9792	0.993855	0.66257	-5.98534
-6.95945	0.975085	0.650057	-5.98437
-6.94094	0.956897	0.637932	-5.98404
-6.92365	0.941224	0.627483	-5.98242
-6.91142	0.929644	0.619763	-5.98177
-6.90537	0.923276	0.615517	-5.9821
-6.90535	0.922609	0.615073	-5.98274
-6.90975	0.927325	0.618217	-5.98242
-6.91607	0.936237	0.624158	-5.97983
-6.92756	0.947404	0.631602	-5.98016
-6.93986	0.95873	0.639153	-5.98113
-6.95148	0.968404	0.645602	-5.98307
-6.95858	0.975184	0.650122	-5.9834
-6.96128	0.978534	0.652356	-5.98275
-6.96146	0.978385	0.652257	-5.98307
-6.95758	0.974833	0.649889	-5.98275
-6.94962	0.967838	0.645225	-5.98178
-6.9396	0.957503	0.638335	-5.9821
-6.92406	0.944228	0.629485	-5.97984
-6.90868	0.928843	0.619229	-5.97984
-6.89269	0.912529	0.608353	-5.98016
-6.87782	0.896696	0.597797	-5.98113
-6.86327	0.882791	0.588527	-5.98048
-6.85373	0.871955	0.581303	-5.98178
-6.84652	0.865065	0.57671	-5.98145
-6.84292	0.86276	0.575173	-5.98016
-6.84576	0.865279	0.576852	-5.98048
-6.85362	0.872492	0.581661	-5.98113
-6.86699	0.883919	0.58928	-5.98307
-6.87976	0.898634	0.59909	-5.98113
-6.89741	0.915313	0.610209	-5.9821
-6.91283	0.932349	0.621566	-5.98048
-6.93117	0.948097	0.632065	-5.98308
-6.94447	0.96107	0.640713	-5.9834
-6.95158	0.970126	0.64675	-5.98146
-6.95457	0.97473	0.64982	-5.97984
-6.95483	0.974994	0.649996	-5.97984
-6.95144	0.971604	0.647736	-5.97984
-6.94646	0.965657	0.643771	-5.98081
-6.93804	0.958526	0.639018	-5.97951
-6.9315	0.951665	0.634444	-5.97983
-6.92601	0.946175	0.630783	-5.97983
-6.92277	0.942616	0.628411	-5.98016
-6.92248	0.941029	0.627353	-5.98145
-6.92151	0.941022	0.627348	-5.98048
-6.92407	0.94197	0.62798	-5.9821
-6.92399	0.943177	0.628785	-5.98081
-6.92442	0.943937	0.629291	-5.98048
-6.92426	0.94345	0.628967	-5.98081
-6.91946	0.940919	0.627279	-5.97854
-6.9146	0.93574	0.623827	-5.97886
-6.90882	0.927689	0.618459	-5.98113
-6.89854	0.917087	0.611391	-5.98145
-6.88693	0.90483	0.60322	-5.9821
-6.87507	0.892327	0.594884	-5.98275
-6.86296	0.881182	0.587455	-5.98177
-6.85263	0.872797	0.581865	-5.97983
-6.84852	0.86804	0.578694	-5.98048
-6.84748	0.867004	0.578002	-5.98048
-6.85113	0.869027	0.579351	-5.9821
-6.8553	0.872875	0.581917	-5.98242
-6.8589	0.877128	0.584752	-5.98178
-6.86263	0.880525	0.587017	-5.9821
-6.86453	0.882106	0.588071	-5.98243
-6.86262	0.88149	0.58766	-5.98113
-6.85964	0.878833	0.585889	-5.98081
-6.85552	0.874718	0.583145	-5.98081
-6.84921	0.870024	0.580016	-5.97918
-6.84127	0.865646	0.577098	-5.97562
-6.8398	0.86223	0.57482	-5.97757
-6.83854	0.860001	0.573334	-5.97854
-6.83557	0.858647	0.572431	-5.97692
-6.83422	0.857621	0.571747	-5.9766
-6.83275	0.856472	0.570982	-5.97627
-6.83093	0.855309	0.570206	-5.97563
-6.8292	0.85487	0.569913	-5.97433
-6.83348	0.856237	0.570824	-5.97724
-6.84008	0.860249	0.573499	-5.97983
-6.84839	0.867264	0.578176	-5.98113
-6.8588	0.877025	0.584683	-5.98178
-6.8719	0.889149	0.592766	-5.98275
-6.8865	0.903431	0.602288	-5.98307
-6.90245	0.919707	0.613138	-5.98275
-6.92133	0.937614	0.625076	-5.98372
-6.94015	0.956426	0.637617	-5.98372
-6.95931	0.974946	0.649964	-5.98437
-6.97682	0.9918	0.6612	-5.98502
-6.99186	1.00555	0.670364	-5.98631
-6.99758	1.01483	0.676555	-5.98275
-7.0003	1.01852	0.679014	-5.98178
-6.99751	1.01573	0.677152	-5.98178
-6.98803	1.00625	0.670832	-5.98178
-6.97166	0.990851	0.660567	-5.98081
-6.9527	0.971244	0.647496	-5.98145
-6.93146	0.950011	0.63334	-5.98145
-6.91091	0.930109	0.620073	-5.9808
-6.89498	0.914174	0.609449	-5.9808
-6.88384	0.904007	0.602671	-5.97983
-6.88216	0.900382	0.600254	-5.98178
-6.88508	0.902979	0.601986	-5.9821
-6.89256	0.910463	0.606975	-5.9821
-6.90434	0.920942	0.613961	-5.9834
-6.91446	0.932356	0.621571	-5.9821
-6.92467	0.942887	0.628592	-5.98178
-6.93509	0.951042	0.634028	-5.98405
-6.93849	0.955739	0.637159	-5.98275
-6.93987	0.956146	0.637431	-5.98372
-6.93817	0.951852	0.634568	-5.98631
-6.92843	0.94309	0.628727	-5.98534
-6.91612	0.930777	0.620518	-5.98534
-6.89975	0.916678	0.611118	-5.98307
-6.88641	0.903012	0.602008	-5.9834
-6.87229	0.891803	0.594536	-5.98048
-6.86537	0.88424	0.589493	-5.98113
-6.86127	0.880463	0.586975	-5.98081
-6.86032	0.879834	0.586556	-5.98048
-6.86396	0.881533	0.587689	-5.98243
-6.86567	0.884863	0.589908	-5.98081
-6.87041	0.889279	0.592853	-5.98113
-6.87455	0.89439	0.59626	-5.98016
-6.88039	0.899902	0.599934	-5.98048
-6.88717	0.905717	0.603811	-5.98146
-6.89253	0.912042	0.608028	-5.98049
-6.89853	0.919341	0.612894	-5.97919
-6.9095	0.928041	0.618694	-5.98146
-6.92067	0.938239	0.625493	-5.98243
-6.93177	0.949657	0.633105	-5.98211
-6.94329	0.96151	0.641007	-5.98178
-6.95451	0.972726	0.648484	-5.98179
-6.96396	0.982175	0.654784	-5.98179
-6.97208	0.988998	0.659332	-5.98308
-6.9761	0.992699	0.661799	-5.9834
-6.97637	0.993287	0.662191	-5.98308
-6.97676	0.991408	0.660939	-5.98535
-6.97221	0.988159	0.658773	-5.98405
-6.9713	0.98498	0.656654	-5.98632
-6.97087	0.98326	0.655506	-5.98761
-6.96767	0.983939	0.655959	-5.98373
-6.9709	0.987172	0.658115	-5.98373
-6.97747	0.99245	0.661633	-5.98502
-6.98674	0.998798	0.665865	-5.98794
-6.9928	1.00486	0.669907	-5.98794
-6.99762	1.00935	0.672902	-5.98826
-6.99791	1.01094	0.673957	-5.98697
-6.99346	1.00843	0.672285	-5.98503
-6.98351	1.00107	0.667382	-5.98244
-6.9697	0.988555	0.659037	-5.98114
-6.95318	0.971068	0.647379	-5.98211
-6.93128	0.949171	0.63278	-5.98211
-6.90458	0.923767	0.615845	-5.98082
-6.87637	0.8962	0.597467	-5.98017
-6.84782	0.868303	0.578869	-5.97952
-6.82109	0.842545	0.561697	-5.97854
-6.79865	0.821728	0.547819	-5.97692
-6.78559	0.808342	0.538895	-5.97724
-6.783	0.803814	0.535876	-5.97919
-6.78533	0.80808	0.53872	-5.97725
-6.79659	0.819665	0.546443	-5.97692
-6.81615	0.836311	0.557541	-5.97984
-6.8365	0.855693	0.570462	-5.98081
-6.85448	0.875933	0.583955	-5.97854
-6.8749	0.895706	0.597137	-5.97919
-6.89364	0.914123	0.609416	-5.97952
-6.9126	0.930496	0.620331	-5.98211
-6.92516	0.944028	0.629352	-5.98114
-6.93386	0.954024	0.636016	-5.97984
-6.94025	0.960082	0.640055	-5.98016
-6.94117	0.962298	0.641532	-5.97887
-6.94014	0.96127	0.640847	-5.97887
-6.93725	0.95806	0.638707	-5.97919
-6.93487	0.953735	0.635824	-5.98114
-6.93069	0.949229	0.632819	-5.98146
-6.92843	0.945034	0.630023	-5.9834
-6.92503	0.941303	0.627535	-5.98372
-6.91981	0.938022	0.625348	-5.98178
-6.91572	0.935236	0.623491	-5.98049
-6.91458	0.933122	0.622081	-5.98146
-6.91528	0.931875	0.62125	-5.9834
-6.91527	0.931539	0.621026	-5.98373
-6.91562	0.931894	0.621262	-5.98373
-6.91528	0.932521	0.621681	-5.98276
-6.91448	0.933022	0.622015	-5.98146
-6.9124	0.933201	0.622134	-5.9792
-6.91299	0.93315	0.6221	-5.97984
-6.9146	0.933144	0.622096	-5.98146
-6.91356	0.933397	0.622265	-5.98017
-6.91347	0.933957	0.622638	-5.97952
-6.91413	0.93461	0.623073	-5.97952
-6.91372	0.934848	0.623232	-5.97887
-6.91427	0.934101	0.622734	-5.98016
-6.911	0.931802	0.621201	-5.97919
-6.90643	0.927558	0.618372	-5.97887
-6.89956	0.921338	0.614225	-5.97822
-6.8913	0.913726	0.609151	-5.97757
-6.88445	0.905902	0.603935	-5.97854
-6.87823	0.899361	0.599574	-5.97887
-6.87358	0.895357	0.596904	-5.97822
-6.87113	0.894527	0.596351	-5.9766
-6.8741	0.89685	0.5979	-5.97725
-6.87937	0.901792	0.601195	-5.97758
-6.88778	0.908584	0.605723	-5.97919
-6.89644	0.9166	0.611067	-5.97984
-6.90725	0.925469	0.61698	-5.98178
-6.91868	0.934952	0.623301	-5.98373
-6.92748	0.944721	0.629814	-5.98276
-6.9377	0.954294	0.636196	-5.9834
-6.94571	0.962956	0.641971	-5.98276
-6.95174	0.969958	0.646638	-5.98179
-6.9553	0.97481	0.649873	-5.98049
-6.95741	0.977565	0.65171	-5.97984
-6.95645	0.978877	0.652585	-5.97758
-6.95907	0.979872	0.653248	-5.9792
-6.9598	0.981574	0.654382	-5.97823
-6.96314	0.984594	0.656396	-5.97855
-6.9675	0.98863	0.659087	-5.97887
-6.97406	0.992592	0.661728	-5.98146
-6.97616	0.995015	0.663343	-5.98114
-6.97787	0.994462	0.662975	-5.98341
-6.97291	0.989821	0.659881	-5.98309
-6.9636	0.980516	0.653677	-5.98309
-6.95005	0.966638	0.644426	-5.98341
-6.92867	0.948816	0.632544	-5.97985
-6.90666	0.928106	0.618737	-5.97855
-6.88395	0.905721	0.603814	-5.97823
-6.8625	0.882982	0.588655	-5.97952
-6.84112	0.861273	0.574182	-5.97985
-6.82111	0.842234	0.561489	-5.97887
-6.8066	0.827724	0.551816	-5.97887
-6.79813	0.819582	0.546388	-5.97855
-6.79817	0.819298	0.546199	-5.97887
-6.80698	0.827786	0.551857	-5.97919
-6.82432	0.84512	0.563414	-5.9792
-6.85233	0.87054	0.58036	-5.98179
-6.88447	0.902358	0.601572	-5.98211
-6.91985	0.93774	0.62516	-5.98211
-6.9546	0.972807	0.648538	-5.98179
-6.98451	1.00304	0.668695	-5.98147
-7.00648	1.02404	0.682694	-5.98244
-7.01453	1.03241	0.688273	-5.98212
-7.00843	1.02663	0.684419	-5.9818
-6.98768	1.0075	0.671669	-5.98018
-6.95971	0.978237	0.652158	-5.98147
-6.92697	0.943884	0.629256	-5.98308
-6.89039	0.910225	0.606817	-5.98017
-6.86307	0.882255	0.58817	-5.98081
-6.83995	0.863025	0.57535	-5.97692
-6.82995	0.853348	0.568899	-5.9766
-6.82897	0.852363	0.568242	-5.9766
-6.83672	0.858176	0.572117	-5.97855
-6.84642	0.868521	0.579014	-5.9779
-6.85839	0.881132	0.587421	-5.97725
-6.87275	0.893877	0.595918	-5.97887
-6.88315	0.904925	0.603283	-5.97823
-6.89199	0.912792	0.608528	-5.9792
-6.8956	0.916395	0.61093	-5.9792
-6.89387	0.915315	0.61021	-5.97855
-6.8877	0.909794	0.60653	-5.97791
-6.87906	0.900835	0.600557	-5.97823
-6.86909	0.890217	0.593478	-5.97887
-6.85825	0.880347	0.586898	-5.9779
-6.85015	0.873871	0.582581	-5.97628
-6.84791	0.873247	0.582164	-5.97466
-6.85684	0.880237	0.586825	-5.9766
-6.87241	0.895486	0.59699	-5.97693
-6.89476	0.918481	0.612321	-5.97628
-6.9246	0.94767	0.63178	-5.97693
-6.95876	0.980534	0.653689	-5.97822
-6.99313	1.01393	0.675952	-5.9792
-7.02435	1.0445	0.696333	-5.97985
-7.0502	1.06906	0.712706	-5.98114
-7.06648	1.08501	0.723341	-5.98147
-7.07351	1.09075	0.727163	-5.98276
-7.06877	1.08568	0.723789	-5.98309
-7.05186	1.07039	0.713595	-5.98147
-7.03041	1.04668	0.697787	-5.98373
-7.00099	1.01726	0.678174	-5.98373
-6.96745	0.985344	0.656896	-5.98211
-6.93531	0.954172	0.636115	-5.98114
-6.9089	0.926466	0.617644	-5.98243
-6.88559	0.904132	0.602754	-5.98146
-6.8709	0.888144	0.592096	-5.98275
-6.86086	0.878752	0.585835	-5.98211
-6.85614	0.875656	0.583771	-5.98049
-6.85821	0.878047	0.585365	-5.98016
-6.86401	0.884819	0.589879	-5.97919
-6.87359	0.894715	0.596477	-5.97887
-6.88526	0.906386	0.604257	-5.97887
-6.89931	0.918494	0.612329	-5.98082
-6.91345	0.929714	0.619809	-5.98373
-6.92012	0.938658	0.625772	-5.98146
-6.92594	0.944149	0.629433	-5.98179
-6.92683	0.945369	0.630246	-5.98147
-6.92286	0.942038	0.628026	-5.98082
-6.91515	0.934659	0.623106	-5.98049
-6.9048	0.924303	0.616202	-5.98049
-6.89319	0.912371	0.608247	-5.98082
-6.87815	0.900241	0.600161	-5.9779
-6.8639	0.888907	0.592604	-5.97499
-6.85261	0.878915	0.585943	-5.97369
-6.84562	0.870634	0.580422	-5.97499
-6.83891	0.864568	0.576378	-5.97434
-6.83617	0.861503	0.574335	-5.97466
-6.8359	0.862211	0.574808	-5.97369
-6.84247	0.867158	0.578105	-5.97531
-6.85152	0.875885	0.583924	-5.97564
-6.8635	0.886893	0.591262	-5.97661
-6.87335	0.89804	0.598693	-5.97531
-6.8843	0.90736	0.604907	-5.97694
-6.89062	0.913685	0.609124	-5.97694
-6.89431	0.917054	0.61137	-5.97726
-6.89781	0.91829	0.612193	-5.97952
-6.89942	0.918603	0.612402	-5.98082
-6.89915	0.918978	0.612652	-5.98017
-6.8981	0.91987	0.613247	-5.97823
-6.89955	0.921324	0.614216	-5.97823
-6.8996	0.922989	0.615326	-5.97661
-6.90246	0.924553	0.616368	-5.97791
-6.90485	0.925974	0.617316	-5.97888
-6.90488	0.92762	0.618413	-5.97726
-6.9074	0.930141	0.620094	-5.97726
-6.91046	0.93417	0.62278	-5.97629
-6.91692	0.939981	0.626654	-5.97694
-6.92329	0.947329	0.631553	-5.97596
-6.93339	0.955482	0.636988	-5.97791
-6.94142	0.963511	0.642341	-5.97791
-6.95043	0.970573	0.647049	-5.97985
-6.95586	0.976005	0.65067	-5.97985
-6.96257	0.979483	0.652989	-5.98309
-6.96402	0.98093	0.653953	-5.98309
-6.96284	0.980395	0.653596	-5.98244
-6.96154	0.978129	0.652086	-5.98341
-6.95696	0.974523	0.649682	-5.98244
-6.95142	0.96995	0.646633	-5.98147
-6.94569	0.96454	0.643027	-5.98115
-6.93982	0.958028	0.638685	-5.9818
-6.93153	0.949732	0.633154	-5.9818
-6.92129	0.939173	0.626116	-5.98212
-6.90892	0.926479	0.617653	-5.98244
-6.89418	0.912709	0.608473	-5.98147
-6.8791	0.8999	0.599934	-5.9792
-6.8707	0.890525	0.593683	-5.98017
-6.86475	0.886846	0.591231	-5.9779
-6.86754	0.889959	0.593306	-5.97758
-6.87862	0.899416	0.599611	-5.9792
-6.89354	0.913368	0.608912	-5.98017
-6.90844	0.929236	0.61949	-5.9792
-6.92085	0.944557	0.629704	-5.97629
-6.93371	0.957414	0.638276	-5.97629
-6.94288	0.96659	0.644393	-5.97629
-6.9487	0.97143	0.64762	-5.97727
-6.94858	0.971632	0.647755	-5.97694
-6.94059	0.967209	0.644806	-5.97338
-6.93323	0.958557	0.639038	-5.97468
-6.92309	0.946471	0.63098	-5.97662
-6.90938	0.932115	0.62141	-5.97726
-6.8934	0.916783	0.611189	-5.97662
-6.87836	0.90174	0.60116	-5.97662
-6.86499	0.888046	0.592031	-5.97694
-6.85593	0.8764	0.584267	-5.97953
-6.84673	0.867195	0.57813	-5.97953
-6.83863	0.86039	0.573593	-5.97824
-6.83468	0.855475	0.570317	-5.97921
-6.82979	0.851875	0.567917	-5.97791
-6.82564	0.849667	0.566445	-5.97597
-6.82637	0.849758	0.566505	-5.97662
-6.83137	0.853788	0.569192	-5.97759
-6.84105	0.863144	0.575429	-5.97791
-6.85399	0.878023	0.585349	-5.97597
-6.8732	0.897237	0.598158	-5.97597
-6.89497	0.918679	0.612452	-5.97629
-6.91703	0.940086	0.626724	-5.97694
-6.93882	0.959607	0.639738	-5.97921
-6.95428	0.976037	0.650691	-5.97824
-6.96674	0.988505	0.659004	-5.97824
-6.97557	0.996362	0.664242	-5.97921
-6.97914	0.999286	0.666191	-5.97986
-6.9774	0.997216	0.664811	-5.98018
-6.97157	0.990417	0.660278	-5.98115
-6.96186	0.979411	0.652941	-5.98245
-6.9474	0.964953	0.643302	-5.98245
-6.93282	0.948103	0.632069	-5.98472
-6.91585	0.930162	0.620108	-5.98569
-6.8974	0.912683	0.608455	-5.98471
-6.88142	0.897028	0.598018	-5.98439
-6.86825	0.884185	0.589457	-5.98406
-6.85908	0.874694	0.583129	-5.98439
-6.85064	0.868843	0.579229	-5.9818
-6.84826	0.866787	0.577858	-5.98147
-6.8499	0.86875	0.579167	-5.98115
-6.85598	0.874828	0.583219	-5.98115
-6.86669	0.884893	0.589929	-5.9818
-6.88061	0.898492	0.598995	-5.98212
-6.89357	0.914686	0.609791	-5.97888
-6.91166	0.932132	0.621421	-5.97953
-6.92886	0.949327	0.632884	-5.97953
-6.9454	0.964892	0.643261	-5.9805
-6.95939	0.977912	0.651942	-5.98148
-6.9693	0.987821	0.658547	-5.98148
-6.97644	0.994322	0.662881	-5.98212
-6.9801	0.99733	0.664887	-5.98277
-6.97763	0.996806	0.664537	-5.98083
-6.97559	0.992816	0.661877	-5.98277
-6.97093	0.985567	0.657045	-5.98536
-6.95943	0.97569	0.65046	-5.98374
-6.94813	0.964068	0.642712	-5.98407
-6.93497	0.951877	0.634585	-5.9831
-6.9227	0.940258	0.626839	-5.98245
-6.91169	0.930218	0.620146	-5.98147
-6.9051	0.922329	0.614886	-5.98277
-6.89916	0.916715	0.611143	-5.98245
-6.89534	0.913216	0.608811	-5.98212
-6.89329	0.911494	0.607663	-5.9818
-6.89492	0.911184	0.607456	-5.98374
-6.89565	0.911912	0.607942	-5.98374
-6.89591	0.913139	0.608759	-5.98277
-6.89577	0.91429	0.609527	-5.98147
-6.89726	0.914815	0.609876	-5.98245
-6.89478	0.914276	0.609517	-5.98051
-6.89252	0.912338	0.608225	-5.98018
-6.89026	0.908785	0.605857	-5.98148
-6.8839	0.903392	0.602261	-5.98051
-6.87683	0.896001	0.597334	-5.98083
-6.86655	0.886689	0.591126	-5.97986
-6.8548	0.875913	0.583942	-5.97889
-6.84241	0.864817	0.576545	-5.97759
-6.83318	0.855269	0.57018	-5.97791
-6.82779	0.84956	0.566373	-5.97823
-6.82861	0.849725	0.566483	-5.97888
-6.8362	0.856671	0.571114	-5.97953
-6.84778	0.869547	0.579698	-5.97824
-6.86338	0.885786	0.590524	-5.97759
-6.88013	0.902213	0.601475	-5.97792
-6.89514	0.916255	0.610837	-5.97889
-6.90919	0.926741	0.617827	-5.98245
-6.91512	0.933971	0.622647	-5.98115
-6.91874	0.93921	0.62614	-5.97953
-6.9233	0.944094	0.629396	-5.97921
-6.93053	0.950022	0.633348	-5.9805
-6.94052	0.957752	0.638501	-5.98277
-6.95081	0.967063	0.644708	-5.98374
-6.9613	0.976912	0.651275	-5.98439
-6.97072	0.985681	0.65712	-5.98504
-6.97607	0.991675	0.661117	-5.98439
-6.97705	0.993628	0.662419	-5.98342
-6.97311	0.990985	0.660656	-5.98213
-6.96521	0.984054	0.656036	-5.98115
-6.95672	0.973948	0.649299	-5.98277
-6.94738	0.962347	0.641565	-5.98504
-6.93543	0.95104	0.634027	-5.98439
-6.92629	0.941257	0.627505	-5.98504
-6.91559	0.933467	0.622311	-5.98212
-6.91044	0.927674	0.61845	-5.98277
-6.90671	0.92362	0.615746	-5.98309
-6.90231	0.921163	0.614109	-5.98115
-6.90311	0.920337	0.613558	-5.98277
-6.90203	0.9212	0.614134	-5.98083
-6.90518	0.923708	0.615806	-5.98147
-6.90785	0.927674	0.618449	-5.98018
-6.91428	0.932808	0.621872	-5.98147
-6.92065	0.938534	0.62569	-5.98212
-6.92776	0.94402	0.629347	-5.98374
-6.92913	0.948302	0.632202	-5.98083
-6.93088	0.95038	0.633587	-5.9805
-6.93082	0.949666	0.633111	-5.98115
-6.92617	0.945985	0.630657	-5.98018
-6.92188	0.939761	0.626507	-5.98212
-6.91286	0.932027	0.621351	-5.98083
-6.905	0.924171	0.616114	-5.98083
-6.89878	0.917627	0.611751	-5.98115
-6.89499	0.91352	0.609013	-5.98147
-6.8923	0.912447	0.608298	-5.97986
-6.89369	0.914484	0.609656	-5.97921
-6.89988	0.91938	0.61292	-5.9805
-6.90508	0.926848	0.617899	-5.97824
-6.91528	0.936398	0.624265	-5.97888
-6.92863	0.947484	0.631656	-5.98115
-6.93982	0.959319	0.639546	-5.9805
-6.95087	0.970693	0.647129	-5.98018
-6.96276	0.979988	0.653326	-5.98277
-6.96653	0.985381	0.65692	-5.98115
-6.9657	0.985194	0.656796	-5.98051
-6.95976	0.97861	0.652407	-5.98115
-6.94673	0.965905	0.643937	-5.98083
-6.93041	0.948616	0.63241	-5.9818
-6.91053	0.929063	0.619375	-5.98147
-6.89133	0.909858	0.606572	-5.98147
-6.87553	0.893411	0.595607	-5.98212
-6.8614	0.881552	0.587701	-5.97985
-6.85523	0.875379	0.583586	-5.97985
-6.85509	0.875244	0.583496	-5.97985
-6.85905	0.880495	0.586996	-5.97856
-6.86578	0.889487	0.592991	-5.97629
-6.87555	0.899911	0.599941	-5.97564
-6.88349	0.909141	0.606094	-5.97435
-6.89153	0.914913	0.609942	-5.97662
-6.89504	0.915834	0.610556	-5.97921
-6.88894	0.911673	0.607782	-5.97726
-6.88422	0.903397	0.602265	-5.98082
-6.87305	0.892878	0.595252	-5.98018
-6.8618	0.88227	0.58818	-5.97953
-6.85316	0.873314	0.582209	-5.97985
-6.84547	0.866913	0.577942	-5.97855
-6.84206	0.863181	0.575454	-5.97888
-6.841	0.861793	0.574528	-5.9792
-6.8434	0.862581	0.575054	-5.98082
-6.8478	0.865687	0.577125	-5.98212
-6.85329	0.871827	0.581218	-5.98147
-6.86226	0.881762	0.587841	-5.98049
-6.8769	0.895756	0.597171	-5.98114
-6.89691	0.913176	0.608784	-5.98373
-6.91547	0.932384	0.621589	-5.98309
-6.9342	0.951109	0.634073	-5.98309
-6.94867	0.967207	0.644804	-5.98147
-6.95971	0.979215	0.65281	-5.9805
-6.96765	0.986825	0.657884	-5.98082
-6.97187	0.990728	0.660486	-5.98114
-6.97327	0.992129	0.66142	-5.98114
-6.97432	0.992205	0.66147	-5.98212
-6.97377	0.991654	0.661103	-5.98211
-6.9723	0.990511	0.660341	-5.98179
-6.96942	0.988274	0.658849	-5.98114
-6.96267	0.984121	0.656081	-5.97855
-6.95437	0.977439	0.651626	-5.97693
-6.94648	0.968253	0.645502	-5.97823
-6.93706	0.957217	0.638144	-5.97985
-6.92743	0.945644	0.630429	-5.98179
-6.91733	0.935222	0.623481	-5.98211
-6.9083	0.927492	0.618328	-5.98081
-6.9017	0.923476	0.615651	-5.97822
-6.90222	0.923346	0.615564	-5.97887
-6.90693	0.926443	0.617628	-5.98049
-6.91133	0.931481	0.620987	-5.97984
-6.91613	0.936936	0.624624	-5.9792
-6.92061	0.94141	0.627607	-5.9792
-6.9225	0.943952	0.629301	-5.97855
-6.92233	0.944099	0.6294	-5.97823
-6.92011	0.941888	0.627925	-5.97823
-6.91477	0.937834	0.625223	-5.97693
-6.91126	0.932712	0.621808	-5.97855
-6.90599	0.927434	0.618289	-5.97855
-6.90382	0.922679	0.615119	-5.98114
-6.90056	0.918767	0.612512	-5.98179
-6.89796	0.915527	0.610351	-5.98244
-6.89558	0.912491	0.608327	-5.98309
-6.89225	0.90916	0.606107	-5.98309
-6.88816	0.905076	0.603384	-5.98309
-6.88274	0.899981	0.599987	-5.98276
-6.87557	0.893784	0.595856	-5.98179
-6.86817	0.886707	0.591138	-5.98147
-6.86262	0.879535	0.586357	-5.98309
-6.85563	0.873519	0.582346	-5.98211
-6.85142	0.870284	0.58019	-5.98114
-6.85153	0.871368	0.580912	-5.98017
-6.85952	0.877731	0.585154	-5.98179
-6.87121	0.889425	0.59295	-5.98178
-6.88577	0.905283	0.603522	-5.98049
-6.9042	0.92306	0.615373	-5.98114
-6.91972	0.939875	0.626583	-5.97985
-6.9314	0.952852	0.635234	-5.97855
-6.93825	0.9597	0.6398	-5.97855
-6.93877	0.959248	0.639499	-5.97953
-6.93213	0.95163	0.63442	-5.9805
-6.91702	0.938141	0.625427	-5.97888
-6.90181	0.920996	0.613998	-5.98082
-6.885	0.902884	0.601923	-5.98211
-6.86667	0.886505	0.591003	-5.98017
-6.85291	0.874041	0.582694	-5.97887
-6.84649	0.866973	0.577982	-5.97952
-6.84558	0.866061	0.577374	-5.97952
-6.85244	0.871306	0.580871	-5.98114
-6.86337	0.882231	0.588154	-5.98114
-6.87707	0.897879	0.598586	-5.9792
-6.89583	0.916962	0.611308	-5.97887
-6.91742	0.937895	0.625264	-5.97952
-6.93623	0.95897	0.639314	-5.97726
-6.9535	0.978505	0.652337	-5.97499
-6.97004	0.994722	0.663148	-5.97532
-6.98143	1.00612	0.670745	-5.97532
-6.98848	1.01155	0.674365	-5.97693
-6.98861	1.01038	0.67359	-5.97823
-6.98427	1.0028	0.668533	-5.98147
-6.97121	0.989746	0.659831	-5.98147
-6.95778	0.973073	0.648715	-5.98471
-6.93836	0.955272	0.636848	-5.98309
-6.92215	0.93907	0.626047	-5.98308
-6.90751	0.926699	0.617799	-5.98082
-6.90069	0.919224	0.612816	-5.98146
-6.89718	0.916366	0.61091	-5.98082
-6.89533	0.91645	0.610967	-5.97888
-6.89421	0.916954	0.611303	-5.97726
-6.89408	0.915525	0.61035	-5.97855
-6.88815	0.910567	0.607045	-5.97758
-6.87695	0.901632	0.601088	-5.97532
-6.86547	0.889508	0.593006	-5.97596
-6.85321	0.875948	0.583965	-5.97726
-6.84011	0.86318	0.575453	-5.97693
-6.83191	0.853359	0.568906	-5.97855
-6.82688	0.848002	0.565334	-5.97888
-6.82764	0.847795	0.565197	-5.97985
-6.83266	0.85249	0.568327	-5.98017
-6.84136	0.861185	0.574123	-5.98017
-6.85252	0.872673	0.581782	-5.97985
-6.86609	0.885917	0.590611	-5.98017
-6.88035	0.900172	0.600115	-5.98017
-6.89221	0.914952	0.609968	-5.97726
-6.90746	0.929877	0.619918	-5.97758
-6.92254	0.944316	0.629544	-5.97823
-6.93645	0.957254	0.63817	-5.9792
-6.94895	0.967163	0.644775	-5.98179
-6.95478	0.97234	0.648227	-5.98244
-6.95229	0.971472	0.647648	-5.98082
-6.94317	0.96429	0.64286	-5.97888
-6.92938	0.951796	0.63453	-5.97758
-6.91461	0.936378	0.624252	-5.97823
-6.9001	0.921227	0.614151	-5.97887
-6.89116	0.90937	0.606246	-5.98179
-6.88481	0.902697	0.601798	-5.98211
-6.88361	0.901504	0.601002	-5.98211
-6.88557	0.904755	0.60317	-5.98082
-6.89099	0.910816	0.607211	-5.98017
-6.89535	0.918095	0.612063	-5.97726
-6.90368	0.925451	0.616967	-5.97823
-6.91083	0.932278	0.621519	-5.97855
-6.91796	0.938442	0.625628	-5.97952
-6.92317	0.943972	0.629315	-5.9792
-6.92753	0.948976	0.632651	-5.97855
-6.9309	0.953321	0.635548	-5.97758
-6.93427	0.956689	0.637792	-5.97758
-6.93732	0.958765	0.639177	-5.97855
-6.93894	0.959416	0.639611	-5.97952
-6.939	0.958832	0.639222	-5.98017
-6.93764	0.95747	0.638314	-5.98017
-6.93644	0.955944	0.637296	-5.98049
-6.93508	0.95459	0.636393	-5.98049
-6.93347	0.953306	0.635537	-5.98017
-6.93206	0.951569	0.634379	-5.98049
-6.92767	0.948475	0.632317	-5.9792
-6.92227	0.943075	0.628717	-5.9792
-6.91437	0.934848	0.623232	-5.97952
-6.90286	0.923985	0.61599	-5.97888
-6.88923	0.911648	0.607765	-5.97758
-6.87674	0.899808	0.599872	-5.97693
-6.86937	0.890818	0.593878	-5.97855
-6.86546	0.886591	0.59106	-5.97887
-6.86647	0.887923	0.591949	-5.97855
-6.87418	0.89434	0.596227	-5.97984
-6.88424	0.904399	0.602932	-5.97984
-6.89904	0.916278	0.610852	-5.98276
-6.91188	0.928146	0.618764	-5.98373
-6.9205	0.938387	0.625591	-5.98211
-6.92856	0.945797	0.630531	-5.98276
-6.93233	0.949567	0.633045	-5.98276
-6.93219	0.949427	0.632952	-5.98276
-6.92776	0.945645	0.63043	-5.98211
-6.92149	0.939057	0.626038	-5.98244
-6.91149	0.930995	0.620663	-5.98049
-6.90254	0.923021	0.615348	-5.97952
-6.89697	0.916805	0.611203	-5.98016
-6.89429	0.913805	0.609204	-5.98049
-6.89482	0.914978	0.609985	-5.97984
-6.90056	0.920399	0.6136	-5.98016
-6.90734	0.929115	0.61941	-5.97822
-6.91868	0.939487	0.626325	-5.97919
-6.92959	0.949753	0.633169	-5.97984
-6.9404	0.958621	0.639081	-5.98178
-6.94874	0.965341	0.643561	-5.9834
-6.95396	0.969263	0.646175	-5.9847
-6.95462	0.9696	0.6464	-5.98502
-6.94987	0.965496	0.643664	-5.98437
-6.94155	0.956854	0.637903	-5.9847
-6.92546	0.944654	0.629769	-5.98081
-6.91229	0.930834	0.620556	-5.98146
-6.89692	0.917729	0.61182	-5.97919
-6.88432	0.907401	0.604934	-5.97692
-6.87865	0.901079	0.600719	-5.97757
-6.87723	0.899017	0.599344	-5.97821
-6.87934	0.900483	0.600322	-5.97886
-6.88293	0.904072	0.602715	-5.97886
-6.88688	0.908019	0.605346	-5.97886
-6.89305	0.910621	0.607081	-5.98243
-6.8921	0.910645	0.607097	-5.98146
-6.88886	0.907732	0.605155	-5.98113
-6.88394	0.902487	0.601658	-5.98145
-6.87692	0.896435	0.597624	-5.98048
-6.87265	0.891523	0.594348	-5.98113
-6.87189	0.889465	0.592977	-5.98242
-6.8761	0.891089	0.594059	-5.98501
-6.87861	0.896189	0.597459	-5.98242
-6.88837	0.903681	0.602454	-5.98469
-6.89649	0.912117	0.608078	-5.98437
-6.90355	0.920151	0.613434	-5.9834
-6.90762	0.927138	0.618092	-5.98048
-6.91334	0.933185	0.622123	-5.98016
-6.92121	0.93911	0.626073	-5.9821
-6.92488	0.946022	0.630681	-5.97886
-6.9333	0.954757	0.636505	-5.97854
-6.94287	0.965301	0.643534	-5.97757
-6.95402	0.976452	0.650968	-5.97757
-6.96354	0.985972	0.657314	-5.97757
-6.96922	0.991329	0.660886	-5.97789
-6.96911	0.99057	0.66038	-5.97854
-6.96165	0.982778	0.655185	-5.97887
-6.95072	0.968285	0.645523	-5.98243
-6.93022	0.948435	0.63229	-5.98178
-6.90578	0.925291	0.616861	-5.98049
-6.8821	0.901296	0.600864	-5.98081
-6.85785	0.878984	0.585989	-5.97886
-6.83988	0.860696	0.573797	-5.97919
-6.82613	0.848243	0.565495	-5.97789
-6.82147	0.842605	0.561737	-5.97886
-6.82123	0.843665	0.562444	-5.97757
-6.82753	0.850283	0.566855	-5.97724
-6.8372	0.860604	0.573736	-5.9766
-6.85012	0.872546	0.581697	-5.97757
-6.86277	0.884226	0.589484	-5.97854
-6.87251	0.894287	0.596191	-5.97822
-6.88146	0.901945	0.601297	-5.97951
-6.88907	0.906963	0.604642	-5.98211
-6.89135	0.909568	0.606379	-5.98178
-6.89342	0.910343	0.606895	-5.98308
-6.89245	0.910346	0.606897	-5.9821
-6.89233	0.910874	0.607249	-5.98146
-6.89532	0.91322	0.608814	-5.9821
-6.9002	0.918424	0.612283	-5.98178
-6.9093	0.926879	0.617919	-5.98243
-6.92053	0.938103	0.625402	-5.98243
-6.93244	0.950979	0.633986	-5.98146
-6.94656	0.964129	0.642753	-5.98243
-6.95871	0.97628	0.650853	-5.98243
-6.96826	0.986479	0.657652	-5.98178
-6.9736	0.994088	0.662725	-5.97951
-6.97912	0.998632	0.665755	-5.98049
-6.98153	0.999426	0.666284	-5.9821
-6.97647	0.995666	0.663778	-5.98081
-6.96775	0.986615	0.657744	-5.98113
-6.95338	0.972254	0.648169	-5.98113
-6.9346	0.953797	0.635864	-5.98081
-6.9126	0.933742	0.622495	-5.97886
-6.89411	0.915248	0.610165	-5.97886
-6.88281	0.901033	0.600689	-5.98177
-6.87265	0.892491	0.594994	-5.98016
-6.86779	0.889248	0.592832	-5.97854
-6.86867	0.889807	0.593204	-5.97886
-6.87095	0.892411	0.594941	-5.97854
-6.87492	0.896059	0.597373	-5.97886
-6.8789	0.901012	0.600675	-5.97789
-6.88594	0.908379	0.605586	-5.97756
-6.89804	0.919186	0.612791	-5.97886
-6.91418	0.933697	0.622465	-5.98048
-6.92968	0.950823	0.633882	-5.97886
-6.9478	0.968292	0.645528	-5.97951
-6.96188	0.983345	0.655564	-5.97854
-6.97367	0.993512	0.662341	-5.98016
-6.97807	0.997261	0.664841	-5.98081
-6.97449	0.994331	0.662888	-5.98016
-6.96634	0.985533	0.657022	-5.9808
-6.9517	0.972518	0.648345	-5.97918
-6.93553	0.957318	0.638212	-5.97821
-6.91991	0.942026	0.628017	-5.97788
-6.90559	0.928353	0.618902	-5.97724
-6.89533	0.917443	0.611629	-5.97788
-6.889	0.909819	0.606546	-5.97918
-6.8876	0.905509	0.603673	-5.98209
-6.88787	0.904154	0.602769	-5.98371
-6.88807	0.905333	0.603555	-5.98274
-6.89285	0.908808	0.605872	-5.98404
-6.89723	0.914484	0.609656	-5.98274
-6.90592	0.922212	0.614808	-5.98371
-6.91385	0.93143	0.620953	-5.98242
-6.92549	0.940803	0.627202	-5.98469
-6.93185	0.948456	0.632304	-5.98339
-6.93635	0.952307	0.634872	-5.98404
-6.93485	0.950806	0.63387	-5.98404
-6.92633	0.943263	0.628842	-5.98307
-6.91242	0.929997	0.619998	-5.98242
-6.89554	0.912148	0.608099	-5.98339
-6.87456	0.89149	0.594327	-5.98307
-6.85352	0.870134	0.580089	-5.98339
-6.832	0.850231	0.56682	-5.98177
-6.81461	0.833815	0.555877	-5.9808
-6.80145	0.822595	0.548397	-5.97886
-6.79515	0.81759	0.54506	-5.97756
-6.79572	0.819131	0.546087	-5.97659
-6.80405	0.826812	0.551208	-5.97724
-6.81576	0.839817	0.559878	-5.97594
-6.83136	0.857039	0.571359	-5.97432
-6.85143	0.877427	0.584952	-5.974
-6.87595	0.900007	0.600004	-5.97594
-6.89871	0.923731	0.615821	-5.97498
-6.92237	0.94739	0.631593	-5.97498
-6.94482	0.969519	0.646346	-5.9753
-6.9654	0.988482	0.658988	-5.97692
-6.97799	1.00269	0.668457	-5.9753
-6.98838	1.01081	0.673873	-5.97757
-6.99125	1.01207	0.674711	-5.97919
-6.98488	1.00634	0.670897	-5.97854
-6.97059	0.994318	0.662878	-5.97627
-6.95447	0.977231	0.651488	-5.97724
-6.93482	0.956609	0.637739	-5.97821
-6.91175	0.934187	0.622792	-5.97756
-6.88998	0.911775	0.60785	-5.97821
-6.86896	0.891078	0.594052	-5.97788
-6.85162	0.873733	0.582489	-5.97788
-6.84035	0.861172	0.574115	-5.97918
-6.83364	0.854463	0.569642	-5.97918
-6.83368	0.854173	0.569449	-5.9795
-6.84167	0.860223	0.573482	-5.98145
-6.85345	0.87168	0.58112	-5.98177
-6.8706	0.886889	0.591259	-5.98371
-6.88824	0.903551	0.602368	-5.98469
-6.90386	0.919174	0.612783	-5.98469
-6.91411	0.931361	0.620907	-5.98275
-6.92218	0.938139	0.625426	-5.98404
-6.92038	0.93828	0.62552	-5.9821
-6.91718	0.931512	0.621008	-5.98567
-6.90245	0.91873	0.612486	-5.98372
-6.88615	0.902103	0.601402	-5.98404
-6.86729	0.884867	0.589911	-5.98242
-6.85236	0.870908	0.580605	-5.98145
-6.84348	0.863971	0.575981	-5.9795
-6.84428	0.86672	0.577813	-5.97756
-6.85795	0.879739	0.586492	-5.97821
-6.87807	0.901157	0.600771	-5.97692
-6.90535	0.927132	0.618088	-5.97822
-6.92997	0.953049	0.635366	-5.97692
-6.95474	0.974899	0.649933	-5.97984
-6.97058	0.990093	0.660062	-5.98048
-6.97852	0.997712	0.665142	-5.98081
-6.98022	0.998115	0.66541	-5.9821
-6.97705	0.992679	0.661786	-5.98437
-6.9683	0.983288	0.655525	-5.98501
-6.95475	0.972	0.648	-5.98275
-6.94367	0.960922	0.640615	-5.98275
-6.93533	0.951932	0.634622	-5.98339
-6.92941	0.946337	0.630892	-5.98307
-6.92452	0.944684	0.62979	-5.97983
-6.92671	0.946872	0.631248	-5.97983
-6.93176	0.952579	0.635052	-5.97919
-6.94089	0.961708	0.641139	-5.97919
-6.9531	0.974237	0.649491	-5.97886
-6.96771	0.989494	0.659663	-5.97821
-6.98448	1.00562	0.670412	-5.97887
-6.99995	1.01946	0.679642	-5.98049
-7.00818	1.02737	0.684914	-5.98081
-7.00831	1.02652	0.684349	-5.98178
-6.99727	1.01581	0.677208	-5.98146
-6.97686	0.996379	0.664253	-5.98049
-6.95318	0.971402	0.647601	-5.98178
-6.92811	0.945364	0.630243	-5.98275
-6.90649	0.923094	0.615396	-5.98339
-6.89035	0.908582	0.605721	-5.98177
-6.88628	0.903857	0.602571	-5.98242
-6.89013	0.908678	0.605786	-5.98145
-6.90229	0.920837	0.613891	-5.98145
-6.91853	0.937075	0.624716	-5.98145
-6.93717	0.95409	0.63606	-5.98308
-6.95131	0.968884	0.645923	-5.98243
-6.95858	0.979062	0.652708	-5.97952
-6.96117	0.982945	0.655297	-5.97822
-6.95638	0.979451	0.652968	-5.97693
-6.94518	0.968251	0.645501	-5.97693
-6.9272	0.949946	0.633297	-5.97725
-6.90394	0.926044	0.617363	-5.9779
-6.87762	0.898756	0.599171	-5.97887
-6.84951	0.870641	0.580427	-5.97887
-6.8242	0.844359	0.562906	-5.97984
-6.79973	0.822163	0.548109	-5.97757
-6.78524	0.80573	0.537154	-5.97951
-6.77553	0.796012	0.530675	-5.97951
-6.77144	0.793223	0.528815	-5.97822
-6.77552	0.796979	0.531319	-5.97854
-6.78302	0.806418	0.537612	-5.9766
-6.79532	0.820331	0.546888	-5.97499
-6.81293	0.837293	0.558195	-5.97563
-6.83307	0.855814	0.570543	-5.97725
-6.85118	0.874576	0.58305	-5.97661
-6.86928	0.892353	0.594902	-5.97693
-6.88604	0.908134	0.605423	-5.9779
-6.89937	0.921143	0.614095	-5.97823
-6.9103	0.930779	0.62052	-5.97952
-6.91858	0.936796	0.624531	-5.98179
-6.91995	0.939458	0.626305	-5.98049
-6.9206	0.939462	0.626308	-5.98114
-6.91829	0.937805	0.625203	-5.98049
-6.91635	0.935539	0.623693	-5.98081
-6.91207	0.933528	0.622352	-5.97855
-6.91087	0.932328	0.621552	-5.97855
-6.91145	0.93226	0.621506	-5.97919
-6.91293	0.933411	0.622274	-5.97952
-6.91443	0.935564	0.623709	-5.97887
-6.91475	0.938148	0.625432	-5.9766
-6.91666	0.940385	0.626923	-5.97628
-6.91841	0.941487	0.627658	-5.97693
-6.91847	0.940897	0.627265	-5.97757
-6.91531	0.938389	0.625592	-5.97693
-6.91189	0.933995	0.622663	-5.9779
-6.90578	0.92821	0.618806	-5.97757
-6.90094	0.921751	0.614501	-5.97919
-6.89489	0.915706	0.610471	-5.97919
-6.89065	0.911465	0.607644	-5.97919
-6.88781	0.910561	0.607041	-5.97724
-6.89017	0.914225	0.609483	-5.97595
-6.89912	0.923171	0.615447	-5.97595
-6.91216	0.937186	0.624791	-5.97498
-6.93147	0.954871	0.636581	-5.9766
-6.95345	0.973931	0.649288	-5.97951
-6.97196	0.991475	0.660984	-5.98049
-6.98589	1.00475	0.669834	-5.98114
-6.99235	1.01186	0.674574	-5.98049
-6.99285	1.01204	0.674691	-5.98081
-6.98597	1.00581	0.670541	-5.98016
-6.97567	0.994857	0.663238	-5.98081
-6.96209	0.981603	0.654402	-5.98048
-6.94959	0.968786	0.645858	-5.98081
-6.94233	0.958932	0.639288	-5.9834
-6.93683	0.953758	0.635839	-5.98307
-6.93727	0.953872	0.635915	-5.98339
-6.94052	0.958743	0.639162	-5.98178
-6.9504	0.966682	0.644454	-5.98372
-6.9605	0.975487	0.650324	-5.98501
-6.96851	0.982841	0.655227	-5.98566
-6.97196	0.986617	0.657744	-5.98534
-6.96695	0.98517	0.65678	-5.98178
-6.95971	0.9776	0.651733	-5.98211
-6.94407	0.963907	0.642605	-5.98016
-6.92357	0.945029	0.63002	-5.97854
-6.90013	0.922559	0.61504	-5.97757
-6.87549	0.898248	0.598832	-5.97724
-6.84949	0.87386	0.582574	-5.97563
-6.82704	0.851093	0.567395	-5.97595
-6.80801	0.831412	0.554275	-5.97659
-6.79231	0.816038	0.544025	-5.97627
-6.78334	0.80577	0.53718	-5.97757
