-0.431161
-0.454546
-0.43878
-0.440598
-0.458769
-0.449177
-0.446332
-0.452021
-0.444623
-0.442116
-0.44283
-0.447132
-0.451568
-0.446915
-0.43639
-0.432219
-0.443837
-0.452648
-0.450968
-0.439026
-0.436696
-0.443682
-0.443807
-0.446456
-0.431471
-0.440943
-0.451729
-0.426685
-0.451803
-0.451526
-0.434206
-0.439498
-0.452885
-0.450215
-0.446991
-0.432196
-0.460658
-0.462378
-0.44879
-0.443184
-0.452359
-0.439883
-0.447
-0.437076
-0.43599
-0.442534
-0.452531
-0.447641
-0.447405
-0.438705
-0.440099
-0.445525
-0.444141
-0.43133
-0.450633
-0.449595
-0.439599
-0.44332
-0.440132
-0.455576
-0.44349
-0.463948
-0.43666
-0.452473
-0.438973
-0.456968
-0.447489
-0.448115
-0.443896
-0.438721
-0.442239
-0.44691
-0.451702
-0.4454
-0.453664
-0.449514
-0.447622
-0.439688
-0.455066
-0.449875
-0.451046
-0.445414
-0.447518
-0.450832
-0.438548
-0.447288
-0.457802
-0.449106
-0.441153
-0.451156
-0.435661
-0.461754
-0.465561
-0.435954
-0.434637
-0.455728
-0.445855
-0.445613
-0.427596
-0.45126
