3.1369
3.12152
3.14042
3.1049
3.156
3.14113
3.12919
3.06145
3.17532
3.13409
3.11943
3.10146
3.12779
3.1264
3.12779
3.12082
3.06279
3.16456
3.20146
3.16027
3.11111
3.11804
3.10835
3.09187
3.16313
3.15742
3.13199
3.11388
3.15102
3.15244
3.11665
3.12291
3.12012
3.1667
3.17749
3.17029
3.16742
3.14607
3.17749
3.17965
3.1348
3.1362
3.15457
3.156
3.13901
3.14748
3.18037
3.15102
3.18907
3.09735
3.09598
3.13339
3.12221
3.11042
3.14677
3.13972
3.17604
3.17388
3.08302
3.10697
3.09598
3.1369
3.16456
3.14183
3.1489
3.10973
3.13129
3.10146
3.08778
3.12221
3.15813
3.1746
3.15457
3.16742
3.14748
3.18616
3.21101
3.14254
3.17173
3.11042
3.12361
3.19343
3.13409
3.13972
3.14395
3.21027
3.17749
3.19197
3.19489
3.1746
3.10421
3.07692
3.11804
3.06413
3.11457
3.14395
3.15956
3.19635
3.13761
3.12291
